\BOOKMARK [1][-]{section.1}{Introduction}{}% 1
\BOOKMARK [1][-]{section.2}{General setting}{}% 2
\BOOKMARK [2][-]{subsection.2.1}{Preliminaries}{section.2}% 3
\BOOKMARK [2][-]{subsection.2.2}{CIR processes with finite state-dependent fast switching}{section.2}% 4
\BOOKMARK [2][-]{subsection.2.3}{Main results}{section.2}% 5
\BOOKMARK [1][-]{section.3}{Strategy of proof of thmLDP}{}% 6
\BOOKMARK [2][-]{subsection.3.1}{Viscosity solutions}{section.3}% 7
\BOOKMARK [2][-]{subsection.3.2}{Reduction of LDP}{section.3}% 8
\BOOKMARK [2][-]{subsection.3.3}{Outline of the proof of propositionmain}{section.3}% 9
\BOOKMARK [1][-]{section.4}{Operator convergence and principal-eigenvalue problem}{}% 10
\BOOKMARK [2][-]{subsection.4.1}{Operator convergence}{section.4}% 11
\BOOKMARK [2][-]{subsection.4.2}{Principal-eigenvalue problem}{section.4}% 12
\BOOKMARK [1][-]{section.5}{Exponential tightness}{}% 13
\BOOKMARK [1][-]{section.6}{Comparison principle}{}% 14
\BOOKMARK [2][-]{subsection.6.1}{Strategy of proof of procompaprin}{section.6}% 15
\BOOKMARK [2][-]{subsection.6.2}{Proof of procompaprin}{section.6}% 16
\BOOKMARK [1][-]{section.7}{Proof of action-integral representation of the rate function}{}% 17
\BOOKMARK [1][-]{section.8}{Proof of existence and uniqueness}{}% 18
\BOOKMARK [2][-]{subsection.8.1}{Skorokhod's representation}{section.8}% 19
\BOOKMARK [2][-]{subsection.8.2}{Proof of proexistuniq}{section.8}% 20
