\BOOKMARK [1][-]{section.1}{\376\377\000I\000n\000t\000r\000o\000d\000u\000c\000t\000i\000o\000n}{}% 1
\BOOKMARK [1][-]{section.2}{\376\377\000R\000e\000l\000a\000t\000e\000d\000\040\000w\000o\000r\000k}{}% 2
\BOOKMARK [1][-]{section.3}{\376\377\000P\000r\000e\000l\000i\000m\000i\000n\000a\000r\000y}{}% 3
\BOOKMARK [1][-]{section.4}{\376\377\000M\000e\000t\000h\000o\000d\000o\000l\000o\000g\000y}{}% 4
\BOOKMARK [2][-]{subsection.4.1}{\376\377\000M\000a\000r\000k\000o\000v\000\040\000G\000a\000m\000e\000\040\000w\000i\000t\000h\000\040\000S\000t\000a\000t\000e\000\040\000P\000e\000r\000t\000u\000r\000b\000a\000t\000i\000o\000n\000\040\000A\000d\000v\000e\000r\000s\000a\000r\000i\000e\000s}{section.4}% 5
\BOOKMARK [2][-]{subsection.4.2}{\376\377\000T\000h\000e\000o\000r\000e\000t\000i\000c\000a\000l\000\040\000A\000n\000a\000l\000y\000s\000i\000s\000\040\000o\000f\000\040\000M\000G\000-\000S\000P\000A}{section.4}% 6
\BOOKMARK [2][-]{subsection.4.3}{\376\377\000H\000i\000s\000t\000o\000r\000y\000-\000d\000e\000p\000e\000n\000d\000e\000n\000t\000-\000p\000o\000l\000i\000c\000y\000-\000b\000a\000s\000e\000d\000\040\000R\000o\000b\000u\000s\000t\000\040\000E\000q\000u\000i\000l\000i\000b\000r\000i\000u\000m}{section.4}% 7
\BOOKMARK [1][-]{section.5}{\376\377\000A\000l\000g\000o\000r\000i\000t\000h\000m}{}% 8
\BOOKMARK [2][-]{subsection.5.1}{\376\377\000R\000o\000b\000u\000s\000t\000\040\000M\000u\000l\000t\000i\000-\000A\000g\000e\000n\000t\000\040\000Q\000-\000l\000e\000a\000r\000n\000i\000n\000g\000\040\000\050\000R\000M\000A\000Q\000\051\000\040\000A\000l\000g\000o\000r\000i\000t\000h\000m}{section.5}% 9
\BOOKMARK [2][-]{subsection.5.2}{\376\377\000R\000o\000b\000u\000s\000t\000\040\000M\000u\000l\000t\000i\000-\000A\000g\000e\000n\000t\000\040\000A\000c\000t\000o\000r\000-\000C\000r\000i\000t\000i\000c\000\040\000\050\000R\000M\000A\000A\000C\000\051\000\040\000A\000l\000g\000o\000r\000i\000t\000h\000m}{section.5}% 10
\BOOKMARK [1][-]{section.6}{\376\377\000E\000x\000p\000e\000r\000i\000m\000e\000n\000t}{}% 11
\BOOKMARK [2][-]{subsection.6.1}{\376\377\000R\000o\000b\000u\000s\000t\000\040\000M\000u\000l\000t\000i\000-\000A\000g\000e\000n\000t\000\040\000Q\000-\000l\000e\000a\000r\000n\000i\000n\000g\000\040\000\050\000R\000M\000A\000Q\000\051}{section.6}% 12
\BOOKMARK [2][-]{subsection.6.2}{\376\377\000R\000o\000b\000u\000s\000t\000\040\000M\000u\000l\000t\000i\000-\000A\000g\000e\000n\000t\000\040\000A\000c\000t\000o\000r\000-\000C\000r\000i\000t\000i\000c\000\040\000\050\000R\000M\000A\000A\000C\000\051}{section.6}% 13
\BOOKMARK [1][-]{section.7}{\376\377\000D\000i\000s\000c\000u\000s\000s\000i\000o\000n}{}% 14
\BOOKMARK [1][-]{section.8}{\376\377\000C\000o\000n\000c\000l\000u\000s\000i\000o\000n}{}% 15
\BOOKMARK [1][-]{appendix.A}{\376\377\000T\000h\000e\000o\000r\000y}{}% 16
\BOOKMARK [2][-]{subsection.A.1}{\376\377\000E\000x\000t\000e\000n\000s\000i\000v\000e\000-\000f\000o\000r\000m\000\040\000g\000a\000m\000e}{appendix.A}% 17
\BOOKMARK [3][-]{subsubsection.A.1.1}{\376\377\000E\000x\000i\000s\000t\000e\000n\000c\000e\000\040\000o\000f\000\040\000N\000E\000\040\000f\000o\000r\000\040\000a\000n\000\040\000E\000F\000G}{subsection.A.1}% 18
\BOOKMARK [2][-]{subsection.A.2}{\376\377\000P\000r\000o\000o\000f\000\040\000o\000f\000\040\000t\000w\000o\000\040\000p\000r\000o\000p\000o\000s\000i\000t\000i\000o\000n\000s}{appendix.A}% 19
\BOOKMARK [2][-]{subsection.A.3}{\376\377\000P\000r\000o\000o\000f\000\040\000o\000f\000\040\000T\000h\000e\000o\000r\000e\000m\000\040\0004\000.\0007}{appendix.A}% 20
\BOOKMARK [3][-]{subsubsection.A.3.1}{\376\377\000\050\0001\000\051\000\040\000S\000o\000l\000u\000t\000i\000o\000n\000\040\000o\000f\000\040\000B\000e\000l\000l\000m\000a\000n\000\040\000e\000q\000u\000a\000t\000i\000o\000n}{subsection.A.3}% 21
\BOOKMARK [3][-]{subsubsection.A.3.2}{\376\377\000\050\0002\000\051\000\040\000E\000x\000i\000s\000t\000e\000n\000c\000e\000\040\000o\000f\000\040\000o\000p\000t\000i\000m\000a\000l\000\040\000v\000a\000l\000u\000e\000\040\000f\000u\000n\000c\000t\000i\000o\000n}{subsection.A.3}% 22
\BOOKMARK [3][-]{subsubsection.A.3.3}{\376\377\000\050\0003\000\051\000\040\000r\000o\000b\000u\000s\000t\000\040\000e\000q\000u\000i\000l\000i\000b\000r\000i\000u\000m\000\040\000a\000n\000d\000\040\000o\000p\000t\000i\000m\000a\000l\000\040\000v\000a\000l\000u\000e\000\040\000f\000u\000n\000c\000t\000i\000o\000n}{subsection.A.3}% 23
\BOOKMARK [3][-]{subsubsection.A.3.4}{\376\377\000\050\0004\000\051\000\040\000E\000x\000i\000s\000t\000e\000n\000c\000e\000\040\000o\000f\000\040\000r\000o\000b\000u\000s\000t\000\040\000e\000q\000u\000i\000l\000i\000b\000r\000i\000u\000m}{subsection.A.3}% 24
\BOOKMARK [2][-]{subsection.A.4}{\376\377\000P\000r\000o\000o\000f\000\040\000o\000f\000\040\000C\000o\000r\000o\000l\000l\000a\000r\000y\000\040\0004\000.\0009\000.\0001}{appendix.A}% 25
\BOOKMARK [1][-]{appendix.B}{\376\377\000A\000l\000g\000o\000r\000i\000t\000h\000m}{}% 26
\BOOKMARK [2][-]{subsection.B.1}{\376\377\000R\000o\000b\000u\000s\000t\000\040\000m\000u\000l\000t\000i\000-\000a\000g\000e\000n\000t\000\040\000Q\000-\000l\000e\000a\000r\000n\000i\000n\000g\000\040\000\050\000R\000M\000A\000Q\000\051}{appendix.B}% 27
\BOOKMARK [2][-]{subsection.B.2}{\376\377\000R\000o\000b\000u\000s\000t\000\040\000m\000u\000l\000t\000i\000-\000a\000g\000e\000n\000t\000\040\000a\000c\000t\000o\000r\000-\000c\000r\000i\000t\000i\000c\000\040\000\050\000R\000M\000A\000A\000C\000\051}{appendix.B}% 28
\BOOKMARK [3][-]{subsubsection.B.2.1}{\376\377\000P\000r\000o\000o\000f\000\040\000o\000f\000\040\000p\000o\000l\000i\000c\000y\000\040\000g\000r\000a\000d\000i\000e\000n\000t\000s}{subsection.B.2}% 29
\BOOKMARK [3][-]{subsubsection.B.2.2}{\376\377\000P\000o\000l\000i\000c\000y\000\040\000g\000r\000a\000d\000i\000e\000n\000t\000s\000\040\000f\000o\000r\000\040\000d\000e\000t\000e\000r\000m\000i\000n\000i\000s\000t\000i\000c\000\040\000p\000o\000l\000i\000c\000e\000s}{subsection.B.2}% 30
\BOOKMARK [3][-]{subsubsection.B.2.3}{\376\377\000P\000s\000e\000u\000d\000o\000\040\000c\000o\000d\000e\000\040\000o\000f\000\040\000R\000M\000A\000A\000C}{subsection.B.2}% 31
\BOOKMARK [1][-]{appendix.C}{\376\377\000E\000x\000p\000e\000r\000i\000m\000e\000n\000t\000s}{}% 32
\BOOKMARK [2][-]{subsection.C.1}{\376\377\000R\000o\000b\000u\000s\000t\000\040\000m\000u\000l\000t\000i\000-\000a\000g\000e\000n\000t\000\040\000Q\000-\000l\000e\000a\000r\000n\000i\000n\000g\000\040\000\050\000R\000M\000A\000Q\000\051}{appendix.C}% 33
\BOOKMARK [3][-]{subsubsection.C.1.1}{\376\377\000T\000w\000o\000-\000p\000l\000a\000y\000e\000r\000\040\000g\000a\000m\000e}{subsection.C.1}% 34
\BOOKMARK [3][-]{subsubsection.C.1.2}{\376\377\000T\000r\000a\000i\000n\000i\000n\000g\000\040\000p\000r\000o\000c\000e\000d\000u\000r\000e}{subsection.C.1}% 35
\BOOKMARK [2][-]{subsection.C.2}{\376\377\000R\000o\000b\000u\000s\000t\000\040\000m\000u\000l\000t\000i\000-\000a\000g\000e\000n\000t\000\040\000a\000c\000t\000o\000r\000-\000c\000r\000i\000t\000i\000c\000\040\000\050\000R\000M\000A\000A\000C\000\051}{appendix.C}% 36
\BOOKMARK [3][-]{subsubsection.C.2.1}{\376\377\000M\000u\000l\000t\000i\000-\000a\000g\000e\000n\000t\000\040\000e\000n\000v\000i\000r\000o\000n\000m\000e\000n\000t\000s}{subsection.C.2}% 37
\BOOKMARK [3][-]{subsubsection.C.2.2}{\376\377\000E\000x\000p\000e\000r\000i\000m\000e\000n\000t\000s\000\040\000h\000y\000p\000e\000r\000-\000p\000a\000r\000a\000m\000e\000t\000e\000r\000s}{subsection.C.2}% 38
\BOOKMARK [3][-]{subsubsection.C.2.3}{\376\377\000M\000o\000r\000e\000\040\000t\000e\000s\000t\000i\000n\000g\000\040\000r\000e\000s\000u\000l\000t\000s}{subsection.C.2}% 39
\BOOKMARK [2][-]{subsection.C.3}{\376\377\000A\000b\000l\000a\000t\000i\000o\000n\000\040\000S\000t\000u\000d\000y\000\040\000f\000o\000r\000\040\000R\000M\000A\000A\000C}{appendix.C}% 40
\BOOKMARK [3][-]{subsubsection.C.3.1}{\376\377\000T\000r\000a\000i\000n\000i\000n\000g\000\040\000R\000e\000s\000u\000l\000t\000s\000\040\000U\000s\000i\000n\000g\000\040\000L\000i\000n\000e\000a\000r\000\040\000N\000o\000i\000s\000e\000\040\000w\000i\000t\000h\000\040\000D\000i\000f\000f\000e\000r\000e\000n\000t\000\040\000C\000o\000n\000s\000t\000r\000a\000i\000n\000t\000\040\000P\000a\000r\000a\000m\000e\000t\000e\000r\000s}{subsection.C.3}% 41
\BOOKMARK [3][-]{subsubsection.C.3.2}{\376\377\000T\000e\000s\000t\000i\000n\000g\000\040\000R\000e\000s\000u\000l\000t\000s\000\040\000U\000s\000i\000n\000g\000\040\000L\000i\000n\000e\000a\000r\000\040\000N\000o\000i\000s\000e\000\040\000w\000i\000t\000h\000\040\000D\000i\000f\000f\000e\000r\000e\000n\000t\000\040\000C\000o\000n\000s\000t\000r\000a\000i\000n\000t\000\040\000P\000a\000r\000a\000m\000e\000t\000e\000r\000s}{subsection.C.3}% 42
\BOOKMARK [3][-]{subsubsection.C.3.3}{\376\377\000T\000r\000a\000i\000n\000i\000n\000g\000\040\000R\000e\000s\000u\000l\000t\000s\000\040\000U\000s\000i\000n\000g\000\040\000G\000a\000u\000s\000s\000i\000a\000n\000\040\000N\000o\000i\000s\000e\000\040\000w\000i\000t\000h\000\040\000D\000i\000f\000f\000e\000r\000e\000n\000t\000\040\000V\000a\000r\000i\000a\000n\000c\000e\000\040}{subsection.C.3}% 43
\BOOKMARK [3][-]{subsubsection.C.3.4}{\376\377\000T\000e\000s\000t\000i\000n\000g\000\040\000R\000e\000s\000u\000l\000t\000s\000\040\000U\000s\000i\000n\000g\000\040\000G\000a\000u\000s\000s\000i\000a\000n\000\040\000N\000o\000i\000s\000e\000\040\000w\000i\000t\000h\000\040\000D\000i\000f\000f\000e\000r\000e\000n\000t\000\040\000V\000a\000r\000i\000a\000n\000c\000e}{subsection.C.3}% 44
\BOOKMARK [3][-]{subsubsection.C.3.5}{\376\377\000T\000e\000s\000t\000i\000n\000g\000\040\000R\000e\000s\000u\000l\000t\000s\000\040\000u\000n\000d\000e\000r\000\040\000D\000i\000f\000f\000e\000r\000e\000n\000t\000\040\000S\000t\000a\000t\000e\000\040\000P\000e\000r\000t\000u\000r\000b\000a\000t\000i\000o\000n\000\040\000F\000u\000n\000c\000t\000i\000o\000n\000s}{subsection.C.3}% 45
