This is pdfTeX, Version 3.14159265-2.6-1.40.20 (TeX Live 2019) (preloaded format=pdflatex 2019.10.26)  21 JUL 2022 14:06
entering extended mode
 restricted \write18 enabled.
 file:line:error style messages enabled.
 %&-line parsing enabled.
**Ch05_PRC.tex
(./Ch05_PRC.tex
LaTeX2e <2018-12-01>
./Ch05_PRC.tex:1: Undefined control sequence.
l.1 \chapter
            [Propagation of perturbation near the QCD critical point]{Propag...

? 
./Ch05_PRC.tex:1: Emergency stop.
l.1 \chapter
            [Propagation of perturbation near the QCD critical point]{Propag...
End of file on the terminal!

 
Here is how much of TeX's memory you used:
 5 strings out of 492616
 131 string characters out of 6129480
 57124 words of memory out of 5000000
 4025 multiletter control sequences out of 15000+600000
 3640 words of font info for 14 fonts, out of 8000000 for 9000
 1141 hyphenation exceptions out of 8191
 5i,0n,1p,137b,8s stack positions out of 5000i,500n,10000p,200000b,80000s
./Ch05_PRC.tex:1:  ==> Fatal error occurred, no output PDF file produced!
