\BOOKMARK [1][-]{section.1}{Introduction}{}% 1
\BOOKMARK [1][-]{section.2}{Modeling cross-layer dependence in multilayer networks}{}% 2
\BOOKMARK [2][-]{subsection.2.1}{Separable multilayer network models}{section.2}% 3
\BOOKMARK [2][-]{subsection.2.2}{Example of a multilayer network with pairwise interactions}{section.2}% 4
\BOOKMARK [1][-]{section.3}{Estimation of cross-layer dependence structure}{}% 5
\BOOKMARK [1][-]{section.4}{Error of the normal approximation and model selection}{}% 6
\BOOKMARK [2][-]{subsection.4.1}{Model selection via univariate testing with FDR control}{section.4}% 7
\BOOKMARK [1][-]{section.5}{Simulation studies}{}% 8
\BOOKMARK [2][-]{subsection.5.1}{Consistency}{section.5}% 9
\BOOKMARK [2][-]{subsection.5.2}{Multivariate normality and model selection}{section.5}% 10
\BOOKMARK [1][-]{section.6}{Application}{}% 11
\BOOKMARK [1][-]{section.7}{Discussion}{}% 12
\BOOKMARK [1][-]{section*.10}{Acknowledgements}{}% 13
\BOOKMARK [1][-]{section*.12}{References}{}% 14
\BOOKMARK [1][-]{appendix.A}{Proof of Proposition 1}{}% 15
\BOOKMARK [1][-]{appendix.B}{Proof of Lemma 1}{}% 16
\BOOKMARK [1][-]{appendix.C}{Concentration inequalities for multilayer networks}{}% 17
\BOOKMARK [2][-]{subsection.C.1}{Auxiliary results}{appendix.C}% 18
\BOOKMARK [1][-]{appendix.D}{Proof of Theorem 1}{}% 19
\BOOKMARK [2][-]{subsection.D.1}{Proof of Corollary 1}{appendix.D}% 20
\BOOKMARK [1][-]{appendix.E}{Proof of Theorem 2 and Corollary 2}{}% 21
\BOOKMARK [1][-]{appendix.F}{Proposition 2 and proof}{}% 22
\BOOKMARK [1][-]{appendix.G}{Proof of Theorem 3}{}% 23
\BOOKMARK [2][-]{subsection.G.1}{Auxiliary results for proof of Theorem 3}{appendix.G}% 24
\BOOKMARK [1][-]{appendix.H}{Additional simulation results}{}% 25
\BOOKMARK [2][-]{subsection.H.1}{Normal approximation with different basis networks}{appendix.H}% 26
\BOOKMARK [2][-]{subsection.H.2}{Additional results on the false discovery rate}{appendix.H}% 27
\BOOKMARK [1][-]{section*.19}{References}{}% 28
