\BOOKMARK [1][]{section.2}{\376\377\000I\000n\000t\000r\000o\000d\000u\000c\000t\000i\000o\000n}{}% 1
\BOOKMARK [1][]{section.4}{\376\377\000R\000e\000l\000a\000t\000e\000d\000\040\000W\000o\000r\000k}{}% 2
\BOOKMARK [2][]{subsection.5}{\376\377\000L\000i\000v\000e\000s\000t\000r\000e\000a\000m\000\040\000E\000-\000C\000o\000m\000m\000e\000r\000c\000e\000\040\000A\000n\000a\000l\000y\000s\000i\000s}{section.4}% 3
\BOOKMARK [2][]{subsection.6}{\376\377\000V\000i\000s\000u\000a\000l\000\040\000A\000n\000a\000l\000y\000s\000i\000s\000\040\000o\000f\000\040\000V\000i\000d\000e\000o\000s}{section.4}% 4
\BOOKMARK [2][]{subsection.7}{\376\377\000T\000i\000m\000e\000-\000s\000e\000r\000i\000e\000s\000\040\000F\000o\000r\000e\000c\000a\000s\000t\000i\000n\000g\000\040\000a\000n\000d\000\040\000E\000x\000p\000l\000a\000n\000a\000t\000o\000r\000y\000\040\000V\000i\000s\000u\000a\000l\000i\000z\000a\000t\000i\000o\000n}{section.4}% 5
\BOOKMARK [1][]{section.9}{\376\377\000O\000b\000s\000e\000r\000v\000a\000t\000i\000o\000n\000a\000l\000\040\000S\000t\000u\000d\000y}{}% 6
\BOOKMARK [2][]{subsection.10}{\376\377\000A\000b\000o\000u\000t\000\040\000L\000i\000v\000e\000s\000t\000r\000e\000a\000m\000\040\000E\000-\000C\000o\000m\000m\000e\000r\000c\000e\000\040\000P\000l\000a\000t\000f\000o\000r\000m\000s}{section.9}% 7
\BOOKMARK [2][]{subsection.11}{\376\377\000A\000b\000o\000u\000t\000\040\000t\000h\000e\000\040\000C\000o\000l\000l\000a\000b\000o\000r\000a\000t\000i\000v\000e\000\040\000T\000e\000a\000m\000\040\000a\000n\000d\000\040\000U\000s\000e\000r\000\040\000I\000n\000t\000e\000r\000v\000i\000e\000w\000s}{section.9}% 8
\BOOKMARK [2][]{subsection.12}{\376\377\000D\000e\000s\000i\000g\000n\000\040\000R\000e\000q\000u\000i\000r\000e\000m\000e\000n\000t\000s}{section.9}% 9
\BOOKMARK [1][]{section.13}{\376\377\000L\000i\000v\000e\000R\000e\000t\000r\000o}{}% 10
\BOOKMARK [2][]{subsection.14}{\376\377\000D\000a\000t\000a\000\040\000D\000e\000s\000c\000r\000i\000p\000t\000i\000o\000n\000\040\000a\000n\000d\000\040\000P\000r\000o\000c\000e\000s\000s\000i\000n\000g}{section.13}% 11
\BOOKMARK [2][]{subsection.17}{\376\377\000F\000e\000a\000t\000u\000r\000e\000\040\000E\000x\000t\000r\000a\000c\000t\000i\000o\000n}{section.13}% 12
\BOOKMARK [2][]{subsection.18}{\376\377\000T\000i\000m\000e\000-\000s\000e\000r\000i\000e\000s\000\040\000M\000o\000d\000e\000l\000i\000n\000g}{section.13}% 13
\BOOKMARK [1][]{section.19}{\376\377\000V\000i\000s\000u\000a\000l\000\040\000I\000n\000t\000e\000r\000f\000a\000c\000e}{}% 14
\BOOKMARK [2][]{subsection.20}{\376\377\000S\000e\000s\000s\000i\000o\000n\000\040\000V\000i\000e\000w}{section.19}% 15
\BOOKMARK [2][]{subsection.21}{\376\377\000S\000e\000g\000m\000e\000n\000t\000\040\000V\000i\000e\000w}{section.19}% 16
\BOOKMARK [2][]{subsection.23}{\376\377\000E\000x\000p\000l\000o\000r\000a\000t\000i\000o\000n\000\040\000V\000i\000e\000w}{section.19}% 17
\BOOKMARK [3][-]{subsubsection.24}{\376\377\000P\000e\000r\000f\000o\000r\000m\000a\000n\000c\000e\000\040\000I\000n\000s\000p\000e\000c\000t\000i\000o\000n}{subsection.23}% 18
\BOOKMARK [3][-]{subsubsection.25}{\376\377\000C\000o\000r\000r\000e\000l\000a\000t\000i\000o\000n\000\040\000M\000o\000d\000e\000l\000i\000n\000g}{subsection.23}% 19
\BOOKMARK [3][-]{subsubsection.27}{\376\377\000C\000o\000m\000m\000e\000n\000t\000\040\000R\000e\000f\000e\000r\000e\000n\000c\000e}{subsection.23}% 20
\BOOKMARK [2][]{subsection.30}{\376\377\000I\000n\000t\000e\000r\000a\000c\000t\000i\000o\000n\000\040\000W\000o\000r\000k\000f\000l\000o\000w}{section.19}% 21
\BOOKMARK [1][]{section.31}{\376\377\000E\000v\000a\000l\000u\000a\000t\000i\000o\000n}{}% 22
\BOOKMARK [2][]{subsection.32}{\376\377\000C\000a\000s\000e\000\040\000I\000:\000\040\000S\000t\000r\000a\000t\000e\000g\000i\000c\000\040\000R\000e\000t\000r\000o\000s\000p\000e\000c\000t\000\040\000f\000o\000r\000\040\000S\000t\000r\000e\000a\000m\000e\000r\000s}{section.31}% 23
\BOOKMARK [2][]{subsection.33}{\376\377\000C\000a\000s\000e\000\040\000I\000I\000:\000\040\000E\000n\000l\000i\000g\000h\000t\000e\000n\000m\000e\000n\000t\000\040\000f\000o\000r\000\040\000M\000a\000r\000k\000e\000t\000i\000n\000g\000\040\000R\000e\000s\000e\000a\000r\000c\000h\000e\000r\000s}{section.31}% 24
\BOOKMARK [2][]{subsection.35}{\376\377\000E\000x\000p\000e\000r\000t\000\040\000I\000n\000t\000e\000r\000v\000i\000e\000w\000s}{section.31}% 25
\BOOKMARK [1][]{section.36}{\376\377\000D\000i\000s\000c\000u\000s\000s\000i\000o\000n\000\040\000a\000n\000d\000\040\000L\000i\000m\000i\000t\000a\000t\000i\000o\000n}{}% 26
\BOOKMARK [1][]{section.37}{\376\377\000C\000o\000n\000c\000l\000u\000s\000i\000o\000n\000\040\000a\000n\000d\000\040\000F\000u\000t\000u\000r\000e\000\040\000W\000o\000r\000k}{}% 27
