\BOOKMARK [1][-]{section.1}{\376\377\000I\000n\000t\000r\000o\000d\000u\000c\000t\000i\000o\000n}{}% 1
\BOOKMARK [1][-]{section.2}{\376\377\000M\000o\000d\000e\000l\000\040\000s\000e\000t\000u\000p\000\040\000a\000n\000d\000\040\000i\000n\000i\000t\000i\000a\000l\000\040\000c\000o\000n\000d\000i\000t\000i\000o\000n\000s}{}% 2
\BOOKMARK [2][-]{subsection.2.1}{\376\377\000D\000i\000s\000c\000\040\000m\000o\000d\000e\000l}{section.2}% 3
\BOOKMARK [2][-]{subsection.2.2}{\376\377\000A\000t\000m\000o\000s\000p\000h\000e\000r\000i\000c\000\040\000m\000o\000d\000e\000l}{section.2}% 4
\BOOKMARK [2][-]{subsection.2.3}{\376\377\000T\000h\000e\000\040\000e\000q\000u\000a\000t\000i\000o\000n\000s\000\040\000o\000f\000\040\000m\000o\000t\000i\000o\000n}{section.2}% 5
\BOOKMARK [2][-]{subsection.2.4}{\376\377\000S\000p\000i\000n\000\040\000t\000r\000a\000n\000s\000f\000e\000r\000\040\000t\000h\000r\000o\000u\000g\000h\000\040\000p\000e\000b\000b\000l\000e\000\040\000a\000c\000c\000r\000e\000t\000i\000o\000n}{section.2}% 6
\BOOKMARK [1][-]{section.3}{\376\377\000R\000e\000s\000u\000l\000t\000s}{}% 7
\BOOKMARK [2][-]{subsection.3.1}{\376\377\000F\000i\000d\000u\000c\000i\000a\000l\000\040\000M\000o\000d\000e\000l\000:\000\040\000a\000p\000\040\000=\000\040\0004\0000\000\040\000a\000u\000,\000\040\000M\000p\000\040\000=\000\040\0000\000.\0001\000\040\000M\000,\000\040\000s\000\040\000=\000\040\0000\000.\0001}{section.3}% 8
\BOOKMARK [3][-]{subsubsection.3.1.1}{\376\377\000P\000e\000b\000b\000l\000e\000\040\000t\000r\000a\000j\000e\000c\000t\000o\000r\000i\000e\000s\000\040\000a\000n\000d\000\040\000s\000p\000i\000n\000\040\000c\000o\000n\000t\000r\000i\000b\000u\000t\000i\000o\000n\000s}{subsection.3.1}% 9
\BOOKMARK [3][-]{subsubsection.3.1.2}{\376\377\000A\000t\000m\000o\000s\000p\000h\000e\000r\000i\000c\000\040\000s\000p\000i\000n\000\040\000a\000b\000s\000o\000r\000p\000t\000i\000o\000n\000\040\000p\000r\000o\000f\000i\000l\000e}{subsection.3.1}% 10
\BOOKMARK [3][-]{subsubsection.3.1.3}{\376\377\000A\000t\000m\000o\000s\000p\000h\000e\000r\000i\000c\000\040\000i\000n\000f\000l\000u\000e\000n\000c\000e\000\040\000o\000n\000\040\000a\000c\000c\000r\000e\000t\000i\000o\000n\000\040\000e\000f\000f\000i\000c\000i\000e\000n\000c\000y}{subsection.3.1}% 11
\BOOKMARK [2][-]{subsection.3.2}{\376\377\000S\000p\000i\000n\000\040\000t\000r\000a\000n\000s\000f\000e\000r\000\040\000a\000s\000\040\000a\000\040\000f\000u\000n\000c\000t\000i\000o\000n\000\040\000o\000f\000\040\000d\000i\000s\000c\000\040\000o\000r\000b\000i\000t\000a\000l\000\040\000r\000a\000d\000i\000u\000s\000\040\000a\000n\000d\000\040\000p\000l\000a\000n\000e\000t\000\040\000m\000a\000s\000s}{section.3}% 12
\BOOKMARK [2][-]{subsection.3.3}{\376\377\000S\000p\000i\000n\000\040\000t\000r\000a\000n\000s\000f\000e\000r\000\040\000a\000s\000\040\000a\000\040\000f\000u\000n\000c\000t\000i\000o\000n\000\040\000o\000f\000\040\000p\000l\000a\000n\000e\000t\000\040\000m\000a\000s\000s\000\040\000a\000n\000d\000\040\000S\000t\000o\000k\000e\000s\000\040\000n\000u\000m\000b\000e\000r}{section.3}% 13
\BOOKMARK [2][-]{subsection.3.4}{\376\377\000S\000p\000i\000n\000\040\000s\000t\000o\000r\000e\000d\000\040\000i\000n\000\040\000t\000h\000e\000\040\000a\000t\000m\000o\000s\000p\000h\000e\000r\000e}{section.3}% 14
\BOOKMARK [1][-]{section.4}{\376\377\000D\000i\000s\000c\000u\000s\000s\000i\000o\000n}{}% 15
\BOOKMARK [2][-]{subsection.4.1}{\376\377\000A\000t\000m\000o\000s\000p\000h\000e\000r\000i\000c\000\040\000s\000p\000i\000n\000\040\000t\000r\000a\000n\000s\000f\000e\000r}{section.4}% 16
\BOOKMARK [2][-]{subsection.4.2}{\376\377\000T\000h\000e\000\040\000r\000e\000l\000e\000v\000a\000n\000c\000e\000\040\000o\000f\000\040\000t\000h\000e\000\040\000s\000t\000a\000t\000i\000c\000\040\000a\000t\000m\000o\000s\000p\000h\000e\000r\000e}{section.4}% 17
\BOOKMARK [2][-]{subsection.4.3}{\376\377\000O\000t\000h\000e\000r\000\040\000c\000a\000v\000e\000a\000t\000s}{section.4}% 18
\BOOKMARK [1][-]{section.5}{\376\377\000C\000o\000n\000c\000l\000u\000s\000i\000o\000n}{}% 19
\BOOKMARK [1][-]{appendix.A}{\376\377\000N\000u\000m\000e\000r\000i\000c\000a\000l\000\040\000m\000o\000d\000e\000l\000\040\000a\000n\000d\000\040\000i\000n\000i\000t\000i\000a\000l\000\040\000c\000o\000n\000d\000i\000t\000i\000o\000n\000s}{}% 20
