\BOOKMARK [1][-]{section.1}{Introduction}{}% 1
\BOOKMARK [2][-]{subsection.1.1}{Related work}{section.1}% 2
\BOOKMARK [2][-]{subsection.1.2}{Beyond the state-of-the-art}{section.1}% 3
\BOOKMARK [1][-]{section.2}{The agile aerial loco-manipulator}{}% 4
\BOOKMARK [2][-]{subsection.2.1}{The concept of agility}{section.2}% 5
\BOOKMARK [2][-]{subsection.2.2}{Degrees of agile motion}{section.2}% 6
\BOOKMARK [2][-]{subsection.2.3}{Types of agile aerial-contact loco-manipulation}{section.2}% 7
\BOOKMARK [2][-]{subsection.2.4}{Required and desired characteristics}{section.2}% 8
\BOOKMARK [3][-]{subsubsection.2.4.1}{mc platform}{subsection.2.4}% 9
\BOOKMARK [3][-]{subsubsection.2.4.2}{Robotic limbs}{subsection.2.4}% 10
\BOOKMARK [3][-]{subsubsection.2.4.3}{Control}{subsection.2.4}% 11
\BOOKMARK [3][-]{subsubsection.2.4.4}{Other desired characteristics}{subsection.2.4}% 12
\BOOKMARK [1][-]{section.3}{Borinot's hardware}{}% 13
\BOOKMARK [2][-]{subsection.3.1}{Design overview}{section.3}% 14
\BOOKMARK [2][-]{subsection.3.2}{Upper body: hexacopter platform}{section.3}% 15
\BOOKMARK [3][-]{figure.caption.5}{Power \046 Drive system}{subsection.3.2}% 16
\BOOKMARK [3][-]{subsubsection.3.2.2}{Flight controller}{subsection.3.2}% 17
\BOOKMARK [3][-]{subsubsection.3.2.3}{Onboard computer}{subsection.3.2}% 18
\BOOKMARK [2][-]{subsection.3.3}{Lower body: limbs and landing gear}{section.3}% 19
\BOOKMARK [1][-]{section.4}{Borinot's software}{}% 20
\BOOKMARK [2][-]{subsection.4.1}{Robot Operating System}{section.4}% 21
\BOOKMARK [2][-]{subsection.4.2}{Flight controller firmware: PX4}{section.4}% 22
\BOOKMARK [2][-]{subsection.4.3}{ODRI software}{section.4}% 23
\BOOKMARK [1][-]{section.5}{Control architecture}{}% 24
\BOOKMARK [2][-]{subsection.5.1}{Overview}{section.5}% 25
\BOOKMARK [2][-]{subsection.5.2}{Features and limitations}{section.5}% 26
\BOOKMARK [2][-]{subsection.5.3}{Architecture}{section.5}% 27
\BOOKMARK [3][-]{subsubsection.5.3.1}{From mission to mpc}{subsection.5.3}% 28
\BOOKMARK [3][-]{subsubsection.5.3.2}{Tracking controller}{subsection.5.3}% 29
\BOOKMARK [3][-]{subsubsection.5.3.3}{Final motor commands}{subsection.5.3}% 30
\BOOKMARK [1][-]{section.6}{Experiments}{}% 31
\BOOKMARK [2][-]{subsection.6.1}{Motor-propeller tests}{section.6}% 32
\BOOKMARK [2][-]{subsection.6.2}{Flying locomotion: limb as a tail}{section.6}% 33
\BOOKMARK [2][-]{subsection.6.3}{Flying manipulation: limb as an arm}{section.6}% 34
\BOOKMARK [2][-]{subsection.6.4}{Hybrid aerial-contact locomotion: limb as a leg}{section.6}% 35
\BOOKMARK [1][-]{section.7}{Discussion}{}% 36
\BOOKMARK [1][-]{section*.17}{References}{}% 37
