\BOOKMARK [1][-]{section.1}{\376\377\000I\000n\000t\000r\000o\000d\000u\000c\000t\000i\000o\000n}{}% 1
\BOOKMARK [2][-]{subsection.1.1}{\376\377\000B\000a\000c\000k\000g\000r\000o\000u\000n\000d\000\040\000a\000n\000d\000\040\000M\000o\000t\000i\000v\000a\000t\000i\000o\000n}{section.1}% 2
\BOOKMARK [2][-]{subsection.1.2}{\376\377\000O\000v\000e\000r\000v\000i\000e\000w\000\040\000o\000f\000\040\000M\000a\000i\000n\000\040\000R\000e\000s\000u\000l\000t\000s}{section.1}% 3
\BOOKMARK [1][-]{section.2}{\376\377\000M\000i\000n\000k\000o\000w\000s\000k\000i\000\040\000D\000i\000f\000f\000e\000r\000e\000n\000c\000e\000\040\000B\000a\000s\000e\000d\000\040\000L\000i\000n\000e\000a\000r\000\040\000S\000e\000p\000a\000r\000a\000b\000i\000l\000i\000t\000y\000\040\000M\000e\000a\000s\000u\000r\000e\000\040\000\050\000M\000D\000-\000L\000S\000M\000\051}{}% 4
\BOOKMARK [2][-]{subsection.2.1}{\376\377\000M\000i\000n\000k\000o\000w\000s\000k\000i\000\040\000D\000i\000f\000f\000e\000r\000e\000n\000c\000e\000\040\000a\000n\000d\000\040\000M\000a\000x\000i\000m\000u\000m\000\040\000L\000i\000n\000e\000a\000r\000l\000y\000\040\000S\000e\000p\000a\000r\000a\000b\000l\000e\000\040\000S\000u\000b\000s\000e\000t}{section.2}% 5
\BOOKMARK [2][-]{subsection.2.2}{\376\377\000M\000D\000-\000b\000a\000s\000e\000d\000\040\000L\000i\000n\000e\000a\000r\000\040\000S\000e\000p\000a\000r\000a\000b\000i\000l\000i\000t\000y\000\040\000M\000e\000a\000s\000u\000r\000e\000\040\000\050\000M\000D\000-\000L\000S\000M\000\051}{section.2}% 6
\BOOKMARK [2][-]{subsection.2.3}{\376\377\000C\000o\000m\000p\000u\000t\000a\000t\000i\000o\000n\000\040\000o\000f\000\040\000M\000D\000-\000L\000S\000M}{section.2}% 7
\BOOKMARK [1][-]{section.3}{\376\377\000E\000f\000f\000e\000c\000t\000s\000\040\000o\000f\000\040\000A\000c\000t\000i\000v\000a\000t\000i\000o\000n\000\040\000F\000u\000n\000c\000t\000i\000o\000n\000\040\000a\000n\000d\000\040\000N\000e\000t\000w\000o\000r\000k\000\040\000S\000i\000z\000e}{}% 8
\BOOKMARK [2][-]{subsection.3.1}{\376\377\000A\000c\000t\000i\000v\000a\000t\000i\000o\000n\000\040\000F\000u\000n\000c\000t\000i\000o\000n\000s}{section.3}% 9
\BOOKMARK [2][-]{subsection.3.2}{\376\377\000N\000e\000t\000w\000o\000r\000k\000\040\000S\000i\000z\000e}{section.3}% 10
\BOOKMARK [1][-]{section.4}{\376\377\000N\000u\000m\000e\000r\000i\000c\000a\000l\000\040\000E\000x\000p\000e\000r\000i\000m\000e\000n\000t\000s}{}% 11
\BOOKMARK [2][-]{subsection.4.1}{\376\377\000E\000x\000p\000e\000r\000i\000m\000e\000n\000t\000\040\000S\000e\000t\000t\000i\000n\000g}{section.4}% 12
\BOOKMARK [2][-]{subsection.4.2}{\376\377\000E\000x\000p\000e\000r\000i\000m\000e\000n\000t\000a\000l\000\040\000R\000e\000s\000u\000l\000t\000s\000\040\000a\000n\000d\000\040\000D\000i\000s\000c\000u\000s\000s\000i\000o\000n}{section.4}% 13
\BOOKMARK [1][-]{section.5}{\376\377\000D\000i\000f\000f\000e\000r\000e\000n\000c\000e\000\040\000b\000e\000t\000w\000e\000e\000n\000\040\000M\000D\000-\000L\000S\000M\000\040\000a\000n\000d\000\040\000F\000i\000s\000h\000e\000r\000\040\000L\000D\000A}{}% 14
\BOOKMARK [1][-]{section.6}{\376\377\000P\000r\000o\000o\000f\000s\000\040\000o\000f\000\040\000M\000a\000i\000n\000\040\000R\000e\000s\000u\000l\000t\000s}{}% 15
\BOOKMARK [2][-]{subsection.6.1}{\376\377\000P\000r\000o\000o\000f\000\040\000o\000f\000\040\000T\000h\000e\000o\000r\000e\000m\000\040\0001}{section.6}% 16
\BOOKMARK [2][-]{subsection.6.2}{\376\377\000P\000r\000o\000o\000f\000\040\000o\000f\000\040\000T\000h\000e\000o\000r\000e\000m\000\040\0003}{section.6}% 17
\BOOKMARK [2][-]{subsection.6.3}{\376\377\000P\000r\000o\000o\000f\000\040\000o\000f\000\040\000T\000h\000e\000o\000r\000e\000m\000\040\0007}{section.6}% 18
\BOOKMARK [2][-]{subsection.6.4}{\376\377\000P\000r\000o\000o\000f\000\040\000o\000f\000\040\000T\000h\000e\000o\000r\000e\000m\000\040\0009}{section.6}% 19
\BOOKMARK [2][-]{subsection.6.5}{\376\377\000P\000r\000o\000o\000f\000\040\000o\000f\000\040\000T\000h\000e\000o\000r\000e\000m\000\040\0001\0001}{section.6}% 20
\BOOKMARK [2][-]{subsection.6.6}{\376\377\000P\000r\000o\000o\000f\000\040\000o\000f\000\040\000C\000o\000r\000o\000l\000l\000a\000r\000y\000\040\0001\0003}{section.6}% 21
\BOOKMARK [2][-]{subsection.6.7}{\376\377\000P\000r\000o\000o\000f\000\040\000o\000f\000\040\000P\000r\000o\000p\000o\000s\000i\000t\000i\000o\000n\000\040\0001\0006}{section.6}% 22
\BOOKMARK [1][-]{section.7}{\376\377\000C\000o\000n\000c\000l\000u\000s\000i\000o\000n}{}% 23
\BOOKMARK [1][-]{appendix.A}{\376\377\000A\000p\000p\000e\000n\000d\000i\000x\000:\000\040\000R\000e\000l\000a\000t\000e\000d\000\040\000W\000o\000r\000k\000s}{}% 24
\BOOKMARK [1][-]{appendix.B}{\376\377\000A\000p\000p\000e\000n\000d\000i\000x\000:\000\040\000C\000o\000m\000p\000l\000e\000t\000e\000\040\000E\000x\000p\000e\000r\000i\000m\000e\000n\000t\000a\000l\000\040\000R\000e\000p\000o\000r\000t}{}% 25
\BOOKMARK [2][-]{subsection.B.1}{\376\377\000M\000L\000P}{appendix.B}% 26
\BOOKMARK [2][-]{subsection.B.2}{\376\377\000C\000N\000N\000,\000\040\000A\000l\000e\000x\000N\000e\000t\000\040\000a\000n\000d\000\040\000D\000B\000N}{appendix.B}% 27
\BOOKMARK [2][-]{subsection.B.3}{\376\377\000V\000G\000G\000N\000e\000t\000,\000\040\000G\000o\000o\000g\000L\000e\000N\000e\000t\000,\000\040\000R\000e\000s\000N\000e\000t\000\040\000a\000n\000d\000\040\000V\000i\000T}{appendix.B}% 28
