\BOOKMARK [1][-]{section.1}{Introduction}{}% 1
\BOOKMARK [1][-]{section.2}{Preliminaries}{}% 2
\BOOKMARK [2][-]{subsection.2.1}{Basics of Uruv's Lock-free Linearizable Design}{section.2}% 3
\BOOKMARK [1][-]{section.3}{Lock-Free Algorithm}{}% 4
\BOOKMARK [2][-]{subsection.3.1}{The structures of the component nodes}{section.3}% 5
\BOOKMARK [2][-]{subsection.3.2}{Versioned Linked-List}{section.3}% 6
\BOOKMARK [2][-]{subsection.3.3}{Traversal and Proactive maintenance in Uruv}{section.3}% 7
\BOOKMARK [2][-]{subsection.3.4}{ADT Operations}{section.3}% 8
\BOOKMARK [1][-]{section.4}{Wait-Free Construction}{}% 9
\BOOKMARK [1][-]{section.5}{Correctness and Progress Arguments}{}% 10
\BOOKMARK [2][-]{subsection.5.1}{Linearization Points}{section.5}% 11
\BOOKMARK [2][-]{subsection.5.2}{Complexity Analysis}{section.5}% 12
\BOOKMARK [1][-]{section.6}{Experiments}{}% 13
\BOOKMARK [1][-]{section.7}{Related Work}{}% 14
\BOOKMARK [1][-]{section.8}{Conclusion}{}% 15
\BOOKMARK [1][-]{appendix.A}{Additional Algorithmic Reference For Uruv}{}% 16
\BOOKMARK [1][-]{appendix.B}{Maintenance of Invariants}{}% 17
\BOOKMARK [1][-]{appendix.C}{Race Conditions for Wait-Free Uruv}{}% 18
\BOOKMARK [1][-]{appendix.D}{Versioned Linked-List}{}% 19
\BOOKMARK [1][-]{appendix.E}{Version Tracker}{}% 20
