\BOOKMARK [1][-]{section.1}{\376\377\000I\000n\000t\000r\000o\000d\000u\000c\000t\000i\000o\000n}{}% 1
\BOOKMARK [1][-]{section.2}{\376\377\000F\000i\000d\000e\000l\000i\000t\000y\000\040\000b\000e\000t\000w\000e\000e\000n\000\040\000A\000B\000C\000\040\000a\000n\000d\000\040\000A\000B\000C}{}% 2
\BOOKMARK [2][-]{subsection.2.1}{\376\377\000R\000e\000v\000i\000e\000w\000\040\000o\000f\000\040\000f\000i\000d\000e\000l\000i\000t\000y\000\040\000a\000n\000d\000\040\000i\000n\000f\000o\000r\000m\000a\000t\000i\000o\000n\000-\000t\000h\000e\000o\000r\000e\000t\000i\000c\000\040\000b\000o\000u\000n\000d\000s}{section.2}% 3
\BOOKMARK [2][-]{subsection.2.2}{\376\377\000N\000u\000m\000e\000r\000i\000c\000a\000l\000\040\000r\000e\000s\000u\000l\000t\000s}{section.2}% 4
\BOOKMARK [2][-]{subsection.2.3}{\376\377\000R\000e\000p\000l\000i\000c\000a\000\040\000f\000o\000r\000m\000a\000l\000i\000s\000m\000\040\000a\000n\000d\000\040\000p\000r\000o\000p\000e\000r\000t\000i\000e\000s\000\040\000o\000f\000\040\000t\000h\000e\000\040\000f\000i\000d\000e\000l\000i\000t\000y}{section.2}% 5
\BOOKMARK [3][-]{subsubsection.2.3.1}{\376\377\000R\000e\000p\000l\000i\000c\000a\000\040\000t\000r\000i\000c\000k\000\040\000a\000n\000d\000\040\000a\000n\000a\000l\000y\000t\000i\000c\000\040\000c\000o\000n\000t\000i\000n\000u\000a\000t\000i\000o\000n}{subsection.2.3}% 6
\BOOKMARK [3][-]{subsubsection.2.3.2}{\376\377\000R\000e\000p\000r\000e\000s\000e\000n\000t\000a\000t\000i\000o\000n\000\040\000i\000n\000\040\000t\000e\000r\000m\000s\000\040\000o\000f\000\040\000t\000w\000i\000s\000t\000\040\000o\000p\000e\000r\000a\000t\000o\000r\000s}{subsection.2.3}% 7
\BOOKMARK [3][-]{subsubsection.2.3.3}{\376\377\000C\000o\000n\000s\000e\000q\000u\000e\000n\000c\000e\000s\000\040\000o\000f\000\040\000t\000h\000e\000\040\000t\000w\000i\000s\000t\000\040\000o\000p\000e\000r\000a\000t\000o\000r\000\040\000r\000e\000p\000r\000e\000s\000e\000n\000t\000a\000t\000i\000o\000n}{subsection.2.3}% 8
\BOOKMARK [2][-]{subsection.2.4}{\376\377\0001\000\040\000l\000i\000m\000i\000t}{section.2}% 9
\BOOKMARK [2][-]{subsection.2.5}{\376\377\0000\000\040\000l\000i\000m\000i\000t}{section.2}% 10
\BOOKMARK [1][-]{section.3}{\376\377\000R\000e\000l\000a\000t\000i\000v\000e\000\040\000e\000n\000t\000r\000o\000p\000y\000\040\000a\000n\000d\000\040\000t\000r\000a\000c\000e\000\040\000d\000i\000s\000t\000a\000n\000c\000e}{}% 11
\BOOKMARK [2][-]{subsection.3.1}{\376\377\000R\000e\000l\000a\000t\000i\000v\000e\000\040\000e\000n\000t\000r\000o\000p\000y}{section.3}% 12
\BOOKMARK [3][-]{subsubsection.3.1.1}{\376\377\0001\000\040\000l\000i\000m\000i\000t}{subsection.3.1}% 13
\BOOKMARK [3][-]{subsubsection.3.1.2}{\376\377\0000\000\040\000l\000i\000m\000i\000t}{subsection.3.1}% 14
\BOOKMARK [2][-]{subsection.3.2}{\376\377\000T\000r\000a\000c\000e\000\040\000d\000i\000s\000t\000a\000n\000c\000e}{section.3}% 15
\BOOKMARK [2][-]{subsection.3.3}{\376\377\000C\000o\000m\000p\000a\000r\000i\000s\000o\000n\000\040\000b\000e\000t\000w\000e\000e\000n\000\040\000d\000i\000f\000f\000e\000r\000e\000n\000t\000\040\000d\000i\000s\000t\000a\000n\000c\000e\000\040\000m\000e\000a\000s\000u\000r\000e\000s}{section.3}% 16
\BOOKMARK [1][-]{section.4}{\376\377\000D\000i\000f\000f\000e\000r\000e\000n\000c\000e\000s\000\040\000i\000n\000\040\000m\000u\000t\000u\000a\000l\000\040\000i\000n\000f\000o\000r\000m\000a\000t\000i\000o\000n\000\040\000b\000e\000t\000w\000e\000e\000n\000\040\000A\000B\000C\000\040\000a\000n\000d\000\040\000A\000B\000C}{}% 17
\BOOKMARK [1][-]{section.5}{\376\377\000S\000e\000q\000u\000e\000n\000t\000i\000a\000l\000\040\000r\000e\000c\000o\000v\000e\000r\000y\000\040\000o\000n\000\040\000m\000u\000l\000t\000i\000p\000l\000e\000\040\000r\000e\000g\000i\000o\000n\000s}{}% 18
\BOOKMARK [1][-]{section.6}{\376\377\000C\000o\000n\000c\000l\000u\000s\000i\000o\000n\000s\000\040\000a\000n\000d\000\040\000d\000i\000s\000c\000u\000s\000s\000i\000o\000n}{}% 19
\BOOKMARK [1][-]{section.7}{\376\377\000A\000c\000k\000n\000o\000w\000l\000e\000d\000g\000m\000e\000n\000t\000s}{}% 20
\BOOKMARK [1][-]{appendix.A}{\376\377\000N\000u\000m\000e\000r\000i\000c\000a\000l\000\040\000a\000l\000g\000o\000r\000i\000t\000h\000m}{}% 21
\BOOKMARK [2][-]{subsection.A.1}{\376\377\000C\000o\000a\000r\000s\000e\000\040\000g\000r\000a\000i\000n\000i\000n\000g\000\040\000o\000f\000\040\000p\000e\000r\000i\000o\000d\000i\000c\000\040\000u\000n\000i\000f\000o\000r\000m\000\040\000M\000P\000S}{appendix.A}% 22
\BOOKMARK [2][-]{subsection.A.2}{\376\377\000F\000i\000d\000e\000l\000i\000t\000y}{appendix.A}% 23
\BOOKMARK [2][-]{subsection.A.3}{\376\377\000R\000e\000n\000y\000i\000\040\000r\000e\000l\000a\000t\000i\000v\000e\000\040\000e\000n\000t\000r\000o\000p\000y}{appendix.A}% 24
\BOOKMARK [2][-]{subsection.A.4}{\376\377\000T\000r\000a\000c\000e\000\040\000d\000i\000s\000t\000a\000n\000c\000e\000\040\000a\000n\000d\000\040\000o\000t\000h\000e\000r\000\040\000n\000o\000r\000m\000s}{appendix.A}% 25
\BOOKMARK [2][-]{subsection.A.5}{\376\377\000C\000o\000m\000m\000e\000n\000t\000s\000\040\000o\000n\000\040\000t\000h\000e\000\040\000c\000o\000r\000r\000e\000l\000a\000t\000i\000o\000n\000\040\000m\000a\000t\000r\000i\000x\000\040\000m\000e\000t\000h\000o\000d\000\040\000f\000o\000r\000\040\000t\000h\000e\000\040\000f\000r\000e\000e\000\040\000f\000e\000r\000m\000i\000o\000n}{appendix.A}% 26
\BOOKMARK [1][-]{appendix.B}{\376\377\000C\000o\000v\000e\000r\000i\000n\000g\000\040\000m\000a\000p\000s\000\040\000a\000n\000d\000\040\000L\000i\000o\000u\000v\000i\000l\000l\000e\000\040\000a\000c\000t\000i\000o\000n\000s}{}% 27
\BOOKMARK [2][-]{subsection.B.1}{\376\377\000R\000e\000v\000i\000e\000w\000\040\000o\000f\000\040\000L\000i\000o\000u\000v\000i\000l\000l\000e\000\040\000a\000c\000t\000i\000o\000n}{appendix.B}% 28
\BOOKMARK [2][-]{subsection.B.2}{\376\377\000L\000i\000o\000u\000v\000i\000l\000l\000e\000\040\000a\000c\000t\000i\000o\000n\000\040\000f\000o\000r\000\040\000f\000i\000d\000e\000l\000i\000t\000y\000\040\000o\000f\000\040\000R\000S\000\040\000a\000n\000d\000\040\000R\000\040\000S}{appendix.B}% 29
\BOOKMARK [2][-]{subsection.B.3}{\376\377\000C\000o\000v\000e\000r\000i\000n\000g\000\040\000m\000a\000p\000\040\000f\000o\000r\000\040\000f\0002\0003\000a\000c\000O\000a}{appendix.B}% 30
\BOOKMARK [2][-]{subsection.B.4}{\376\377\000C\000o\000v\000e\000r\000i\000n\000g\000\040\000m\000a\000p\000\040\000f\000o\000r\000\040\000t\000h\000e\000\040\000f\000i\000d\000e\000l\000i\000t\000y\000\040\000o\000f\000\040\000A\000B\000C\000\040\000a\000n\000d\000\040\000A\000B\000C}{appendix.B}% 31
\BOOKMARK [1][-]{appendix.C}{\376\377\000P\000r\000o\000o\000f\000\040\000o\000f\000\040\000l\000o\000w\000e\000r\000\040\000b\000o\000u\000n\000d\000s\000\040\000f\000o\000r\000\040\000m\000u\000l\000t\000i\000p\000l\000e\000-\000s\000t\000e\000p\000\040\000r\000e\000c\000o\000v\000e\000r\000y}{}% 32
