\BOOKMARK [1][-]{section.1}{Introduction}{}% 1
\BOOKMARK [1][-]{section.2}{Dipole Cosmology, the basic setup and some general features}{}% 2
\BOOKMARK [2][-]{subsection.2.1}{Basic analysis of the dipole models}{section.2}% 3
\BOOKMARK [2][-]{subsection.2.2}{Curvature analysis}{section.2}% 4
\BOOKMARK [2][-]{subsection.2.3}{Single fluid case}{section.2}% 5
\BOOKMARK [2][-]{subsection.2.4}{General power laws}{section.2}% 6
\BOOKMARK [1][-]{section.3}{Behavior near Big Bang singularity, single fluid case}{}% 7
\BOOKMARK [2][-]{subsection.3.1}{ case}{section.3}% 8
\BOOKMARK [3][-]{subsubsection.3.1.1}{Generic \040case}{subsection.3.1}% 9
\BOOKMARK [3][-]{subsubsection.3.1.2}{Stiff matter \040case}{subsection.3.1}% 10
\BOOKMARK [2][-]{subsection.3.2}{ case, whimper singularity}{section.3}% 11
\BOOKMARK [1][-]{section.4}{Big Bang in Dipole }{}% 12
\BOOKMARK [2][-]{subsection.4.1}{General analysis}{section.4}% 13
\BOOKMARK [2][-]{subsection.4.2}{Near BB expansion}{section.4}% 14
\BOOKMARK [3][-]{subsubsection.4.2.1}{ case}{subsection.4.2}% 15
\BOOKMARK [3][-]{subsubsection.4.2.2}{ case}{subsection.4.2}% 16
\BOOKMARK [3][-]{subsubsection.4.2.3}{ case}{subsection.4.2}% 17
\BOOKMARK [3][-]{subsubsection.4.2.4}{ case}{subsection.4.2}% 18
\BOOKMARK [1][-]{section.5}{Discussion and outlook}{}% 19
\BOOKMARK [1][-]{appendix.A}{Energy conditions and the tilt}{}% 20
