\BOOKMARK [1][-]{section.1}{Introduction }{}% 1
\BOOKMARK [1][-]{section.2}{Flow modeling and parameter framing }{}% 2
\BOOKMARK [2][-]{subsection.2.1}{Governing equations }{section.2}% 3
\BOOKMARK [2][-]{subsection.2.2}{Numerical methods }{section.2}% 4
\BOOKMARK [2][-]{subsection.2.3}{Physical configuration and parameters }{section.2}% 5
\BOOKMARK [2][-]{subsection.2.4}{Most unstable mode for triggering the jet fragmentation }{section.2}% 6
\BOOKMARK [2][-]{subsection.2.5}{Numerical configuration and computational cost }{section.2}% 7
\BOOKMARK [1][-]{section.3}{Overall flow characteristics and droplet statistics }{}% 8
\BOOKMARK [2][-]{subsection.3.1}{Turbulent kinetic energy }{section.3}% 9
\BOOKMARK [2][-]{subsection.3.2}{Close up on the jet interface }{section.3}% 10
\BOOKMARK [2][-]{subsection.3.3}{Statistics of the droplet population }{section.3}% 11
\BOOKMARK [2][-]{subsection.3.4}{Distributions of the size and the velocity }{section.3}% 12
\BOOKMARK [2][-]{subsection.3.5}{Modeling the droplet size PDF }{section.3}% 13
\BOOKMARK [1][-]{section.4}{Dynamics of the jet and the droplets: a two speed fragmentation }{}% 14
\BOOKMARK [2][-]{subsection.4.1}{The axial velocity PDF and the jet head vortex ring }{section.4}% 15
\BOOKMARK [2][-]{subsection.4.2}{Joint distribution of the droplet size and axial velocity }{section.4}% 16
\BOOKMARK [2][-]{subsection.4.3}{Governing parameters at the droplet scale }{section.4}% 17
\BOOKMARK [2][-]{subsection.4.4}{Droplet phase space: simulations and experiments }{section.4}% 18
\BOOKMARK [1][-]{section.5}{Conclusion }{}% 19
\BOOKMARK [1][-]{appendix.A}{Appendix A}{}% 20
\BOOKMARK [1][-]{appendix.B}{Appendix B}{}% 21
\BOOKMARK [1][-]{appendix.C}{Appendix C}{}% 22
\BOOKMARK [1][-]{appendix.D}{Appendix D}{}% 23
\BOOKMARK [1][-]{appendix.E}{Appendix E}{}% 24
\BOOKMARK [1][-]{appendix.F}{Appendix F}{}% 25
\BOOKMARK [1][-]{appendix.G}{Appendix G}{}% 26
\BOOKMARK [1][-]{appendix.H}{Appendix H}{}% 27
