\BOOKMARK [1][-]{section.1}{Introduction}{}% 1
\BOOKMARK [2][-]{subsection.1.1}{Methodology and Contributions}{section.1}% 2
\BOOKMARK [1][-]{section.2}{Model and Control}{}% 3
\BOOKMARK [2][-]{subsection.2.1}{Aerial robot}{section.2}% 4
\BOOKMARK [2][-]{subsection.2.2}{Door model}{section.2}% 5
\BOOKMARK [1][-]{section.3}{Policy Description and Training}{}% 6
\BOOKMARK [2][-]{subsection.3.1}{Observation space}{section.3}% 7
\BOOKMARK [3][-]{subsubsection.3.1.1}{Robot velocity}{subsection.3.1}% 8
\BOOKMARK [3][-]{subsubsection.3.1.2}{Hook-to-door distance}{subsection.3.1}% 9
\BOOKMARK [3][-]{subsubsection.3.1.3}{Body-to-door orientation}{subsection.3.1}% 10
\BOOKMARK [3][-]{subsubsection.3.1.4}{Door angle}{subsection.3.1}% 11
\BOOKMARK [2][-]{subsection.3.2}{Action space}{section.3}% 12
\BOOKMARK [2][-]{subsection.3.3}{Reward function}{section.3}% 13
\BOOKMARK [3][-]{subsubsection.3.3.1}{Hook in door's handle \(rh\)}{subsection.3.3}% 14
\BOOKMARK [3][-]{subsubsection.3.3.2}{Body-to-door angle \(ratt\)}{subsection.3.3}% 15
\BOOKMARK [3][-]{subsubsection.3.3.3}{Door opening \(rd\)}{subsection.3.3}% 16
\BOOKMARK [3][-]{subsubsection.3.3.4}{Body velocity \(rvel\)}{subsection.3.3}% 17
\BOOKMARK [3][-]{subsubsection.3.3.5}{Commanded wrench \(r\)}{subsection.3.3}% 18
\BOOKMARK [2][-]{subsection.3.4}{Domain Randomization}{section.3}% 19
\BOOKMARK [2][-]{subsection.3.5}{Simulation Setup}{section.3}% 20
\BOOKMARK [2][-]{subsection.3.6}{Training}{section.3}% 21
\BOOKMARK [1][-]{section.4}{Experimental validation}{}% 22
\BOOKMARK [2][-]{subsection.4.1}{Real-world experiments}{section.4}% 23
\BOOKMARK [3][-]{subsubsection.4.1.1}{Zero-shot policy transfer}{subsection.4.1}% 24
\BOOKMARK [3][-]{subsubsection.4.1.2}{Retrained policy}{subsection.4.1}% 25
\BOOKMARK [2][-]{subsection.4.2}{Robustness and comparison to related work}{section.4}% 26
\BOOKMARK [3][-]{subsubsection.4.2.1}{Hook distance to the handle}{subsection.4.2}% 27
\BOOKMARK [3][-]{subsubsection.4.2.2}{Offset on the handle lateral yD position observation}{subsection.4.2}% 28
\BOOKMARK [3][-]{subsubsection.4.2.3}{Offset on the handle vertical zD position observation}{subsection.4.2}% 29
\BOOKMARK [1][-]{section.5}{Conclusions}{}% 30
\BOOKMARK [1][-]{section*.13}{References}{}% 31
