\BOOKMARK [1][-]{section.1}{\376\377\000I\000n\000t\000r\000o\000d\000u\000c\000t\000i\000o\000n}{}% 1
\BOOKMARK [1][-]{section.2}{\376\377\000D\000a\000t\000a\000\040\000r\000e\000d\000u\000c\000t\000i\000o\000n\000\040\000a\000n\000d\000\040\000a\000n\000a\000l\000y\000s\000i\000s}{}% 2
\BOOKMARK [2][-]{subsection.2.1}{\376\377\000X\000-\000r\000a\000y}{section.2}% 3
\BOOKMARK [2][-]{subsection.2.2}{\376\377\000O\000p\000t\000i\000c\000a\000l\000\040\000I\000m\000a\000g\000i\000n\000g}{section.2}% 4
\BOOKMARK [2][-]{subsection.2.3}{\376\377\000O\000p\000t\000i\000c\000a\000l\000/\000i\000n\000f\000r\000a\000r\000e\000d\000\040\000i\000n\000t\000e\000g\000r\000a\000l\000\040\000f\000i\000e\000l\000d\000\040\000s\000p\000e\000c\000t\000r\000o\000s\000c\000o\000p\000y}{section.2}% 5
\BOOKMARK [3][-]{subsubsection.2.3.1}{\376\377\000G\000e\000m\000i\000n\000i}{subsection.2.3}% 6
\BOOKMARK [3][-]{subsubsection.2.3.2}{\376\377\000\040\000S\000D\000S\000S\000/\000M\000a\000N\000G\000A}{subsection.2.3}% 7
\BOOKMARK [2][-]{subsection.2.4}{\376\377\000A\000L\000M\000A}{section.2}% 8
\BOOKMARK [2][-]{subsection.2.5}{\376\377\000V\000L\000A}{section.2}% 9
\BOOKMARK [1][-]{section.3}{\376\377\000R\000e\000s\000u\000l\000t\000\040\000a\000n\000d\000\040\000D\000i\000s\000c\000u\000s\000s\000i\000o\000n}{}% 10
\BOOKMARK [2][-]{subsection.3.1}{\376\377\000R\000a\000d\000i\000o\000\040\000m\000o\000r\000p\000h\000o\000l\000o\000g\000y}{section.3}% 11
\BOOKMARK [2][-]{subsection.3.2}{\376\377\000N\000a\000t\000u\000r\000e\000\040\000o\000f\000\040\000r\000a\000d\000i\000o\000\040\000e\000m\000i\000s\000s\000i\000o\000n\000\040\000i\000n\000\040\000t\000h\000e\000\040\000c\000e\000n\000t\000r\000a\000l\000\040\0001\0000\000\040\000p\000a\000r\000s\000e\000c\000\040\000r\000e\000g\000i\000o\000n}{section.3}% 12
\BOOKMARK [2][-]{subsection.3.3}{\376\377\000R\000a\000d\000i\000o\000\040\000a\000n\000d\000\040\000[\000O\000I\000I\000I\000]\0005\0000\0000\0007\000\040\000e\000m\000i\000s\000s\000i\000o\000n}{section.3}% 13
\BOOKMARK [2][-]{subsection.3.4}{\376\377\000M\000u\000l\000t\000i\000-\000w\000a\000v\000e\000l\000e\000n\000g\000t\000h\000\040\000s\000t\000r\000u\000c\000t\000u\000r\000e\000\040\000o\000f\000\040\000N\000G\000C\000\040\0004\0003\0009\0005}{section.3}% 14
\BOOKMARK [2][-]{subsection.3.5}{\376\377\000B\000P\000T\000\040\000a\000n\000a\000l\000y\000s\000i\000s}{section.3}% 15
\BOOKMARK [2][-]{subsection.3.6}{\376\377\000D\000i\000a\000g\000n\000o\000s\000t\000i\000c\000s\000\040\000o\000f\000\040\000t\000h\000e\000\040\000e\000m\000i\000s\000s\000i\000o\000n\000\040\000l\000i\000n\000e\000s\000:\000\040\000P\000h\000o\000t\000o\000i\000o\000n\000i\000z\000a\000t\000i\000o\000n\000\040\000b\000y\000\040\000A\000G\000N\000\040\000a\000n\000d\000/\000o\000r\000\040\000s\000h\000o\000c\000k}{section.3}% 16
\BOOKMARK [3][-]{subsubsection.3.6.1}{\376\377\000P\000h\000o\000t\000o\000i\000o\000n\000i\000z\000a\000t\000i\000o\000n\000\040\000m\000o\000d\000e\000l\000l\000i\000n\000g\000\040}{subsection.3.6}% 17
\BOOKMARK [3][-]{subsubsection.3.6.2}{\376\377\000E\000l\000e\000c\000t\000r\000o\000n\000\040\000t\000e\000m\000p\000e\000r\000a\000t\000u\000r\000e\000\040\000d\000i\000s\000t\000r\000i\000b\000u\000t\000i\000o\000n}{subsection.3.6}% 18
\BOOKMARK [2][-]{subsection.3.7}{\376\377\000W\000a\000r\000m\000\040\000i\000o\000n\000i\000z\000e\000d\000\040\000g\000a\000s\000\040\000a\000n\000d\000\040\000s\000h\000o\000c\000k}{section.3}% 19
\BOOKMARK [2][-]{subsection.3.8}{\376\377\000A\000\040\000r\000a\000d\000i\000o\000\040\000j\000e\000t\000-\000I\000S\000M\000\040\000i\000n\000t\000e\000r\000a\000c\000t\000i\000o\000n\000\040\000o\000n\000\040\0001\0000\000\040\000p\000a\000r\000s\000e\000c\000\040\000s\000c\000a\000l\000e\000\040\000i\000n\000\040\000N\000G\000C\000\040\0004\0003\0009\0005}{section.3}% 20
\BOOKMARK [1][-]{section.4}{\376\377\000S\000u\000m\000m\000a\000r\000y}{}% 21
