\BOOKMARK [1][-]{section.1}{\376\377\000I\000n\000t\000r\000o\000d\000u\000c\000t\000i\000o\000n}{}% 1
\BOOKMARK [2][-]{subsection.1.1}{\376\377\000B\000a\000c\000k\000g\000r\000o\000u\000n\000d\000\040\000a\000n\000d\000\040\000M\000o\000t\000i\000v\000a\000t\000i\000o\000n\000s}{section.1}% 2
\BOOKMARK [2][-]{subsection.1.2}{\376\377\000C\000o\000n\000t\000r\000i\000b\000u\000t\000i\000o\000n\000s}{section.1}% 3
\BOOKMARK [1][-]{section.2}{\376\377\000F\000o\000r\000m\000a\000l\000\040\000F\000r\000a\000m\000e\000w\000o\000r\000k}{}% 4
\BOOKMARK [1][-]{section.3}{\376\377\000A\000c\000r\000o\000n\000y\000m\000/\000S\000U\000V\000/\000s\000\040\000s\000i\000m\000u\000l\000a\000t\000o\000r\000s}{}% 5
\BOOKMARK [1][-]{section.4}{\376\377\000S\000i\000m\000u\000l\000a\000t\000i\000o\000n\000-\000b\000a\000s\000e\000d\000\040\000A\000c\000r\000o\000n\000y\000m\000/\000S\000L\000F\000V\000/\000s}{}% 6
\BOOKMARK [2][-]{subsection.4.1}{\376\377\000S\000h\000o\000r\000t\000e\000s\000t\000\040\000+}{section.4}% 7
\BOOKMARK [2][-]{subsection.4.2}{\376\377\000R\000a\000n\000d\000o\000m\000i\000s\000e\000d\000\040\000+}{section.4}% 8
\BOOKMARK [2][-]{subsection.4.3}{\376\377\000P\000a\000r\000a\000l\000l\000e\000l\000\040\000+}{section.4}% 9
\BOOKMARK [1][-]{section.5}{\376\377\000P\000a\000r\000a\000l\000l\000e\000l\000\040\000c\000o\000m\000p\000u\000t\000a\000t\000i\000o\000n\000\040\000o\000f\000\040\000\050\000\051\000+}{}% 10
\BOOKMARK [2][-]{subsection.5.1}{\376\377\000I\000n\000p\000u\000t}{section.5}% 11
\BOOKMARK [2][-]{subsection.5.2}{\376\377\000E\000n\000a\000b\000l\000i\000n\000g\000\040\000p\000a\000r\000a\000l\000l\000e\000l\000i\000s\000m}{section.5}% 12
\BOOKMARK [2][-]{subsection.5.3}{\376\377\000C\000o\000m\000p\000u\000t\000i\000n\000g\000\040\000a\000\040\000f\000r\000o\000m\000\040\000e\000a\000c\000h\000\040\000s\000l\000i\000c\000e}{section.5}% 13
\BOOKMARK [3][-]{subsubsection.5.3.1}{\376\377\000A\000c\000r\000o\000n\000y\000m\000/\000B\000T\000/\000l}{subsection.5.3}% 14
\BOOKMARK [3][-]{subsubsection.5.3.2}{\376\377\000G\000e\000n\000e\000r\000a\000t\000i\000o\000n\000\040\000o\000f\000\040\000c\000o\000m\000m\000a\000n\000d\000s}{subsection.5.3}% 15
\BOOKMARK [1][-]{section.6}{\376\377\000I\000m\000p\000l\000e\000m\000e\000n\000t\000a\000t\000i\000o\000n\000\040\000a\000n\000d\000\040\000e\000x\000p\000e\000r\000i\000m\000e\000n\000t\000a\000l\000\040\000r\000e\000s\000u\000l\000t\000s}{}% 16
\BOOKMARK [2][-]{subsection.6.1}{\376\377\000I\000m\000p\000l\000e\000m\000e\000n\000t\000a\000t\000i\000o\000n}{section.6}% 17
\BOOKMARK [2][-]{subsection.6.2}{\376\377\000C\000a\000s\000e\000\040\000s\000t\000u\000d\000i\000e\000s}{section.6}% 18
\BOOKMARK [3][-]{subsubsection.6.2.1}{\376\377\000B\000D\000C}{subsection.6.2}% 19
\BOOKMARK [3][-]{subsubsection.6.2.2}{\376\377\000A\000L\000M\000A}{subsection.6.2}% 20
\BOOKMARK [3][-]{subsubsection.6.2.3}{\376\377\000F\000a\000u\000l\000t\000\040\000T\000o\000l\000e\000r\000a\000n\000t\000\040\000F\000C\000S}{subsection.6.2}% 21
\BOOKMARK [2][-]{subsection.6.3}{\376\377\000E\000x\000p\000e\000r\000i\000m\000e\000n\000t\000a\000l\000\040\000s\000e\000t\000t\000i\000n\000g}{section.6}% 22
\BOOKMARK [2][-]{subsection.6.4}{\376\377\000E\000x\000p\000e\000r\000i\000m\000e\000n\000t\000a\000l\000\040\000r\000e\000s\000u\000l\000t\000s}{section.6}% 23
\BOOKMARK [3][-]{subsubsection.6.4.1}{\376\377\000S\000c\000a\000l\000a\000b\000i\000l\000i\000t\000y\000\040\000o\000f\000\040\000t\000h\000e\000\040\000c\000a\000m\000p\000a\000i\000g\000n\000\040\000c\000o\000m\000p\000u\000t\000a\000t\000i\000o\000n\000\040\000a\000l\000g\000o\000r\000i\000t\000h\000m}{subsection.6.4}% 24
\BOOKMARK [3][-]{subsubsection.6.4.2}{\376\377\000C\000a\000m\000p\000a\000i\000g\000n\000s\000\040\000e\000f\000f\000i\000c\000i\000e\000n\000c\000y\000\040\000w\000i\000t\000h\000\040\000r\000e\000s\000p\000e\000c\000t\000\040\000t\000o\000\040\000p\000a\000r\000a\000l\000l\000e\000l\000i\000s\000a\000t\000i\000o\000n}{subsection.6.4}% 25
\BOOKMARK [3][-]{subsubsection.6.4.3}{\376\377\000C\000a\000m\000p\000a\000i\000g\000n\000s\000\040\000e\000f\000f\000i\000c\000i\000e\000n\000c\000y\000\040\000w\000i\000t\000h\000\040\000r\000e\000s\000p\000e\000c\000t\000\040\000t\000o\000\040\000a\000v\000a\000i\000l\000a\000b\000l\000e\000\040\000s\000i\000m\000u\000l\000a\000t\000o\000r\000\040\000m\000e\000m\000o\000r\000y}{subsection.6.4}% 26
\BOOKMARK [3][-]{subsubsection.6.4.4}{\376\377\000S\000i\000m\000u\000l\000a\000t\000i\000o\000n\000\040\000s\000p\000e\000e\000d\000u\000p\000s\000\040\000a\000n\000d\000\040\000t\000i\000m\000e\000\040\000s\000a\000v\000i\000n\000g\000s}{subsection.6.4}% 27
\BOOKMARK [2][-]{subsection.6.5}{\376\377\000L\000i\000m\000i\000t\000a\000t\000i\000o\000n\000s}{section.6}% 28
\BOOKMARK [1][-]{section.7}{\376\377\000R\000e\000l\000a\000t\000e\000d\000\040\000w\000o\000r\000k}{}% 29
\BOOKMARK [1][-]{section.8}{\376\377\000C\000o\000n\000c\000l\000u\000s\000i\000o\000n\000s}{}% 30
\BOOKMARK [1][-]{section*.8}{\376\377\000R\000e\000f\000e\000r\000e\000n\000c\000e\000s}{}% 31
\BOOKMARK [1][-]{section*.9}{\376\377\000A\000p\000p\000e\000n\000d\000i\000x\000\040\000A\000:\000\040\000F\000o\000r\000m\000a\000l\000\040\000f\000r\000a\000m\000e\000w\000o\000r\000k}{}% 32
\BOOKMARK [2][-]{subsection.Appendix.A.1}{\376\377\000M\000o\000d\000e\000l\000l\000i\000n\000g\000\040\000t\000h\000e\000\040\000S\000y\000s\000t\000e\000m\000\040\000U\000n\000d\000e\000r\000\040\000V\000e\000r\000i\000f\000i\000c\000a\000t\000i\000o\000n\000\040}{section*.9}% 33
\BOOKMARK [2][-]{subsection.Appendix.A.2}{\376\377\000A\000c\000r\000o\000n\000y\000m\000/\000S\000L\000F\000V\000/\000l}{section*.9}% 34
\BOOKMARK [2][-]{subsection.Appendix.A.3}{\376\377\000M\000o\000d\000e\000l\000l\000i\000n\000g\000\040\000t\000h\000e\000\040\000S\000U\000V\000\040\000o\000p\000e\000r\000a\000t\000i\000o\000n\000a\000l\000\040\000e\000n\000v\000i\000r\000o\000n\000m\000e\000n\000t\000\040}{section*.9}% 35
\BOOKMARK [1][-]{section*.10}{\376\377\000A\000p\000p\000e\000n\000d\000i\000x\000\040\000B\000:\000\040\000A\000c\000r\000o\000n\000y\000m\000/\000S\000U\000V\000/\000s\000\040\000s\000i\000m\000u\000l\000a\000t\000o\000r\000s}{}% 36
\BOOKMARK [1][-]{section*.11}{\376\377\000A\000p\000p\000e\000n\000d\000i\000x\000\040\000C\000:\000\040\000S\000i\000m\000u\000l\000a\000t\000i\000o\000n\000-\000b\000a\000s\000e\000d\000\040\000A\000c\000r\000o\000n\000y\000m\000/\000S\000L\000F\000V\000/\000s}{}% 37
\BOOKMARK [2][-]{subsection.Appendix.C.1}{\376\377\000R\000a\000n\000d\000o\000m\000i\000s\000e\000d\000\040\000+}{section*.11}% 38
\BOOKMARK [2][-]{subsection.Appendix.C.2}{\376\377\000P\000a\000r\000a\000l\000l\000e\000l\000\040\000+}{section*.11}% 39
\BOOKMARK [1][-]{section*.12}{\376\377\000A\000p\000p\000e\000n\000d\000i\000x\000\040\000D\000:\000\040\000P\000a\000r\000a\000l\000l\000e\000l\000\040\000c\000o\000m\000p\000u\000t\000a\000t\000i\000o\000n\000\040\000o\000f\000\040\000\050\000\051\000+}{}% 40
\BOOKMARK [2][-]{subsection.Appendix.D.1}{\376\377\000C\000o\000m\000p\000u\000t\000i\000n\000g\000\040\000a\000\040\000f\000r\000o\000m\000\040\000e\000a\000c\000h\000\040\000s\000l\000i\000c\000e}{section*.12}% 41
\BOOKMARK [3][-]{subsubsection.Appendix.D.1.1}{\376\377\000C\000o\000m\000p\000u\000t\000i\000n\000g\000\040\000t\000h\000e\000\040\000A\000c\000r\000o\000n\000y\000m\000/\000B\000T\000/\000l}{subsection.Appendix.D.1}% 42
\BOOKMARK [2][-]{subsection.Appendix.D.2}{\376\377\000A\000l\000g\000o\000r\000i\000t\000h\000m\000\040\000c\000o\000r\000r\000e\000c\000t\000n\000e\000s\000s}{section*.12}% 43
\BOOKMARK [1][-]{section*.14}{\376\377\000A\000p\000p\000e\000n\000d\000i\000x\000\040\000E\000:\000\040\000C\000a\000s\000e\000\040\000s\000t\000u\000d\000i\000e\000s}{}% 44
\BOOKMARK [2][-]{subsection.Appendix.E.1}{\376\377\000B\000D\000C}{section*.14}% 45
\BOOKMARK [2][-]{subsection.Appendix.E.2}{\376\377\000A\000L\000M\000A}{section*.14}% 46
\BOOKMARK [2][-]{subsection.Appendix.E.3}{\376\377\000F\000a\000u\000l\000t\000\040\000T\000o\000l\000e\000r\000a\000n\000t\000\040\000F\000C\000S}{section*.14}% 47
\BOOKMARK [1][-]{section*.15}{\376\377\000R\000e\000f\000e\000r\000e\000n\000c\000e\000s}{}% 48
