\BOOKMARK [1][-]{section.1}{\376\377\000I\000n\000t\000r\000o\000d\000u\000c\000t\000i\000o\000n}{}% 1
\BOOKMARK [1][-]{section.2}{\376\377\000B\000a\000c\000k\000g\000r\000o\000u\000n\000d}{}% 2
\BOOKMARK [2][-]{subsection.2.1}{\376\377\000P\000r\000e\000-\000t\000r\000a\000i\000n\000e\000d\000\040\000M\000o\000d\000e\000l\000s}{section.2}% 3
\BOOKMARK [2][-]{subsection.2.2}{\376\377\000S\000e\000l\000f\000-\000A\000t\000t\000e\000n\000t\000i\000o\000n\000\040\000M\000e\000c\000h\000a\000n\000i\000s\000m}{section.2}% 4
\BOOKMARK [2][-]{subsection.2.3}{\376\377\000W\000o\000r\000d\000\040\000E\000m\000b\000e\000d\000d\000i\000n\000g}{section.2}% 5
\BOOKMARK [3][-]{subsubsection.2.3.1}{\376\377\000B\000a\000g\000-\000o\000f\000-\000w\000o\000r\000d\000s}{subsection.2.3}% 6
\BOOKMARK [3][-]{subsubsection.2.3.2}{\376\377\000C\000o\000n\000t\000e\000x\000t\000-\000i\000n\000d\000e\000p\000e\000n\000d\000e\000n\000t\000\040\000w\000i\000t\000h\000\040\000m\000a\000c\000h\000i\000n\000e\000\040\000l\000e\000a\000r\000n\000i\000n\000g}{subsection.2.3}% 7
\BOOKMARK [3][-]{subsubsection.2.3.3}{\376\377\000C\000o\000n\000t\000e\000x\000t\000-\000d\000e\000p\000e\000n\000d\000e\000n\000t\000\040\000a\000n\000d\000\040\000t\000r\000a\000n\000s\000f\000o\000r\000m\000e\000r\000-\000b\000a\000s\000e\000d}{subsection.2.3}% 8
\BOOKMARK [1][-]{section.3}{\376\377\000A\000p\000p\000r\000o\000a\000c\000h}{}% 9
\BOOKMARK [2][-]{subsection.3.1}{\376\377\000S\000t\000r\000u\000c\000t\000u\000r\000a\000l\000\040\000I\000n\000f\000o\000r\000m\000a\000t\000i\000o\000n}{section.3}% 10
\BOOKMARK [3][-]{subsubsection.3.1.1}{\376\377\000A\000b\000s\000t\000r\000a\000c\000t\000\040\000S\000y\000n\000t\000a\000x\000\040\000T\000r\000e\000e\000\040\000\050\000A\000S\000T\000\051}{subsection.3.1}% 11
\BOOKMARK [3][-]{subsubsection.3.1.2}{\376\377\000C\000o\000n\000t\000r\000o\000l\000\040\000F\000l\000o\000w\000\040\000G\000r\000a\000p\000h\000\040\000\050\000C\000F\000G\000\051}{subsection.3.1}% 12
\BOOKMARK [3][-]{subsubsection.3.1.3}{\376\377\000D\000a\000t\000a\000\040\000F\000l\000o\000w\000\040\000G\000r\000a\000p\000h\000\040\000\050\000D\000F\000G\000\051}{subsection.3.1}% 13
\BOOKMARK [2][-]{subsection.3.2}{\376\377\000M\000e\000t\000a\000P\000a\000t\000h}{section.3}% 14
\BOOKMARK [2][-]{subsection.3.3}{\376\377\000C\000o\000d\000e\000\040\000S\000n\000i\000p\000p\000e\000t\000\040\000S\000e\000q\000u\000e\000n\000c\000e\000\040\000\050\000C\000S\000S\000\051}{section.3}% 15
\BOOKMARK [2][-]{subsection.3.4}{\376\377\000M\000u\000l\000t\000i\000-\000V\000i\000e\000w\000\040\000S\000e\000l\000f\000-\000A\000t\000t\000e\000n\000t\000i\000o\000n\000\040\000E\000n\000c\000o\000d\000e\000r\000\050\000M\000V\000S\000A\000\051}{section.3}% 16
\BOOKMARK [1][-]{section.4}{\376\377\000I\000m\000p\000l\000e\000m\000e\000n\000t\000a\000t\000i\000o\000n}{}% 17
\BOOKMARK [2][-]{subsection.4.1}{\376\377\000G\000e\000n\000e\000r\000a\000t\000i\000n\000g\000\040\000d\000a\000t\000a}{section.4}% 18
\BOOKMARK [3][-]{subsubsection.4.1.1}{\376\377\000G\000e\000n\000e\000r\000a\000t\000i\000n\000g\000\040\000A\000S\000T}{subsection.4.1}% 19
\BOOKMARK [3][-]{subsubsection.4.1.2}{\376\377\000G\000e\000n\000e\000r\000a\000t\000i\000n\000g\000\040\000C\000F\000G\000\040\000a\000n\000d\000\040\000D\000F\000G}{subsection.4.1}% 20
\BOOKMARK [3][-]{subsubsection.4.1.3}{\376\377\000G\000e\000n\000e\000r\000a\000t\000i\000n\000g\000\040\000C\000S\000S}{subsection.4.1}% 21
\BOOKMARK [2][-]{subsection.4.2}{\376\377\000m\000o\000d\000u\000l\000e\000\040\000i\000m\000p\000l\000e\000m\000e\000n\000t\000a\000t\000i\000o\000n}{section.4}% 22
\BOOKMARK [3][-]{subsubsection.4.2.1}{\376\377\000M\000e\000t\000a\000p\000a\000t\000h}{subsection.4.2}% 23
\BOOKMARK [3][-]{subsubsection.4.2.2}{\376\377\000M\000u\000l\000t\000i\000-\000V\000i\000e\000w\000\040\000S\000e\000l\000f\000-\000A\000t\000t\000e\000n\000t\000i\000o\000n\000\040\000E\000n\000c\000o\000d\000e\000r\000\040\000\050\000M\000V\000S\000A\000\051}{subsection.4.2}% 24
\BOOKMARK [1][-]{section.5}{\376\377\000E\000v\000a\000l\000u\000a\000t\000i\000o\000n}{}% 25
\BOOKMARK [2][-]{subsection.5.1}{\376\377\000E\000x\000p\000e\000r\000i\000m\000e\000n\000t\000a\000l\000\040\000S\000e\000t\000u\000p}{section.5}% 26
\BOOKMARK [3][-]{subsubsection.5.1.1}{\376\377\000P\000e\000r\000f\000o\000r\000m\000a\000n\000c\000e\000\040\000M\000e\000t\000r\000i\000c\000s}{subsection.5.1}% 27
\BOOKMARK [3][-]{subsubsection.5.1.2}{\376\377\000D\000a\000t\000a\000s\000e\000t}{subsection.5.1}% 28
\BOOKMARK [3][-]{subsubsection.5.1.3}{\376\377\000E\000n\000v\000i\000r\000o\000n\000m\000e\000n\000t\000\040\000C\000o\000n\000f\000i\000g\000u\000r\000a\000t\000i\000o\000n}{subsection.5.1}% 29
\BOOKMARK [2][-]{subsection.5.2}{\376\377\000B\000a\000s\000e\000l\000i\000n\000e\000\040\000M\000e\000t\000h\000o\000d\000s}{section.5}% 30
\BOOKMARK [3][-]{subsubsection.5.2.1}{\376\377\000T\000r\000a\000d\000i\000t\000i\000o\000n\000a\000l\000\040\000t\000r\000a\000d\000i\000c\000t\000i\000o\000n\000a\000l}{subsection.5.2}% 31
\BOOKMARK [3][-]{subsubsection.5.2.2}{\376\377\000D\000B\000N\000\040\000D\000B\000N}{subsection.5.2}% 32
\BOOKMARK [3][-]{subsubsection.5.2.3}{\376\377\000D\000B\000N\000+\000D\000B\000N\000+\000D\000P\000-\000C\000N\000N}{subsection.5.2}% 33
\BOOKMARK [3][-]{subsubsection.5.2.4}{\376\377\000C\000N\000N\000c\000n\000n}{subsection.5.2}% 34
\BOOKMARK [3][-]{subsubsection.5.2.5}{\376\377\000D\000e\000f\000e\000c\000t\000\040\000P\000r\000e\000d\000i\000c\000t\000i\000o\000n\000\040\000v\000i\000a\000\040\000C\000o\000n\000v\000o\000l\000u\000t\000i\000o\000n\000a\000l\000\040\000N\000e\000u\000r\000a\000l\000\040\000N\000e\000t\000w\000o\000r\000k\000\040\000\050\000D\000P\000-\000C\000N\000N\000\051\000D\000B\000N\000+\000D\000P\000-\000C\000N\000N}{subsection.5.2}% 35
\BOOKMARK [3][-]{subsubsection.5.2.6}{\376\377\000I\000m\000p\000r\000o\000v\000e\000d\000\040\000C\000N\000N\000i\000m\000p\000r\000o\000v\000e\000c\000n\000n}{subsection.5.2}% 36
\BOOKMARK [3][-]{subsubsection.5.2.7}{\376\377\000A\000c\000h\000i\000l\000l\000e\000s\000\040\000A\000c\000h\000i\000l\000l\000e\000s}{subsection.5.2}% 37
\BOOKMARK [3][-]{subsubsection.5.2.8}{\376\377\000I\000n\000t\000e\000l\000l\000i\000g\000e\000n\000t\000\040\000S\000e\000n\000t\000e\000n\000c\000e\000-\000l\000e\000v\000e\000l\000\040\000V\000u\000l\000n\000e\000r\000a\000b\000i\000l\000i\000t\000y\000\040\000S\000e\000l\000f\000-\000D\000e\000t\000e\000c\000t\000i\000o\000n\000\040\000F\000r\000a\000m\000e\000w\000o\000r\000k\000\050\000I\000S\000V\000S\000F\000\051\000\040\000I\000S\000V\000S\000F}{subsection.5.2}% 38
\BOOKMARK [2][-]{subsection.5.3}{\376\377\000E\000x\000p\000e\000r\000i\000m\000e\000n\000t\000a\000l\000\040\000R\000e\000s\000u\000l\000t\000s}{section.5}% 39
\BOOKMARK [2][-]{subsection.5.4}{\376\377\000A\000b\000l\000a\000t\000i\000o\000n\000\040\000S\000t\000u\000d\000y}{section.5}% 40
\BOOKMARK [2][-]{subsection.5.5}{\376\377\000C\000a\000s\000e\000\040\000S\000t\000u\000d\000y}{section.5}% 41
\BOOKMARK [3][-]{subsubsection.5.5.1}{\376\377\000C\000a\000s\000e\000\040\0001}{subsection.5.5}% 42
\BOOKMARK [3][-]{subsubsection.5.5.2}{\376\377\000C\000a\000s\000e\000\040\0002}{subsection.5.5}% 43
\BOOKMARK [3][-]{subsubsection.5.5.3}{\376\377\000C\000a\000s\000e\000\040\0003}{subsection.5.5}% 44
\BOOKMARK [3][-]{subsubsection.5.5.4}{\376\377\000C\000a\000s\000e\000\040\0004}{subsection.5.5}% 45
\BOOKMARK [1][-]{section.6}{\376\377\000R\000e\000l\000a\000t\000e\000d\000\040\000W\000o\000r\000k\000s}{}% 46
\BOOKMARK [2][-]{subsection.6.1}{\376\377\000T\000r\000a\000d\000i\000t\000i\000o\000n\000a\000l\000\040\000D\000e\000t\000e\000c\000t\000i\000o\000n\000\040\000M\000e\000t\000h\000o\000d\000s}{section.6}% 47
\BOOKMARK [2][-]{subsection.6.2}{\376\377\000M\000a\000c\000h\000i\000n\000e\000\040\000L\000e\000a\000r\000n\000i\000n\000g\000-\000b\000a\000s\000e\000d\000\040\000M\000e\000t\000h\000o\000d\000s}{section.6}% 48
\BOOKMARK [2][-]{subsection.6.3}{\376\377\000D\000e\000e\000p\000\040\000L\000e\000a\000r\000n\000i\000n\000g\000-\000b\000a\000s\000e\000d\000\040\000M\000e\000t\000h\000o\000d\000s}{section.6}% 49
\BOOKMARK [1][-]{section.7}{\376\377\000C\000o\000n\000c\000l\000u\000s\000i\000o\000n\000s\000\040\000a\000n\000d\000\040\000F\000u\000t\000u\000r\000e\000\040\000R\000e\000s\000e\000a\000r\000c\000h}{}% 50
