\BOOKMARK [0][-]{section*.2}{\376\377\000B\000i\000r\000t\000h\000-\000d\000e\000a\000t\000h\000-\000s\000u\000p\000p\000r\000e\000s\000s\000i\000o\000n\000\040\000M\000a\000r\000k\000o\000v\000\040\000p\000r\000o\000c\000e\000s\000s\000\040\000a\000n\000d\000\040\000w\000i\000l\000d\000f\000i\000r\000e\000s}{}% 2
\BOOKMARK [1][-]{section*.1}{\376\377\000A\000b\000s\000t\000r\000a\000c\000t}{section*.2}% 1
\BOOKMARK [1][-]{section*.3}{\376\377\000I\000n\000t\000r\000o\000d\000u\000c\000t\000i\000o\000n}{section*.2}% 3
\BOOKMARK [2][-]{section*.4}{\376\377\000b\000l\000a\000c\000k\000\040\000O\000u\000t\000l\000i\000n\000e\000\040\000o\000f\000\040\000p\000a\000p\000e\000r\000b\000l\000a\000c\000k}{section*.3}% 4
\BOOKMARK [1][-]{section*.5}{\376\377\000B\000i\000r\000t\000h\000\040\000a\000n\000d\000\040\000d\000e\000a\000t\000h\000\040\000p\000r\000o\000c\000e\000s\000s\000e\000s}{section*.2}% 5
\BOOKMARK [2][-]{section*.6}{\376\377\000G\000e\000n\000e\000r\000a\000l\000\040\000t\000h\000e\000o\000r\000y\000\040\000o\000f\000\040\000t\000h\000e\000\040\000b\000i\000r\000t\000h\000-\000d\000e\000a\000t\000h\000\040\000p\000r\000o\000c\000e\000s\000s}{section*.5}% 6
\BOOKMARK [2][-]{section*.7}{\376\377\000T\000h\000e\000\040\000s\000u\000p\000p\000r\000e\000s\000s\000i\000o\000n\000-\000f\000r\000e\000e\000\040\000p\000r\000o\000c\000e\000s\000s}{section*.5}% 7
\BOOKMARK [1][-]{section*.8}{\376\377\000T\000h\000e\000\040\000p\000o\000p\000u\000l\000a\000t\000i\000o\000n\000\040\000d\000y\000n\000a\000m\000i\000c\000s}{section*.2}% 8
\BOOKMARK [2][-]{section*.9}{\376\377\000T\000h\000e\000\040\000m\000e\000t\000h\000o\000d\000\040\000o\000f\000\040\000K\000a\000r\000l\000i\000n\000\040\000a\000n\000d\000\040\000M\000c\000G\000r\000e\000g\000o\000r}{section*.8}% 9
\BOOKMARK [2][-]{section*.10}{\376\377\000L\000i\000f\000e\000t\000i\000m\000e\000\040\000s\000t\000a\000t\000i\000s\000t\000i\000c\000s}{section*.8}% 10
\BOOKMARK [2][-]{section*.11}{\376\377\000T\000h\000e\000\040\000e\000f\000f\000e\000c\000t\000\040\000o\000f\000\040\000s\000u\000p\000p\000r\000e\000s\000s\000i\000o\000n}{section*.8}% 11
\BOOKMARK [1][-]{section*.12}{\376\377\000P\000r\000e\000d\000i\000c\000t\000i\000n\000g\000\040\000t\000h\000e\000\040\000f\000o\000o\000t\000p\000r\000i\000n\000t}{section*.2}% 12
\BOOKMARK [2][-]{section*.13}{\376\377\000T\000h\000e\000\040\000r\000a\000n\000d\000o\000m\000\040\000w\000a\000l\000k\000\040\000p\000o\000l\000y\000n\000o\000m\000i\000a\000l\000s}{section*.12}% 13
\BOOKMARK [2][-]{section*.14}{\376\377\000T\000h\000e\000\040\000f\000o\000o\000t\000p\000r\000i\000n\000t}{section*.12}% 14
\BOOKMARK [1][-]{section*.15}{\376\377\000D\000y\000n\000a\000m\000i\000c\000\040\000r\000i\000s\000k\000\040\000a\000n\000d\000\040\000o\000p\000t\000i\000m\000i\000z\000a\000t\000i\000o\000n}{section*.2}% 15
\BOOKMARK [2][-]{section*.16}{\376\377\000D\000y\000n\000a\000m\000i\000c\000\040\000r\000i\000s\000k\000\040\000e\000s\000t\000i\000m\000a\000t\000i\000o\000n}{section*.15}% 16
\BOOKMARK [3][-]{section*.17}{\376\377\000O\000p\000t\000i\000m\000a\000l\000\040\000s\000u\000p\000p\000r\000e\000s\000s\000i\000o\000n\000\040\000a\000n\000d\000\040\000a\000d\000v\000e\000r\000s\000e\000\040\000c\000o\000n\000d\000i\000t\000i\000o\000n\000s}{section*.16}% 17
\BOOKMARK [1][-]{section*.18}{\376\377\000C\000o\000n\000c\000l\000u\000s\000i\000o\000n}{section*.2}% 18
\BOOKMARK [1][-]{section*.19}{\376\377\000A\000c\000k\000n\000o\000w\000l\000e\000d\000g\000m\000e\000n\000t\000s}{section*.2}% 19
\BOOKMARK [1][-]{section*.20}{\376\377\000T\000h\000e\000\040\000z\000e\000r\000o\000\040\000s\000u\000p\000p\000r\000e\000s\000s\000i\000o\000n\000\040\000p\000r\000o\000c\000e\000s\000s}{section*.2}% 20
\BOOKMARK [2][-]{section*.21}{\376\377\000P\000o\000p\000u\000l\000a\000t\000i\000o\000n\000\040\000s\000t\000a\000t\000i\000s\000t\000i\000c\000s}{section*.20}% 21
\BOOKMARK [2][-]{section*.22}{\376\377\000F\000o\000o\000t\000p\000r\000i\000n\000t\000\040\000s\000t\000a\000t\000i\000s\000t\000i\000c\000s}{section*.20}% 22
\BOOKMARK [1][-]{section*.23}{\376\377\000E\000x\000p\000l\000i\000c\000i\000t\000\040\000t\000r\000a\000n\000s\000i\000t\000i\000o\000n\000\040\000m\000a\000t\000r\000i\000c\000e\000s}{section*.2}% 23
\BOOKMARK [2][-]{section*.24}{\376\377\000P\000o\000l\000y\000n\000o\000m\000i\000a\000l\000s\000\040\000f\000o\000r\000\040\000t\000h\000e\000\040\000s\000u\000p\000p\000r\000e\000s\000s\000i\000o\000n\000\040\000p\000r\000o\000c\000e\000s\000s}{section*.23}% 24
\BOOKMARK [3][-]{section*.25}{\376\377\000C\000r\000i\000t\000i\000c\000a\000l\000\040\000p\000h\000a\000s\000e}{section*.24}% 25
\BOOKMARK [3][-]{section*.26}{\376\377\000S\000u\000b\000-\000c\000r\000i\000t\000i\000c\000a\000l\000\040\000p\000h\000a\000s\000e}{section*.24}% 26
\BOOKMARK [3][-]{section*.27}{\376\377\000S\000u\000p\000e\000r\000-\000c\000r\000i\000t\000i\000c\000a\000l\000\040\000c\000a\000s\000e}{section*.24}% 27
\BOOKMARK [2][-]{section*.28}{\376\377\000E\000x\000p\000l\000i\000c\000i\000t\000\040\000t\000r\000a\000n\000s\000i\000t\000i\000o\000n\000\040\000m\000a\000t\000r\000i\000c\000e\000s}{section*.23}% 28
\BOOKMARK [3][-]{section*.29}{\376\377\000N\000o\000n\000-\000c\000r\000i\000t\000i\000c\000a\000l\000\040\000c\000a\000s\000e\000s}{section*.28}% 29
\BOOKMARK [3][-]{section*.30}{\376\377\000C\000r\000i\000t\000i\000c\000a\000l\000\040\000c\000a\000s\000e}{section*.28}% 30
\BOOKMARK [2][-]{section*.31}{\376\377\000L\000o\000w\000\040\000p\000o\000p\000u\000l\000a\000t\000i\000o\000n\000\040\000m\000o\000m\000e\000n\000t\000s}{section*.23}% 31
\BOOKMARK [1][-]{section*.32}{\376\377\000T\000h\000e\000\040\000r\000a\000n\000d\000o\000m\000\040\000w\000a\000l\000k\000\040\000p\000o\000l\000y\000n\000o\000m\000i\000a\000l\000s}{section*.2}% 32
\BOOKMARK [2][-]{section*.33}{\376\377\000T\000h\000e\000\040\000c\000r\000i\000t\000i\000c\000a\000l\000\040\000p\000o\000l\000y\000n\000o\000m\000i\000a\000l\000s}{section*.32}% 33
\BOOKMARK [3][-]{section*.34}{\376\377\000T\000h\000e\000\040\000n\000o\000n\000-\000c\000r\000i\000t\000i\000c\000a\000l\000\040\000p\000o\000l\000y\000n\000o\000m\000i\000a\000l\000s}{section*.33}% 34
\BOOKMARK [2][-]{section*.35}{\376\377\000T\000h\000e\000\040\000m\000e\000a\000s\000u\000r\000e\000\040\000b\000y\000\040\000S\000t\000i\000e\000l\000t\000j\000e\000s\000\040\000i\000n\000v\000e\000r\000s\000i\000o\000n}{section*.32}% 35
\BOOKMARK [3][-]{section*.36}{\376\377\000C\000o\000m\000p\000u\000t\000i\000n\000g\000\040\000t\000h\000e\000\040\000r\000e\000s\000o\000l\000v\000e\000n\000t}{section*.35}% 36
\BOOKMARK [3][-]{section*.37}{\376\377\000S\000t\000i\000e\000l\000t\000j\000e\000s\000\040\000i\000n\000v\000e\000r\000s\000i\000o\000n}{section*.35}% 37
\BOOKMARK [3][-]{section*.38}{\376\377\000T\000h\000e\000\040\000d\000i\000s\000c\000r\000e\000t\000e\000\040\000m\000e\000a\000s\000u\000r\000e}{section*.35}% 38
\BOOKMARK [1][-]{section*.39}{\376\377\000T\000h\000e\000\040\000m\000e\000t\000h\000o\000d\000\040\000o\000f\000\040\000D\000a\000r\000b\000o\000u\000x}{section*.2}% 39
\BOOKMARK [2][-]{section*.40}{\376\377\000F\000i\000r\000e\000w\000a\000l\000k\000\040\000p\000o\000l\000y\000n\000o\000m\000i\000a\000l\000\040\000a\000s\000y\000m\000p\000t\000o\000t\000i\000c\000s}{section*.39}% 40
\BOOKMARK [1][-]{section*.41}{\376\377\000R\000e\000f\000e\000r\000e\000n\000c\000e\000s}{section*.2}% 41
