\BOOKMARK [0][-]{section*.2}{\376\377\000C\000o\000n\000v\000e\000r\000g\000e\000n\000c\000e\000\040\000o\000f\000\040\000D\000i\000g\000i\000t\000i\000z\000e\000d\000-\000C\000o\000u\000n\000t\000e\000r\000d\000i\000a\000b\000a\000t\000i\000c\000\040\000Q\000A\000O\000A\000:\000\040\000c\000i\000r\000c\000u\000i\000t\000\040\000d\000e\000p\000t\000h\000\040\000v\000e\000r\000s\000u\000s\000\040\000f\000r\000e\000e\000\040\000p\000a\000r\000a\000m\000e\000t\000e\000r\000s}{}% 2
\BOOKMARK [1][-]{section*.1}{\376\377\000A\000b\000s\000t\000r\000a\000c\000t}{section*.2}% 1
\BOOKMARK [1][-]{section*.3}{\376\377\000\040\000I\000n\000t\000r\000o\000d\000u\000c\000t\000i\000o\000n}{section*.2}% 3
\BOOKMARK [1][-]{section*.4}{\376\377\000M\000a\000x\000C\000u\000t\000\040\000M\000o\000d\000e\000l}{section*.2}% 4
\BOOKMARK [2][-]{section*.5}{\376\377\000R\000i\000n\000g\000\040\000o\000f\000\040\000d\000i\000s\000a\000g\000r\000e\000e\000s}{section*.4}% 5
\BOOKMARK [2][-]{section*.6}{\376\377\000O\000p\000e\000n\000\040\000c\000h\000a\000i\000n}{section*.4}% 6
\BOOKMARK [2][-]{section*.7}{\376\377\000R\000a\000n\000d\000o\000m\000\040\000c\000o\000u\000p\000l\000i\000n\000g\000s}{section*.4}% 7
\BOOKMARK [1][-]{section*.8}{\376\377\000Q\000A\000O\000A\000\040\000a\000n\000d\000\040\000i\000t\000s\000\040\000v\000a\000r\000i\000a\000n\000t\000s}{section*.2}% 8
\BOOKMARK [2][-]{section*.9}{\376\377\000Q\000A\000O\000A\000-\000C\000D}{section*.8}% 9
\BOOKMARK [2][-]{section*.10}{\376\377\000Q\000A\000O\000A\000-\0002\000C\000D}{section*.8}% 10
\BOOKMARK [1][-]{section*.11}{\376\377\000R\000e\000s\000u\000l\000t\000s}{section*.2}% 11
\BOOKMARK [2][-]{section*.12}{\376\377\000R\000i\000n\000g\000\040\000o\000f\000\040\000d\000i\000s\000a\000g\000r\000e\000e\000s}{section*.11}% 12
\BOOKMARK [3][-]{section*.13}{\376\377\000J\000o\000r\000d\000a\000n\000-\000W\000i\000g\000n\000e\000r\000\040\000t\000r\000a\000n\000s\000f\000o\000r\000m\000a\000t\000i\000o\000n\000s}{section*.12}% 13
\BOOKMARK [2][-]{section*.14}{\376\377\000O\000p\000e\000n\000\040\000c\000h\000a\000i\000n}{section*.11}% 14
\BOOKMARK [2][-]{section*.15}{\376\377\000R\000a\000n\000d\000o\000m\000\040\000c\000o\000u\000p\000l\000i\000n\000g\000s}{section*.11}% 15
\BOOKMARK [1][-]{section*.16}{\376\377\000C\000o\000n\000c\000l\000u\000s\000i\000o\000n\000s}{section*.2}% 16
\BOOKMARK [1][-]{section*.17}{\376\377\000A\000c\000k\000n\000o\000w\000l\000e\000d\000g\000m\000e\000n\000t\000s}{section*.2}% 17
\BOOKMARK [1][-]{section*.18}{\376\377\000O\000p\000e\000n\000\040\000c\000h\000a\000i\000n\000\040\000w\000i\000t\000h\000\040\000r\000a\000n\000d\000o\000m\000\040\000c\000o\000u\000p\000l\000i\000n\000g\000s}{section*.2}% 18
\BOOKMARK [1][-]{section*.19}{\376\377\000Q\000A\000O\000A\000\040\000f\000o\000r\000\040\000M\000a\000x\000C\000u\000t\000\040\000a\000n\000d\000\040\000t\000h\000e\000\040\000r\000i\000n\000g\000\040\000o\000f\000\040\000d\000i\000s\000a\000g\000r\000e\000e}{section*.2}% 19
\BOOKMARK [1][-]{section*.20}{\376\377\000E\000r\000r\000o\000r}{section*.2}% 20
\BOOKMARK [1][-]{section*.21}{\376\377\000R\000e\000f\000e\000r\000e\000n\000c\000e\000s}{section*.2}% 21
