\BOOKMARK [1][-]{section.1}{\376\377\0001\000.\000\040\000I\000n\000t\000r\000o\000d\000u\000c\000t\000i\000o\000n}{}% 1
\BOOKMARK [1][-]{section.2}{\376\377\0002\000.\000\040\000E\000i\000g\000e\000n\000v\000a\000l\000u\000e\000s\000\040\000o\000f\000\040\000t\000r\000i\000d\000i\000a\000g\000o\000n\000a\000l\000\040\0002\000-\000T\000o\000e\000p\000l\000i\000t\000z\000\040\000m\000a\000t\000r\000i\000c\000e\000s\000\040\000w\000i\000t\000h\000\040\000p\000e\000r\000t\000u\000r\000b\000a\000t\000i\000o\000n\000s\000\040\000o\000n\000\040\000t\000h\000e\000\040\000d\000i\000a\000g\000o\000n\000a\000l\000\040\000c\000o\000r\000n\000e\000r\000s}{}% 2
\BOOKMARK [2][-]{subsection.2.1}{\376\377\0002\000.\0001\000.\000\040\000T\000r\000i\000d\000i\000a\000g\000o\000n\000a\000l\000\040\0002\000-\000T\000o\000e\000p\000l\000i\000t\000z\000\040\000m\000a\000t\000r\000i\000c\000e\000s\000\040\000w\000i\000t\000h\000\040\000p\000e\000r\000t\000u\000r\000b\000a\000t\000i\000o\000n\000s\000\040\000o\000n\000\040\000t\000h\000e\000\040\000d\000i\000a\000g\000o\000n\000a\000l\000\040\000c\000o\000r\000n\000e\000r\000s}{section.2}% 3
\BOOKMARK [2][-]{subsection.2.2}{\376\377\0002\000.\0002\000.\000\040\000C\000h\000e\000b\000y\000s\000h\000e\000v\000\040\000p\000o\000l\000y\000n\000o\000m\000i\000a\000l\000s}{section.2}% 4
\BOOKMARK [2][-]{subsection.2.3}{\376\377\0002\000.\0003\000.\000\040\000E\000i\000g\000e\000n\000v\000a\000l\000u\000e\000s\000\040\000o\000f\000\040\000A\0002\000m\000+\0001\000\050\000a\000,\000b\000\051\000\040\000a\000n\000d\000\040\000A\0002\000m\000\050\000a\000,\000b\000\051}{section.2}% 5
\BOOKMARK [1][-]{section.3}{\376\377\0003\000.\000\040\000E\000i\000g\000e\000n\000v\000e\000c\000t\000o\000r\000s\000\040\000o\000f\000\040\000t\000r\000i\000d\000i\000a\000g\000o\000n\000a\000l\000\040\0002\000-\000T\000o\000e\000p\000l\000i\000t\000z\000\040\000m\000a\000t\000r\000i\000c\000e\000s\000\040\000w\000i\000t\000h\000\040\000p\000e\000r\000t\000u\000r\000b\000a\000t\000i\000o\000n\000s\000\040\000o\000n\000\040\000t\000h\000e\000\040\000d\000i\000a\000g\000o\000n\000a\000l\000\040\000c\000o\000r\000n\000e\000r\000s}{}% 6
\BOOKMARK [2][-]{subsection.3.1}{\376\377\0003\000.\0001\000.\000\040\000P\000r\000e\000l\000i\000m\000i\000n\000a\000r\000i\000e\000s}{section.3}% 7
\BOOKMARK [2][-]{subsection.3.2}{\376\377\0003\000.\0002\000.\000\040\000N\000o\000r\000m\000a\000l\000i\000s\000a\000t\000i\000o\000n}{section.3}% 8
\BOOKMARK [2][-]{subsection.3.3}{\376\377\0003\000.\0003\000.\000\040\000E\000i\000g\000e\000n\000v\000e\000c\000t\000o\000r\000s\000\040\000o\000f\000\040\000A\0002\000m\000+\0001\000\050\000a\000,\000b\000\051\000\040\000a\000n\000d\000\040\000A\0002\000m\000\050\000a\000,\000b\000\051}{section.3}% 9
\BOOKMARK [2][-]{subsection.3.4}{\376\377\0003\000.\0004\000.\000\040\000O\000t\000h\000e\000r\000\040\000r\000e\000p\000r\000e\000s\000e\000n\000t\000a\000t\000i\000o\000n\000s}{section.3}% 10
\BOOKMARK [1][-]{section.4}{\376\377\0004\000.\000\040\000E\000x\000p\000o\000n\000e\000n\000t\000i\000a\000l\000\040\000d\000e\000c\000a\000y\000\040\000a\000n\000d\000\040\000l\000o\000c\000a\000l\000i\000s\000a\000t\000i\000o\000n\000\040\000o\000f\000\040\000e\000i\000g\000e\000n\000v\000e\000c\000t\000o\000r\000s}{}% 11
\BOOKMARK [2][-]{subsection.4.1}{\376\377\0004\000.\0001\000.\000\040\000E\000x\000p\000o\000n\000e\000n\000t\000i\000a\000l\000\040\000d\000e\000c\000a\000y\000\040\000o\000f\000\040\000t\000h\000e\000\040\000e\000i\000g\000e\000n\000v\000e\000c\000t\000o\000r\000s}{section.4}% 12
\BOOKMARK [2][-]{subsection.4.2}{\376\377\0004\000.\0002\000.\000\040\000L\000o\000c\000a\000l\000i\000s\000e\000d\000\040\000e\000i\000g\000e\000n\000v\000e\000c\000t\000o\000r\000s}{section.4}% 13
\BOOKMARK [1][-]{section.5}{\376\377\0005\000.\000\040\000N\000o\000n\000-\000H\000e\000r\000m\000i\000t\000i\000a\000n\000\040\000s\000k\000i\000n\000\040\000e\000f\000f\000e\000c\000t\000\040\000a\000n\000d\000\040\000l\000o\000c\000a\000l\000i\000s\000e\000d\000\040\000i\000n\000t\000e\000r\000f\000a\000c\000e\000\040\000m\000o\000d\000e\000s}{}% 14
\BOOKMARK [2][-]{subsection.5.1}{\376\377\0005\000.\0001\000.\000\040\000P\000r\000o\000b\000l\000e\000m\000\040\000f\000o\000r\000m\000u\000l\000a\000t\000i\000o\000n}{section.5}% 15
\BOOKMARK [2][-]{subsection.5.2}{\376\377\0005\000.\0002\000.\000\040\000N\000o\000n\000-\000H\000e\000r\000m\000i\000t\000i\000a\000n\000\040\000s\000k\000i\000n\000\040\000e\000f\000f\000e\000c\000t\000\040\000i\000n\000\040\000d\000i\000m\000e\000r\000\040\000s\000y\000s\000t\000e\000m\000s\000\040\000a\000n\000d\000\040\000c\000o\000n\000d\000e\000n\000s\000a\000t\000i\000o\000n\000\040\000o\000f\000\040\000t\000h\000e\000\040\000s\000y\000s\000t\000e\000m\000'\000s\000\040\000e\000i\000g\000e\000n\000m\000o\000d\000e\000s}{section.5}% 16
\BOOKMARK [2][-]{subsection.5.3}{\376\377\0005\000.\0003\000.\000\040\000T\000o\000p\000o\000l\000o\000g\000i\000c\000a\000l\000\040\000o\000r\000i\000g\000i\000n\000\040\000o\000f\000\040\000t\000h\000e\000\040\000n\000o\000n\000-\000H\000e\000r\000m\000i\000t\000i\000a\000n\000\040\000s\000k\000i\000n\000\040\000e\000f\000f\000e\000c\000t\000\040\000i\000n\000\040\000d\000i\000m\000e\000r\000\040\000s\000y\000s\000t\000e\000m\000s}{section.5}% 17
\BOOKMARK [2][-]{subsection.5.4}{\376\377\0005\000.\0004\000.\000\040\000N\000o\000n\000-\000H\000e\000r\000m\000i\000t\000i\000a\000n\000\040\000i\000n\000t\000e\000r\000f\000a\000c\000e\000\040\000m\000o\000d\000e\000s\000\040\000i\000n\000\040\000s\000y\000s\000t\000e\000m\000s\000\040\000w\000i\000t\000h\000\040\000o\000p\000p\000o\000s\000i\000n\000g\000\040\000s\000i\000g\000n\000s\000\040\000o\000f\000\040\000.}{section.5}% 18
\BOOKMARK [1][-]{section.6}{\376\377\0006\000.\000\040\000C\000o\000n\000c\000l\000u\000d\000i\000n\000g\000\040\000r\000e\000m\000a\000r\000k\000s}{}% 19
\BOOKMARK [1][-]{section*.6}{\376\377\000A\000c\000k\000n\000o\000w\000l\000e\000d\000g\000m\000e\000n\000t\000s}{}% 20
\BOOKMARK [1][-]{section*.7}{\376\377\000C\000o\000d\000e\000\040\000a\000v\000a\000i\000l\000a\000b\000i\000l\000i\000t\000y}{}% 21
\BOOKMARK [1][-]{section*.8}{\376\377\000R\000e\000f\000e\000r\000e\000n\000c\000e\000s}{}% 22
