\BOOKMARK [1][-]{section.1}{\376\377\000I\000n\000t\000r\000o\000d\000u\000c\000t\000i\000o\000n}{}% 1
\BOOKMARK [1][-]{section.2}{\376\377\000C\000o\000m\000p\000u\000t\000a\000t\000i\000o\000n\000a\000l\000\040\000T\000o\000o\000l\000s}{}% 2
\BOOKMARK [1][-]{section.3}{\376\377\000E\000f\000f\000e\000c\000t\000\040\000o\000f\000\040\000D\000i\000f\000f\000e\000r\000e\000n\000t\000\040\000T\000y\000p\000e\000s\000\040\000o\000f\000\040\000L\000o\000s\000s\000e\000s}{}% 3
\BOOKMARK [1][-]{section.4}{\376\377\000E\000x\000p\000e\000r\000i\000m\000e\000n\000t\000a\000l\000\040\000V\000e\000r\000i\000f\000i\000c\000a\000t\000i\000o\000n}{}% 4
\BOOKMARK [1][-]{section.5}{\376\377\000D\000i\000s\000c\000u\000s\000s\000i\000o\000n}{}% 5
\BOOKMARK [1][-]{section.6}{\376\377\000C\000o\000n\000c\000l\000u\000s\000i\000o\000n}{}% 6
\BOOKMARK [1][-]{section*.1}{\376\377\000A\000p\000p\000e\000n\000d\000i\000x\000\040\000A\000:\000\040\000M\000e\000t\000h\000o\000d\000\040\000o\000f\000\040\000M\000o\000m\000e\000n\000t\000s\000\040\000a\000n\000d\000\040\000T\000-\000m\000a\000t\000r\000i\000x\000\040\000H\000y\000b\000r\000i\000d}{}% 7
\BOOKMARK [2][-]{subsection.Appendix.A.1}{\376\377\000M\000e\000t\000h\000o\000d\000\040\000o\000f\000\040\000M\000o\000m\000e\000n\000t\000s}{section*.1}% 8
\BOOKMARK [2][-]{subsection.Appendix.A.2}{\376\377\000V\000e\000c\000t\000o\000r\000\040\000S\000p\000h\000e\000r\000i\000c\000a\000l\000\040\000W\000a\000v\000e\000\040\000E\000x\000p\000a\000n\000s\000i\000o\000n}{section*.1}% 9
\BOOKMARK [2][-]{subsection.Appendix.A.3}{\376\377\000H\000y\000b\000r\000i\000d\000i\000z\000a\000t\000i\000o\000n}{section*.1}% 10
\BOOKMARK [1][-]{section*.2}{\376\377\000A\000p\000p\000e\000n\000d\000i\000x\000\040\000B\000:\000\040\000C\000o\000m\000p\000u\000t\000a\000t\000i\000o\000n\000\040\000R\000e\000q\000u\000i\000r\000e\000m\000e\000n\000t\000s}{}% 11
\BOOKMARK [1][-]{section*.3}{\376\377\000A\000p\000p\000e\000n\000d\000i\000x\000\040\000C\000:\000\040\000O\000p\000t\000i\000m\000i\000z\000a\000t\000i\000o\000n}{}% 12
\BOOKMARK [1][-]{section*.4}{\376\377\000A\000p\000p\000e\000n\000d\000i\000x\000\040\000D\000:\000\040\000M\000e\000a\000s\000u\000r\000e\000m\000e\000n\000t}{}% 13
\BOOKMARK [1][-]{section*.5}{\376\377\000R\000e\000f\000e\000r\000e\000n\000c\000e\000s}{}% 14
\BOOKMARK [1][-]{IEEEbiography.0}{\376\377\000B\000i\000o\000g\000r\000a\000p\000h\000i\000e\000s}{}% 15
\BOOKMARK [2][-]{IEEEbiography.1}{\376\377\000J\000a\000k\000u\000b\000\040\000L\000i\000s\000k\000a}{IEEEbiography.0}% 16
\BOOKMARK [2][-]{IEEEbiography.2}{\376\377\000M\000i\000n\000g\000x\000i\000a\000n\000g\000\040\000G\000a\000o}{IEEEbiography.0}% 17
\BOOKMARK [2][-]{IEEEbiography.3}{\376\377\000L\000u\000k\000a\000s\000\040\000J\000e\000l\000i\000n\000e\000k}{IEEEbiography.0}% 18
\BOOKMARK [2][-]{IEEEbiography.4}{\376\377\000E\000r\000i\000k\000\040\000R\000.\000\040\000A\000l\000g\000a\000r\000p}{IEEEbiography.0}% 19
\BOOKMARK [2][-]{IEEEbiography.5}{\376\377\000A\000n\000j\000a\000\040\000K\000.\000\040\000S\000k\000r\000i\000v\000e\000r\000v\000i\000k}{IEEEbiography.0}% 20
\BOOKMARK [2][-]{IEEEbiography.6}{\376\377\000M\000i\000l\000o\000s\000l\000a\000v\000\040\000C\000a\000p\000e\000k}{IEEEbiography.0}% 21
