\BOOKMARK [1][-]{section.1}{Introduction}{}% 1
\BOOKMARK [2][-]{subsection.1.1}{Related work}{section.1}% 2
\BOOKMARK [2][-]{subsection.1.2}{Notations}{section.1}% 3
\BOOKMARK [1][-]{section.2}{Measurement error adjustment to bandit with noisy context}{}% 4
\BOOKMARK [2][-]{subsection.2.1}{Problem setting}{section.2}% 5
\BOOKMARK [2][-]{subsection.2.2}{Estimation using weighted measurement error adjustment}{section.2}% 6
\BOOKMARK [2][-]{subsection.2.3}{MEB: Online bandit algorithm with measurement error adjustment}{section.2}% 7
\BOOKMARK [2][-]{subsection.2.4}{MEB given estimated error variance}{section.2}% 8
\BOOKMARK [1][-]{section.3}{Simulation results}{}% 9
\BOOKMARK [2][-]{subsection.3.1}{Synthetic environment}{section.3}% 10
\BOOKMARK [2][-]{subsection.3.2}{HeartStep V1 simulation environment}{section.3}% 11
\BOOKMARK [2][-]{subsection.3.3}{Results}{section.3}% 12
\BOOKMARK [1][-]{section.4}{Discussion and conclusions}{}% 13
\BOOKMARK [1][-]{appendix.A}{Additional details for simulation studies}{}% 14
\BOOKMARK [2][-]{subsection.A.1}{Compared algorithms}{appendix.A}% 15
\BOOKMARK [2][-]{subsection.A.2}{Additional details for HeartStep V1 study}{appendix.A}% 16
\BOOKMARK [2][-]{subsection.A.3}{Additional results on estimation error}{appendix.A}% 17
\BOOKMARK [2][-]{subsection.A.4}{Average regret with standard deviation}{appendix.A}% 18
\BOOKMARK [1][-]{appendix.B}{Additional explanations on the regularized least-squares \(RLS\) estimator the naive estimator \(2.4\) under noisy context}{}% 19
\BOOKMARK [2][-]{subsection.B.1}{Inconsistency of the RLS estimator}{appendix.B}% 20
\BOOKMARK [2][-]{subsection.B.2}{Inconsistency of the naive measurement error adjusted estimator \(2.4\)}{appendix.B}% 21
\BOOKMARK [1][-]{appendix.C}{Generalization to K2 actions}{}% 22
\BOOKMARK [1][-]{appendix.D}{Analysis of the proposed estimator \(2.5\)}{}% 23
\BOOKMARK [2][-]{subsection.D.1}{Proof of Theorem 2.1}{appendix.D}% 24
\BOOKMARK [2][-]{subsection.D.2}{Additional comments on Assumption 2.2}{appendix.D}% 25
\BOOKMARK [2][-]{subsection.D.3}{Generalization to off-policy method-of-moment estimation}{appendix.D}% 26
\BOOKMARK [1][-]{appendix.E}{Analysis of MEB}{}% 27
\BOOKMARK [2][-]{subsection.E.1}{Additional comments on Example 2.1}{appendix.E}% 28
\BOOKMARK [2][-]{subsection.E.2}{Proof of Theorem 2.2}{appendix.E}% 29
\BOOKMARK [2][-]{subsection.E.3}{Proof of Corollary 2.1}{appendix.E}% 30
\BOOKMARK [2][-]{subsection.E.4}{MEB with infrequent model update}{appendix.E}% 31
\BOOKMARK [1][-]{appendix.F}{Analysis with estimated error variance}{}% 32
\BOOKMARK [1][-]{appendix.G}{Additional proofs}{}% 33
\BOOKMARK [2][-]{subsection.G.1}{Proof of Theorem C.2}{appendix.G}% 34
\BOOKMARK [2][-]{subsection.G.2}{Proof of Lemma D.1}{appendix.G}% 35
\BOOKMARK [2][-]{subsection.G.3}{Proof of Lemma E.1}{appendix.G}% 36
\BOOKMARK [2][-]{subsection.G.4}{Proof of Lemma E.2}{appendix.G}% 37
\BOOKMARK [2][-]{subsection.G.5}{Proof of Lemma E.3}{appendix.G}% 38
\BOOKMARK [2][-]{subsection.G.6}{Proof of Theorem F.1}{appendix.G}% 39
\BOOKMARK [2][-]{subsection.G.7}{Proof of Corollary F.1}{appendix.G}% 40
