\BOOKMARK [1][-]{section.1}{\376\377\000I\000n\000t\000r\000o\000d\000u\000c\000t\000i\000o\000n}{}% 1
\BOOKMARK [2][-]{subsection.1.1}{\376\377\000P\000a\000p\000e\000r\000\040\000O\000u\000t\000l\000i\000n\000e}{section.1}% 2
\BOOKMARK [1][-]{section.2}{\376\377\000E\000s\000t\000i\000m\000a\000t\000i\000o\000n\000\040\000o\000f\000\040\000b\000e\000t\000a\000\040\000b\000y\000\040\000G\000L\000S\000\040\000w\000h\000e\000n\000\040\000t\000h\000e\000\040\000c\000o\000v\000a\000r\000i\000a\000n\000c\000e\000\040\000p\000a\000r\000a\000m\000e\000t\000e\000r\000s\000\040\000a\000r\000e\000\040\000k\000n\000o\000w\000n}{}% 3
\BOOKMARK [2][-]{subsection.2.1}{\376\377\000V\000a\000n\000i\000l\000l\000a\000\040\000B\000a\000c\000k\000f\000i\000t\000t\000i\000n\000g}{section.2}% 4
\BOOKMARK [2][-]{subsection.2.2}{\376\377\000B\000a\000c\000k\000f\000i\000t\000t\000i\000n\000g\000\040\000w\000i\000t\000h\000\040\000c\000l\000u\000b\000b\000i\000n\000g}{section.2}% 5
\BOOKMARK [2][-]{subsection.2.3}{\376\377\000A\000n\000\040\000e\000f\000f\000i\000c\000i\000e\000n\000t\000\040\000w\000a\000y\000\040\000t\000o\000\040\000i\000m\000p\000l\000e\000m\000e\000n\000t\000\040\000c\000l\000u\000b\000b\000i\000n\000g}{section.2}% 6
\BOOKMARK [1][-]{section.3}{\376\377\000E\000s\000t\000i\000m\000a\000t\000i\000o\000n\000\040\000o\000f\000\040\000c\000o\000v\000a\000r\000i\000a\000n\000c\000e\000\040\000p\000a\000r\000a\000m\000e\000t\000e\000r\000s\000\040\000u\000s\000i\000n\000g\000\040\000t\000h\000e\000\040\000m\000e\000t\000h\000o\000d\000\040\000o\000f\000\040\000m\000o\000m\000e\000n\000t\000s}{}% 7
\BOOKMARK [2][-]{subsection.3.1}{\376\377\000S\000i\000g\000m\000a\000a\000\040\000a\000n\000d\000\040\000S\000i\000g\000m\000a\000b\000\040\000a\000r\000e\000\040\000d\000i\000a\000g\000o\000n\000a\000l\000\040\000m\000a\000t\000r\000i\000c\000e\000s\000.}{section.3}% 8
\BOOKMARK [2][-]{subsection.3.2}{\376\377\000\040\000S\000i\000g\000m\000a\000a\000\040\000a\000n\000d\000\040\000S\000i\000g\000m\000a\000b\000\040\000a\000r\000e\000\040\000u\000n\000s\000t\000r\000u\000c\000t\000u\000r\000e\000d}{section.3}% 9
\BOOKMARK [1][-]{section.4}{\376\377\000L\000i\000k\000e\000l\000i\000h\000o\000o\000d\000\040\000a\000p\000p\000r\000o\000a\000c\000h\000e\000s\000\040\000f\000o\000r\000\040\000e\000s\000t\000i\000m\000a\000t\000i\000n\000g\000\040\000a\000l\000l\000\040\000t\000h\000e\000\040\000p\000a\000r\000a\000m\000e\000t\000e\000r\000s}{}% 10
\BOOKMARK [2][-]{subsection.4.1}{\376\377\000M\000a\000x\000i\000m\000u\000m\000\040\000l\000i\000k\000e\000l\000i\000h\000o\000o\000d\000\040\000e\000s\000t\000i\000m\000a\000t\000i\000o\000n}{section.4}% 11
\BOOKMARK [2][-]{subsection.4.2}{\376\377\000E\000x\000p\000e\000c\000t\000a\000t\000i\000o\000n\000\040\000M\000a\000x\000i\000m\000i\000z\000a\000t\000i\000o\000n\000\040\000A\000l\000g\000o\000r\000i\000t\000h\000m}{section.4}% 12
\BOOKMARK [2][-]{subsection.4.3}{\376\377\000V\000a\000r\000i\000a\000t\000i\000o\000n\000a\000l\000\040\000E\000M\000\040\000A\000l\000g\000o\000r\000i\000t\000h\000m}{section.4}% 13
\BOOKMARK [3][-]{subsubsection.4.3.1}{\376\377\000R\000e\000v\000i\000e\000w\000\040\000o\000f\000\040\000v\000a\000r\000i\000a\000t\000i\000o\000n\000a\000l\000\040\000E\000M}{subsection.4.3}% 14
\BOOKMARK [3][-]{subsubsection.4.3.2}{\376\377\000V\000a\000r\000i\000a\000t\000i\000o\000n\000a\000l\000\040\000E\000M\000\040\000f\000o\000r\000\040\000t\000h\000e\000\040\000c\000r\000o\000s\000s\000e\000d\000\040\000r\000a\000n\000d\000o\000m\000\040\000e\000f\000f\000e\000c\000t\000s\000\040\000m\000o\000d\000e\000l\000\040\000w\000i\000t\000h\000\040\000r\000a\000n\000d\000o\000m\000\040\000s\000l\000o\000p\000e\000s}{subsection.4.3}% 15
\BOOKMARK [2][-]{subsection.4.4}{\376\377\000C\000o\000n\000n\000e\000c\000t\000i\000o\000n\000\040\000o\000f\000\040\000v\000a\000r\000i\000a\000t\000i\000o\000n\000a\000l\000\040\000E\000M\000\040\000w\000i\000t\000h\000\040\000b\000a\000c\000k\000f\000i\000t\000t\000i\000n\000g}{section.4}% 16
\BOOKMARK [2][-]{subsection.4.5}{\376\377\000E\000s\000t\000i\000m\000a\000t\000i\000o\000n\000\040\000o\000f\000\040\000c\000o\000v\000a\000r\000i\000a\000n\000c\000e\000\040\000o\000f\000\040\000b\000e\000t\000a}{section.4}% 17
\BOOKMARK [1][-]{section.5}{\376\377\000R\000e\000s\000u\000l\000t\000s}{}% 18
\BOOKMARK [2][-]{subsection.5.1}{\376\377\000S\000i\000m\000u\000l\000a\000t\000i\000o\000n\000s}{section.5}% 19
\BOOKMARK [3][-]{subsubsection.5.1.1}{\376\377\000E\000r\000r\000o\000r\000\040\000i\000n\000\040\000e\000s\000t\000i\000m\000a\000t\000i\000n\000g\000\040\000c\000o\000v\000a\000r\000i\000a\000n\000c\000e\000\040\000m\000a\000t\000r\000i\000c\000e\000s}{subsection.5.1}% 20
\BOOKMARK [3][-]{subsubsection.5.1.2}{\376\377\000D\000i\000a\000g\000o\000n\000a\000l\000\040\000c\000a\000s\000e}{subsection.5.1}% 21
\BOOKMARK [3][-]{subsubsection.5.1.3}{\376\377\000N\000o\000n\000\040\000d\000i\000a\000g\000o\000n\000a\000l\000\040\000c\000a\000s\000e}{subsection.5.1}% 22
\BOOKMARK [2][-]{subsection.5.2}{\376\377\000A\000p\000p\000l\000i\000c\000a\000t\000i\000o\000n\000\040\000o\000f\000\040\000c\000r\000o\000s\000s\000e\000d\000\040\000r\000a\000n\000d\000o\000m\000\040\000e\000f\000f\000e\000c\000t\000s\000\040\000m\000o\000d\000e\000l\000\040\000o\000n\000\040\000`\000S\000t\000i\000t\000c\000h\000\040\000F\000i\000x\000"\000\040\000d\000a\000t\000a}{section.5}% 23
\BOOKMARK [3][-]{subsubsection.5.2.1}{\376\377\000M\000o\000d\000e\000l\000\040\0001\000:\000\040\000r\000a\000n\000d\000o\000m\000\040\000s\000l\000o\000p\000e\000\040\000f\000o\000r\000\040\000t\000h\000e\000\040\000v\000a\000r\000i\000a\000b\000l\000e\000\040\000`\000`\000m\000a\000t\000c\000h\000"}{subsection.5.2}% 24
\BOOKMARK [3][-]{subsubsection.5.2.2}{\376\377\000M\000o\000d\000e\000l\000\040\0002\000:\000\040\000r\000a\000n\000d\000o\000m\000\040\000s\000l\000o\000p\000e\000\040\000f\000o\000r\000\040\000v\000a\000r\000i\000a\000b\000l\000e\000s\000\040\000`\000`\000m\000a\000t\000c\000h\000"\000,\000\040\000`\000`\000I\000\050\000i\000t\000e\000m\000\040\000e\000d\000g\000y\000\051\000"\000,\000\040\000a\000n\000d\000\040\000`\000`\000I\000\050\000i\000t\000e\000m\000\040\000b\000o\000h\000o\000\051\000"\000\040\000f\000o\000r\000\040\000c\000l\000i\000e\000n\000t\000s\000\040\000a\000n\000d\000\040\000r\000a\000n\000d\000o\000m\000\040\000s\000l\000o\000p\000e\000\040\000f\000o\000r\000\040\000v\000a\000r\000i\000a\000b\000l\000e\000s\000\040\000`\000`\000m\000a\000t\000c\000h\000"\000,\000\040\000`\000`\000I\000\050\000c\000l\000i\000e\000n\000t\000\040\000e\000d\000g\000y\000\051\000"\000,\000\040\000a\000n\000d\000\040\000`\000`\000I\000\050\000c\000l\000i\000e\000n\000t\000\040\000b\000o\000h\000o\000\051\000"\000\040\000f\000o\000r\000\040\000i\000t\000e\000m\000s}{subsection.5.2}% 25
\BOOKMARK [2][-]{subsection.5.3}{\376\377\000N\000a\000i\000v\000e\000t\000y\000\040\000a\000n\000d\000\040\000i\000n\000e\000f\000f\000i\000c\000i\000e\000n\000c\000i\000e\000s\000\040\000w\000i\000t\000h\000\040\000r\000e\000s\000p\000e\000c\000t\000\040\000t\000o\000\040\000O\000L\000S}{section.5}% 26
\BOOKMARK [2][-]{subsection.5.4}{\376\377\000F\000i\000x\000e\000d\000\040\000e\000f\000f\000e\000c\000t\000s\000\040\000f\000o\000r\000\040\000S\000t\000i\000t\000c\000h\000\040\000F\000i\000x\000\040\000d\000a\000t\000a}{section.5}% 27
\BOOKMARK [3][-]{subsubsection.5.4.1}{\376\377\000S\000u\000m\000m\000a\000r\000y}{subsection.5.4}% 28
\BOOKMARK [2][-]{subsection.5.5}{\376\377\000P\000r\000e\000d\000i\000c\000t\000i\000o\000n\000\040\000e\000r\000r\000o\000r}{section.5}% 29
\BOOKMARK [2][-]{subsection.5.6}{\376\377\000A\000p\000p\000l\000i\000c\000a\000t\000i\000o\000n\000\040\000o\000f\000\040\000c\000r\000o\000s\000s\000e\000d\000\040\000r\000a\000n\000d\000o\000m\000\040\000e\000f\000f\000e\000c\000t\000s\000\040\000m\000o\000d\000e\000l\000\040\000o\000n\000\040\000M\000o\000v\000i\000e\000\040\000l\000e\000n\000s\000\040\000d\000a\000t\000a}{section.5}% 30
\BOOKMARK [1][-]{section.6}{\376\377\000C\000o\000n\000c\000l\000u\000s\000i\000o\000n}{}% 31
\BOOKMARK [1][-]{appendix.A}{\376\377\000S\000o\000m\000e\000\040\000p\000r\000o\000o\000f\000s}{}% 32
\BOOKMARK [2][-]{subsection.A.1}{\376\377\000P\000r\000o\000o\000f\000\040\000o\000f\000\040\000T\000h\000e\000o\000r\000e\000m\000\040\0001}{appendix.A}% 33
\BOOKMARK [2][-]{subsection.A.2}{\376\377\000C\000o\000n\000s\000i\000s\000t\000e\000n\000c\000y\000\040\000o\000f\000\040\000b\000e\000t\000a\000\040\000o\000l\000s}{appendix.A}% 34
\BOOKMARK [2][-]{subsection.A.3}{\376\377\000M\000e\000t\000h\000o\000d\000\040\000o\000f\000\040\000M\000o\000m\000e\000n\000t\000s}{appendix.A}% 35
\BOOKMARK [2][-]{subsection.A.4}{\376\377\000P\000r\000o\000o\000f\000\040\000o\000f\000\040\000\050\0002\0006\000\051}{appendix.A}% 36
\BOOKMARK [2][-]{subsection.A.5}{\376\377\000S\000i\000m\000p\000l\000i\000c\000a\000t\000i\000o\000n\000\040\000o\000f\000\040\000c\000o\000v\000a\000r\000i\000a\000n\000c\000e\000\040\000o\000f\000\040\000b\000e\000t\000a\000\040}{appendix.A}% 37
\BOOKMARK [2][-]{subsection.A.6}{\376\377\000P\000r\000o\000o\000f\000\040\000o\000f\000\040\000L\000e\000m\000m\000a\000\040\0001}{appendix.A}% 38
\BOOKMARK [1][-]{appendix.B}{\376\377\000R\000e\000s\000u\000l\000t\000s\000\040\000u\000n\000d\000e\000r\000\040\000g\000e\000n\000e\000r\000a\000l\000\040\000s\000e\000t\000u\000p}{}% 39
