\BOOKMARK [1][-]{section.1}{\376\377\000I\000n\000t\000r\000o\000d\000u\000c\000t\000i\000o\000n}{}% 1
\BOOKMARK [1][-]{section.2}{\376\377\000B\000a\000c\000k\000g\000r\000o\000u\000n\000d\000\040\000a\000n\000d\000\040\000N\000o\000t\000a\000t\000i\000o\000n}{}% 2
\BOOKMARK [1][-]{section.3}{\376\377\000A\000l\000g\000o\000r\000i\000t\000h\000m}{}% 3
\BOOKMARK [2][-]{subsection.3.1}{\376\377\000A\000u\000g\000m\000e\000n\000t\000e\000d\000\040\000T\000r\000a\000n\000s\000i\000t\000i\000o\000n}{section.3}% 4
\BOOKMARK [2][-]{subsection.3.2}{\376\377\000A\000u\000g\000m\000e\000n\000t\000e\000d\000\040\000S\000t\000a\000t\000e\000\040\000R\000e\000p\000r\000e\000s\000e\000n\000t\000a\000t\000i\000o\000n}{section.3}% 5
\BOOKMARK [2][-]{subsection.3.3}{\376\377\000A\000u\000g\000m\000e\000n\000t\000e\000d\000\040\000R\000e\000w\000a\000r\000d}{section.3}% 6
\BOOKMARK [2][-]{subsection.3.4}{\376\377\000T\000h\000e\000\040\000W\000o\000r\000l\000d\000\040\000M\000o\000d\000e\000l}{section.3}% 7
\BOOKMARK [1][-]{section.4}{\376\377\000R\000e\000l\000a\000t\000e\000d\000\040\000W\000o\000r\000k}{}% 8
\BOOKMARK [1][-]{section.5}{\376\377\000E\000x\000p\000e\000r\000i\000m\000e\000n\000t\000s}{}% 9
\BOOKMARK [2][-]{subsection.5.1}{\376\377\000S\000o\000k\000o\000b\000a\000n}{section.5}% 10
\BOOKMARK [2][-]{subsection.5.2}{\376\377\000A\000t\000a\000r\000i\000\040\0002\0006\0000\0000}{section.5}% 11
\BOOKMARK [1][-]{section.6}{\376\377\000F\000u\000t\000u\000r\000e\000\040\000W\000o\000r\000k\000\040\000a\000n\000d\000\040\000C\000o\000n\000c\000l\000u\000s\000i\000o\000n}{}% 12
\BOOKMARK [1][-]{appendix.A}{\376\377\000A\000l\000g\000o\000r\000i\000t\000h\000m}{}% 13
\BOOKMARK [1][-]{appendix.B}{\376\377\000M\000o\000d\000e\000l\000\040\000T\000r\000a\000i\000n\000i\000n\000g\000\040\000P\000r\000o\000c\000e\000d\000u\000r\000e}{}% 14
\BOOKMARK [2][-]{subsection.B.1}{\376\377\000C\000o\000l\000l\000e\000c\000t\000i\000o\000n\000\040\000o\000f\000\040\000T\000r\000a\000i\000n\000i\000n\000g\000\040\000S\000a\000m\000p\000l\000e\000s}{appendix.B}% 15
\BOOKMARK [2][-]{subsection.B.2}{\376\377\000M\000o\000d\000e\000l\000\040\000L\000o\000s\000s}{appendix.B}% 16
\BOOKMARK [1][-]{appendix.C}{\376\377\000A\000c\000t\000o\000r\000\040\000a\000n\000d\000\040\000C\000r\000i\000t\000i\000c\000\040\000T\000r\000a\000i\000n\000i\000n\000g\000\040\000P\000r\000o\000c\000e\000d\000u\000r\000e}{}% 17
\BOOKMARK [1][-]{appendix.D}{\376\377\000N\000e\000t\000w\000o\000r\000k\000\040\000A\000r\000c\000h\000i\000t\000e\000c\000t\000u\000r\000e}{}% 18
\BOOKMARK [2][-]{subsection.D.1}{\376\377\000M\000o\000d\000e\000l}{appendix.D}% 19
\BOOKMARK [2][-]{subsection.D.2}{\376\377\000A\000c\000t\000o\000r\000-\000c\000r\000i\000t\000i\000c}{appendix.D}% 20
\BOOKMARK [1][-]{appendix.E}{\376\377\000E\000x\000p\000e\000r\000i\000m\000e\000n\000t\000\040\000D\000e\000t\000a\000i\000l\000s}{}% 21
\BOOKMARK [2][-]{subsection.E.1}{\376\377\000H\000y\000p\000e\000r\000p\000a\000r\000a\000m\000e\000t\000e\000r\000s}{appendix.E}% 22
\BOOKMARK [2][-]{subsection.E.2}{\376\377\000D\000e\000t\000a\000i\000l\000e\000d\000\040\000R\000e\000s\000u\000l\000t\000s\000\040\000o\000n\000\040\000A\000t\000a\000r\000i\000\040\0002\0006\0000\0000}{appendix.E}% 23
\BOOKMARK [2][-]{subsection.E.3}{\376\377\000D\000i\000s\000c\000u\000s\000s\000i\000o\000n\000\040\000o\000n\000\040\000A\000t\000a\000r\000i\000'\000s\000\040\000R\000e\000s\000u\000l\000t\000s}{appendix.E}% 24
\BOOKMARK [1][-]{appendix.F}{\376\377\000A\000b\000l\000a\000t\000i\000o\000n\000\040\000A\000n\000a\000l\000y\000s\000i\000s}{}% 25
\BOOKMARK [1][-]{appendix.G}{\376\377\000A\000g\000e\000n\000t\000\040\000B\000e\000h\000a\000v\000i\000o\000r\000\040\000A\000n\000a\000l\000y\000s\000i\000s}{}% 26
\BOOKMARK [2][-]{subsection.G.1}{\376\377\000R\000e\000s\000e\000t\000\040\000A\000c\000t\000i\000o\000n}{appendix.G}% 27
\BOOKMARK [2][-]{subsection.G.2}{\376\377\000I\000m\000a\000g\000i\000n\000a\000r\000y\000\040\000A\000c\000t\000i\000o\000n}{appendix.G}% 28
\BOOKMARK [2][-]{subsection.G.3}{\376\377\000R\000e\000a\000l\000\040\000A\000c\000t\000i\000o\000n}{appendix.G}% 29
\BOOKMARK [2][-]{subsection.G.4}{\376\377\000C\000o\000m\000p\000a\000r\000i\000s\000o\000n\000\040\000w\000i\000t\000h\000\040\000M\000C\000T\000S}{appendix.G}% 30
\BOOKMARK [1][-]{appendix.H}{\376\377\000D\000i\000s\000c\000u\000s\000s\000i\000o\000n\000\040\000o\000n\000\040\000P\000l\000a\000n\000n\000i\000n\000g\000\040\000R\000e\000w\000a\000r\000d\000s}{}% 31
\BOOKMARK [1][-]{appendix.I}{\376\377\000R\000e\000l\000a\000t\000i\000o\000n\000s\000h\000i\000p\000\040\000w\000i\000t\000h\000\040\000P\000o\000l\000i\000c\000y\000\040\000I\000t\000e\000r\000a\000t\000i\000o\000n\000\040\000a\000n\000d\000\040\000M\000e\000t\000a\000-\000R\000e\000i\000n\000f\000o\000r\000c\000e\000m\000e\000n\000t\000\040\000L\000e\000a\000r\000n\000i\000n\000g}{}% 32
\BOOKMARK [2][-]{subsection.I.1}{\376\377\000P\000o\000l\000i\000c\000y\000\040\000I\000t\000e\000r\000a\000t\000i\000o\000n\000\040\000A\000l\000g\000o\000r\000i\000t\000h\000m}{appendix.I}% 33
\BOOKMARK [2][-]{subsection.I.2}{\376\377\000M\000e\000t\000a\000-\000R\000e\000i\000n\000f\000o\000r\000c\000e\000m\000e\000n\000t\000\040\000L\000e\000a\000r\000n\000i\000n\000g}{appendix.I}% 34
