This is XeTeX, Version 3.141592653-2.6-0.999994 (TeX Live 2022) (preloaded format=xelatex 2022.10.11)  28 JUL 2023 15:53
entering extended mode
 restricted \write18 enabled.
 %&-line parsing enabled.
**"Complex-Network-View-of-the-Sun's-Magnetic-Patches-I. Identification.tex"
(./Complex-Network-View-of-the-Sun's-Magnetic-Patches-I. Identification.tex
LaTeX2e <2021-11-15> patch level 1
L3 programming layer <2022-02-24>
(c:/texlive/2022/texmf-dist/tex/latex/base/article.cls
Document Class: article 2021/10/04 v1.4n Standard LaTeX document class
(c:/texlive/2022/texmf-dist/tex/latex/base/size12.clo
File: size12.clo 2021/10/04 v1.4n Standard LaTeX file (size option)
)
\c@part=\count181
\c@section=\count182
\c@subsection=\count183
\c@subsubsection=\count184
\c@paragraph=\count185
\c@subparagraph=\count186
\c@figure=\count187
\c@table=\count188
\abovecaptionskip=\skip47
\belowcaptionskip=\skip48
\bibindent=\dimen138
)
(c:/texlive/2022/texmf-dist/tex/latex/base/inputenc.sty
Package: inputenc 2021/02/14 v1.3d Input encoding file
\inpenc@prehook=\toks16
\inpenc@posthook=\toks17


Package inputenc Warning: inputenc package ignored with utf8 based engines.

) (c:/texlive/2022/texmf-dist/tex/latex/mhchem/mhchem.sty
Package: mhchem 2021/12/31 v4.09 for typesetting chemical formulae

(c:/texlive/2022/texmf-dist/tex/latex/l3kernel/expl3.sty
Package: expl3 2022-02-24 L3 programming layer (loader) 

(c:/texlive/2022/texmf-dist/tex/latex/l3backend/l3backend-xetex.def
File: l3backend-xetex.def 2022-02-07 L3 backend support: XeTeX

(|extractbb --version)
\c__kernel_sys_dvipdfmx_version_int=\count189
\l__color_backend_stack_int=\count190
\g__color_backend_stack_int=\count191
\g__graphics_track_int=\count192
\l__pdf_internal_box=\box50
\g__pdf_backend_object_int=\count193
\g__pdf_backend_annotation_int=\count194
\g__pdf_backend_link_int=\count195
))
(c:/texlive/2022/texmf-dist/tex/latex/l3packages/l3keys2e/l3keys2e.sty
Package: l3keys2e 2022-01-12 LaTeX2e option processing using LaTeX3 keys
)
(c:/texlive/2022/texmf-dist/tex/latex/tools/calc.sty
Package: calc 2017/05/25 v4.3 Infix arithmetic (KKT,FJ)
\calc@Acount=\count196
\calc@Bcount=\count197
\calc@Adimen=\dimen139
\calc@Bdimen=\dimen140
\calc@Askip=\skip49
\calc@Bskip=\skip50
LaTeX Info: Redefining \setlength on input line 80.
LaTeX Info: Redefining \addtolength on input line 81.
\calc@Ccount=\count198
\calc@Cskip=\skip51
)
(c:/texlive/2022/texmf-dist/tex/latex/amsmath/amsmath.sty
Package: amsmath 2021/10/15 v2.17l AMS math features
\@mathmargin=\skip52

For additional information on amsmath, use the `?' option.
(c:/texlive/2022/texmf-dist/tex/latex/amsmath/amstext.sty
Package: amstext 2021/08/26 v2.01 AMS text

(c:/texlive/2022/texmf-dist/tex/latex/amsmath/amsgen.sty
File: amsgen.sty 1999/11/30 v2.0 generic functions
\@emptytoks=\toks18
\ex@=\dimen141
))
(c:/texlive/2022/texmf-dist/tex/latex/amsmath/amsbsy.sty
Package: amsbsy 1999/11/29 v1.2d Bold Symbols
\pmbraise@=\dimen142
)
(c:/texlive/2022/texmf-dist/tex/latex/amsmath/amsopn.sty
Package: amsopn 2021/08/26 v2.02 operator names
)
\inf@bad=\count199
LaTeX Info: Redefining \frac on input line 234.
\uproot@=\count266
\leftroot@=\count267
LaTeX Info: Redefining \overline on input line 399.
\classnum@=\count268
\DOTSCASE@=\count269
LaTeX Info: Redefining \ldots on input line 496.
LaTeX Info: Redefining \dots on input line 499.
LaTeX Info: Redefining \cdots on input line 620.
\Mathstrutbox@=\box51
\strutbox@=\box52
\big@size=\dimen143
LaTeX Font Info:    Redeclaring font encoding OML on input line 743.
LaTeX Font Info:    Redeclaring font encoding OMS on input line 744.
\macc@depth=\count270
\c@MaxMatrixCols=\count271
\dotsspace@=\muskip16
\c@parentequation=\count272
\dspbrk@lvl=\count273
\tag@help=\toks19
\row@=\count274
\column@=\count275
\maxfields@=\count276
\andhelp@=\toks20
\eqnshift@=\dimen144
\alignsep@=\dimen145
\tagshift@=\dimen146
\tagwidth@=\dimen147
\totwidth@=\dimen148
\lineht@=\dimen149
\@envbody=\toks21
\multlinegap=\skip53
\multlinetaggap=\skip54
\mathdisplay@stack=\toks22
LaTeX Info: Redefining \[ on input line 2938.
LaTeX Info: Redefining \] on input line 2939.
)
(c:/texlive/2022/texmf-dist/tex/latex/chemgreek/chemgreek.sty
(c:/texlive/2022/texmf-dist/tex/latex/l3packages/xparse/xparse.sty
Package: xparse 2022-01-12 L3 Experimental document command parser
)
Package: chemgreek 2020/01/16 v1.1a interface for upright Greek letters for use
 in chemistry (CN)
\l__chemgreek_tmpa_int=\count277
\g__chemgreek_tmpa_int=\count278
)
(c:/texlive/2022/texmf-dist/tex/latex/graphics/graphics.sty
Package: graphics 2021/03/04 v1.4d Standard LaTeX Graphics (DPC,SPQR)

(c:/texlive/2022/texmf-dist/tex/latex/graphics/trig.sty
Package: trig 2021/08/11 v1.11 sin cos tan (DPC)
)
(c:/texlive/2022/texmf-dist/tex/latex/graphics-cfg/graphics.cfg
File: graphics.cfg 2016/06/04 v1.11 sample graphics configuration
)
Package graphics Info: Driver file: xetex.def on input line 107.

(c:/texlive/2022/texmf-dist/tex/latex/graphics-def/xetex.def
File: xetex.def 2021/03/18 v5.0k Graphics/color driver for xetex
))
\l__mhchem_ce_distanceFromLastComma_int=\count279
\__mhchem_arrow_extPgfLength_skip=\skip55
\mhchem@minispace@tmp=\skip56
\mhchem@minibackspace@tmp=\skip57
\mhchem@bondwidth=\skip58
\mhchem@bondheight=\skip59
\mhchem@smallbondwidth@tmpA=\skip60
\mhchem@smallbondwidth@tmpB=\skip61
\mhchem@smallbondwidth=\skip62
\mhchem@bondtmp@minussidebearingleft=\skip63
\mhchem@bondtmp@minussidebearingright=\skip64
\l__mhchem_option_version_int=\count280
\mhchem@option@minusmathsidebearingleft=\dimen150
\mhchem@option@minusmathsidebearingright=\dimen151
\mhchem@option@minustextsidebearingleft=\dimen152
\mhchem@option@minustextsidebearingright=\dimen153
)
(c:/texlive/2022/texmf-dist/tex/latex/siunitx/siunitx.sty
Package: siunitx 2022-02-15 v3.0.49 A comprehensive (SI) units package
\l__siunitx_angle_tmp_dim=\dimen154
\l__siunitx_angle_marker_box=\box53
\l__siunitx_angle_unit_box=\box54
\l__siunitx_compound_count_int=\count281

(c:/texlive/2022/texmf-dist/tex/latex/translations/translations.sty
Package: translations 2022/02/05 v1.12 internationalization of LaTeX2e packages
 (CN)

(c:/texlive/2022/texmf-dist/tex/latex/etoolbox/etoolbox.sty
Package: etoolbox 2020/10/05 v2.5k e-TeX tools for LaTeX (JAW)
\etb@tempcnta=\count282
)
(c:/texlive/2022/texmf-dist/tex/generic/pdftexcmds/pdftexcmds.sty
Package: pdftexcmds 2020-06-27 v0.33 Utility functions of pdfTeX for LuaTeX (HO
)

(c:/texlive/2022/texmf-dist/tex/generic/infwarerr/infwarerr.sty
Package: infwarerr 2019/12/03 v1.5 Providing info/warning/error messages (HO)
)
(c:/texlive/2022/texmf-dist/tex/generic/iftex/iftex.sty
Package: iftex 2022/02/03 v1.0f TeX engine tests
)
(c:/texlive/2022/texmf-dist/tex/generic/ltxcmds/ltxcmds.sty
Package: ltxcmds 2020-05-10 v1.25 LaTeX kernel commands for general use (HO)
)
Package pdftexcmds Info: \pdf@primitive is available.
Package pdftexcmds Info: \pdf@ifprimitive is available.
Package pdftexcmds Info: \pdfdraftmode not found.
))
\l__siunitx_number_exponent_fixed_int=\count283
\l__siunitx_number_min_decimal_int=\count284
\l__siunitx_number_min_integer_int=\count285
\l__siunitx_number_round_precision_int=\count286
\l__siunitx_number_group_minimum_int=\count287
\l__siunitx_table_tmp_box=\box55
\l__siunitx_table_tmp_dim=\dimen155
\l__siunitx_table_column_width_dim=\dimen156
\l__siunitx_table_integer_box=\box56
\l__siunitx_table_decimal_box=\box57
\l__siunitx_table_before_box=\box58
\l__siunitx_table_after_box=\box59
\l__siunitx_table_before_dim=\dimen157
\l__siunitx_table_carry_dim=\dimen158
\l__siunitx_unit_tmp_int=\count288
\l__siunitx_unit_position_int=\count289
\l__siunitx_unit_total_int=\count290

(c:/texlive/2022/texmf-dist/tex/latex/tools/array.sty
Package: array 2021/10/04 v2.5f Tabular extension package (FMi)
\col@sep=\dimen159
\ar@mcellbox=\box60
\extrarowheight=\dimen160
\NC@list=\toks23
\extratabsurround=\skip65
\backup@length=\skip66
\ar@cellbox=\box61
))
(c:/texlive/2022/texmf-dist/tex/latex/graphics/graphicx.sty
Package: graphicx 2021/09/16 v1.2d Enhanced LaTeX Graphics (DPC,SPQR)

(c:/texlive/2022/texmf-dist/tex/latex/graphics/keyval.sty
Package: keyval 2014/10/28 v1.15 key=value parser (DPC)
\KV@toks@=\toks24
)
\Gin@req@height=\dimen161
\Gin@req@width=\dimen162
)
(c:/texlive/2022/texmf-dist/tex/latex/natbib/natbib.sty
Package: natbib 2010/09/13 8.31b (PWD, AO)
\bibhang=\skip67
\bibsep=\skip68
LaTeX Info: Redefining \cite on input line 694.
\c@NAT@ctr=\count291
)
(c:/texlive/2022/texmf-dist/tex/latex/epstopdf-pkg/epstopdf.sty
Package: epstopdf 2020-01-24 v2.11 Conversion with epstopdf on the fly (HO)

(c:/texlive/2022/texmf-dist/tex/latex/grfext/grfext.sty
Package: grfext 2019/12/03 v1.3 Manage graphics extensions (HO)

(c:/texlive/2022/texmf-dist/tex/generic/kvdefinekeys/kvdefinekeys.sty
Package: kvdefinekeys 2019-12-19 v1.6 Define keys (HO)
))
(c:/texlive/2022/texmf-dist/tex/latex/kvoptions/kvoptions.sty
Package: kvoptions 2020-10-07 v3.14 Key value format for package options (HO)

(c:/texlive/2022/texmf-dist/tex/generic/kvsetkeys/kvsetkeys.sty
Package: kvsetkeys 2019/12/15 v1.18 Key value parser (HO)
))
(c:/texlive/2022/texmf-dist/tex/latex/epstopdf-pkg/epstopdf-base.sty
Package: epstopdf-base 2020-01-24 v2.11 Base part for package epstopdf


Package epstopdf Warning: Drivers other than `pdftex' and `luatex' are not supp
orted.

)) (c:/texlive/2022/texmf-dist/tex/latex/multirow/multirow.sty
Package: multirow 2021/03/15 v2.8 Span multiple rows of a table
\multirow@colwidth=\skip69
\multirow@cntb=\count292
\multirow@dima=\skip70
\bigstrutjot=\dimen163
)
(c:/texlive/2022/texmf-dist/tex/latex/xcolor/xcolor.sty
Package: xcolor 2021/10/31 v2.13 LaTeX color extensions (UK)

(c:/texlive/2022/texmf-dist/tex/latex/graphics-cfg/color.cfg
File: color.cfg 2016/01/02 v1.6 sample color configuration
)
Package xcolor Info: Driver file: xetex.def on input line 227.
Package xcolor Info: Model `cmy' substituted by `cmy0' on input line 1352.
Package xcolor Info: Model `RGB' extended on input line 1368.
Package xcolor Info: Model `HTML' substituted by `rgb' on input line 1370.
Package xcolor Info: Model `Hsb' substituted by `hsb' on input line 1371.
Package xcolor Info: Model `tHsb' substituted by `hsb' on input line 1372.
Package xcolor Info: Model `HSB' substituted by `hsb' on input line 1373.
Package xcolor Info: Model `Gray' substituted by `gray' on input line 1374.
Package xcolor Info: Model `wave' substituted by `hsb' on input line 1375.
)
(c:/texlive/2022/texmf-dist/tex/latex/newtx/newtxtext.sty
Package: newtxtext 2022/02/28 v1.71(Michael Sharpe) latex and unicode latex sup
port for TeXGyreTermesX

`newtxtext' v1.71, 2022/02/28 Text macros taking advantage of TeXGyre Termes an
d its extensions (msharpe)
(c:/texlive/2022/texmf-dist/tex/latex/xkeyval/xkeyval.sty
Package: xkeyval 2020/11/20 v2.8 package option processing (HA)

(c:/texlive/2022/texmf-dist/tex/generic/xkeyval/xkeyval.tex
(c:/texlive/2022/texmf-dist/tex/generic/xkeyval/xkvutils.tex
\XKV@toks=\toks25
\XKV@tempa@toks=\toks26
)
\XKV@depth=\count293
File: xkeyval.tex 2014/12/03 v2.7a key=value parser (HA)
))
(c:/texlive/2022/texmf-dist/tex/latex/base/textcomp.sty
Package: textcomp 2020/02/02 v2.0n Standard LaTeX package
)
(c:/texlive/2022/texmf-dist/tex/generic/xstring/xstring.sty
(c:/texlive/2022/texmf-dist/tex/generic/xstring/xstring.tex
\integerpart=\count294
\decimalpart=\count295
)
Package: xstring 2021/07/21 v1.84 String manipulations (CT)
)
(c:/texlive/2022/texmf-dist/tex/latex/base/ifthen.sty
Package: ifthen 2020/11/24 v1.1c Standard LaTeX ifthen package (DPC)
)
(c:/texlive/2022/texmf-dist/tex/latex/carlisle/scalefnt.sty)
LaTeX Font Info:    Setting ntxLF sub-encoding to TS1/0 on input line 21.
LaTeX Font Info:    Setting ntxTLF sub-encoding to TS1/0 on input line 21.
LaTeX Font Info:    Setting ntxOsF sub-encoding to TS1/0 on input line 21.
LaTeX Font Info:    Setting ntxTOsF sub-encoding to TS1/0 on input line 21.

(c:/texlive/2022/texmf-dist/tex/generic/kastrup/binhex.tex)
\ntx@tmpcnta=\count296
\ntx@cnt=\count297

ntx@otftexttrue
(c:/texlive/2022/texmf-dist/tex/latex/fontspec/fontspec.sty
Package: fontspec 2022/01/15 v2.8a Font selection for XeLaTeX and LuaLaTeX

(c:/texlive/2022/texmf-dist/tex/latex/fontspec/fontspec-xetex.sty
Package: fontspec-xetex 2022/01/15 v2.8a Font selection for XeLaTeX and LuaLaTe
X
\l__fontspec_script_int=\count298
\l__fontspec_language_int=\count299
\l__fontspec_strnum_int=\count300
\l__fontspec_tmp_int=\count301
\l__fontspec_tmpa_int=\count302
\l__fontspec_tmpb_int=\count303
\l__fontspec_tmpc_int=\count304
\l__fontspec_em_int=\count305
\l__fontspec_emdef_int=\count306
\l__fontspec_strong_int=\count307
\l__fontspec_strongdef_int=\count308
\l__fontspec_tmpa_dim=\dimen164
\l__fontspec_tmpb_dim=\dimen165
\l__fontspec_tmpc_dim=\dimen166

(c:/texlive/2022/texmf-dist/tex/latex/base/fontenc.sty
Package: fontenc 2021/04/29 v2.0v Standard LaTeX package
)
(c:/texlive/2022/texmf-dist/tex/latex/fontspec/fontspec.cfg)))
LaTeX Info: Redefining \oldstylenums on input line 479.
LaTeX Info: Redefining \liningnums on input line 483.

(c:/texlive/2022/texmf-dist/tex/latex/realscripts/realscripts.sty
Package: realscripts 2016/02/13 v0.3d Access OpenType subscripts and superscrip
ts
\subsupersep=\dimen167
))
(c:/texlive/2022/texmf-dist/tex/latex/newtx/newtxmath.sty
Package: newtxmath 2022/01/16 v1.71

`newtxmath' v1.71, 2022/01/16 Math macros based originally on txfonts (msharpe)
(c:/texlive/2022/texmf-dist/tex/generic/iftex/ifxetex.sty
Package: ifxetex 2019/10/25 v0.7 ifxetex legacy package. Use iftex instead.
)
(c:/texlive/2022/texmf-dist/tex/generic/iftex/ifluatex.sty
Package: ifluatex 2019/10/25 v1.5 ifluatex legacy package. Use iftex instead.
)
(c:/texlive/2022/texmf-dist/tex/latex/oberdiek/centernot.sty
Package: centernot 2016/05/16 v1.4 Centers the not symbol horizontally (HO)
)
\tx@cntz=\count309

(c:/texlive/2022/texmf-dist/tex/generic/kastrup/binhex.tex)
\tx@Isdigit=\count310
\tx@IsAlNum=\count311
\tx@tA=\toks27
\tx@tB=\toks28
\tx@su=\read2

amsthm NOT loaded
LaTeX Font Info:    Redeclaring symbol font `operators' on input line 376.
LaTeX Font Info:    Overwriting symbol font `operators' in version `normal'
(Font)                  OT1/cmr/m/n --> OT1/minntx/m/n on input line 376.
LaTeX Font Info:    Overwriting symbol font `operators' in version `bold'
(Font)                  OT1/cmr/bx/n --> OT1/minntx/m/n on input line 376.
LaTeX Font Info:    Overwriting symbol font `operators' in version `bold'
(Font)                  OT1/minntx/m/n --> OT1/minntx/b/n on input line 377.
LaTeX Font Info:    Redeclaring math alphabet \mathsf on input line 383.
LaTeX Font Info:    Overwriting math alphabet `\mathsf' in version `normal'
(Font)                  OT1/cmss/m/n --> TU/lmss/m/n on input line 383.
LaTeX Font Info:    Overwriting math alphabet `\mathsf' in version `bold'
(Font)                  OT1/cmss/bx/n --> TU/lmss/m/n on input line 383.
LaTeX Font Info:    Redeclaring math alphabet \mathit on input line 384.
LaTeX Font Info:    Overwriting math alphabet `\mathit' in version `normal'
(Font)                  OT1/cmr/m/it --> OT1/minntx/m/it on input line 384.
LaTeX Font Info:    Overwriting math alphabet `\mathit' in version `bold'
(Font)                  OT1/cmr/bx/it --> OT1/minntx/m/it on input line 384.
LaTeX Font Info:    Redeclaring math alphabet \mathtt on input line 385.
LaTeX Font Info:    Overwriting math alphabet `\mathtt' in version `normal'
(Font)                  OT1/cmtt/m/n --> TU/lmtt/m/n on input line 385.
LaTeX Font Info:    Overwriting math alphabet `\mathtt' in version `bold'
(Font)                  OT1/cmtt/m/n --> TU/lmtt/m/n on input line 385.
LaTeX Font Info:    Redeclaring math alphabet \mathbf on input line 387.
LaTeX Font Info:    Overwriting math alphabet `\mathbf' in version `normal'
(Font)                  OT1/cmr/bx/n --> OT1/minntx/b/n on input line 387.
LaTeX Font Info:    Overwriting math alphabet `\mathbf' in version `bold'
(Font)                  OT1/cmr/bx/n --> OT1/minntx/b/n on input line 387.
LaTeX Font Info:    Overwriting math alphabet `\mathit' in version `bold'
(Font)                  OT1/minntx/m/it --> OT1/minntx/b/it on input line 388.
LaTeX Font Info:    Overwriting math alphabet `\mathsf' in version `bold'
(Font)                  TU/lmss/m/n --> TU/lmss/b/n on input line 389.
LaTeX Font Info:    Overwriting math alphabet `\mathtt' in version `bold'
(Font)                  TU/lmtt/m/n --> TU/lmtt/b/n on input line 390.
LaTeX Font Info:    Redeclaring symbol font `letters' on input line 491.
LaTeX Font Info:    Overwriting symbol font `letters' in version `normal'
(Font)                  OML/cmm/m/it --> OML/ntxmi/m/it on input line 491.
LaTeX Font Info:    Overwriting symbol font `letters' in version `bold'
(Font)                  OML/cmm/b/it --> OML/ntxmi/m/it on input line 491.
LaTeX Font Info:    Overwriting symbol font `letters' in version `bold'
(Font)                  OML/ntxmi/m/it --> OML/ntxmi/b/it on input line 492.
\symlettersA=\mathgroup4
LaTeX Font Info:    Overwriting symbol font `lettersA' in version `bold'
(Font)                  U/ntxmia/m/it --> U/ntxmia/b/it on input line 547.
LaTeX Font Info:    Redeclaring symbol font `symbols' on input line 568.
LaTeX Font Info:    Encoding `OMS' has changed to `LMS' for symbol font
(Font)              `symbols' in the math version `normal' on input line 568.
LaTeX Font Info:    Overwriting symbol font `symbols' in version `normal'
(Font)                  OMS/cmsy/m/n --> LMS/ntxsy/m/n on input line 568.
LaTeX Font Info:    Encoding `OMS' has changed to `LMS' for symbol font
(Font)              `symbols' in the math version `bold' on input line 568.
LaTeX Font Info:    Overwriting symbol font `symbols' in version `bold'
(Font)                  OMS/cmsy/b/n --> LMS/ntxsy/m/n on input line 568.
LaTeX Font Info:    Overwriting symbol font `symbols' in version `bold'
(Font)                  LMS/ntxsy/m/n --> LMS/ntxsy/b/n on input line 569.
\symAMSm=\mathgroup5
LaTeX Font Info:    Overwriting symbol font `AMSm' in version `bold'
(Font)                  U/ntxsym/m/n --> U/ntxsym/b/n on input line 594.
\symsymbolsC=\mathgroup6
LaTeX Font Info:    Overwriting symbol font `symbolsC' in version `bold'
(Font)                  U/ntxsyc/m/n --> U/ntxsyc/b/n on input line 615.
LaTeX Font Info:    Redeclaring symbol font `largesymbols' on input line 628.
LaTeX Font Info:    Encoding `OMX' has changed to `LMX' for symbol font
(Font)              `largesymbols' in the math version `normal' on input line 6
28.
LaTeX Font Info:    Overwriting symbol font `largesymbols' in version `normal'
(Font)                  OMX/cmex/m/n --> LMX/ntxexx/m/n on input line 628.
LaTeX Font Info:    Encoding `OMX' has changed to `LMX' for symbol font
(Font)              `largesymbols' in the math version `bold' on input line 628
.
LaTeX Font Info:    Overwriting symbol font `largesymbols' in version `bold'
(Font)                  OMX/cmex/m/n --> LMX/ntxexx/m/n on input line 628.
LaTeX Font Info:    Overwriting symbol font `largesymbols' in version `bold'
(Font)                  LMX/ntxexx/m/n --> LMX/ntxexx/b/n on input line 629.
\symlargesymbolsTXA=\mathgroup7
LaTeX Font Info:    Overwriting symbol font `largesymbolsTXA' in version `bold'

(Font)                  U/ntxexa/m/n --> U/ntxexa/b/n on input line 643.
\tx@sbptoks=\toks29
LaTeX Font Info:    Redeclaring math delimiter \lfloor on input line 866.
LaTeX Font Info:    Redeclaring math delimiter \rfloor on input line 867.
LaTeX Font Info:    Redeclaring math delimiter \lceil on input line 868.
LaTeX Font Info:    Redeclaring math delimiter \rceil on input line 869.
LaTeX Font Info:    Redeclaring math delimiter \lbrace on input line 870.
LaTeX Font Info:    Redeclaring math delimiter \rbrace on input line 871.
LaTeX Font Info:    Redeclaring math delimiter \langle on input line 872.
LaTeX Font Info:    Redeclaring math delimiter \rangle on input line 874.
LaTeX Font Info:    Redeclaring math delimiter \arrowvert on input line 878.
LaTeX Font Info:    Redeclaring math delimiter \vert on input line 879.
LaTeX Font Info:    Redeclaring math symbol \hbar on input line 925.
LaTeX Font Info:    Redeclaring math accent \dot on input line 950.
LaTeX Font Info:    Redeclaring math accent \ddot on input line 951.
LaTeX Font Info:    Redeclaring math accent \vec on input line 2020.
LaTeX Info: Redefining \Bbbk on input line 2810.
LaTeX Info: Redefining \not on input line 2959.
) (c:/texlive/2022/texmf-dist/tex/latex/subfigure/subfigure.sty
Package: subfigure 2002/03/15 v2.1.5 subfigure package
\subfigtopskip=\skip71
\subfigcapskip=\skip72
\subfigcaptopadj=\dimen168
\subfigbottomskip=\skip73
\subfigcapmargin=\dimen169
\subfiglabelskip=\skip74
\c@subfigure=\count312
\c@lofdepth=\count313
\c@subtable=\count314
\c@lotdepth=\count315

****************************************
* Local config file subfigure.cfg used *
****************************************
(c:/texlive/2022/texmf-dist/tex/latex/subfigure/subfigure.cfg)
\subfig@top=\skip75
\subfig@bottom=\skip76
)
(c:/texlive/2022/texmf-dist/tex/latex/tabulary/tabulary.sty
Package: tabulary 2014/06/11 v0.10 tabulary package (DPC)
\TY@count=\count316
\TY@linewidth=\dimen170
\tymin=\dimen171
\tymax=\dimen172
\TY@tablewidth=\dimen173
)
(c:/texlive/2022/texmf-dist/tex/latex/booktabs/booktabs.sty
Package: booktabs 2020/01/12 v1.61803398 Publication quality tables
\heavyrulewidth=\dimen174
\lightrulewidth=\dimen175
\cmidrulewidth=\dimen176
\belowrulesep=\dimen177
\belowbottomsep=\dimen178
\aboverulesep=\dimen179
\abovetopsep=\dimen180
\cmidrulesep=\dimen181
\cmidrulekern=\dimen182
\defaultaddspace=\dimen183
\@cmidla=\count317
\@cmidlb=\count318
\@aboverulesep=\dimen184
\@belowrulesep=\dimen185
\@thisruleclass=\count319
\@lastruleclass=\count320
\@thisrulewidth=\dimen186
)
(c:/texlive/2022/texmf-dist/tex/latex/lineno/lineno.sty
Package: lineno 2005/11/02 line numbers on paragraphs v4.41
Invalid UTF-8 byte or sequence at line 296 replaced by U+FFFD.
\linenopenalty=\count321
\output=\toks30
\linenoprevgraf=\count322
\linenumbersep=\dimen187
\linenumberwidth=\dimen188
\c@linenumber=\count323
\c@pagewiselinenumber=\count324
\c@LN@truepage=\count325
\c@internallinenumber=\count326
\c@internallinenumbers=\count327
\quotelinenumbersep=\dimen189
\bframerule=\dimen190
\bframesep=\dimen191
\bframebox=\box62
LaTeX Info: Redefining \\ on input line 3056.
)
(c:/texlive/2022/texmf-dist/tex/latex/hyperref/hyperref.sty
Package: hyperref 2022-02-21 v7.00n Hypertext links for LaTeX

(c:/texlive/2022/texmf-dist/tex/generic/pdfescape/pdfescape.sty
Package: pdfescape 2019/12/09 v1.15 Implements pdfTeX's escape features (HO)
)
(c:/texlive/2022/texmf-dist/tex/latex/hycolor/hycolor.sty
Package: hycolor 2020-01-27 v1.10 Color options for hyperref/bookmark (HO)
)
(c:/texlive/2022/texmf-dist/tex/latex/letltxmacro/letltxmacro.sty
Package: letltxmacro 2019/12/03 v1.6 Let assignment for LaTeX macros (HO)
)
(c:/texlive/2022/texmf-dist/tex/latex/auxhook/auxhook.sty
Package: auxhook 2019-12-17 v1.6 Hooks for auxiliary files (HO)
)
\@linkdim=\dimen192
\Hy@linkcounter=\count328
\Hy@pagecounter=\count329

(c:/texlive/2022/texmf-dist/tex/latex/hyperref/pd1enc.def
File: pd1enc.def 2022-02-21 v7.00n Hyperref: PDFDocEncoding definition (HO)
)
(c:/texlive/2022/texmf-dist/tex/generic/intcalc/intcalc.sty
Package: intcalc 2019/12/15 v1.3 Expandable calculations with integers (HO)
)
(c:/texlive/2022/texmf-dist/tex/generic/etexcmds/etexcmds.sty
Package: etexcmds 2019/12/15 v1.7 Avoid name clashes with e-TeX commands (HO)
)
\Hy@SavedSpaceFactor=\count330

(c:/texlive/2022/texmf-dist/tex/latex/hyperref/puenc.def
File: puenc.def 2022-02-21 v7.00n Hyperref: PDF Unicode definition (HO)
)
Package hyperref Info: Hyper figures OFF on input line 4137.
Package hyperref Info: Link nesting OFF on input line 4142.
Package hyperref Info: Hyper index ON on input line 4145.
Package hyperref Info: Plain pages OFF on input line 4152.
Package hyperref Info: Backreferencing OFF on input line 4157.
Package hyperref Info: Implicit mode ON; LaTeX internals redefined.
Package hyperref Info: Bookmarks ON on input line 4390.
\c@Hy@tempcnt=\count331

(c:/texlive/2022/texmf-dist/tex/latex/url/url.sty
\Urlmuskip=\muskip17
Package: url 2013/09/16  ver 3.4  Verb mode for urls, etc.
)
LaTeX Info: Redefining \url on input line 4749.
\XeTeXLinkMargin=\dimen193
Requested font "pzdr" at 0.00002pt
 -> c:/texlive/2022/texmf-dist/fonts/tfm/adobe/zapfding/pzdr.tfm

(c:/texlive/2022/texmf-dist/tex/generic/bitset/bitset.sty
Package: bitset 2019/12/09 v1.3 Handle bit-vector datatype (HO)

(c:/texlive/2022/texmf-dist/tex/generic/bigintcalc/bigintcalc.sty
Package: bigintcalc 2019/12/15 v1.5 Expandable calculations on big integers (HO
)
))
\Fld@menulength=\count332
\Field@Width=\dimen194
\Fld@charsize=\dimen195
Package hyperref Info: Hyper figures OFF on input line 6027.
Package hyperref Info: Link nesting OFF on input line 6032.
Package hyperref Info: Hyper index ON on input line 6035.
Package hyperref Info: backreferencing OFF on input line 6042.
Package hyperref Info: Link coloring OFF on input line 6047.
Package hyperref Info: Link coloring with OCG OFF on input line 6052.
Package hyperref Info: PDF/A mode OFF on input line 6057.
LaTeX Info: Redefining \ref on input line 6097.
LaTeX Info: Redefining \pageref on input line 6101.

(c:/texlive/2022/texmf-dist/tex/latex/base/atbegshi-ltx.sty
Package: atbegshi-ltx 2021/01/10 v1.0c Emulation of the original atbegshi
package with kernel methods
)
\Hy@abspage=\count333
\c@Item=\count334
\c@Hfootnote=\count335
)
Package hyperref Info: Driver (autodetected): hxetex.

(c:/texlive/2022/texmf-dist/tex/latex/hyperref/hxetex.def
File: hxetex.def 2022-02-21 v7.00n Hyperref driver for XeTeX

(c:/texlive/2022/texmf-dist/tex/generic/stringenc/stringenc.sty
Package: stringenc 2019/11/29 v1.12 Convert strings between diff. encodings (HO
)
)
\pdfm@box=\box63
\c@Hy@AnnotLevel=\count336
\HyField@AnnotCount=\count337
\Fld@listcount=\count338
\c@bookmark@seq@number=\count339

(c:/texlive/2022/texmf-dist/tex/latex/rerunfilecheck/rerunfilecheck.sty
Package: rerunfilecheck 2019/12/05 v1.9 Rerun checks for auxiliary files (HO)

(c:/texlive/2022/texmf-dist/tex/latex/base/atveryend-ltx.sty
Package: atveryend-ltx 2020/08/19 v1.0a Emulation of the original atveryend pac
kage
with kernel methods
)
(c:/texlive/2022/texmf-dist/tex/generic/uniquecounter/uniquecounter.sty
Package: uniquecounter 2019/12/15 v1.4 Provide unlimited unique counter (HO)
)
Package uniquecounter Info: New unique counter `rerunfilecheck' on input line 2
86.
)
\Hy@SectionHShift=\skip77
)
(c:/texlive/2022/texmf-dist/tex/latex/tools/xspace.sty
Package: xspace 2014/10/28 v1.13 Space after command names (DPC,MH)
)
Package translations Info: No language package found. I am going to use `englis
h' as default language. on input line 103.

(c:/texlive/2022/texmf-dist/tex/latex/newtx/TeXGyreTermesX.fontspec)
Requested font "[TeXGyreTermesX-Regular.otf]/OT" at 11.99997pt
 -> c:/texlive/2022/texmf-dist/fonts/opentype/public/newtx/TeXGyreTermesX-Regul
ar.otf
Requested font "[TeXGyreTermesX-Regular.otf]/OT" at 12.00003pt
 -> c:/texlive/2022/texmf-dist/fonts/opentype/public/newtx/TeXGyreTermesX-Regul
ar.otf
Requested font "[TeXGyreTermesX-Regular.otf]/OT:script=latn;language=dflt;" at 
12.00003pt
 -> c:/texlive/2022/texmf-dist/fonts/opentype/public/newtx/TeXGyreTermesX-Regul
ar.otf
Requested font "[TeXGyreTermesX-Bold.otf]/OT:script=latn;language=dflt;" at 12.
00003pt
 -> c:/texlive/2022/texmf-dist/fonts/opentype/public/newtx/TeXGyreTermesX-Bold.
otf
Requested font "[TeXGyreTermesX-Italic.otf]/OT:script=latn;language=dflt;" at 1
2.00003pt
 -> c:/texlive/2022/texmf-dist/fonts/opentype/public/newtx/TeXGyreTermesX-Itali
c.otf
Requested font "[TeXGyreTermesX-Slanted.otf]/OT:script=latn;language=dflt;" at 
12.00003pt
 -> c:/texlive/2022/texmf-dist/fonts/opentype/public/newtx/TeXGyreTermesX-Slant
ed.otf
Requested font "[TeXGyreTermesX-BoldItalic.otf]/OT:script=latn;language=dflt;" 
at 12.00003pt
 -> c:/texlive/2022/texmf-dist/fonts/opentype/public/newtx/TeXGyreTermesX-BoldI
talic.otf
Requested font "[TeXGyreTermesX-BoldSlanted.otf]/OT:script=latn;language=dflt;"
 at 12.00003pt
 -> c:/texlive/2022/texmf-dist/fonts/opentype/public/newtx/TeXGyreTermesX-BoldS
lanted.otf

Package fontspec Info: Font family 'TeXGyreTermesX(0)' created for font
(fontspec)             'TeXGyreTermesX' with options [Ligatures = TeX,Scale =
(fontspec)             1,Extension = .otf,SmallCapsFeatures={RawFeature =
(fontspec)             +pcap, },RawFeature=-ss05,Ligatures=TeX,Extension =
(fontspec)             .otf,UprightFont = TeXGyreTermesX-Regular,BoldFont =
(fontspec)             TeXGyreTermesX-Bold,ItalicFont =
(fontspec)             TeXGyreTermesX-Italic,BoldItalicFont =
(fontspec)             TeXGyreTermesX-BoldItalic,SlantedFont =
(fontspec)             *-Slanted,BoldSlantedFont= *-BoldSlanted,Numbers =
(fontspec)             {Monospaced,Lining},UprightFont = *-Regular,ItalicFont
(fontspec)             = *-Italic,BoldFont = *-Bold,BoldItalicFont =
(fontspec)             *-BoldItalic,SlantedFont = *-Slanted,BoldSlantedFont=
(fontspec)             *-BoldSlanted].
(fontspec)              
(fontspec)              This font family consists of the following NFSS
(fontspec)             series/shapes:
(fontspec)              
(fontspec)             - 'normal' (m/n) with NFSS spec.:
(fontspec)             <->s*[1]"[TeXGyreTermesX-Regular.otf]/OT:script=latn;lan
guage=dflt;-ss05;+tnum;+lnum;mapping=tex-text;"
(fontspec)             - 'small caps'  (m/sc) with NFSS spec.:
(fontspec)             <->s*[1]"[TeXGyreTermesX-Regular.otf]/OT:script=latn;lan
guage=dflt;-ss05;+tnum;+lnum;+smcp;+pcap;mapping=tex-text;"
(fontspec)             - 'bold' (b/n) with NFSS spec.:
(fontspec)             <->s*[1]"[TeXGyreTermesX-Bold.otf]/OT:script=latn;langua
ge=dflt;-ss05;+tnum;+lnum;mapping=tex-text;"
(fontspec)             - 'bold small caps'  (b/sc) with NFSS spec.:
(fontspec)             <->s*[1]"[TeXGyreTermesX-Bold.otf]/OT:script=latn;langua
ge=dflt;-ss05;+tnum;+lnum;+smcp;+pcap;mapping=tex-text;"
(fontspec)             - 'italic' (m/it) with NFSS spec.:
(fontspec)             <->s*[1]"[TeXGyreTermesX-Italic.otf]/OT:script=latn;lang
uage=dflt;-ss05;+tnum;+lnum;mapping=tex-text;"
(fontspec)             - 'italic small caps'  (m/scit) with NFSS spec.:
(fontspec)             <->s*[1]"[TeXGyreTermesX-Italic.otf]/OT:script=latn;lang
uage=dflt;-ss05;+tnum;+lnum;+smcp;+pcap;mapping=tex-text;"
(fontspec)             - 'slanted' (m/sl) with NFSS spec.:
(fontspec)             <->s*[1]"[TeXGyreTermesX-Slanted.otf]/OT:script=latn;lan
guage=dflt;-ss05;+tnum;+lnum;mapping=tex-text;"
(fontspec)             - 'slanted small caps'  (m/scsl) with NFSS spec.:
(fontspec)             <->s*[1]"[TeXGyreTermesX-Slanted.otf]/OT:script=latn;lan
guage=dflt;-ss05;+tnum;+lnum;+smcp;+pcap;mapping=tex-text;"
(fontspec)             - 'bold italic' (b/it) with NFSS spec.:
(fontspec)             <->s*[1]"[TeXGyreTermesX-BoldItalic.otf]/OT:script=latn;
language=dflt;-ss05;+tnum;+lnum;mapping=tex-text;"
(fontspec)             - 'bold italic small caps'  (b/scit) with NFSS spec.:
(fontspec)             <->s*[1]"[TeXGyreTermesX-BoldItalic.otf]/OT:script=latn;
language=dflt;-ss05;+tnum;+lnum;+smcp;+pcap;mapping=tex-text;"
(fontspec)             - 'bold slanted' (b/sl) with NFSS spec.:
(fontspec)             <->s*[1]"[TeXGyreTermesX-BoldSlanted.otf]/OT:script=latn
;language=dflt;-ss05;+tnum;+lnum;mapping=tex-text;"
(fontspec)             - 'bold slanted small caps'  (b/scsl) with NFSS spec.:
(fontspec)             <->s*[1]"[TeXGyreTermesX-BoldSlanted.otf]/OT:script=latn
;language=dflt;-ss05;+tnum;+lnum;+smcp;+pcap;mapping=tex-text;"

LaTeX Font Info:    Font shape `TU/TeXGyreTermesX(0)/m/n' will be
(Font)              scaled to size 12.0pt on input line 103.
Requested font "[TeXGyreTermesX-Regular.otf]/OT:script=latn;language=dflt;-ss05
;+tnum;+lnum;mapping=tex-text;" at 12.0pt
 -> c:/texlive/2022/texmf-dist/fonts/opentype/public/newtx/TeXGyreTermesX-Regul
ar.otf

(./Complex-Network-View-of-the-Sun's-Magnetic-Patches-I. Identification.aux

LaTeX Warning: Label `degree' multiply defined.

)
\openout1 = `"Complex-Network-View-of-the-Sun's-Magnetic-Patches-I. Identificat
ion.aux"'.

LaTeX Font Info:    Checking defaults for OML/ntxmi/m/it on input line 103.
LaTeX Font Info:    Trying to load font information for OML+ntxmi on input line
 103.
 (c:/texlive/2022/texmf-dist/tex/latex/newtx/omlntxmi.fd
File: omlntxmi.fd 2015/08/25 Fontinst v1.933 font definitions for OML/ntxmi.
)
LaTeX Font Info:    ... okay on input line 103.
LaTeX Font Info:    Checking defaults for OMS/cmsy/m/n on input line 103.
LaTeX Font Info:    ... okay on input line 103.
LaTeX Font Info:    Checking defaults for OT1/cmr/m/n on input line 103.
LaTeX Font Info:    ... okay on input line 103.
LaTeX Font Info:    Checking defaults for T1/cmr/m/n on input line 103.
LaTeX Font Info:    ... okay on input line 103.
LaTeX Font Info:    Checking defaults for TS1/cmr/m/n on input line 103.
LaTeX Font Info:    Trying to load font information for TS1+cmr on input line 1
03.

(c:/texlive/2022/texmf-dist/tex/latex/base/ts1cmr.fd
File: ts1cmr.fd 2019/12/16 v2.5j Standard LaTeX font definitions
)
LaTeX Font Info:    ... okay on input line 103.
LaTeX Font Info:    Checking defaults for TU/lmr/m/n on input line 103.
LaTeX Font Info:    ... okay on input line 103.
LaTeX Font Info:    Checking defaults for OMX/cmex/m/n on input line 103.
LaTeX Font Info:    ... okay on input line 103.
LaTeX Font Info:    Checking defaults for U/ntxexa/m/n on input line 103.
LaTeX Font Info:    Trying to load font information for U+ntxexa on input line 
103.

(c:/texlive/2022/texmf-dist/tex/latex/newtx/untxexa.fd
File: untxexa.fd 2012/04/16 Fontinst v1.933 font definitions for U/ntxexa.
)
LaTeX Font Info:    ... okay on input line 103.
LaTeX Font Info:    Checking defaults for LMS/ntxsy/m/n on input line 103.
LaTeX Font Info:    Trying to load font information for LMS+ntxsy on input line
 103.

(c:/texlive/2022/texmf-dist/tex/latex/newtx/lmsntxsy.fd
File: lmsntxsy.fd 2016/07/02 Fontinst v1.933 font definitions for LMS/ntxsy.
)
LaTeX Font Info:    ... okay on input line 103.
LaTeX Font Info:    Checking defaults for LMX/ntxexx/m/n on input line 103.
LaTeX Font Info:    Trying to load font information for LMX+ntxexx on input lin
e 103.

(c:/texlive/2022/texmf-dist/tex/latex/newtx/lmxntxexx.fd
File: lmxntxexx.fd 2016/07/03 Fontinst v1.933 font definitions for LMX/ntxexx.
)
LaTeX Font Info:    ... okay on input line 103.
LaTeX Font Info:    Checking defaults for PD1/pdf/m/n on input line 103.
LaTeX Font Info:    ... okay on input line 103.
LaTeX Font Info:    Checking defaults for PU/pdf/m/n on input line 103.
LaTeX Font Info:    ... okay on input line 103.

Package chemgreek Info: Activating mapping `default' on line 103.


(c:/texlive/2022/texmf-dist/tex/latex/translations/translations-basic-dictionar
y-english.trsl
File: translations-basic-dictionary-english.trsl (english translation file `tra
nslations-basic-dictionary')
)
Package translations Info: loading dictionary `translations-basic-dictionary' f
or `english'. on input line 103.
Package hyperref Info: Link coloring OFF on input line 103.
 (c:/texlive/2022/texmf-dist/tex/latex/hyperref/nameref.sty
Package: nameref 2021-04-02 v2.47 Cross-referencing by name of section

(c:/texlive/2022/texmf-dist/tex/latex/refcount/refcount.sty
Package: refcount 2019/12/15 v3.6 Data extraction from label references (HO)
)
(c:/texlive/2022/texmf-dist/tex/generic/gettitlestring/gettitlestring.sty
Package: gettitlestring 2019/12/15 v1.6 Cleanup title references (HO)
)
\c@section@level=\count340
)
LaTeX Info: Redefining \ref on input line 103.
LaTeX Info: Redefining \pageref on input line 103.
LaTeX Info: Redefining \nameref on input line 103.

(./Complex-Network-View-of-the-Sun's-Magnetic-Patches-I. Identification.out)
(./Complex-Network-View-of-the-Sun's-Magnetic-Patches-I. Identification.out)
\@outlinefile=\write3
\openout3 = `"Complex-Network-View-of-the-Sun's-Magnetic-Patches-I. Identificat
ion.out"'.

LaTeX Font Info:    Font shape `TU/TeXGyreTermesX(0)/m/n' will be
(Font)              scaled to size 20.74pt on input line 106.
Requested font "[TeXGyreTermesX-Regular.otf]/OT:script=latn;language=dflt;-ss05
;+tnum;+lnum;mapping=tex-text;" at 20.74pt
 -> c:/texlive/2022/texmf-dist/fonts/opentype/public/newtx/TeXGyreTermesX-Regul
ar.otf
LaTeX Font Info:    Font shape `TU/TeXGyreTermesX(0)/m/n' will be
(Font)              scaled to size 14.4pt on input line 106.
Requested font "[TeXGyreTermesX-Regular.otf]/OT:script=latn;language=dflt;-ss05
;+tnum;+lnum;mapping=tex-text;" at 14.4pt
 -> c:/texlive/2022/texmf-dist/fonts/opentype/public/newtx/TeXGyreTermesX-Regul
ar.otf
LaTeX Font Info:    Trying to load font information for OT1+minntx on input lin
e 106.

(c:/texlive/2022/texmf-dist/tex/latex/newtx/ot1minntx.fd
File: ot1minntx.fd 2022/01/20 v1.0 font definition file for OT1/minntx
)
Requested font "ntx-Regular-tlf-ot1" at 14.4pt
 -> c:/texlive/2022/texmf-dist/fonts/tfm/public/newtx/ntx-Regular-tlf-ot1.tfm
Requested font "ntx-Regular-tlf-ot1" at 10.5pt
 -> c:/texlive/2022/texmf-dist/fonts/tfm/public/newtx/ntx-Regular-tlf-ot1.tfm
Requested font "ntx-Regular-tlf-ot1" at 7.9pt
 -> c:/texlive/2022/texmf-dist/fonts/tfm/public/newtx/ntx-Regular-tlf-ot1.tfm
Requested font "ntxmi" at 14.4pt
 -> c:/texlive/2022/texmf-dist/fonts/tfm/public/newtx/ntxmi.tfm
Requested font "ntxmi" at 10.5pt
 -> c:/texlive/2022/texmf-dist/fonts/tfm/public/newtx/ntxmi.tfm
Requested font "ntxmi7" at 7.9pt
 -> c:/texlive/2022/texmf-dist/fonts/tfm/public/newtx/ntxmi7.tfm
Requested font "ntxsy" at 14.4pt
 -> c:/texlive/2022/texmf-dist/fonts/tfm/public/newtx/ntxsy.tfm
Requested font "ntxsy" at 10.5pt
 -> c:/texlive/2022/texmf-dist/fonts/tfm/public/newtx/ntxsy.tfm
Requested font "ntxsy7" at 7.9pt
 -> c:/texlive/2022/texmf-dist/fonts/tfm/public/newtx/ntxsy7.tfm
Requested font "ntxexx" at 14.4pt
 -> c:/texlive/2022/texmf-dist/fonts/tfm/public/newtx/ntxexx.tfm
Requested font "ntxexx" at 10.5pt
 -> c:/texlive/2022/texmf-dist/fonts/tfm/public/newtx/ntxexx.tfm
Requested font "ntxexx" at 7.9pt
 -> c:/texlive/2022/texmf-dist/fonts/tfm/public/newtx/ntxexx.tfm
LaTeX Font Info:    Trying to load font information for U+ntxmia on input line 
106.

(c:/texlive/2022/texmf-dist/tex/latex/newtx/untxmia.fd
File: untxmia.fd 2018/04/14 Fontinst v1.933 font definitions for U/ntxmia.
)
Requested font "ntxmia" at 14.4pt
 -> c:/texlive/2022/texmf-dist/fonts/tfm/public/newtx/ntxmia.tfm
Requested font "ntxmia" at 10.5pt
 -> c:/texlive/2022/texmf-dist/fonts/tfm/public/newtx/ntxmia.tfm
Requested font "ntxmia" at 7.9pt
 -> c:/texlive/2022/texmf-dist/fonts/tfm/public/newtx/ntxmia.tfm
LaTeX Font Info:    Trying to load font information for U+ntxsym on input line 
106.

(c:/texlive/2022/texmf-dist/tex/latex/newtx/untxsym.fd
File: untxsym.fd 2015/03/20 Fontinst v1.933 font definitions for U/ntxsym.
)
Requested font "ntxsym" at 14.4pt
 -> c:/texlive/2022/texmf-dist/fonts/tfm/public/newtx/ntxsym.tfm
Requested font "ntxsym" at 10.5pt
 -> c:/texlive/2022/texmf-dist/fonts/tfm/public/newtx/ntxsym.tfm
Requested font "ntxsym" at 7.9pt
 -> c:/texlive/2022/texmf-dist/fonts/tfm/public/newtx/ntxsym.tfm
LaTeX Font Info:    Trying to load font information for U+ntxsyc on input line 
106.

(c:/texlive/2022/texmf-dist/tex/latex/newtx/untxsyc.fd
File: untxsyc.fd 2012/04/12 Fontinst v1.933 font definitions for U/ntxsyc.
)
Requested font "ntxsyc" at 14.4pt
 -> c:/texlive/2022/texmf-dist/fonts/tfm/public/newtx/ntxsyc.tfm
Requested font "ntxsyc" at 10.5pt
 -> c:/texlive/2022/texmf-dist/fonts/tfm/public/newtx/ntxsyc.tfm
Requested font "ntxsyc" at 7.9pt
 -> c:/texlive/2022/texmf-dist/fonts/tfm/public/newtx/ntxsyc.tfm
Requested font "ntxexa" at 14.4pt
 -> c:/texlive/2022/texmf-dist/fonts/tfm/public/newtx/ntxexa.tfm
Requested font "ntxexa" at 10.5pt
 -> c:/texlive/2022/texmf-dist/fonts/tfm/public/newtx/ntxexa.tfm
Requested font "ntxexa" at 7.9pt
 -> c:/texlive/2022/texmf-dist/fonts/tfm/public/newtx/ntxexa.tfm
LaTeX Font Info:    Font shape `TU/TeXGyreTermesX(0)/m/sc' will be
(Font)              scaled to size 14.4pt on input line 106.
Requested font "[TeXGyreTermesX-Regular.otf]/OT:script=latn;language=dflt;-ss05
;+tnum;+lnum;+smcp;+pcap;mapping=tex-text;" at 14.4pt
 -> c:/texlive/2022/texmf-dist/fonts/opentype/public/newtx/TeXGyreTermesX-Regul
ar.otf
LaTeX Font Info:    Font shape `TU/TeXGyreTermesX(0)/m/n' will be
(Font)              scaled to size 10.5pt on input line 106.
Requested font "[TeXGyreTermesX-Regular.otf]/OT:script=latn;language=dflt;-ss05
;+tnum;+lnum;mapping=tex-text;" at 10.5pt
 -> c:/texlive/2022/texmf-dist/fonts/opentype/public/newtx/TeXGyreTermesX-Regul
ar.otf
LaTeX Font Info:    Font shape `TU/TeXGyreTermesX(0)/m/n' will be
(Font)              scaled to size 10.0pt on input line 106.
Requested font "[TeXGyreTermesX-Regular.otf]/OT:script=latn;language=dflt;-ss05
;+tnum;+lnum;mapping=tex-text;" at 10.0pt
 -> c:/texlive/2022/texmf-dist/fonts/opentype/public/newtx/TeXGyreTermesX-Regul
ar.otf
Requested font "ntx-Regular-tlf-ot1" at 10.0pt
 -> c:/texlive/2022/texmf-dist/fonts/tfm/public/newtx/ntx-Regular-tlf-ot1.tfm
Requested font "ntx-Regular-tlf-ot1" at 7.3pt
 -> c:/texlive/2022/texmf-dist/fonts/tfm/public/newtx/ntx-Regular-tlf-ot1.tfm
Requested font "ntx-Regular-tlf-ot1" at 5.5pt
 -> c:/texlive/2022/texmf-dist/fonts/tfm/public/newtx/ntx-Regular-tlf-ot1.tfm
Requested font "ntxmi" at 10.0pt
 -> c:/texlive/2022/texmf-dist/fonts/tfm/public/newtx/ntxmi.tfm
Requested font "ntxmi7" at 7.3pt
 -> c:/texlive/2022/texmf-dist/fonts/tfm/public/newtx/ntxmi7.tfm
Requested font "ntxmi5" at 5.5pt
 -> c:/texlive/2022/texmf-dist/fonts/tfm/public/newtx/ntxmi5.tfm
Requested font "ntxsy" at 10.0pt
 -> c:/texlive/2022/texmf-dist/fonts/tfm/public/newtx/ntxsy.tfm
Requested font "ntxsy7" at 7.3pt
 -> c:/texlive/2022/texmf-dist/fonts/tfm/public/newtx/ntxsy7.tfm
Requested font "ntxsy5" at 5.5pt
 -> c:/texlive/2022/texmf-dist/fonts/tfm/public/newtx/ntxsy5.tfm
Requested font "ntxexx" at 10.0pt
 -> c:/texlive/2022/texmf-dist/fonts/tfm/public/newtx/ntxexx.tfm
Requested font "ntxexx" at 7.3pt
 -> c:/texlive/2022/texmf-dist/fonts/tfm/public/newtx/ntxexx.tfm
Requested font "ntxexx" at 5.5pt
 -> c:/texlive/2022/texmf-dist/fonts/tfm/public/newtx/ntxexx.tfm
Requested font "ntxmia" at 10.0pt
 -> c:/texlive/2022/texmf-dist/fonts/tfm/public/newtx/ntxmia.tfm
Requested font "ntxmia" at 7.3pt
 -> c:/texlive/2022/texmf-dist/fonts/tfm/public/newtx/ntxmia.tfm
Requested font "ntxmia" at 5.5pt
 -> c:/texlive/2022/texmf-dist/fonts/tfm/public/newtx/ntxmia.tfm
Requested font "ntxsym" at 10.0pt
 -> c:/texlive/2022/texmf-dist/fonts/tfm/public/newtx/ntxsym.tfm
Requested font "ntxsym" at 7.3pt
 -> c:/texlive/2022/texmf-dist/fonts/tfm/public/newtx/ntxsym.tfm
Requested font "ntxsym" at 5.5pt
 -> c:/texlive/2022/texmf-dist/fonts/tfm/public/newtx/ntxsym.tfm
Requested font "ntxsyc" at 10.0pt
 -> c:/texlive/2022/texmf-dist/fonts/tfm/public/newtx/ntxsyc.tfm
Requested font "ntxsyc" at 7.3pt
 -> c:/texlive/2022/texmf-dist/fonts/tfm/public/newtx/ntxsyc.tfm
Requested font "ntxsyc" at 5.5pt
 -> c:/texlive/2022/texmf-dist/fonts/tfm/public/newtx/ntxsyc.tfm
Requested font "ntxexa" at 10.0pt
 -> c:/texlive/2022/texmf-dist/fonts/tfm/public/newtx/ntxexa.tfm
Requested font "ntxexa" at 7.3pt
 -> c:/texlive/2022/texmf-dist/fonts/tfm/public/newtx/ntxexa.tfm
Requested font "ntxexa" at 5.5pt
 -> c:/texlive/2022/texmf-dist/fonts/tfm/public/newtx/ntxexa.tfm
LaTeX Font Info:    Font shape `TU/TeXGyreTermesX(0)/m/n' will be
(Font)              scaled to size 7.3pt on input line 106.
Requested font "[TeXGyreTermesX-Regular.otf]/OT:script=latn;language=dflt;-ss05
;+tnum;+lnum;mapping=tex-text;" at 7.3pt
 -> c:/texlive/2022/texmf-dist/fonts/opentype/public/newtx/TeXGyreTermesX-Regul
ar.otf
LaTeX Font Info:    Font shape `TU/TeXGyreTermesX(0)/m/n' will be
(Font)              scaled to size 17.28pt on input line 107.
Requested font "[TeXGyreTermesX-Regular.otf]/OT:script=latn;language=dflt;-ss05
;+tnum;+lnum;mapping=tex-text;" at 17.28pt
 -> c:/texlive/2022/texmf-dist/fonts/opentype/public/newtx/TeXGyreTermesX-Regul
ar.otf
LaTeX Font Info:    Font shape `TU/TeXGyreTermesX(0)/b/n' will be
(Font)              scaled to size 17.28pt on input line 107.
Requested font "[TeXGyreTermesX-Bold.otf]/OT:script=latn;language=dflt;-ss05;+t
num;+lnum;mapping=tex-text;" at 17.28pt
 -> c:/texlive/2022/texmf-dist/fonts/opentype/public/newtx/TeXGyreTermesX-Bold.
otf
 [1

]
Requested font "ntx-Regular-tlf-ot1" at 12.0pt
 -> c:/texlive/2022/texmf-dist/fonts/tfm/public/newtx/ntx-Regular-tlf-ot1.tfm
Requested font "ntx-Regular-tlf-ot1" at 8.8pt
 -> c:/texlive/2022/texmf-dist/fonts/tfm/public/newtx/ntx-Regular-tlf-ot1.tfm
Requested font "ntx-Regular-tlf-ot1" at 6.6pt
 -> c:/texlive/2022/texmf-dist/fonts/tfm/public/newtx/ntx-Regular-tlf-ot1.tfm
Requested font "ntxmi" at 12.0pt
 -> c:/texlive/2022/texmf-dist/fonts/tfm/public/newtx/ntxmi.tfm
Requested font "ntxmi" at 8.8pt
 -> c:/texlive/2022/texmf-dist/fonts/tfm/public/newtx/ntxmi.tfm
Requested font "ntxmi7" at 6.6pt
 -> c:/texlive/2022/texmf-dist/fonts/tfm/public/newtx/ntxmi7.tfm
Requested font "ntxsy" at 12.0pt
 -> c:/texlive/2022/texmf-dist/fonts/tfm/public/newtx/ntxsy.tfm
Requested font "ntxsy" at 8.8pt
 -> c:/texlive/2022/texmf-dist/fonts/tfm/public/newtx/ntxsy.tfm
Requested font "ntxsy7" at 6.6pt
 -> c:/texlive/2022/texmf-dist/fonts/tfm/public/newtx/ntxsy7.tfm
Requested font "ntxexx" at 12.0pt
 -> c:/texlive/2022/texmf-dist/fonts/tfm/public/newtx/ntxexx.tfm
Requested font "ntxexx" at 8.8pt
 -> c:/texlive/2022/texmf-dist/fonts/tfm/public/newtx/ntxexx.tfm
Requested font "ntxexx" at 6.6pt
 -> c:/texlive/2022/texmf-dist/fonts/tfm/public/newtx/ntxexx.tfm
Requested font "ntxmia" at 12.0pt
 -> c:/texlive/2022/texmf-dist/fonts/tfm/public/newtx/ntxmia.tfm
Requested font "ntxmia" at 8.8pt
 -> c:/texlive/2022/texmf-dist/fonts/tfm/public/newtx/ntxmia.tfm
Requested font "ntxmia" at 6.6pt
 -> c:/texlive/2022/texmf-dist/fonts/tfm/public/newtx/ntxmia.tfm
Requested font "ntxsym" at 12.0pt
 -> c:/texlive/2022/texmf-dist/fonts/tfm/public/newtx/ntxsym.tfm
Requested font "ntxsym" at 8.8pt
 -> c:/texlive/2022/texmf-dist/fonts/tfm/public/newtx/ntxsym.tfm
Requested font "ntxsym" at 6.6pt
 -> c:/texlive/2022/texmf-dist/fonts/tfm/public/newtx/ntxsym.tfm
Requested font "ntxsyc" at 12.0pt
 -> c:/texlive/2022/texmf-dist/fonts/tfm/public/newtx/ntxsyc.tfm
Requested font "ntxsyc" at 8.8pt
 -> c:/texlive/2022/texmf-dist/fonts/tfm/public/newtx/ntxsyc.tfm
Requested font "ntxsyc" at 6.6pt
 -> c:/texlive/2022/texmf-dist/fonts/tfm/public/newtx/ntxsyc.tfm
Requested font "ntxexa" at 12.0pt
 -> c:/texlive/2022/texmf-dist/fonts/tfm/public/newtx/ntxexa.tfm
Requested font "ntxexa" at 8.8pt
 -> c:/texlive/2022/texmf-dist/fonts/tfm/public/newtx/ntxexa.tfm
Requested font "ntxexa" at 6.6pt
 -> c:/texlive/2022/texmf-dist/fonts/tfm/public/newtx/ntxexa.tfm
File: Fig1_a.eps Graphic file (type eps)
<Fig1_a.eps>
File: Fig1_b.eps Graphic file (type eps)
<Fig1_b.eps>
LaTeX Font Info:    Font shape `TU/TeXGyreTermesX(0)/m/n' will be
(Font)              scaled to size 8.8pt on input line 128.
Requested font "[TeXGyreTermesX-Regular.otf]/OT:script=latn;language=dflt;-ss05
;+tnum;+lnum;mapping=tex-text;" at 8.8pt
 -> c:/texlive/2022/texmf-dist/fonts/opentype/public/newtx/TeXGyreTermesX-Regul
ar.otf
LaTeX Font Info:    Font shape `TU/TeXGyreTermesX(0)/m/n' will be
(Font)              scaled to size 6.6pt on input line 128.
Requested font "[TeXGyreTermesX-Regular.otf]/OT:script=latn;language=dflt;-ss05
;+tnum;+lnum;mapping=tex-text;" at 6.6pt
 -> c:/texlive/2022/texmf-dist/fonts/opentype/public/newtx/TeXGyreTermesX-Regul
ar.otf
 [2] [3] [4]
LaTeX Font Info:    Font shape `TU/TeXGyreTermesX(0)/b/n' will be
(Font)              scaled to size 12.0pt on input line 138.
Requested font "[TeXGyreTermesX-Bold.otf]/OT:script=latn;language=dflt;-ss05;+t
num;+lnum;mapping=tex-text;" at 12.0pt
 -> c:/texlive/2022/texmf-dist/fonts/opentype/public/newtx/TeXGyreTermesX-Bold.
otf


LaTeX Warning: Reference `sec:data' on page 5 undefined on input line 138.


LaTeX Warning: Reference `sec:results' on page 5 undefined on input line 138.

[5]
File: Fig2.eps Graphic file (type eps)
<Fig2.eps>
Requested font "[lmmono12-regular]:" at 12.0pt
 -> c:/texlive/2022/texmf-dist/fonts/opentype/public/lm/lmmono12-regular.otf
 [6] [7]
File: Fig3.eps Graphic file (type eps)
<Fig3.eps>
File: Fig4.eps Graphic file (type eps)
<Fig4.eps>
 [8] [9]
File: Fig5.eps Graphic file (type eps)
<Fig5.eps>
File: Fig6.eps Graphic file (type eps)
<Fig6.eps>

Overfull \hbox (41.41602pt too wide) in paragraph at lines 233--234
[]\TU/TeXGyreTermesX(0)/m/n/12 The solar surface is covered by magnetic patches
 and the atmospheric structures/phenomena
 []

[10] [11]
File: Fig7.eps Graphic file (type eps)
<Fig7.eps>
 [12]
File: Fig8.eps Graphic file (type eps)
<Fig8.eps>
 [13] [14] [15]
(./Complex-Network-View-of-the-Sun's-Magnetic-Patches-I. Identification.bbl
LaTeX Font Info:    Font shape `TU/TeXGyreTermesX(0)/m/it' will be
(Font)              scaled to size 12.0pt on input line 7.
Requested font "[TeXGyreTermesX-Italic.otf]/OT:script=latn;language=dflt;-ss05;
+tnum;+lnum;mapping=tex-text;" at 12.0pt
 -> c:/texlive/2022/texmf-dist/fonts/opentype/public/newtx/TeXGyreTermesX-Itali
c.otf

[16

] [17] [18] [19]) [20]
(./Complex-Network-View-of-the-Sun's-Magnetic-Patches-I. Identification.aux)

LaTeX Warning: There were undefined references.


LaTeX Warning: There were multiply-defined labels.

Package rerunfilecheck Info: File `"Complex-Network-View-of-the-Sun's-Magnetic-
Patches-I. Identification".out' has not changed.
(rerunfilecheck)             Checksum: <no file>.
 ) 
Here is how much of TeX's memory you used:
 20832 strings out of 476179
 427134 string characters out of 5813071
 755217 words of memory out of 5000000
 41274 multiletter control sequences out of 15000+600000
 505251 words of font info for 125 fonts, out of 8000000 for 9000
 1348 hyphenation exceptions out of 8191
 71i,11n,99p,1323b,960s stack positions out of 10000i,1000n,20000p,200000b,200000s

Output written on Complex-Network-View-of-the-Sun's-Magnetic-Patches-I. Identif
ication.pdf (20 pages).
