\BOOKMARK [1][-]{section.1}{Introduction}{}% 1
\BOOKMARK [1][-]{section.2}{Brief survey on co-evolution, autocurricula, and arms races}{}% 2
\BOOKMARK [2][-]{subsection.2.1}{Co-evolution}{section.2}% 3
\BOOKMARK [2][-]{subsection.2.2}{Self-play}{section.2}% 4
\BOOKMARK [2][-]{subsection.2.3}{Adaptation and arms races}{section.2}% 5
\BOOKMARK [2][-]{subsection.2.4}{Curriculum learning \(CL\), automatic CL, and autocurricula}{section.2}% 6
\BOOKMARK [2][-]{subsection.2.5}{Adversarial learning}{section.2}% 7
\BOOKMARK [2][-]{subsection.2.6}{MatrixWorld: lightweight co-evolution environment}{section.2}% 8
\BOOKMARK [1][-]{section.3}{MatrixWorld: Safety-constrained multi-agent pursuit-evasion games}{}% 9
\BOOKMARK [2][-]{subsection.3.1}{Multi-agent-environment interaction model}{section.3}% 10
\BOOKMARK [2][-]{subsection.3.2}{Safety-constrained collision resolution mechanism}{section.3}% 11
\BOOKMARK [2][-]{subsection.3.3}{Pursuit-evasion game variants}{section.3}% 12
\BOOKMARK [2][-]{subsection.3.4}{API}{section.3}% 13
\BOOKMARK [1][-]{section.4}{Experiments}{}% 14
\BOOKMARK [2][-]{subsection.4.1}{Adversarial learning algorithms for pursuit-evasion tasks}{section.4}% 15
\BOOKMARK [2][-]{subsection.4.2}{Experimental setup}{section.4}% 16
\BOOKMARK [2][-]{subsection.4.3}{Autocurricula in co-evolutionary pursuit-evasion tasks}{section.4}% 17
\BOOKMARK [2][-]{subsection.4.4}{General MARL in safe multi-agent coordination scenarios}{section.4}% 18
\BOOKMARK [1][-]{section.5}{Conclusion}{}% 19
\BOOKMARK [1][-]{section*.1}{References}{}% 20
