\BOOKMARK [1][-]{section.1}{\376\377\000O\000v\000e\000r\000v\000i\000e\000w}{}% 1
\BOOKMARK [1][-]{section.2}{\376\377\000A\000\040\000s\000i\000n\000g\000l\000e\000\040\000B\000e\000r\000n\000o\000u\000l\000l\000i\000-\000l\000o\000g\000i\000s\000t\000i\000c\000\040\000u\000n\000i\000t}{}% 2
\BOOKMARK [2][-]{subsection.2.1}{\376\377\000A\000\040\000m\000u\000l\000t\000i\000-\000l\000a\000y\000e\000r\000\040\000n\000e\000t\000w\000o\000r\000k\000\040\000o\000f\000\040\000B\000e\000r\000n\000o\000u\000l\000l\000i\000-\000l\000o\000g\000i\000s\000t\000i\000c\000\040\000u\000n\000i\000t\000s}{section.2}% 3
\BOOKMARK [2][-]{subsection.2.2}{\376\377\000R\000E\000I\000N\000F\000O\000R\000C\000E}{section.2}% 4
\BOOKMARK [2][-]{subsection.2.3}{\376\377\000S\000T\000E\000\040\000B\000a\000c\000k\000p\000r\000o\000p}{section.2}% 5
\BOOKMARK [3][-]{subsubsection.2.3.1}{\376\377\000N\000a\000t\000u\000r\000a\000l\000\040\000E\000x\000t\000e\000n\000s\000i\000o\000n}{subsection.2.3}% 6
\BOOKMARK [2][-]{subsection.2.4}{\376\377\000W\000e\000i\000g\000h\000t\000\040\000M\000a\000x\000i\000m\000i\000z\000a\000t\000i\000o\000n}{section.2}% 7
\BOOKMARK [3][-]{subsubsection.2.4.1}{\376\377\000N\000a\000t\000u\000r\000a\000l\000\040\000E\000x\000t\000e\000n\000s\000i\000o\000n}{subsection.2.4}% 8
\BOOKMARK [2][-]{subsection.2.5}{\376\377\000H\000i\000g\000h\000-\000o\000r\000d\000e\000r\000\040\000W\000e\000i\000g\000h\000t\000\040\000M\000a\000x\000i\000m\000i\000z\000a\000t\000i\000o\000n}{section.2}% 9
\BOOKMARK [3][-]{subsubsection.2.5.1}{\376\377\000N\000a\000t\000u\000r\000a\000l\000\040\000E\000x\000t\000e\000n\000s\000i\000o\000n}{subsection.2.5}% 10
\BOOKMARK [3][-]{subsubsection.2.5.2}{\376\377\000U\000n\000b\000o\000u\000n\000d\000e\000d\000\040\000D\000e\000r\000i\000v\000a\000t\000i\000v\000e\000s}{subsection.2.5}% 11
\BOOKMARK [2][-]{subsection.2.6}{\376\377\000U\000n\000b\000i\000a\000s\000e\000d\000\040\000W\000e\000i\000g\000h\000t\000\040\000M\000a\000x\000i\000m\000i\000z\000a\000t\000i\000o\000n}{section.2}% 12
\BOOKMARK [3][-]{subsubsection.2.6.1}{\376\377\000N\000a\000t\000u\000r\000a\000l\000\040\000E\000x\000t\000e\000n\000s\000i\000o\000n}{subsection.2.6}% 13
\BOOKMARK [2][-]{subsection.2.7}{\376\377\000R\000e\000l\000a\000t\000i\000o\000n\000s\000h\000i\000p\000\040\000b\000e\000t\000w\000e\000e\000n\000\040\000d\000i\000f\000f\000e\000r\000e\000n\000t\000\040\000W\000e\000i\000g\000h\000t\000\040\000M\000a\000x\000i\000m\000i\000z\000a\000t\000i\000o\000n}{section.2}% 14
\BOOKMARK [1][-]{section.3}{\376\377\000E\000x\000p\000e\000r\000i\000m\000e\000n\000t\000s}{}% 15
\BOOKMARK [1][-]{section.4}{\376\377\000D\000i\000s\000c\000u\000s\000s\000i\000o\000n}{}% 16
\BOOKMARK [1][-]{section.5}{\376\377\000A\000f\000t\000e\000r\000w\000o\000r\000d\000:\000\040\000m\000y\000\040\000v\000i\000e\000w\000\040\000o\000n\000\040\000d\000i\000s\000c\000r\000e\000t\000e\000-\000v\000a\000l\000u\000e\000d\000\040\000A\000N\000N\000s}{}% 17
\BOOKMARK [1][-]{section.6}{\376\377\000A\000c\000k\000n\000o\000w\000l\000e\000d\000g\000m\000e\000n\000t}{}% 18
\BOOKMARK [1][-]{appendix.A}{\376\377\000A\000\040\000g\000e\000n\000e\000r\000a\000l\000\040\000f\000o\000r\000m\000u\000l\000a\000\040\000o\000f\000\040\000r\000\050\000p\000\051\000\050\000h\000\051}{}% 19
\BOOKMARK [1][-]{appendix.B}{\376\377\000A\000\040\000g\000e\000n\000e\000r\000a\000l\000\040\000f\000o\000r\000m\000u\000l\000a\000\040\000o\000f\000\040\000\050\000p\000\051\000\050\000x\000\051}{}% 20
\BOOKMARK [1][-]{appendix.C}{\376\377\000A\000d\000d\000i\000t\000i\000o\000n\000a\000l\000\040\000E\000x\000p\000e\000r\000i\000m\000e\000n\000t\000s}{}% 21
\BOOKMARK [2][-]{subsection.C.1}{\376\377\000H\000i\000g\000h\000-\000o\000r\000d\000e\000r\000\040\000W\000e\000i\000g\000h\000t\000\040\000M\000a\000x\000i\000m\000i\000z\000a\000t\000i\000o\000n}{appendix.C}% 22
\BOOKMARK [2][-]{subsection.C.2}{\376\377\000V\000a\000r\000i\000a\000n\000t\000s\000\040\000o\000f\000\040\000u\000n\000b\000i\000a\000s\000e\000d\000\040\000W\000e\000i\000g\000h\000t\000\040\000M\000a\000x\000i\000m\000i\000z\000a\000t\000i\000o\000n}{appendix.C}% 23
\BOOKMARK [2][-]{subsection.C.3}{\376\377\000C\000o\000m\000p\000a\000r\000i\000s\000o\000n\000\040\000w\000i\000t\000h\000\040\000c\000o\000n\000t\000i\000n\000u\000o\000u\000s\000-\000v\000a\000l\000u\000e\000d\000\040\000A\000N\000N\000s}{appendix.C}% 24
\BOOKMARK [2][-]{subsection.C.4}{\376\377\000E\000s\000t\000i\000m\000a\000t\000i\000o\000n\000\040\000b\000i\000a\000s\000\040\000a\000n\000d\000\040\000v\000a\000r\000i\000a\000n\000c\000e\000\040\000o\000f\000\040\000t\000h\000e\000\040\000e\000s\000t\000i\000m\000a\000t\000o\000r\000s}{appendix.C}% 25
