\BOOKMARK [1][-]{section.1}{\376\377\000I\000n\000t\000r\000o\000d\000u\000c\000t\000i\000o\000n}{}% 1
\BOOKMARK [1][-]{section.2}{\376\377\000B\000r\000i\000e\000f\000\040\000s\000u\000r\000v\000e\000y\000\040\000o\000n\000\040\000c\000o\000-\000e\000v\000o\000l\000u\000t\000i\000o\000n\000,\000\040\000a\000u\000t\000o\000c\000u\000r\000r\000i\000c\000u\000l\000a\000,\000\040\000a\000n\000d\000\040\000a\000r\000m\000s\000\040\000r\000a\000c\000e\000s}{}% 2
\BOOKMARK [2][-]{subsection.2.1}{\376\377\000C\000o\000-\000e\000v\000o\000l\000u\000t\000i\000o\000n}{section.2}% 3
\BOOKMARK [2][-]{subsection.2.2}{\376\377\000S\000e\000l\000f\000-\000p\000l\000a\000y}{section.2}% 4
\BOOKMARK [2][-]{subsection.2.3}{\376\377\000A\000d\000a\000p\000t\000a\000t\000i\000o\000n\000\040\000a\000n\000d\000\040\000a\000r\000m\000s\000\040\000r\000a\000c\000e\000s}{section.2}% 5
\BOOKMARK [2][-]{subsection.2.4}{\376\377\000C\000u\000r\000r\000i\000c\000u\000l\000u\000m\000\040\000l\000e\000a\000r\000n\000i\000n\000g\000\040\000\050\000C\000L\000\051\000,\000\040\000a\000u\000t\000o\000m\000a\000t\000i\000c\000\040\000C\000L\000,\000\040\000a\000n\000d\000\040\000a\000u\000t\000o\000c\000u\000r\000r\000i\000c\000u\000l\000a}{section.2}% 6
\BOOKMARK [2][-]{subsection.2.5}{\376\377\000A\000d\000v\000e\000r\000s\000a\000r\000i\000a\000l\000\040\000l\000e\000a\000r\000n\000i\000n\000g}{section.2}% 7
\BOOKMARK [2][-]{subsection.2.6}{\376\377\000M\000a\000t\000r\000i\000x\000W\000o\000r\000l\000d\000:\000\040\000A\000\040\000l\000i\000g\000h\000t\000w\000e\000i\000g\000h\000t\000\040\000c\000o\000-\000e\000v\000o\000l\000u\000t\000i\000o\000n\000\040\000e\000n\000v\000i\000r\000o\000n\000m\000e\000n\000t}{section.2}% 8
\BOOKMARK [1][-]{section.3}{\376\377\000M\000a\000t\000r\000i\000x\000W\000o\000r\000l\000d\000:\000\040\000S\000a\000f\000e\000t\000y\000-\000c\000o\000n\000s\000t\000r\000a\000i\000n\000e\000d\000\040\000m\000u\000l\000t\000i\000-\000a\000g\000e\000n\000t\000\040\000p\000u\000r\000s\000u\000i\000t\000-\000e\000v\000a\000s\000i\000o\000n\000\040\000g\000a\000m\000e\000s}{}% 9
\BOOKMARK [2][-]{subsection.3.1}{\376\377\000M\000u\000l\000t\000i\000-\000a\000g\000e\000n\000t\000-\000e\000n\000v\000i\000r\000o\000n\000m\000e\000n\000t\000\040\000i\000n\000t\000e\000r\000a\000c\000t\000i\000o\000n\000\040\000m\000o\000d\000e\000l}{section.3}% 10
\BOOKMARK [2][-]{subsection.3.2}{\376\377\000S\000a\000f\000e\000t\000y\000-\000c\000o\000n\000s\000t\000r\000a\000i\000n\000e\000d\000\040\000c\000o\000l\000l\000i\000s\000i\000o\000n\000\040\000r\000e\000s\000o\000l\000u\000t\000i\000o\000n\000\040\000m\000e\000c\000h\000a\000n\000i\000s\000m}{section.3}% 11
\BOOKMARK [2][-]{subsection.3.3}{\376\377\000P\000u\000r\000s\000u\000i\000t\000-\000e\000v\000a\000s\000i\000o\000n\000\040\000g\000a\000m\000e\000\040\000v\000a\000r\000i\000a\000n\000t\000s}{section.3}% 12
\BOOKMARK [2][-]{subsection.3.4}{\376\377\000A\000P\000I}{section.3}% 13
\BOOKMARK [1][-]{section.4}{\376\377\000C\000o\000n\000c\000l\000u\000s\000i\000o\000n}{}% 14
\BOOKMARK [1][-]{section.5}{\376\377\000A\000c\000k\000n\000o\000w\000l\000e\000d\000g\000e\000m\000e\000n\000t\000s}{}% 15
\BOOKMARK [1][-]{appendix.A}{\376\377\000E\000x\000p\000e\000r\000i\000m\000e\000n\000t\000s}{}% 16
\BOOKMARK [2][-]{subsection.A.1}{\376\377\000A\000d\000v\000e\000r\000s\000a\000r\000i\000a\000l\000\040\000l\000e\000a\000r\000n\000i\000n\000g\000\040\000a\000l\000g\000o\000r\000i\000t\000h\000m\000s\000\040\000f\000o\000r\000\040\000p\000u\000r\000s\000u\000i\000t\000-\000e\000v\000a\000s\000i\000o\000n\000\040\000t\000a\000s\000k\000s}{appendix.A}% 17
\BOOKMARK [2][-]{subsection.A.2}{\376\377\000E\000x\000p\000e\000r\000i\000m\000e\000n\000t\000a\000l\000\040\000s\000e\000t\000u\000p}{appendix.A}% 18
\BOOKMARK [2][-]{subsection.A.3}{\376\377\000A\000u\000t\000o\000c\000u\000r\000r\000i\000c\000u\000l\000a\000\040\000i\000n\000\040\000c\000o\000-\000e\000v\000o\000l\000u\000t\000i\000o\000n\000a\000r\000y\000\040\000p\000u\000r\000s\000u\000i\000t\000-\000e\000v\000a\000s\000i\000o\000n\000\040\000t\000a\000s\000k\000s}{appendix.A}% 19
\BOOKMARK [2][-]{subsection.A.4}{\376\377\000G\000e\000n\000e\000r\000a\000l\000\040\000M\000A\000R\000L\000\040\000i\000n\000\040\000s\000a\000f\000e\000\040\000m\000u\000l\000t\000i\000-\000a\000g\000e\000n\000t\000\040\000c\000o\000o\000r\000d\000i\000n\000a\000t\000i\000o\000n\000\040\000s\000c\000e\000n\000a\000r\000i\000o\000s}{appendix.A}% 20
