\BOOKMARK [1][-]{section.1}{Introduction}{}% 1
\BOOKMARK [1][-]{section.2}{Modeling cross-layer dependence in multilayer networks}{}% 2
\BOOKMARK [2][-]{subsection.2.1}{Network separable models of multilayer networks}{section.2}% 3
\BOOKMARK [2][-]{subsection.2.2}{Example of a multilayer network with pairwise interactions}{section.2}% 4
\BOOKMARK [1][-]{section.3}{Estimation of cross-layer dependence structure}{}% 5
\BOOKMARK [1][-]{section.4}{Error of the normal approximation and model selection}{}% 6
\BOOKMARK [2][-]{subsection.4.1}{Model selection via univariate testing with FDR control}{section.4}% 7
\BOOKMARK [1][-]{section.5}{Simulation studies}{}% 8
\BOOKMARK [2][-]{subsection.5.1}{Consistency of MPLE}{section.5}% 9
\BOOKMARK [2][-]{subsection.5.2}{Multivariate normality of MPLE and model selection}{section.5}% 10
\BOOKMARK [1][-]{section.6}{Application}{}% 11
\BOOKMARK [1][-]{section.7}{Discussion}{}% 12
\BOOKMARK [1][-]{appendix.A}{Proof of Proposition 1}{}% 13
\BOOKMARK [1][-]{appendix.B}{Proof of Lemma 1}{}% 14
\BOOKMARK [1][-]{appendix.C}{Concentration inequalities for multilayer networks}{}% 15
\BOOKMARK [2][-]{subsection.C.1}{Auxiliary results}{appendix.C}% 16
\BOOKMARK [1][-]{appendix.D}{Proof of Theorem 1}{}% 17
\BOOKMARK [1][-]{appendix.E}{Proposition 2 and proof}{}% 18
\BOOKMARK [1][-]{appendix.F}{Proof of Theorem 2}{}% 19
\BOOKMARK [2][-]{subsection.F.1}{Auxiliary results for proof of Theorem 2}{appendix.F}% 20
\BOOKMARK [1][-]{appendix.G}{Additional simulation results}{}% 21
\BOOKMARK [2][-]{subsection.G.1}{Normal approximation with different basis networks}{appendix.G}% 22
\BOOKMARK [2][-]{subsection.G.2}{Additional results on the false discovery rate}{appendix.G}% 23
