\BOOKMARK [1][-]{section.1}{\376\377\000T\000e\000s\000t\000i\000n\000g\000\040\000p\000r\000o\000c\000e\000d\000u\000r\000e\000\040\000o\000f\000\040\000t\000h\000e\000\040\000m\000o\000d\000e\000l\000\040\000w\000i\000t\000h\000\040\000l\000a\000g\000g\000e\000d\000\040\000i\000d\000i\000o\000s\000y\000n\000c\000r\000a\000t\000i\000c\000\040\000t\000e\000r\000m\000s}{}% 1
\BOOKMARK [1][-]{section.2}{\376\377\000A\000d\000d\000i\000t\000i\000o\000n\000a\000l\000\040\000s\000i\000m\000u\000l\000a\000t\000i\000o\000n\000\040\000r\000e\000s\000u\000l\000t\000s}{}% 2
\BOOKMARK [1][-]{section.3}{\376\377\000A\000d\000d\000i\000t\000i\000o\000n\000a\000l\000\040\000e\000m\000p\000i\000r\000i\000c\000a\000l\000\040\000r\000e\000s\000u\000l\000t\000s}{}% 3
\BOOKMARK [2][-]{subsection.3.1}{\376\377\000M\000a\000c\000r\000o\000\040\000a\000p\000p\000l\000i\000c\000a\000t\000i\000o\000n\000\040\040\024\000\040\000F\000R\000E\000D\000-\000Q\000D}{section.3}% 4
\BOOKMARK [2][-]{subsection.3.2}{\376\377\000F\000i\000n\000a\000n\000c\000e\000\040\000I\000:\000\040\000a\000d\000d\000i\000t\000i\000o\000n\000a\000l\000\040\000d\000e\000t\000a\000i\000l\000s\000\040\000o\000n\000\040\000d\000a\000t\000a\000\040\000a\000n\000d\000\040\000r\000e\000s\000u\000l\000t\000s}{section.3}% 5
\BOOKMARK [2][-]{subsection.3.3}{\376\377\000F\000i\000n\000a\000n\000c\000e\000\040\000I\000I\000:\000\040\000a\000d\000d\000i\000t\000i\000o\000n\000a\000l\000\040\000d\000e\000t\000a\000i\000l\000s\000\040\000o\000n\000\040\000d\000a\000t\000a}{section.3}% 6
\BOOKMARK [1][-]{section.4}{\376\377\000O\000n\000\040\000T\000h\000e\000o\000r\000e\000m\000\040\0001}{}% 7
\BOOKMARK [2][-]{subsection.4.1}{\376\377\000P\000r\000e\000l\000i\000m\000i\000n\000a\000r\000i\000e\000s}{section.4}% 8
\BOOKMARK [2][-]{subsection.4.2}{\376\377\000P\000r\000o\000o\000f\000\040\000o\000f\000\040\000T\000h\000e\000o\000r\000e\000m\000\040\0001}{section.4}% 9
\BOOKMARK [2][-]{subsection.4.3}{\376\377\000A\000u\000x\000i\000l\000i\000a\000r\000y\000\040\000l\000e\000m\000m\000a\000s\000\040\000o\000n\000\040\000d\000i\000s\000t\000r\000i\000b\000u\000t\000i\000o\000n\000s}{section.4}% 10
\BOOKMARK [2][-]{subsection.4.4}{\376\377\000A\000u\000x\000i\000l\000i\000a\000r\000y\000\040\000l\000e\000m\000m\000a\000s\000\040\000o\000n\000\040\000p\000r\000o\000b\000a\000b\000i\000l\000i\000s\000t\000i\000c\000\040\000e\000v\000e\000n\000t\000s}{section.4}% 11
\BOOKMARK [2][-]{subsection.4.5}{\376\377\000A\000u\000x\000i\000l\000i\000a\000r\000y\000\040\000l\000e\000m\000m\000a\000\040\000o\000n\000\040\000s\000e\000q\000u\000e\000n\000c\000e\000s}{section.4}% 12
\BOOKMARK [2][-]{subsection.4.6}{\376\377\000A\000u\000x\000i\000l\000i\000a\000r\000y\000\040\000l\000e\000m\000m\000a\000s\000\040\000o\000n\000\040\000f\000a\000c\000t\000o\000r\000s\000\040\000a\000n\000d\000\040\000l\000o\000a\000d\000i\000n\000g\000s}{section.4}% 13
\BOOKMARK [2][-]{subsection.4.7}{\376\377\000P\000r\000e\000-\000e\000x\000i\000s\000t\000i\000n\000g\000\040\000r\000e\000s\000u\000l\000t\000s\000\040\000o\000n\000\040\000s\000t\000r\000o\000n\000g\000\040\000m\000i\000x\000i\000n\000g\000\040\000s\000e\000q\000u\000e\000n\000c\000e\000s\000\040\000a\000n\000d\000\040\000h\000i\000g\000h\000-\000d\000i\000m\000e\000n\000s\000i\000o\000n\000a\000l\000\040\000G\000a\000u\000s\000s\000i\000a\000n\000\040\000v\000e\000c\000t\000o\000r\000s}{section.4}% 14
\BOOKMARK [3][-]{subsubsection.4.7.1}{\376\377\000R\000e\000s\000u\000l\000t\000s\000\040\000o\000n\000\040\000v\000a\000r\000i\000a\000b\000l\000e\000s\000\040\000w\000i\000t\000h\000\040\000p\000o\000l\000y\000n\000o\000m\000i\000a\000l\000\040\000t\000a\000i\000l\000s}{subsection.4.7}% 15
\BOOKMARK [3][-]{subsubsection.4.7.2}{\376\377\000R\000e\000s\000u\000l\000t\000s\000\040\000o\000n\000\040\000s\000t\000r\000o\000n\000g\000\040\000m\000i\000x\000i\000n\000g\000\040\000s\000e\000q\000u\000e\000n\000c\000e\000s}{subsection.4.7}% 16
\BOOKMARK [3][-]{subsubsection.4.7.3}{\376\377\000R\000e\000s\000u\000l\000t\000s\000\040\000o\000n\000\040\000h\000i\000g\000h\000-\000d\000i\000m\000e\000n\000s\000i\000o\000n\000a\000l\000\040\000G\000a\000u\000s\000s\000i\000a\000n\000\040\000v\000e\000c\000t\000o\000r\000s}{subsection.4.7}% 17
\BOOKMARK [2][-]{subsection.4.8}{\376\377\000O\000n\000\040\000t\000h\000e\000\040\000r\000a\000t\000e\000\040\000c\000o\000n\000d\000i\000t\000i\000o\000n\000\040\000i\000n\000\040\000s\000t\000a\000t\000e\000m\000e\000n\000t\000\040\000\050\000i\000i\000\051\000\040\000o\000f\000\040\000T\000h\000e\000o\000r\000e\000m\000\040\0001\000.}{section.4}% 18
\BOOKMARK [3][-]{subsubsection.4.8.1}{\376\377\000D\000i\000s\000c\000u\000s\000s\000i\000o\000n}{subsection.4.8}% 19
\BOOKMARK [3][-]{subsubsection.4.8.2}{\376\377\000P\000r\000o\000o\000f\000\040\000o\000f\000\040\000L\000e\000m\000m\000a\000\040\000D\000.\0002\0001}{subsection.4.8}% 20
