This is pdfTeX, Version 3.141592653-2.6-1.40.25 (MiKTeX 23.5) (preloaded format=pdflatex 2023.7.7)  10 JUL 2024 16:21
entering extended mode
 restricted \write18 enabled.
 %&-line parsing enabled.
**./supp.tex
(supp.tex
LaTeX2e <2023-06-01> patch level 1
L3 programming layer <2023-06-30>
(C:\Users\u0141550\AppData\Local\Programs\MiKTeX\tex/latex/base\article.cls
Document Class: article 2023/05/17 v1.4n Standard LaTeX document class
(C:\Users\u0141550\AppData\Local\Programs\MiKTeX\tex/latex/base\size12.clo
File: size12.clo 2023/05/17 v1.4n Standard LaTeX file (size option)
)
\c@part=\count185
\c@section=\count186
\c@subsection=\count187
\c@subsubsection=\count188
\c@paragraph=\count189
\c@subparagraph=\count190
\c@figure=\count191
\c@table=\count192
\abovecaptionskip=\skip48
\belowcaptionskip=\skip49
\bibindent=\dimen140
)
(C:\Users\u0141550\AppData\Local\Programs\MiKTeX\tex/latex/amsmath\amsmath.sty
Package: amsmath 2023/05/13 v2.17o AMS math features
\@mathmargin=\skip50

For additional information on amsmath, use the `?' option.
(C:\Users\u0141550\AppData\Local\Programs\MiKTeX\tex/latex/amsmath\amstext.sty
Package: amstext 2021/08/26 v2.01 AMS text

(C:\Users\u0141550\AppData\Local\Programs\MiKTeX\tex/latex/amsmath\amsgen.sty
File: amsgen.sty 1999/11/30 v2.0 generic functions
\@emptytoks=\toks17
\ex@=\dimen141
)) (C:\Users\u0141550\AppData\Local\Programs\MiKTeX\tex/latex/amsmath\amsbsy.st
y
Package: amsbsy 1999/11/29 v1.2d Bold Symbols
\pmbraise@=\dimen142
) (C:\Users\u0141550\AppData\Local\Programs\MiKTeX\tex/latex/amsmath\amsopn.sty
Package: amsopn 2022/04/08 v2.04 operator names
)
\inf@bad=\count193
LaTeX Info: Redefining \frac on input line 234.
\uproot@=\count194
\leftroot@=\count195
LaTeX Info: Redefining \overline on input line 399.
LaTeX Info: Redefining \colon on input line 410.
\classnum@=\count196
\DOTSCASE@=\count197
LaTeX Info: Redefining \ldots on input line 496.
LaTeX Info: Redefining \dots on input line 499.
LaTeX Info: Redefining \cdots on input line 620.
\Mathstrutbox@=\box51
\strutbox@=\box52
LaTeX Info: Redefining \big on input line 722.
LaTeX Info: Redefining \Big on input line 723.
LaTeX Info: Redefining \bigg on input line 724.
LaTeX Info: Redefining \Bigg on input line 725.
\big@size=\dimen143
LaTeX Font Info:    Redeclaring font encoding OML on input line 743.
LaTeX Font Info:    Redeclaring font encoding OMS on input line 744.
\macc@depth=\count198
LaTeX Info: Redefining \bmod on input line 905.
LaTeX Info: Redefining \pmod on input line 910.
LaTeX Info: Redefining \smash on input line 940.
LaTeX Info: Redefining \relbar on input line 970.
LaTeX Info: Redefining \Relbar on input line 971.
\c@MaxMatrixCols=\count199
\dotsspace@=\muskip16
\c@parentequation=\count266
\dspbrk@lvl=\count267
\tag@help=\toks18
\row@=\count268
\column@=\count269
\maxfields@=\count270
\andhelp@=\toks19
\eqnshift@=\dimen144
\alignsep@=\dimen145
\tagshift@=\dimen146
\tagwidth@=\dimen147
\totwidth@=\dimen148
\lineht@=\dimen149
\@envbody=\toks20
\multlinegap=\skip51
\multlinetaggap=\skip52
\mathdisplay@stack=\toks21
LaTeX Info: Redefining \[ on input line 2953.
LaTeX Info: Redefining \] on input line 2954.
)
(C:\Users\u0141550\AppData\Local\Programs\MiKTeX\tex/latex/graphics\graphicx.st
y
Package: graphicx 2021/09/16 v1.2d Enhanced LaTeX Graphics (DPC,SPQR)

(C:\Users\u0141550\AppData\Local\Programs\MiKTeX\tex/latex/graphics\keyval.sty
Package: keyval 2022/05/29 v1.15 key=value parser (DPC)
\KV@toks@=\toks22
)
(C:\Users\u0141550\AppData\Local\Programs\MiKTeX\tex/latex/graphics\graphics.st
y
Package: graphics 2022/03/10 v1.4e Standard LaTeX Graphics (DPC,SPQR)
 (C:\Users\u0141550\AppData\Local\Programs\MiKTeX\tex/latex/graphics\trig.sty
Package: trig 2021/08/11 v1.11 sin cos tan (DPC)
)
(C:\Users\u0141550\AppData\Local\Programs\MiKTeX\tex/latex/graphics-cfg\graphic
s.cfg
File: graphics.cfg 2016/06/04 v1.11 sample graphics configuration
)
Package graphics Info: Driver file: pdftex.def on input line 107.

(C:\Users\u0141550\AppData\Local\Programs\MiKTeX\tex/latex/graphics-def\pdftex.
def
File: pdftex.def 2022/09/22 v1.2b Graphics/color driver for pdftex
))
\Gin@req@height=\dimen150
\Gin@req@width=\dimen151
)
(C:\Users\u0141550\AppData\Local\Programs\MiKTeX\tex/latex/tools\enumerate.sty
Package: enumerate 2015/07/23 v3.00 enumerate extensions (DPC)
\@enLab=\toks23
) (C:\Users\u0141550\AppData\Local\Programs\MiKTeX\tex/latex/natbib\natbib.sty
Package: natbib 2010/09/13 8.31b (PWD, AO)
\bibhang=\skip53
\bibsep=\skip54
LaTeX Info: Redefining \cite on input line 694.
\c@NAT@ctr=\count271
)
(C:\Users\u0141550\AppData\Local\Programs\MiKTeX\tex/latex/tools\array.sty
Package: array 2022/09/04 v2.5g Tabular extension package (FMi)
\col@sep=\dimen152
\ar@mcellbox=\box53
\extrarowheight=\dimen153
\NC@list=\toks24
\extratabsurround=\skip55
\backup@length=\skip56
\ar@cellbox=\box54
)
(C:\Users\u0141550\AppData\Local\Programs\MiKTeX\tex/latex/algorithms\algorithm
ic.sty
Package: algorithmic 2009/08/24 v0.1 Document Style `algorithmic'

(C:\Users\u0141550\AppData\Local\Programs\MiKTeX\tex/latex/base\ifthen.sty
Package: ifthen 2022/04/13 v1.1d Standard LaTeX ifthen package (DPC)
)
\c@ALC@unique=\count272
\c@ALC@line=\count273
\c@ALC@rem=\count274
\c@ALC@depth=\count275
\ALC@tlm=\skip57
\algorithmicindent=\skip58
)
(C:\Users\u0141550\AppData\Local\Programs\MiKTeX\tex/latex/algorithms\algorithm
.sty
Package: algorithm 2009/08/24 v0.1 Document Style `algorithm' - floating enviro
nment
 (C:\Users\u0141550\AppData\Local\Programs\MiKTeX\tex/latex/float\float.sty
Package: float 2001/11/08 v1.3d Float enhancements (AL)
\c@float@type=\count276
\float@exts=\toks25
\float@box=\box55
\@float@everytoks=\toks26
\@floatcapt=\box56
)
\@float@every@algorithm=\toks27
\c@algorithm=\count277
)
(C:\Users\u0141550\AppData\Local\Programs\MiKTeX\tex/latex/mathtools\mathtools.
sty
Package: mathtools 2022/06/29 v1.29 mathematical typesetting tools
 (C:\Users\u0141550\AppData\Local\Programs\MiKTeX\tex/latex/tools\calc.sty
Package: calc 2017/05/25 v4.3 Infix arithmetic (KKT,FJ)
\calc@Acount=\count278
\calc@Bcount=\count279
\calc@Adimen=\dimen154
\calc@Bdimen=\dimen155
\calc@Askip=\skip59
\calc@Bskip=\skip60
LaTeX Info: Redefining \setlength on input line 80.
LaTeX Info: Redefining \addtolength on input line 81.
\calc@Ccount=\count280
\calc@Cskip=\skip61
)
(C:\Users\u0141550\AppData\Local\Programs\MiKTeX\tex/latex/mathtools\mhsetup.st
y
Package: mhsetup 2021/03/18 v1.4 programming setup (MH)
)
\g_MT_multlinerow_int=\count281
\l_MT_multwidth_dim=\dimen156
\origjot=\skip62
\l_MT_shortvdotswithinadjustabove_dim=\dimen157
\l_MT_shortvdotswithinadjustbelow_dim=\dimen158
\l_MT_above_intertext_sep=\dimen159
\l_MT_below_intertext_sep=\dimen160
\l_MT_above_shortintertext_sep=\dimen161
\l_MT_below_shortintertext_sep=\dimen162
\xmathstrut@box=\box57
\xmathstrut@dim=\dimen163
)
(C:\Users\u0141550\AppData\Local\Programs\MiKTeX\tex/latex/etoolbox\etoolbox.st
y
Package: etoolbox 2020/10/05 v2.5k e-TeX tools for LaTeX (JAW)
\etb@tempcnta=\count282
) (C:\Users\u0141550\AppData\Local\Programs\MiKTeX\tex/latex/xcolor\xcolor.sty
Package: xcolor 2022/06/12 v2.14 LaTeX color extensions (UK)

(C:\Users\u0141550\AppData\Local\Programs\MiKTeX\tex/latex/graphics-cfg\color.c
fg
File: color.cfg 2016/01/02 v1.6 sample color configuration
)
Package xcolor Info: Driver file: pdftex.def on input line 227.

(C:\Users\u0141550\AppData\Local\Programs\MiKTeX\tex/latex/graphics\mathcolor.l
tx)
Package xcolor Info: Model `cmy' substituted by `cmy0' on input line 1353.
Package xcolor Info: Model `hsb' substituted by `rgb' on input line 1357.
Package xcolor Info: Model `RGB' extended on input line 1369.
Package xcolor Info: Model `HTML' substituted by `rgb' on input line 1371.
Package xcolor Info: Model `Hsb' substituted by `hsb' on input line 1372.
Package xcolor Info: Model `tHsb' substituted by `hsb' on input line 1373.
Package xcolor Info: Model `HSB' substituted by `hsb' on input line 1374.
Package xcolor Info: Model `Gray' substituted by `gray' on input line 1375.
Package xcolor Info: Model `wave' substituted by `hsb' on input line 1376.
)
(C:\Users\u0141550\AppData\Local\Programs\MiKTeX\tex/latex/caption\caption.sty
Package: caption 2023/03/12 v3.6j Customizing captions (AR)

(C:\Users\u0141550\AppData\Local\Programs\MiKTeX\tex/latex/caption\caption3.sty
Package: caption3 2023/03/12 v2.4 caption3 kernel (AR)
\caption@tempdima=\dimen164
\captionmargin=\dimen165
\caption@leftmargin=\dimen166
\caption@rightmargin=\dimen167
\caption@width=\dimen168
\caption@indent=\dimen169
\caption@parindent=\dimen170
\caption@hangindent=\dimen171
Package caption Info: Standard document class detected.
)
\c@caption@flags=\count283
\c@continuedfloat=\count284
Package caption Info: float package is loaded.
) (C:\Users\u0141550\AppData\Local\Programs\MiKTeX\tex/latex/base\latexsym.sty
Package: latexsym 1998/08/17 v2.2e Standard LaTeX package (lasy symbols)
\symlasy=\mathgroup4
LaTeX Font Info:    Overwriting symbol font `lasy' in version `bold'
(Font)                  U/lasy/m/n --> U/lasy/b/n on input line 52.
)
(C:\Users\u0141550\AppData\Local\Programs\MiKTeX\tex/latex/amsfonts\amssymb.sty
Package: amssymb 2013/01/14 v3.01 AMS font symbols

(C:\Users\u0141550\AppData\Local\Programs\MiKTeX\tex/latex/amsfonts\amsfonts.st
y
Package: amsfonts 2013/01/14 v3.01 Basic AMSFonts support
\symAMSa=\mathgroup5
\symAMSb=\mathgroup6
LaTeX Font Info:    Redeclaring math symbol \hbar on input line 98.
LaTeX Font Info:    Overwriting math alphabet `\mathfrak' in version `bold'
(Font)                  U/euf/m/n --> U/euf/b/n on input line 106.
))
(C:\Users\u0141550\AppData\Local\Programs\MiKTeX\tex/latex/caption\subcaption.s
ty
Package: subcaption 2023/02/19 v1.6 Sub-captions (AR)
Package caption Info: New subtype `subfigure' on input line 239.
\c@subfigure=\count285
Package caption Info: New subtype `subtable' on input line 239.
\c@subtable=\count286
) (C:\Users\u0141550\AppData\Local\Programs\MiKTeX\tex/latex/bbm\bbm.sty
Package: bbm 1999/03/15 V 1.2 provides fonts for set symbols - TH
LaTeX Font Info:    Overwriting math alphabet `\mathbbm' in version `bold'
(Font)                  U/bbm/m/n --> U/bbm/bx/n on input line 33.
LaTeX Font Info:    Overwriting math alphabet `\mathbbmss' in version `bold'
(Font)                  U/bbmss/m/n --> U/bbmss/bx/n on input line 35.
)
(C:\Users\u0141550\AppData\Local\Programs\MiKTeX\tex/latex/tools\bm.sty
Package: bm 2022/01/05 v1.2f Bold Symbol Support (DPC/FMi)
\symboldoperators=\mathgroup7
\symboldletters=\mathgroup8
\symboldsymbols=\mathgroup9
Package bm Info: No bold for \OMX/cmex/m/n, using \pmb.
\symboldlasy=\mathgroup10
Package bm Info: No bold for \U/msa/m/n, using \pmb.
Package bm Info: No bold for \U/msb/m/n, using \pmb.
LaTeX Font Info:    Redeclaring math alphabet \mathbf on input line 149.
)
   defining Unicode char U+2212 (decimal 8722)
\symmathx=\mathgroup11
LaTeX Font Info:    Redeclaring math accent \widehat on input line 56.
\c@Lemma=\count287
\c@Assumption=\count288
\c@Theorem=\count289
\c@Remark=\count290
\c@Corollary=\count291
\c@definition=\count292

(C:\Users\u0141550\AppData\Local\Programs\MiKTeX\tex/latex/hyperref\xr-hyper.st
y
Package: xr-hyper 2023-06-25 v7.01a eXternal References (DPC)
)
Package xr Info: IMPORTING LABELS FROM paper.aux on input line 102.

(C:\Users\u0141550\AppData\Local\Programs\MiKTeX\tex/latex/hyperref\hyperref.st
y
Package: hyperref 2023-06-25 v7.01a Hypertext links for LaTeX

(C:\Users\u0141550\AppData\Local\Programs\MiKTeX\tex/generic/ltxcmds\ltxcmds.st
y
Package: ltxcmds 2020-05-10 v1.25 LaTeX kernel commands for general use (HO)
) (C:\Users\u0141550\AppData\Local\Programs\MiKTeX\tex/generic/iftex\iftex.sty
Package: iftex 2022/02/03 v1.0f TeX engine tests
)
(C:\Users\u0141550\AppData\Local\Programs\MiKTeX\tex/generic/pdftexcmds\pdftexc
mds.sty
Package: pdftexcmds 2020-06-27 v0.33 Utility functions of pdfTeX for LuaTeX (HO
)

(C:\Users\u0141550\AppData\Local\Programs\MiKTeX\tex/generic/infwarerr\infwarer
r.sty
Package: infwarerr 2019/12/03 v1.5 Providing info/warning/error messages (HO)
)
Package pdftexcmds Info: \pdf@primitive is available.
Package pdftexcmds Info: \pdf@ifprimitive is available.
Package pdftexcmds Info: \pdfdraftmode found.
)
(C:\Users\u0141550\AppData\Local\Programs\MiKTeX\tex/latex/kvsetkeys\kvsetkeys.
sty
Package: kvsetkeys 2022-10-05 v1.19 Key value parser (HO)
)
(C:\Users\u0141550\AppData\Local\Programs\MiKTeX\tex/generic/kvdefinekeys\kvdef
inekeys.sty
Package: kvdefinekeys 2019-12-19 v1.6 Define keys (HO)
)
(C:\Users\u0141550\AppData\Local\Programs\MiKTeX\tex/generic/pdfescape\pdfescap
e.sty
Package: pdfescape 2019/12/09 v1.15 Implements pdfTeX's escape features (HO)
)
(C:\Users\u0141550\AppData\Local\Programs\MiKTeX\tex/latex/hycolor\hycolor.sty
Package: hycolor 2020-01-27 v1.10 Color options for hyperref/bookmark (HO)
)
(C:\Users\u0141550\AppData\Local\Programs\MiKTeX\tex/latex/letltxmacro\letltxma
cro.sty
Package: letltxmacro 2019/12/03 v1.6 Let assignment for LaTeX macros (HO)
)
(C:\Users\u0141550\AppData\Local\Programs\MiKTeX\tex/latex/auxhook\auxhook.sty
Package: auxhook 2019-12-17 v1.6 Hooks for auxiliary files (HO)
)
(C:\Users\u0141550\AppData\Local\Programs\MiKTeX\tex/latex/hyperref\nameref.sty
Package: nameref 2023-06-18 v2.52 Cross-referencing by name of section

(C:\Users\u0141550\AppData\Local\Programs\MiKTeX\tex/latex/refcount\refcount.st
y
Package: refcount 2019/12/15 v3.6 Data extraction from label references (HO)
)
(C:\Users\u0141550\AppData\Local\Programs\MiKTeX\tex/generic/gettitlestring\get
titlestring.sty
Package: gettitlestring 2019/12/15 v1.6 Cleanup title references (HO)

(C:\Users\u0141550\AppData\Local\Programs\MiKTeX\tex/latex/kvoptions\kvoptions.
sty
Package: kvoptions 2022-06-15 v3.15 Key value format for package options (HO)
))
\c@section@level=\count293
)
\@linkdim=\dimen172
\Hy@linkcounter=\count294
\Hy@pagecounter=\count295

(C:\Users\u0141550\AppData\Local\Programs\MiKTeX\tex/latex/hyperref\pd1enc.def
File: pd1enc.def 2023-06-25 v7.01a Hyperref: PDFDocEncoding definition (HO)
Now handling font encoding PD1 ...
... no UTF-8 mapping file for font encoding PD1
)
(C:\Users\u0141550\AppData\Local\Programs\MiKTeX\tex/generic/intcalc\intcalc.st
y
Package: intcalc 2019/12/15 v1.3 Expandable calculations with integers (HO)
)
\Hy@SavedSpaceFactor=\count296

(C:\Users\u0141550\AppData\Local\Programs\MiKTeX\tex/latex/hyperref\puenc.def
File: puenc.def 2023-06-25 v7.01a Hyperref: PDF Unicode definition (HO)
Now handling font encoding PU ...
... no UTF-8 mapping file for font encoding PU
)
Package hyperref Info: Option `colorlinks' set `true' on input line 4050.
Package hyperref Info: Hyper figures OFF on input line 4167.
Package hyperref Info: Link nesting OFF on input line 4172.
Package hyperref Info: Hyper index ON on input line 4175.
Package hyperref Info: Plain pages OFF on input line 4182.
Package hyperref Info: Backreferencing OFF on input line 4187.
Package hyperref Info: Implicit mode ON; LaTeX internals redefined.
Package hyperref Info: Bookmarks ON on input line 4434.
\c@Hy@tempcnt=\count297

(C:\Users\u0141550\AppData\Local\Programs\MiKTeX\tex/latex/url\url.sty
\Urlmuskip=\muskip17
Package: url 2013/09/16  ver 3.4  Verb mode for urls, etc.
)
LaTeX Info: Redefining \url on input line 4772.
\XeTeXLinkMargin=\dimen173

(C:\Users\u0141550\AppData\Local\Programs\MiKTeX\tex/generic/bitset\bitset.sty
Package: bitset 2019/12/09 v1.3 Handle bit-vector datatype (HO)

(C:\Users\u0141550\AppData\Local\Programs\MiKTeX\tex/generic/bigintcalc\bigintc
alc.sty
Package: bigintcalc 2019/12/15 v1.5 Expandable calculations on big integers (HO
)
))
\Fld@menulength=\count298
\Field@Width=\dimen174
\Fld@charsize=\dimen175
Package hyperref Info: Hyper figures OFF on input line 6051.
Package hyperref Info: Link nesting OFF on input line 6056.
Package hyperref Info: Hyper index ON on input line 6059.
Package hyperref Info: backreferencing OFF on input line 6066.
Package hyperref Info: Link coloring ON on input line 6069.
Package hyperref Info: Link coloring with OCG OFF on input line 6076.
Package hyperref Info: PDF/A mode OFF on input line 6081.

(C:\Users\u0141550\AppData\Local\Programs\MiKTeX\tex/latex/base\atbegshi-ltx.st
y
Package: atbegshi-ltx 2021/01/10 v1.0c Emulation of the original atbegshi
package with kernel methods
)
\Hy@abspage=\count299
\c@Item=\count300
\c@Hfootnote=\count301
)
Package hyperref Info: Driver (autodetected): hpdftex.

(C:\Users\u0141550\AppData\Local\Programs\MiKTeX\tex/latex/hyperref\hpdftex.def
File: hpdftex.def 2023-06-25 v7.01a Hyperref driver for pdfTeX

(C:\Users\u0141550\AppData\Local\Programs\MiKTeX\tex/latex/base\atveryend-ltx.s
ty
Package: atveryend-ltx 2020/08/19 v1.0a Emulation of the original atveryend pac
kage
with kernel methods
)
\Fld@listcount=\count302
\c@bookmark@seq@number=\count303

(C:\Users\u0141550\AppData\Local\Programs\MiKTeX\tex/latex/rerunfilecheck\rerun
filecheck.sty
Package: rerunfilecheck 2022-07-10 v1.10 Rerun checks for auxiliary files (HO)

(C:\Users\u0141550\AppData\Local\Programs\MiKTeX\tex/generic/uniquecounter\uniq
uecounter.sty
Package: uniquecounter 2019/12/15 v1.4 Provide unlimited unique counter (HO)
)
Package uniquecounter Info: New unique counter `rerunfilecheck' on input line 2
85.
)
\Hy@SectionHShift=\skip63
)
(C:\Users\u0141550\AppData\Local\Programs\MiKTeX\tex/latex/newfloat\newfloat.st
y
Package: newfloat 2019/09/02 v1.1l Defining new floating environments (AR)
Package newfloat Info: Unsupported document class, or \@chapter 
(newfloat)             was already redefined by another package.
Package newfloat Info: \@chapter = macro:->\def \Hy@next {\Hy@MakeCurrentHrefAu
to {\Hy@chapapp *}\Hy@raisedlink {\hyper@anchorstart {\@currentHref }\hyper@anc
horend }}\ifnum \c@secnumdepth >\m@ne \ltx@IfUndefined {if@mainmatter}\iftrue {
\csname if@mainmatter\endcsname }\let \Hy@next \relax \fi \fi \Hy@next \Hy@org@
chapter .
Package newfloat Info: \Hy@org@chapter = macro:[#1]#2->\NR@gettitle {#1}\NR@cha
pter [{#1}]{#2}.
)
(C:\Users\u0141550\AppData\Local\Programs\MiKTeX\tex/latex/tools\longtable.sty
Package: longtable 2021-09-01 v4.17 Multi-page Table package (DPC)
\LTleft=\skip64
\LTright=\skip65
\LTpre=\skip66
\LTpost=\skip67
\LTchunksize=\count304
\LTcapwidth=\dimen176
\LT@head=\box58
\LT@firsthead=\box59
\LT@foot=\box60
\LT@lastfoot=\box61
\LT@gbox=\box62
\LT@cols=\count305
\LT@rows=\count306
\c@LT@tables=\count307
\c@LT@chunks=\count308
\LT@p@ftn=\toks28
) (C:\Users\u0141550\AppData\Local\Programs\MiKTeX\tex/latex/tools\xr.sty
Package: xr 2020-05-10 v5.06 eXternal References (DPC)
)
Package xr Info: IMPORTING LABELS FROM paper.aux on input line 120.

(C:\Users\u0141550\AppData\Local\Programs\MiKTeX\tex/latex/l3backend\l3backend-
pdftex.def
File: l3backend-pdftex.def 2023-04-19 L3 backend support: PDF output (pdfTeX)
\l__color_backend_stack_int=\count309
\l__pdf_internal_box=\box63
) (supp.aux

LaTeX Warning: Label `choicelambda' multiply defined.


LaTeX Warning: Label `24072' multiply defined.

)
\openout1 = `supp.aux'.

LaTeX Font Info:    Checking defaults for OML/cmm/m/it on input line 122.
LaTeX Font Info:    ... okay on input line 122.
LaTeX Font Info:    Checking defaults for OMS/cmsy/m/n on input line 122.
LaTeX Font Info:    ... okay on input line 122.
LaTeX Font Info:    Checking defaults for OT1/cmr/m/n on input line 122.
LaTeX Font Info:    ... okay on input line 122.
LaTeX Font Info:    Checking defaults for T1/cmr/m/n on input line 122.
LaTeX Font Info:    ... okay on input line 122.
LaTeX Font Info:    Checking defaults for TS1/cmr/m/n on input line 122.
LaTeX Font Info:    ... okay on input line 122.
LaTeX Font Info:    Checking defaults for OMX/cmex/m/n on input line 122.
LaTeX Font Info:    ... okay on input line 122.
LaTeX Font Info:    Checking defaults for U/cmr/m/n on input line 122.
LaTeX Font Info:    ... okay on input line 122.
LaTeX Font Info:    Checking defaults for PD1/pdf/m/n on input line 122.
LaTeX Font Info:    ... okay on input line 122.
LaTeX Font Info:    Checking defaults for PU/pdf/m/n on input line 122.
LaTeX Font Info:    ... okay on input line 122.

(C:\Users\u0141550\AppData\Local\Programs\MiKTeX\tex/context/base/mkii\supp-pdf
.mkii
[Loading MPS to PDF converter (version 2006.09.02).]
\scratchcounter=\count310
\scratchdimen=\dimen177
\scratchbox=\box64
\nofMPsegments=\count311
\nofMParguments=\count312
\everyMPshowfont=\toks29
\MPscratchCnt=\count313
\MPscratchDim=\dimen178
\MPnumerator=\count314
\makeMPintoPDFobject=\count315
\everyMPtoPDFconversion=\toks30
)
(C:\Users\u0141550\AppData\Local\Programs\MiKTeX\tex/latex/epstopdf-pkg\epstopd
f-base.sty
Package: epstopdf-base 2020-01-24 v2.11 Base part for package epstopdf
Package epstopdf-base Info: Redefining graphics rule for `.eps' on input line 4
85.

(C:\Users\u0141550\AppData\Local\Programs\MiKTeX\tex/latex/00miktex\epstopdf-sy
s.cfg
File: epstopdf-sys.cfg 2021/03/18 v2.0 Configuration of epstopdf for MiKTeX
))
Package caption Info: Begin \AtBeginDocument code.
Package caption Info: hyperref package is loaded.
Package caption Info: longtable package is loaded.

(C:\Users\u0141550\AppData\Local\Programs\MiKTeX\tex/latex/caption\ltcaption.st
y
Package: ltcaption 2021/01/08 v1.4c longtable captions (AR)
)
Package caption Info: End \AtBeginDocument code.
Package hyperref Info: Link coloring ON on input line 122.
 (supp.out) (supp.out)
\@outlinefile=\write3
\openout3 = `supp.out'.

Package newfloat Info: Trying Plan B...
Package newfloat Info: `float' package detected.
LaTeX Font Info:    Trying to load font information for U+lasy on input line 14
0.

(C:\Users\u0141550\AppData\Local\Programs\MiKTeX\tex/latex/base\ulasy.fd
File: ulasy.fd 1998/08/17 v2.2e LaTeX symbol font definitions
)
LaTeX Font Info:    Trying to load font information for U+msa on input line 140
.

(C:\Users\u0141550\AppData\Local\Programs\MiKTeX\tex/latex/amsfonts\umsa.fd
File: umsa.fd 2013/01/14 v3.01 AMS symbols A
)
LaTeX Font Info:    Trying to load font information for U+msb on input line 140
.

(C:\Users\u0141550\AppData\Local\Programs\MiKTeX\tex/latex/amsfonts\umsb.fd
File: umsb.fd 2013/01/14 v3.01 AMS symbols B
)
LaTeX Font Info:    Font shape `U/lasy/b/n' in size <7> not available
(Font)              Font shape `U/lasy/m/n' tried instead on input line 140.

(supp.toc
LaTeX Font Info:    Font shape `U/lasy/b/n' in size <8> not available
(Font)              Font shape `U/lasy/m/n' tried instead on input line 4.
LaTeX Font Info:    Font shape `U/lasy/b/n' in size <6> not available
(Font)              Font shape `U/lasy/m/n' tried instead on input line 4.

Overfull \hbox (23.56084pt too wide) detected at line 4
 []\OT1/cmr/m/n/12 OA. - 12
 []


Overfull \hbox (23.56084pt too wide) detected at line 5
 []\OT1/cmr/m/n/12 OA. - 12
 []


Overfull \hbox (23.56084pt too wide) detected at line 6
 []\OT1/cmr/m/n/12 OA. - 15
 []


Overfull \hbox (23.56084pt too wide) detected at line 8
 []\OT1/cmr/m/n/12 OA. - 18
 []


Overfull \hbox (23.56084pt too wide) detected at line 9
 []\OT1/cmr/m/n/12 OA. - 21
 []


Overfull \hbox (23.56084pt too wide) detected at line 10
 []\OT1/cmr/m/n/12 OA. - 26
 []


Overfull \hbox (23.56084pt too wide) detected at line 11
 []\OT1/cmr/m/n/12 OA. - 28
 []


Overfull \hbox (23.56084pt too wide) detected at line 12
 []\OT1/cmr/m/n/12 OA. - 32
 []


Overfull \hbox (23.56084pt too wide) detected at line 13
 []\OT1/cmr/m/n/12 OA. - 35
 []


Overfull \hbox (23.56084pt too wide) detected at line 14
 []\OT1/cmr/m/n/12 OA. - 47
 []


Overfull \hbox (23.56084pt too wide) detected at line 15
 []\OT1/cmr/m/n/12 OA. - 48
 []


Overfull \hbox (23.56084pt too wide) detected at line 16
 []\OT1/cmr/m/n/12 OA. - 48
 []


Overfull \hbox (23.56084pt too wide) detected at line 17
 []\OT1/cmr/m/n/12 OA. - 49
 []

[1

{C:/Users/u0141550/AppData/Local/MiKTeX/fonts/map/pdftex/pdftex.map}]
Overfull \hbox (23.56084pt too wide) detected at line 18
 []\OT1/cmr/m/n/12 OA. - 50
 []


Overfull \hbox (23.56084pt too wide) detected at line 19
 []\OT1/cmr/m/n/12 OA. - 50
 []


Overfull \hbox (23.56084pt too wide) detected at line 20
 []\OT1/cmr/m/n/12 OA. - 51
 []

)
\tf@toc=\write4
\openout4 = `supp.toc'.

 [2]
Package hyperref Info: bookmark level for unknown algorithm defaults to 0 on in
put line 202.


LaTeX Warning: `!h' float specifier changed to `!ht'.


LaTeX Warning: `!h' float specifier changed to `!ht'.


LaTeX Warning: `!h' float specifier changed to `!ht'.


LaTeX Warning: `!h' float specifier changed to `!ht'.


LaTeX Warning: `!h' float specifier changed to `!ht'.


LaTeX Warning: `!h' float specifier changed to `!ht'.


LaTeX Warning: `!h' float specifier changed to `!ht'.


LaTeX Warning: `!h' float specifier changed to `!ht'.


LaTeX Warning: `!h' float specifier changed to `!ht'.


LaTeX Warning: `!h' float specifier changed to `!ht'.

[1

] [2] [3] [4] [5] [6] [7] [8] [9] [10] [11]

Package natbib Warning: Citation `mccracken2021fred' on page OA. - 12 undefined
 on input line 558.


Package natbib Warning: Citation `mccracken2021fred' on page OA. - 12 undefined
 on input line 558.


Package natbib Warning: Citation `french2024kenneth' on page OA. - 12 undefined
 on input line 568.


Package natbib Warning: Citation `french2024kenneth' on page OA. - 12 undefined
 on input line 569.


Package natbib Warning: Citation `french2024kenneth' on page OA. - 12 undefined
 on input line 570.


Package natbib Warning: Citation `french2024kenneth' on page OA. - 12 undefined
 on input line 571.


Package natbib Warning: Citation `french2024kenneth' on page OA. - 12 undefined
 on input line 572.


Package natbib Warning: Citation `french2024kenneth' on page OA. - 12 undefined
 on input line 573.


Package natbib Warning: Citation `french2024kenneth' on page OA. - 12 undefined
 on input line 574.


Package natbib Warning: Citation `french2024kenneth' on page OA. - 12 undefined
 on input line 575.


Package natbib Warning: Citation `french2024kenneth' on page OA. - 12 undefined
 on input line 576.


Package natbib Warning: Citation `french2024kenneth' on page OA. - 12 undefined
 on input line 577.


Package natbib Warning: Citation `french2024kenneth' on page OA. - 12 undefined
 on input line 578.


Package natbib Warning: Citation `french2024kenneth' on page OA. - 12 undefined
 on input line 579.


Package natbib Warning: Citation `french2024kenneth' on page OA. - 12 undefined
 on input line 580.


Package natbib Warning: Citation `french2024kenneth' on page OA. - 12 undefined
 on input line 581.


Package natbib Warning: Citation `french2024kenneth' on page OA. - 12 undefined
 on input line 582.


Package natbib Warning: Citation `french2024kenneth' on page OA. - 12 undefined
 on input line 583.


Package natbib Warning: Citation `french2024kenneth' on page OA. - 12 undefined
 on input line 584.


Package natbib Warning: Citation `french2024kenneth' on page OA. - 12 undefined
 on input line 585.


Package natbib Warning: Citation `french2024kenneth' on page OA. - 12 undefined
 on input line 586.


Package natbib Warning: Citation `french2024kenneth' on page OA. - 12 undefined
 on input line 587.


Package natbib Warning: Citation `french2024kenneth' on page OA. - 12 undefined
 on input line 588.


Package natbib Warning: Citation `french2024kenneth' on page OA. - 12 undefined
 on input line 589.


Package natbib Warning: Citation `french2024kenneth' on page OA. - 12 undefined
 on input line 590.


Package natbib Warning: Citation `french2024kenneth' on page OA. - 12 undefined
 on input line 591.


Package natbib Warning: Citation `french2024kenneth' on page OA. - 12 undefined
 on input line 592.


Package natbib Warning: Citation `french2024kenneth' on page OA. - 12 undefined
 on input line 593.


Package natbib Warning: Citation `french2024kenneth' on page OA. - 12 undefined
 on input line 594.


Package natbib Warning: Citation `french2024kenneth' on page OA. - 12 undefined
 on input line 595.


Package natbib Warning: Citation `french2024kenneth' on page OA. - 12 undefined
 on input line 596.


Package natbib Warning: Citation `french2024kenneth' on page OA. - 12 undefined
 on input line 597.


Package natbib Warning: Citation `french2024kenneth' on page OA. - 12 undefined
 on input line 598.


Package natbib Warning: Citation `french2024kenneth' on page OA. - 12 undefined
 on input line 599.


Package natbib Warning: Citation `french2024kenneth' on page OA. - 12 undefined
 on input line 600.


Package natbib Warning: Citation `french2024kenneth' on page OA. - 12 undefined
 on input line 601.


Package natbib Warning: Citation `french2024kenneth' on page OA. - 12 undefined
 on input line 602.


Package natbib Warning: Citation `french2024kenneth' on page OA. - 12 undefined
 on input line 603.


Package natbib Warning: Citation `french2024kenneth' on page OA. - 12 undefined
 on input line 604.


Package natbib Warning: Citation `french2024kenneth' on page OA. - 12 undefined
 on input line 605.


Package natbib Warning: Citation `french2024kenneth' on page OA. - 12 undefined
 on input line 606.


Package natbib Warning: Citation `french2024kenneth' on page OA. - 12 undefined
 on input line 607.


Package natbib Warning: Citation `french2024kenneth' on page OA. - 12 undefined
 on input line 608.


Package natbib Warning: Citation `french2024kenneth' on page OA. - 12 undefined
 on input line 609.


Package natbib Warning: Citation `french2024kenneth' on page OA. - 12 undefined
 on input line 610.


Package natbib Warning: Citation `french2024kenneth' on page OA. - 12 undefined
 on input line 611.


Package natbib Warning: Citation `french2024kenneth' on page OA. - 12 undefined
 on input line 612.


Package natbib Warning: Citation `french2024kenneth' on page OA. - 12 undefined
 on input line 613.


Package natbib Warning: Citation `french2024kenneth' on page OA. - 12 undefined
 on input line 614.


Package natbib Warning: Citation `french2024kenneth' on page OA. - 12 undefined
 on input line 615.


Package natbib Warning: Citation `french2024kenneth' on page OA. - 12 undefined
 on input line 616.

[12

] [13]
LaTeX Font Info:    Font shape `U/lasy/b/n' in size <5> not available
(Font)              Font shape `U/lasy/m/n' tried instead on input line 623.


Package natbib Warning: Citation `french2024kenneth' on page OA. - 14 undefined
 on input line 636.


Package natbib Warning: Citation `french2024kenneth' on page OA. - 14 undefined
 on input line 637.


Package natbib Warning: Citation `french2024kenneth' on page OA. - 14 undefined
 on input line 638.


Package natbib Warning: Citation `french2024kenneth' on page OA. - 14 undefined
 on input line 639.


Package natbib Warning: Citation `french2024kenneth' on page OA. - 14 undefined
 on input line 640.


Package natbib Warning: Citation `french2024kenneth' on page OA. - 14 undefined
 on input line 641.


Package natbib Warning: Citation `french2024kenneth' on page OA. - 14 undefined
 on input line 642.


Package natbib Warning: Citation `french2024kenneth' on page OA. - 14 undefined
 on input line 643.


Package natbib Warning: Citation `french2024kenneth' on page OA. - 14 undefined
 on input line 644.


Package natbib Warning: Citation `french2024kenneth' on page OA. - 14 undefined
 on input line 645.


Overfull \hbox (4.2438pt too wide) in alignment at lines 633--648
 [] [] [] [] 
 []

[14]

Package natbib Warning: Citation `french2024kenneth' on page OA. - 15 undefined
 on input line 659.


Package natbib Warning: Citation `french2024kenneth' on page OA. - 15 undefined
 on input line 660.


Package natbib Warning: Citation `french2024kenneth' on page OA. - 15 undefined
 on input line 661.


Package natbib Warning: Citation `french2024kenneth' on page OA. - 15 undefined
 on input line 662.


Package natbib Warning: Citation `french2024kenneth' on page OA. - 15 undefined
 on input line 663.


Overfull \hbox (44.23254pt too wide) in alignment at lines 656--676
 [] [] [] [] 
 []


Package natbib Warning: Citation `french2024kenneth' on page OA. - 15 undefined
 on input line 731.


Package natbib Warning: Citation `french2024kenneth' on page OA. - 15 undefined
 on input line 731.

[15] [16]

Package natbib Warning: Citation `chernozukhov2013gaussian' on page OA. - 17 un
defined on input line 734.


Package natbib Warning: Citation `chernozhukov2015comparison' on page OA. - 17 
undefined on input line 734.

[17] [18]
Overfull \hbox (27.41936pt too wide) detected at line 785
[]
 []

[19] [20] [21] [22]
Underfull \hbox (badness 10000) in paragraph at lines 866--868

 []

[23] [24]
Overfull \hbox (27.0847pt too wide) detected at line 914
[]
 []

[25] [26]
Underfull \hbox (badness 10000) in paragraph at lines 941--944

 []


Underfull \hbox (badness 10000) in paragraph at lines 956--957

 []


Underfull \hbox (badness 10000) in paragraph at lines 960--963

 []

[27]

Package natbib Warning: Citation `chernozhukov2015comparison' on page OA. - 28 
undefined on input line 972.


Package natbib Warning: Citation `boucheron2013concentration' on page OA. - 28 
undefined on input line 976.


Overfull \hbox (7.66925pt too wide) in paragraph at lines 975--977
\OT1/cmr/m/n/12 By the Gaus-sian max-i-mal in-equal-ity (see e.g., Ex-er-cise 2
.17 in \OT1/cmr/bx/n/12 ?\OT1/cmr/m/n/12 ), it holds that $\U/msb/m/n/12 E [] \
OMS/cmsy/m/n/12 ^^T
 []


Underfull \hbox (badness 10000) in paragraph at lines 980--983

 []

[28]
Underfull \hbox (badness 10000) in paragraph at lines 998--1001

 []


Overfull \hbox (33.92049pt too wide) in paragraph at lines 1016--1017
[]\OT1/cmr/m/n/12 Now, we bound the two terms in []. We start with $[][] []$.
 []


Package natbib Warning: Citation `vershynin2018high' on page OA. - 29 undefined
 on input line 1020.

[29] [30]
Overfull \hbox (55.69893pt too wide) in paragraph at lines 1060--1064
\OT1/cmr/m/n/12 Using the pi-geon-hole prin-ci-ple, [], [] and [], we get $\U/m
sb/m/n/12 P[] [] \OMS/cmsy/m/n/12 ^^T
 []


Underfull \hbox (badness 10000) in paragraph at lines 1065--1066

 []


Overfull \hbox (7.21324pt too wide) detected at line 1076
[]
 []

[31]
Underfull \hbox (badness 10000) in paragraph at lines 1091--1094

 []

[32]
Overfull \hbox (20.40395pt too wide) detected at line 1112
[]
 []

[33]
Underfull \hbox (badness 10000) in paragraph at lines 1115--1117

 []


Underfull \hbox (badness 10000) in paragraph at lines 1118--1119

 []


Underfull \hbox (badness 10000) in paragraph at lines 1125--1126

 []

[34]
Underfull \hbox (badness 10000) in paragraph at lines 1136--1137

 []


Underfull \hbox (badness 10000) in paragraph at lines 1138--1140

 []

[35]
Underfull \hbox (badness 10000) in paragraph at lines 1168--1169

 []


Underfull \hbox (badness 10000) in paragraph at lines 1173--1175

 []

[36]
Underfull \hbox (badness 10000) in paragraph at lines 1179--1181

 []


Underfull \hbox (badness 10000) in paragraph at lines 1199--1200

 []


Underfull \hbox (badness 10000) in paragraph at lines 1201--1202

 []


Underfull \hbox (badness 10000) in paragraph at lines 1203--1204

 []

[37]
Underfull \hbox (badness 10000) in paragraph at lines 1205--1206

 []


Underfull \hbox (badness 10000) in paragraph at lines 1207--1208

 []


Underfull \hbox (badness 10000) in paragraph at lines 1209--1210

 []


Underfull \hbox (badness 10000) in paragraph at lines 1227--1229

 []

[38]
Underfull \hbox (badness 10000) in paragraph at lines 1234--1237

 []

[39]
Underfull \hbox (badness 10000) in paragraph at lines 1260--1263

 []


Underfull \hbox (badness 10000) in paragraph at lines 1272--1275

 []

[40]
Underfull \hbox (badness 10000) in paragraph at lines 1304--1308

 []

[41] [42]
Underfull \hbox (badness 10000) in paragraph at lines 1362--1365

 []

[43] [44] [45]
Overfull \hbox (29.0185pt too wide) in paragraph at lines 1436--1437
[]\OT1/cmr/m/n/12 Let us now bound the sec-ond term on the right-hand side of [
], that is $[][] \OML/cmm/m/it/12 :$
 []

[46]
Underfull \hbox (badness 10000) in paragraph at lines 1471--1474

 []

[47]
Underfull \hbox (badness 10000) in paragraph at lines 1490--1492

 []


Overfull \hbox (11.86281pt too wide) in paragraph at lines 1511--1512
[][]\OT1/cmr/m/it/12 Let $\OML/cmm/m/it/12 S[] \OT1/cmr/m/n/12 = \OML/cmm/m/it/
12 n[] [][] Z[]$\OT1/cmr/m/it/12 , where $\OMS/cmsy/m/n/12 f\OML/cmm/m/it/12 Z[
]\OMS/cmsy/m/n/12 g[]$ \OT1/cmr/m/it/12 is a se-quence of mean-zero $\OML/cmm/m
/it/12 p$\OT1/cmr/m/it/12 -dimensional
 []

[48]
Overfull \hbox (6.46791pt too wide) detected at line 1524
[]
 []


Package natbib Warning: Citation `chernozukhov2013gaussian' on page OA. - 49 un
defined on input line 1528.


Package natbib Warning: Citation `chernozhukov2015comparison' on page OA. - 49 
undefined on input line 1528.

[49]

Package hyperref Warning: Token not allowed in a PDF string (Unicode):
(hyperref)                removing `\hbox' on input line 1541.


Package hyperref Warning: Token not allowed in a PDF string (Unicode):
(hyperref)                removing `\mathsurround' on input line 1541.


Package hyperref Warning: Token not allowed in a PDF string (Unicode):
(hyperref)                removing `\z@' on input line 1541.


Package hyperref Warning: Token not allowed in a PDF string (Unicode):
(hyperref)                removing `\unskip' on input line 1541.


Package hyperref Warning: Token not allowed in a PDF string (Unicode):
(hyperref)                removing `\@@italiccorr' on input line 1541.


Underfull \hbox (badness 10000) in paragraph at lines 1551--1552

 []


Underfull \hbox (badness 10000) in paragraph at lines 1555--1557

 []

[50] [51] (supp.bbl [52])

Package natbib Warning: There were undefined citations.

[53] (supp.aux

Package natbib Warning: Citation(s) may have changed.
(natbib)                Rerun to get citations correct.

)
 ***********
LaTeX2e <2023-06-01> patch level 1
L3 programming layer <2023-06-30>
 ***********


LaTeX Warning: There were multiply-defined labels.

Package rerunfilecheck Info: File `supp.out' has not changed.
(rerunfilecheck)             Checksum: E6D1F852B346B0703C37E946763E8F39;4917.
 ) 
Here is how much of TeX's memory you used:
 14217 strings out of 475551
 224043 string characters out of 5761139
 2016238 words of memory out of 5000000
 34960 multiletter control sequences out of 15000+600000
 577620 words of font info for 111 fonts, out of 8000000 for 9000
 1141 hyphenation exceptions out of 8191
 75i,13n,79p,1245b,668s stack positions out of 10000i,1000n,20000p,200000b,200000s

pdfTeX warning (dest): name{Assumption.2} has been referenced but does not exis
t, replaced by a fixed one


pdfTeX warning (dest): name{Assumption.1} has been referenced but does not exis
t, replaced by a fixed one


pdfTeX warning (dest): name{Assumption.5} has been referenced but does not exis
t, replaced by a fixed one


pdfTeX warning (dest): name{Assumption.4} has been referenced but does not exis
t, replaced by a fixed one


pdfTeX warning (dest): name{Assumption.3} has been referenced but does not exis
t, replaced by a fixed one


pdfTeX warning (dest): name{subsection.5.3} has been referenced but does not ex
ist, replaced by a fixed one


pdfTeX warning (dest): name{algorithm.2} has been referenced but does not exist
, replaced by a fixed one


pdfTeX warning (dest): name{algorithm.1} has been referenced but does not exist
, replaced by a fixed one


pdfTeX warning (dest): name{Theorem.1} has been referenced but does not exist, 
replaced by a fixed one

 <C:\Users\u0141550\AppData\Local\MiKTeX\fonts/pk/ljfour/public/mathabx/dpi480\
mathx10.pk> <C:\Users\u0141550\AppData\Local\MiKTeX\fonts/pk/ljfour/public/math
abx/dpi720\mathx10.pk><C:/Users/u0141550/AppData/Local/Programs/MiKTeX/fonts/ty
pe1/public/amsfonts/cm/cmbx10.pfb><C:/Users/u0141550/AppData/Local/Programs/MiK
TeX/fonts/type1/public/amsfonts/cm/cmbx12.pfb><C:/Users/u0141550/AppData/Local/
Programs/MiKTeX/fonts/type1/public/amsfonts/cm/cmex10.pfb><C:/Users/u0141550/Ap
pData/Local/Programs/MiKTeX/fonts/type1/public/amsfonts/cmextra/cmex8.pfb><C:/U
sers/u0141550/AppData/Local/Programs/MiKTeX/fonts/type1/public/amsfonts/cm/cmmi
12.pfb><C:/Users/u0141550/AppData/Local/Programs/MiKTeX/fonts/type1/public/amsf
onts/cm/cmmi6.pfb><C:/Users/u0141550/AppData/Local/Programs/MiKTeX/fonts/type1/
public/amsfonts/cm/cmmi8.pfb><C:/Users/u0141550/AppData/Local/Programs/MiKTeX/f
onts/type1/public/amsfonts/cm/cmr10.pfb><C:/Users/u0141550/AppData/Local/Progra
ms/MiKTeX/fonts/type1/public/amsfonts/cm/cmr12.pfb><C:/Users/u0141550/AppData/L
ocal/Programs/MiKTeX/fonts/type1/public/amsfonts/cm/cmr17.pfb><C:/Users/u014155
0/AppData/Local/Programs/MiKTeX/fonts/type1/public/amsfonts/cm/cmr6.pfb><C:/Use
rs/u0141550/AppData/Local/Programs/MiKTeX/fonts/type1/public/amsfonts/cm/cmr8.p
fb><C:/Users/u0141550/AppData/Local/Programs/MiKTeX/fonts/type1/public/amsfonts
/cm/cmsy10.pfb><C:/Users/u0141550/AppData/Local/Programs/MiKTeX/fonts/type1/pub
lic/amsfonts/cm/cmsy6.pfb><C:/Users/u0141550/AppData/Local/Programs/MiKTeX/font
s/type1/public/amsfonts/cm/cmsy7.pfb><C:/Users/u0141550/AppData/Local/Programs/
MiKTeX/fonts/type1/public/amsfonts/cm/cmsy8.pfb><C:/Users/u0141550/AppData/Loca
l/Programs/MiKTeX/fonts/type1/public/amsfonts/cm/cmti12.pfb><C:/Users/u0141550/
AppData/Local/Programs/MiKTeX/fonts/type1/public/amsfonts/latxfont/lasy10.pfb><
C:/Users/u0141550/AppData/Local/Programs/MiKTeX/fonts/type1/public/amsfonts/sym
bols/msbm10.pfb>
Output written on supp.pdf (55 pages, 566017 bytes).
PDF statistics:
 1209 PDF objects out of 1440 (max. 8388607)
 263 named destinations out of 1000 (max. 500000)
 161 words of extra memory for PDF output out of 10000 (max. 10000000)

