\BOOKMARK [1][-]{section.1}{Introduction}{}% 1
\BOOKMARK [1][-]{section.2}{Formulation of the problem}{}% 2
\BOOKMARK [2][-]{subsection.2.1}{Description of the problem}{section.2}% 3
\BOOKMARK [2][-]{subsection.2.2}{Governing equations}{section.2}% 4
\BOOKMARK [1][-]{section.3}{Lubrication theory}{}% 5
\BOOKMARK [1][-]{section.4}{Forces on the bubble}{}% 6
\BOOKMARK [2][-]{subsection.4.1}{Viscous stress and pressure distribution}{section.4}% 7
\BOOKMARK [2][-]{subsection.4.2}{Lubrication forces}{section.4}% 8
\BOOKMARK [2][-]{subsection.4.3}{Determination of the O\(1\) contribution to the force}{section.4}% 9
\BOOKMARK [1][-]{section.5}{Some applications to bubble dynamics}{}% 10
\BOOKMARK [2][-]{subsection.5.1}{Bubble translating toward a free surface under the action of gravity}{section.5}% 11
\BOOKMARK [2][-]{subsection.5.2}{Dynamics of two growing bubbles}{section.5}% 12
\BOOKMARK [1][-]{section.6}{Discussion}{}% 13
\BOOKMARK [1][-]{appendix.A}{Appendix A}{}% 14
\BOOKMARK [2][-]{subsection.A.1}{Pressure distribution}{appendix.A}% 15
\BOOKMARK [2][-]{subsection.A.2}{Lubrication force}{appendix.A}% 16
\BOOKMARK [1][-]{appendix.B}{Appendix B}{}% 17
\BOOKMARK [2][-]{subsection.B.1}{Two identical droplets with equal speed}{appendix.B}% 18
\BOOKMARK [2][-]{subsection.B.2}{Two identical bubbles with time-dependent radii}{appendix.B}% 19
\BOOKMARK [1][-]{appendix.C}{Appendix C}{}% 20
