\BOOKMARK [1][-]{section.1}{\376\377\000I\000n\000t\000r\000o\000d\000u\000c\000t\000i\000o\000n}{}% 1
\BOOKMARK [1][-]{section.2}{\376\377\000P\000h\000o\000t\000o\000n\000\040\000t\000o\000\040\000d\000a\000r\000k\000\040\000p\000h\000o\000t\000o\000n\000\040\000c\000o\000n\000v\000e\000r\000s\000i\000o\000n}{}% 2
\BOOKMARK [2][-]{subsection.2.1}{\376\377\000R\000e\000s\000o\000n\000a\000n\000t\000\040\000c\000o\000n\000v\000e\000r\000s\000i\000o\000n\000\040\000p\000r\000o\000b\000a\000b\000i\000l\000i\000t\000y}{section.2}% 3
\BOOKMARK [2][-]{subsection.2.2}{\376\377\000P\000h\000o\000t\000o\000n\000\040\000t\000o\000\040\000d\000a\000r\000k\000\040\000p\000h\000o\000t\000o\000n\000\040\000c\000o\000n\000v\000e\000r\000s\000i\000o\000n\000\040\000i\000n\000\040\000n\000o\000n\000-\000l\000i\000n\000e\000a\000r\000\040\000s\000t\000r\000u\000c\000t\000u\000r\000e}{section.2}% 4
\BOOKMARK [1][-]{section.3}{\376\377\000T\000h\000e\000\040\000p\000h\000o\000t\000o\000n\000\040\000t\000o\000\040\000d\000a\000r\000k\000\040\000p\000h\000o\000t\000o\000n\000\040\000c\000o\000n\000v\000e\000r\000s\000i\000o\000n\000\040\000m\000o\000n\000o\000p\000o\000l\000e}{}% 5
\BOOKMARK [2][-]{subsection.3.1}{\376\377\000C\000o\000n\000t\000r\000i\000b\000u\000t\000i\000o\000n\000\040\000f\000r\000o\000m\000\040\000t\000h\000e\000\040\000M\000i\000l\000k\000y\000\040\000W\000a\000y}{section.3}% 6
\BOOKMARK [1][-]{section.4}{\376\377\000P\000a\000t\000c\000h\000y\000\040\000d\000a\000r\000k\000\040\000s\000c\000r\000e\000e\000n\000i\000n\000g}{}% 7
\BOOKMARK [2][-]{subsection.4.1}{\376\377\000A\000n\000i\000s\000o\000t\000r\000o\000p\000i\000c\000\040\000s\000c\000r\000e\000e\000n\000i\000n\000g}{section.4}% 8
\BOOKMARK [2][-]{subsection.4.2}{\376\377\000P\000a\000t\000c\000h\000y\000\040\000d\000a\000r\000k\000\040\000s\000c\000r\000e\000e\000n\000i\000n\000g\000\040\000o\000f\000\040\000t\000h\000e\000\040\000C\000M\000B}{section.4}% 9
\BOOKMARK [2][-]{subsection.4.3}{\376\377\000D\000a\000r\000k\000\040\000s\000c\000r\000e\000e\000n\000i\000n\000g\000\040\000a\000u\000t\000o\000-\000c\000o\000r\000r\000e\000l\000a\000t\000i\000o\000n\000\040\000f\000u\000n\000c\000t\000i\000o\000n\000s}{section.4}% 10
\BOOKMARK [1][-]{section.5}{\376\377\000C\000r\000o\000s\000s\000-\000c\000o\000r\000r\000e\000l\000a\000t\000i\000n\000g\000\040\000d\000a\000r\000k\000\040\000s\000c\000r\000e\000e\000n\000i\000n\000g}{}% 11
\BOOKMARK [2][-]{subsection.5.1}{\376\377\000T\000w\000o\000-\000p\000o\000i\000n\000t\000\040\000c\000r\000o\000s\000s\000-\000c\000o\000r\000r\000e\000l\000a\000t\000i\000o\000n}{section.5}% 12
\BOOKMARK [2][-]{subsection.5.2}{\376\377\000C\000o\000r\000r\000e\000l\000a\000t\000i\000n\000g\000\040\000p\000a\000t\000c\000h\000y\000\040\000d\000a\000r\000k\000\040\000s\000c\000r\000e\000e\000n\000i\000n\000g\000\040\000w\000i\000t\000h\000\040\000L\000S\000S}{section.5}% 13
\BOOKMARK [2][-]{subsection.5.3}{\376\377\000R\000e\000c\000o\000n\000s\000t\000r\000u\000c\000t\000i\000o\000n}{section.5}% 14
\BOOKMARK [2][-]{subsection.5.4}{\376\377\000T\000h\000r\000e\000e\000-\000p\000o\000i\000n\000t\000\040\000c\000o\000r\000r\000e\000l\000a\000t\000i\000o\000n\000\040\000f\000u\000n\000c\000t\000i\000o\000n\000s}{section.5}% 15
\BOOKMARK [1][-]{section.6}{\376\377\000F\000o\000r\000e\000c\000a\000s\000t}{}% 16
\BOOKMARK [2][-]{subsection.6.1}{\376\377\000F\000I\000R\000A\000S\000\040\000b\000o\000u\000n\000d\000s}{section.6}% 17
\BOOKMARK [2][-]{subsection.6.2}{\376\377\000F\000o\000r\000e\000c\000a\000s\000t\000\040\000a\000s\000s\000u\000m\000p\000t\000i\000o\000n\000s\000\040\000f\000o\000r\000\040\000C\000M\000B\000\040\000a\000n\000i\000s\000o\000t\000r\000o\000p\000y\000\040\000e\000x\000p\000e\000r\000i\000m\000e\000n\000t\000s}{section.6}% 18
\BOOKMARK [2][-]{subsection.6.3}{\376\377\000C\000M\000B\000\040\000a\000u\000t\000o\000-\000c\000o\000r\000r\000e\000l\000a\000t\000i\000o\000n}{section.6}% 19
\BOOKMARK [2][-]{subsection.6.4}{\376\377\000C\000M\000B\000\040\000c\000r\000o\000s\000s\000-\000c\000o\000r\000r\000e\000l\000a\000t\000i\000o\000n\000\040\000w\000i\000t\000h\000\040\000a\000\040\000c\000o\000n\000v\000e\000r\000s\000i\000o\000n\000\040\000t\000e\000m\000p\000l\000a\000t\000e}{section.6}% 20
\BOOKMARK [2][-]{subsection.6.5}{\376\377\000C\000o\000r\000r\000e\000l\000a\000t\000i\000o\000n\000s\000\040\000w\000i\000t\000h\000\040\000T\000h\000o\000m\000s\000o\000n\000\040\000s\000c\000r\000e\000e\000n\000i\000n\000g\000,\000\040\000t\000h\000e\000\040\000b\000i\000s\000p\000e\000c\000t\000r\000u\000m\000\040\000a\000n\000d\000\040\000r\000e\000c\000o\000n\000s\000t\000r\000u\000c\000t\000i\000o\000n}{section.6}% 21
\BOOKMARK [1][-]{section.7}{\376\377\000C\000o\000n\000c\000l\000u\000s\000i\000o\000n\000\040\000a\000n\000d\000\040\000r\000e\000m\000a\000r\000k\000s}{}% 22
\BOOKMARK [1][-]{appendix.A}{\376\377\000M\000o\000d\000e\000l\000i\000n\000g\000\040\000d\000a\000r\000k\000\040\000s\000c\000r\000e\000e\000n\000i\000n\000g\000\040\000i\000n\000\040\000a\000\040\000d\000a\000r\000k\000\040\000m\000a\000t\000t\000e\000r\000\040\000h\000a\000l\000o}{}% 23
\BOOKMARK [2][-]{subsection.A.1}{\376\377\000D\000a\000r\000k\000\040\000m\000a\000t\000t\000e\000r\000\040\000h\000a\000l\000o\000\040\000m\000o\000d\000e\000l\000s}{appendix.A}% 24
\BOOKMARK [2][-]{subsection.A.2}{\376\377\000C\000h\000a\000r\000g\000e\000d\000\040\000p\000a\000r\000t\000i\000c\000l\000e\000\040\000d\000e\000n\000s\000i\000t\000y\000\040\000p\000r\000o\000f\000i\000l\000e\000s}{appendix.A}% 25
\BOOKMARK [1][-]{appendix.B}{\376\377\000C\000o\000r\000r\000e\000l\000a\000t\000i\000o\000n\000\040\000f\000u\000n\000c\000t\000i\000o\000n\000s\000\040\000o\000f\000\040\000d\000a\000r\000k\000\040\000s\000c\000r\000e\000e\000n\000i\000n\000g}{}% 26
\BOOKMARK [2][-]{subsection.B.1}{\376\377\000O\000n\000e\000-\000h\000a\000l\000o\000\040\000t\000e\000r\000m}{appendix.B}% 27
\BOOKMARK [2][-]{subsection.B.2}{\376\377\000T\000w\000o\000-\000h\000a\000l\000o\000\040\000t\000e\000r\000m}{appendix.B}% 28
\BOOKMARK [1][-]{appendix.C}{\376\377\000T\000w\000o\000-\000p\000o\000i\000n\000t\000\040\000c\000o\000r\000r\000e\000l\000a\000t\000o\000r\000s\000\040\000a\000n\000d\000\040\000q\000u\000a\000d\000r\000a\000t\000i\000c\000\040\000e\000s\000t\000i\000m\000a\000t\000o\000r\000s}{}% 29
