\BOOKMARK [1][-]{section.1}{Introduction}{}% 1
\BOOKMARK [1][-]{section.2}{Problem Statement}{}% 2
\BOOKMARK [1][-]{section.3}{A Novel Update of a Nominal Stabilizing SOF Controller}{}% 3
\BOOKMARK [2][-]{subsection.3.1}{Motivation}{section.3}% 4
\BOOKMARK [3][-]{subsubsection.3.1.1}{Lower bound}{subsection.3.1}% 5
\BOOKMARK [3][-]{subsubsection.3.1.2}{Upper bound}{subsection.3.1}% 6
\BOOKMARK [3][-]{subsubsection.3.1.3}{Exact value}{subsection.3.1}% 7
\BOOKMARK [2][-]{subsection.3.2}{Main idea}{section.3}% 8
\BOOKMARK [1][-]{section.4}{Main Results}{}% 9
\BOOKMARK [2][-]{subsection.4.1}{Known norm-bounded perturbation}{section.4}% 10
\BOOKMARK [3][-]{subsubsection.4.1.1}{Norm-bounded perturbation analytic parameterization}{subsection.4.1}% 11
\BOOKMARK [3][-]{subsubsection.4.1.2}{The guaranteed stability region analytic characterization}{subsection.4.1}% 12
\BOOKMARK [2][-]{subsection.4.2}{Unknown norm-bounded perturbation}{section.4}% 13
\BOOKMARK [3][-]{subsubsection.4.2.1}{The guaranteed stability region mathematical characterization}{subsection.4.2}% 14
\BOOKMARK [3][-]{subsubsection.4.2.2}{Non-fragility-based robust update}{subsection.4.2}% 15
\BOOKMARK [1][-]{section.5}{Numerical Simulations}{}% 16
\BOOKMARK [2][-]{subsection.5.1}{Known norm-bounded perturbation}{section.5}% 17
\BOOKMARK [2][-]{subsection.5.2}{Unknown norm-bounded perturbation}{section.5}% 18
\BOOKMARK [1][-]{section.6}{Concluding Remarks}{}% 19
\BOOKMARK [1][-]{section*.1}{References}{}% 20
\BOOKMARK [1][-]{section*.2}{Appendix A: Proof of Lemma 1}{}% 21
\BOOKMARK [1][-]{section*.3}{Appendix B: Proof of Proposition 1}{}% 22
\BOOKMARK [1][-]{section*.4}{Appendix C: Proof of Proposition 2}{}% 23
\BOOKMARK [1][-]{section*.5}{Appendix D: Proof of Proposition 3}{}% 24
\BOOKMARK [1][-]{section*.6}{Appendix E: Proof of Lemma 2}{}% 25
\BOOKMARK [1][-]{section*.7}{Appendix F: Proof of Proposition 4}{}% 26
