\BOOKMARK [1][-]{section.1}{\376\377\000I\000n\000t\000r\000o\000d\000u\000c\000t\000i\000o\000n}{}% 1
\BOOKMARK [1][-]{section.2}{\376\377\000L\000i\000t\000e\000r\000a\000t\000e\000\040\000S\000t\000u\000d\000y\000\040\000R\000e\000s\000e\000a\000r\000c\000h\000\040\000M\000e\000t\000h\000o\000d\000o\000l\000o\000g\000y}{}% 2
\BOOKMARK [2][-]{subsection.2.1}{\376\377\000R\000e\000v\000i\000e\000w\000\040\000P\000r\000o\000t\000o\000c\000o\000l}{section.2}% 3
\BOOKMARK [2][-]{subsection.2.2}{\376\377\000S\000e\000a\000r\000c\000h\000\040\000S\000p\000a\000c\000e\000\040\000S\000e\000l\000e\000c\000t\000i\000o\000n}{section.2}% 4
\BOOKMARK [2][-]{subsection.2.3}{\376\377\000S\000t\000u\000d\000y\000\040\000S\000e\000l\000e\000c\000t\000i\000o\000n\000\040\000C\000r\000i\000t\000e\000r\000i\000a}{section.2}% 5
\BOOKMARK [2][-]{subsection.2.4}{\376\377\000S\000t\000u\000d\000y\000\040\000A\000n\000a\000l\000y\000s\000i\000s}{section.2}% 6
\BOOKMARK [2][-]{subsection.2.5}{\376\377\000L\000i\000m\000i\000t\000a\000t\000i\000o\000n\000s}{section.2}% 7
\BOOKMARK [1][-]{section.3}{\376\377\000B\000a\000c\000k\000g\000r\000o\000u\000n\000d}{}% 8
\BOOKMARK [2][-]{subsection.3.1}{\376\377\000F\000l\000a\000s\000h\000\040\000S\000t\000o\000r\000a\000g\000e\000\040\000B\000u\000i\000l\000d\000i\000n\000g\000\040\000B\000l\000o\000c\000k\000:\000\040\000F\000l\000a\000s\000h\000\040\000C\000e\000l\000l\000s}{section.3}% 9
\BOOKMARK [2][-]{subsection.3.2}{\376\377\000B\000u\000i\000l\000d\000i\000n\000g\000\040\000M\000a\000s\000s\000\040\000S\000t\000o\000r\000a\000g\000e\000\040\000S\000S\000D\000\040\000w\000i\000t\000h\000\040\000F\000l\000a\000s\000h\000\040\000C\000e\000l\000l\000s}{section.3}% 10
\BOOKMARK [2][-]{subsection.3.3}{\376\377\000I\000n\000c\000r\000e\000a\000s\000i\000n\000g\000\040\000F\000l\000a\000s\000h\000\040\000S\000S\000D\000\040\000P\000e\000r\000f\000o\000r\000m\000a\000n\000c\000e}{section.3}% 11
\BOOKMARK [2][-]{subsection.3.4}{\376\377\000H\000i\000d\000i\000n\000g\000\040\000F\000l\000a\000s\000h\000\040\000M\000a\000n\000a\000g\000e\000m\000e\000n\000t\000\040\000I\000d\000i\000o\000s\000y\000n\000c\000r\000a\000s\000i\000e\000s\000\040\000o\000n\000\040\000t\000h\000e\000\040\000S\000S\000D}{section.3}% 12
\BOOKMARK [2][-]{subsection.3.5}{\376\377\000Z\000o\000n\000e\000d\000\040\000N\000a\000m\000e\000s\000p\000a\000c\000e\000\040\000S\000S\000D}{section.3}% 13
\BOOKMARK [2][-]{subsection.3.6}{\376\377\000F\0002\000F\000S\000:\000\040\000F\000l\000a\000s\000h\000-\000F\000r\000i\000e\000n\000d\000l\000y\000\040\000F\000i\000l\000e\000\040\000S\000y\000s\000t\000e\000m}{section.3}% 14
\BOOKMARK [3][-]{subsubsection.3.6.1}{\376\377\000F\0002\000F\000S\000\040\000D\000a\000t\000a\000\040\000L\000a\000y\000o\000u\000t}{subsection.3.6}% 15
\BOOKMARK [3][-]{subsubsection.3.6.2}{\376\377\000F\0002\000F\000S\000\040\000G\000a\000r\000b\000a\000g\000e\000\040\000C\000o\000l\000l\000e\000c\000t\000i\000o\000n}{subsection.3.6}% 16
\BOOKMARK [3][-]{subsubsection.3.6.3}{\376\377\000A\000l\000i\000g\000n\000i\000n\000g\000\040\000F\0002\000F\000S\000\040\000D\000a\000t\000a\000\040\000L\000a\000y\000o\000u\000t\000\040\000w\000i\000t\000h\000\040\000t\000h\000e\000\040\000F\000T\000L}{subsection.3.6}% 17
\BOOKMARK [2][-]{subsection.3.7}{\376\377\000S\000u\000m\000m\000a\000r\000y}{section.3}% 18
\BOOKMARK [1][-]{section.4}{\376\377\000F\000l\000a\000s\000h\000\040\000S\000t\000o\000r\000a\000g\000e\000\040\000I\000n\000t\000e\000g\000r\000a\000t\000i\000o\000n\000s}{}% 19
\BOOKMARK [1][-]{section.5}{\376\377\000C\000h\000a\000l\000l\000e\000n\000g\000e\000s\000\040\000o\000f\000\040\000F\000l\000a\000s\000h\000\040\000S\000t\000o\000r\000a\000g\000e\000\040\000I\000n\000t\000e\000g\000r\000a\000t\000i\000o\000n}{}% 20
\BOOKMARK [2][-]{subsection.5.1}{\376\377\000F\000l\000a\000s\000h\000\040\000I\000n\000t\000e\000g\000r\000a\000t\000i\000o\000n\000\040\000O\000r\000g\000a\000n\000i\000z\000a\000t\000i\000o\000n}{section.5}% 21
\BOOKMARK [1][-]{section.6}{\376\377\000f\000i\000c\000-\0001\000:\000\040\000A\000s\000y\000m\000m\000e\000t\000r\000i\000c\000\040\000R\000e\000a\000d\000\040\000a\000n\000d\000\040\000W\000r\000i\000t\000e\000\040\000P\000e\000r\000f\000o\000r\000m\000a\000n\000c\000e}{}% 22
\BOOKMARK [2][-]{subsection.6.1}{\376\377\000W\000r\000i\000t\000e\000\040\000O\000p\000t\000i\000m\000i\000z\000e\000d\000\040\000D\000a\000t\000a\000\040\000S\000t\000r\000u\000c\000t\000u\000r\000e\000s}{section.6}% 23
\BOOKMARK [2][-]{subsection.6.2}{\376\377\000W\000r\000i\000t\000e\000\040\000B\000u\000f\000f\000e\000r\000i\000n\000g}{section.6}% 24
\BOOKMARK [2][-]{subsection.6.3}{\376\377\000R\000e\000d\000u\000c\000i\000n\000g\000\040\000W\000r\000i\000t\000e\000\040\000T\000r\000a\000f\000f\000i\000c}{section.6}% 25
\BOOKMARK [3][-]{subsubsection.6.3.1}{\376\377\000D\000e\000d\000u\000p\000l\000i\000c\000a\000t\000i\000o\000n}{subsection.6.3}% 26
\BOOKMARK [3][-]{subsubsection.6.3.2}{\376\377\000C\000o\000m\000p\000r\000e\000s\000s\000i\000o\000n}{subsection.6.3}% 27
\BOOKMARK [3][-]{subsubsection.6.3.3}{\376\377\000D\000e\000l\000t\000a\000-\000E\000n\000c\000o\000d\000i\000n\000g}{subsection.6.3}% 28
\BOOKMARK [3][-]{subsubsection.6.3.4}{\376\377\000V\000i\000r\000t\000u\000a\000l\000i\000z\000a\000t\000i\000o\000n}{subsection.6.3}% 29
\BOOKMARK [2][-]{subsection.6.4}{\376\377\000F\000l\000a\000s\000h\000\040\000D\000u\000a\000l\000\040\000M\000o\000d\000e\000\040\000S\000w\000i\000t\000c\000h\000i\000n\000g}{section.6}% 30
\BOOKMARK [2][-]{subsection.6.5}{\376\377\000S\000u\000m\000m\000a\000r\000y}{section.6}% 31
\BOOKMARK [1][-]{section.7}{\376\377\000f\000i\000c\000-\0002\000:\000\040\000G\000a\000r\000b\000a\000g\000e\000\040\000C\000o\000l\000l\000e\000c\000t\000i\000o\000n}{}% 32
\BOOKMARK [2][-]{subsection.7.1}{\376\377\000A\000l\000i\000g\000n\000i\000n\000g\000\040\000t\000h\000e\000\040\000A\000l\000l\000o\000c\000a\000t\000i\000o\000n\000\040\000U\000n\000i\000t}{section.7}% 33
\BOOKMARK [2][-]{subsection.7.2}{\376\377\000D\000a\000t\000a\000\040\000G\000r\000o\000u\000p\000i\000n\000g}{section.7}% 34
\BOOKMARK [3][-]{subsubsection.7.2.1}{\376\377\000D\000a\000t\000a\000\040\000T\000y\000p\000e\000\040\000G\000r\000o\000u\000p\000i\000n\000g}{subsection.7.2}% 35
\BOOKMARK [3][-]{subsubsection.7.2.2}{\376\377\000D\000y\000n\000a\000m\000i\000c\000\040\000G\000r\000o\000u\000p\000i\000n\000g}{subsection.7.2}% 36
\BOOKMARK [3][-]{subsubsection.7.2.3}{\376\377\000l\000b\000a\000\040\000H\000o\000t\000n\000e\000s\000s\000\040\000C\000l\000a\000s\000s\000i\000f\000i\000c\000a\000t\000i\000o\000n}{subsection.7.2}% 37
\BOOKMARK [2][-]{subsection.7.3}{\376\377\000G\000a\000r\000b\000a\000g\000e\000\040\000C\000o\000l\000l\000e\000c\000t\000i\000o\000n\000\040\000P\000o\000l\000i\000c\000i\000e\000s}{section.7}% 38
\BOOKMARK [2][-]{subsection.7.4}{\376\377\000C\000o\000o\000r\000d\000i\000n\000a\000t\000i\000n\000g\000\040\000t\000h\000e\000\040\000S\000o\000f\000t\000w\000a\000r\000e\000\040\000S\000t\000a\000c\000k\000\040\000L\000a\000y\000e\000r\000s}{section.7}% 39
\BOOKMARK [2][-]{subsection.7.5}{\376\377\000S\000u\000m\000m\000a\000r\000y}{section.7}% 40
\BOOKMARK [1][-]{section.8}{\376\377\000F\000I\000C\000-\0003\000:\000\040\000i\000o\000\040\000A\000m\000p\000l\000i\000f\000i\000c\000a\000t\000i\000o\000n}{}% 41
\BOOKMARK [2][-]{subsection.8.1}{\376\377\000S\000p\000a\000c\000e\000\040\000O\000p\000t\000i\000m\000i\000z\000e\000d\000\040\000D\000a\000t\000a\000\040\000S\000t\000r\000u\000c\000t\000u\000r\000e\000s}{section.8}% 42
\BOOKMARK [2][-]{subsection.8.2}{\376\377\000C\000o\000a\000r\000s\000e\000\040\000G\000r\000a\000n\000u\000l\000a\000r\000i\000t\000y\000\040\000F\000l\000a\000s\000h\000\040\000M\000a\000p\000p\000i\000n\000g\000s}{section.8}% 43
\BOOKMARK [2][-]{subsection.8.3}{\376\377\000R\000e\000v\000e\000r\000s\000e\000\040\000I\000n\000d\000e\000x\000i\000n\000g}{section.8}% 44
\BOOKMARK [2][-]{subsection.8.4}{\376\377\000S\000u\000m\000m\000a\000r\000y}{section.8}% 45
\BOOKMARK [1][-]{section.9}{\376\377\000F\000I\000C\000-\0004\000:\000\040\000F\000l\000a\000s\000h\000\040\000P\000a\000r\000a\000l\000l\000e\000l\000i\000s\000m}{}% 46
\BOOKMARK [2][-]{subsection.9.1}{\376\377\000C\000l\000u\000s\000t\000e\000r\000e\000d\000\040\000A\000l\000l\000o\000c\000a\000t\000i\000o\000n\000\040\000\046\000\040\000S\000t\000r\000i\000p\000i\000n\000g}{section.9}% 47
\BOOKMARK [2][-]{subsection.9.2}{\376\377\000C\000o\000n\000c\000u\000r\000r\000e\000n\000c\000y}{section.9}% 48
\BOOKMARK [2][-]{subsection.9.3}{\376\377\000S\000u\000m\000m\000a\000r\000y}{section.9}% 49
\BOOKMARK [1][-]{section.10}{\376\377\000F\000I\000C\000-\0005\000:\000\040\000W\000e\000a\000r\000\040\000L\000e\000v\000e\000l\000i\000n\000g}{}% 50
\BOOKMARK [2][-]{subsection.10.1}{\376\377\000W\000r\000i\000t\000e\000\040\000L\000e\000v\000e\000l\000i\000n\000g}{section.10}% 51
\BOOKMARK [2][-]{subsection.10.2}{\376\377\000R\000e\000a\000d\000\040\000L\000e\000v\000e\000l\000i\000n\000g}{section.10}% 52
\BOOKMARK [2][-]{subsection.10.3}{\376\377\000S\000u\000m\000m\000a\000r\000y}{section.10}% 53
\BOOKMARK [1][-]{section.11}{\376\377\000F\000I\000C\000-\0006\000:\000\040\000i\000o\000\040\000M\000a\000n\000a\000g\000e\000m\000e\000n\000t}{}% 54
\BOOKMARK [2][-]{subsection.11.1}{\376\377\000i\000o\000\040\000O\000p\000e\000r\000a\000t\000i\000o\000n\000s}{section.11}% 55
\BOOKMARK [2][-]{subsection.11.2}{\376\377\000i\000o\000\040\000S\000c\000h\000e\000d\000u\000l\000e\000r}{section.11}% 56
\BOOKMARK [2][-]{subsection.11.3}{\376\377\000i\000o\000\040\000P\000a\000t\000h\000\040\000-\000\040\000U\000s\000e\000r\000-\000S\000p\000a\000c\000e\000\040\000F\000i\000l\000e\000\040\000S\000y\000s\000t\000e\000m\000s}{section.11}% 57
\BOOKMARK [2][-]{subsection.11.4}{\376\377\000S\000u\000m\000m\000a\000r\000y\000.}{section.11}% 58
\BOOKMARK [1][-]{section.12}{\376\377\000F\000a\000i\000l\000u\000r\000e\000\040\000C\000o\000n\000s\000i\000s\000t\000e\000n\000t\000\040\000O\000p\000e\000r\000a\000t\000i\000o\000n\000s}{}% 59
\BOOKMARK [2][-]{subsection.12.1}{\376\377\000A\000t\000o\000m\000i\000c\000\040\000W\000r\000i\000t\000e\000s}{section.12}% 60
\BOOKMARK [2][-]{subsection.12.2}{\376\377\000T\000r\000a\000n\000s\000a\000c\000t\000i\000o\000n\000s}{section.12}% 61
\BOOKMARK [2][-]{subsection.12.3}{\376\377\000F\000l\000a\000s\000h\000\040\000F\000a\000i\000l\000u\000r\000e\000s}{section.12}% 62
\BOOKMARK [2][-]{subsection.12.4}{\376\377\000S\000u\000m\000m\000a\000r\000y}{section.12}% 63
\BOOKMARK [1][-]{section.13}{\376\377\000D\000i\000s\000c\000u\000s\000s\000i\000o\000n}{}% 64
\BOOKMARK [1][-]{section.14}{\376\377\000R\000e\000l\000a\000t\000e\000d\000\040\000W\000o\000r\000k}{}% 65
\BOOKMARK [1][-]{section.15}{\376\377\000C\000o\000n\000c\000l\000u\000s\000i\000o\000n}{}% 66
