\BOOKMARK [1][-]{section.1}{\376\377\000I\000n\000t\000r\000o\000d\000u\000c\000t\000i\000o\000n}{}% 1
\BOOKMARK [1][-]{section.2}{\376\377\000B\000a\000c\000k\000g\000r\000o\000u\000n\000d}{}% 2
\BOOKMARK [2][-]{subsection.2.1}{\376\377\000A\000\040\000r\000e\000v\000i\000e\000w\000\040\000o\000f\000\040\000d\000a\000t\000a\000\040\000t\000h\000i\000n\000n\000i\000n\000g}{section.2}% 3
\BOOKMARK [2][-]{subsection.2.2}{\376\377\000N\000e\000g\000a\000t\000i\000v\000e\000\040\000b\000i\000n\000o\000m\000i\000a\000l\000\040\000m\000o\000d\000e\000l\000s\000\040\000f\000o\000r\000\040\000s\000c\000R\000N\000A\000-\000s\000e\000q\000\040\000d\000a\000t\000a}{section.2}% 4
\BOOKMARK [1][-]{section.3}{\376\377\000N\000e\000g\000a\000t\000i\000v\000e\000\040\000b\000i\000n\000o\000m\000i\000a\000l\000\040\000c\000o\000u\000n\000t\000\040\000s\000p\000l\000i\000t\000t\000i\000n\000g}{}% 5
\BOOKMARK [2][-]{subsection.3.1}{\376\377\000A\000l\000g\000o\000r\000i\000t\000h\000m\000\040\000a\000n\000d\000\040\000m\000a\000i\000n\000\040\000r\000e\000s\000u\000l\000t}{section.3}% 6
\BOOKMARK [2][-]{subsection.3.2}{\376\377\000T\000h\000e\000\040\000r\000o\000l\000e\000\040\000o\000f\000\040\000t\000h\000e\000\040\000p\000a\000r\000a\000m\000e\000t\000e\000r\000\040\000b\000j\000'}{section.3}% 7
\BOOKMARK [2][-]{subsection.3.3}{\376\377\000T\000h\000e\000\040\000r\000o\000l\000e\000\040\000o\000f\000\040\000t\000h\000e\000\040\000p\000a\000r\000a\000m\000e\000t\000e\000r\000s\000\040\0001\000,\040\046\000,\000M}{section.3}% 8
\BOOKMARK [1][-]{section.4}{\376\377\000S\000i\000m\000u\000l\000a\000t\000i\000o\000n\000\040\000S\000t\000u\000d\000y}{}% 9
\BOOKMARK [2][-]{subsection.4.1}{\376\377\000D\000a\000t\000a\000\040\000g\000e\000n\000e\000r\000a\000t\000i\000n\000g\000\040\000m\000e\000c\000h\000a\000n\000i\000s\000m}{section.4}% 10
\BOOKMARK [2][-]{subsection.4.2}{\376\377\000S\000e\000l\000e\000c\000t\000i\000n\000g\000\040\000t\000h\000e\000\040\000n\000u\000m\000b\000e\000r\000\040\000o\000f\000\040\000c\000l\000u\000s\000t\000e\000r\000s}{section.4}% 11
\BOOKMARK [3][-]{subsubsection.4.2.1}{\376\377\000M\000e\000t\000h\000o\000d\000s}{subsection.4.2}% 12
\BOOKMARK [3][-]{subsubsection.4.2.2}{\376\377\000R\000e\000s\000u\000l\000t\000s}{subsection.4.2}% 13
\BOOKMARK [2][-]{subsection.4.3}{\376\377\000T\000e\000s\000t\000i\000n\000g\000\040\000f\000o\000r\000\040\000d\000i\000f\000f\000e\000r\000e\000n\000t\000i\000a\000l\000\040\000e\000x\000p\000r\000e\000s\000s\000i\000o\000n}{section.4}% 14
\BOOKMARK [3][-]{subsubsection.4.3.1}{\376\377\000M\000e\000t\000h\000o\000d\000s}{subsection.4.3}% 15
\BOOKMARK [3][-]{subsubsection.4.3.2}{\376\377\000R\000e\000s\000u\000l\000t\000s}{subsection.4.3}% 16
\BOOKMARK [1][-]{section.5}{\376\377\000A\000p\000p\000l\000i\000c\000a\000t\000i\000o\000n\000\040\000t\000o\000\040\000f\000e\000t\000a\000l\000\040\000c\000e\000l\000l\000\040\000a\000t\000l\000a\000s\000\040\000d\000a\000t\000a}{}% 17
\BOOKMARK [1][-]{section.6}{\376\377\000D\000i\000s\000c\000u\000s\000s\000i\000o\000n}{}% 18
\BOOKMARK [1][-]{appendix.A}{\376\377\000I\000m\000p\000l\000e\000m\000e\000n\000t\000a\000t\000i\000o\000n\000\040\000d\000e\000t\000a\000i\000l\000s\000\040\000f\000o\000r\000\040\000F\000i\000g\000u\000r\000e\000\040\0001}{}% 19
\BOOKMARK [1][-]{appendix.B}{\376\377\000P\000r\000o\000o\000f\000s\000\040\000f\000o\000r\000\040\000S\000e\000c\000t\000i\000o\000n\000\040\0003}{}% 20
\BOOKMARK [2][-]{subsection.B.1}{\376\377\000P\000r\000o\000o\000f\000\040\000o\000f\000\040\000T\000h\000e\000o\000r\000e\000m\000\040\0002}{appendix.B}% 21
\BOOKMARK [2][-]{subsection.B.2}{\376\377\000P\000r\000o\000o\000f\000\040\000o\000f\000\040\000T\000h\000e\000o\000r\000e\000m\000\040\0003}{appendix.B}% 22
\BOOKMARK [2][-]{subsection.B.3}{\376\377\000P\000r\000o\000o\000f\000\040\000o\000f\000\040\000T\000h\000e\000o\000r\000e\000m\000\040\0004}{appendix.B}% 23
\BOOKMARK [2][-]{subsection.B.4}{\376\377\000P\000r\000o\000o\000f\000\040\000o\000f\000\040\000T\000h\000e\000o\000r\000e\000m\000\040\0005}{appendix.B}% 24
\BOOKMARK [1][-]{appendix.C}{\376\377\000I\000m\000p\000l\000e\000m\000e\000n\000t\000a\000t\000i\000o\000n\000\040\000d\000e\000t\000a\000i\000l\000s\000\040\000f\000o\000r\000\040\000S\000e\000c\000t\000i\000o\000n\000\040\0004}{}% 25
\BOOKMARK [1][-]{appendix.D}{\376\377\000I\000m\000p\000l\000e\000m\000e\000n\000t\000a\000t\000i\000o\000n\000\040\000d\000e\000t\000a\000i\000l\000s\000\040\000f\000o\000r\000\040\000S\000e\000c\000t\000i\000o\000n\000\040\0005}{}% 26
