This is pdfTeX, Version 3.14159265-2.6-1.40.16 (MiKTeX 2.9) (preloaded format=pdflatex 2018.4.9)  10 APR 2018 16:27
entering extended mode
**./POISSON.tex
(POISSON.tex
LaTeX2e <2015/10/01> patch level 2
Babel <3.9n> and hyphenation patterns for 69 languages loaded.
("F:\WinEdt 10\miktex\tex\latex\ieeetran\IEEEtran.cls"
Document Class: IEEEtran 2015/08/26 V1.8b by Michael Shell
-- See the "IEEEtran_HOWTO" manual for usage information.
-- http://www.michaelshell.org/tex/ieeetran/
\@IEEEtrantmpdimenA=\dimen102
\@IEEEtrantmpdimenB=\dimen103
\@IEEEtrantmpdimenC=\dimen104
\@IEEEtrantmpcountA=\count79
\@IEEEtrantmpcountB=\count80
\@IEEEtrantmpcountC=\count81
\@IEEEtrantmptoksA=\toks14
LaTeX Font Info:    Try loading font information for OT1+ptm on input line 503.

("F:\WinEdt 10\miktex\tex\latex\psnfss\ot1ptm.fd"
File: ot1ptm.fd 2001/06/04 font definitions for OT1/ptm.
)
-- Using 8.5in x 11in (letter) paper.
-- Using PDF output.
\@IEEEnormalsizeunitybaselineskip=\dimen105
-- This is a 10 point document.
\CLASSINFOnormalsizebaselineskip=\dimen106
\CLASSINFOnormalsizeunitybaselineskip=\dimen107
\IEEEnormaljot=\dimen108
LaTeX Font Info:    Font shape `OT1/ptm/bx/n' in size <5> not available
(Font)              Font shape `OT1/ptm/b/n' tried instead on input line 1090.
LaTeX Font Info:    Font shape `OT1/ptm/bx/it' in size <5> not available
(Font)              Font shape `OT1/ptm/b/it' tried instead on input line 1090.

LaTeX Font Info:    Font shape `OT1/ptm/bx/n' in size <7> not available
(Font)              Font shape `OT1/ptm/b/n' tried instead on input line 1090.
LaTeX Font Info:    Font shape `OT1/ptm/bx/it' in size <7> not available
(Font)              Font shape `OT1/ptm/b/it' tried instead on input line 1090.

LaTeX Font Info:    Font shape `OT1/ptm/bx/n' in size <8> not available
(Font)              Font shape `OT1/ptm/b/n' tried instead on input line 1090.
LaTeX Font Info:    Font shape `OT1/ptm/bx/it' in size <8> not available
(Font)              Font shape `OT1/ptm/b/it' tried instead on input line 1090.

LaTeX Font Info:    Font shape `OT1/ptm/bx/n' in size <9> not available
(Font)              Font shape `OT1/ptm/b/n' tried instead on input line 1090.
LaTeX Font Info:    Font shape `OT1/ptm/bx/it' in size <9> not available
(Font)              Font shape `OT1/ptm/b/it' tried instead on input line 1090.

LaTeX Font Info:    Font shape `OT1/ptm/bx/n' in size <10> not available
(Font)              Font shape `OT1/ptm/b/n' tried instead on input line 1090.
LaTeX Font Info:    Font shape `OT1/ptm/bx/it' in size <10> not available
(Font)              Font shape `OT1/ptm/b/it' tried instead on input line 1090.

LaTeX Font Info:    Font shape `OT1/ptm/bx/n' in size <11> not available
(Font)              Font shape `OT1/ptm/b/n' tried instead on input line 1090.
LaTeX Font Info:    Font shape `OT1/ptm/bx/it' in size <11> not available
(Font)              Font shape `OT1/ptm/b/it' tried instead on input line 1090.

LaTeX Font Info:    Font shape `OT1/ptm/bx/n' in size <12> not available
(Font)              Font shape `OT1/ptm/b/n' tried instead on input line 1090.
LaTeX Font Info:    Font shape `OT1/ptm/bx/it' in size <12> not available
(Font)              Font shape `OT1/ptm/b/it' tried instead on input line 1090.

LaTeX Font Info:    Font shape `OT1/ptm/bx/n' in size <17> not available
(Font)              Font shape `OT1/ptm/b/n' tried instead on input line 1090.
LaTeX Font Info:    Font shape `OT1/ptm/bx/it' in size <17> not available
(Font)              Font shape `OT1/ptm/b/it' tried instead on input line 1090.

LaTeX Font Info:    Font shape `OT1/ptm/bx/n' in size <20> not available
(Font)              Font shape `OT1/ptm/b/n' tried instead on input line 1090.
LaTeX Font Info:    Font shape `OT1/ptm/bx/it' in size <20> not available
(Font)              Font shape `OT1/ptm/b/it' tried instead on input line 1090.

LaTeX Font Info:    Font shape `OT1/ptm/bx/n' in size <24> not available
(Font)              Font shape `OT1/ptm/b/n' tried instead on input line 1090.
LaTeX Font Info:    Font shape `OT1/ptm/bx/it' in size <24> not available
(Font)              Font shape `OT1/ptm/b/it' tried instead on input line 1090.

\IEEEquantizedlength=\dimen109
\IEEEquantizedlengthdiff=\dimen110
\IEEEquantizedtextheightdiff=\dimen111
\IEEEilabelindentA=\dimen112
\IEEEilabelindentB=\dimen113
\IEEEilabelindent=\dimen114
\IEEEelabelindent=\dimen115
\IEEEdlabelindent=\dimen116
\IEEElabelindent=\dimen117
\IEEEiednormlabelsep=\dimen118
\IEEEiedmathlabelsep=\dimen119
\IEEEiedtopsep=\skip41
\c@section=\count82
\c@subsection=\count83
\c@subsubsection=\count84
\c@paragraph=\count85
\c@IEEEsubequation=\count86
\abovecaptionskip=\skip42
\belowcaptionskip=\skip43
\c@figure=\count87
\c@table=\count88
\@IEEEeqnnumcols=\count89
\@IEEEeqncolcnt=\count90
\@IEEEsubeqnnumrollback=\count91
\@IEEEquantizeheightA=\dimen120
\@IEEEquantizeheightB=\dimen121
\@IEEEquantizeheightC=\dimen122
\@IEEEquantizeprevdepth=\dimen123
\@IEEEquantizemultiple=\count92
\@IEEEquantizeboxA=\box26
\@IEEEtmpitemindent=\dimen124
\IEEEPARstartletwidth=\dimen125
\c@IEEEbiography=\count93
\@IEEEtranrubishbin=\box27
) ("F:\WinEdt 10\miktex\tex\latex\graphics\color.sty"
Package: color 2014/10/28 v1.1a Standard LaTeX Color (DPC)

("F:\WinEdt 10\miktex\tex\latex\00miktex\color.cfg"
File: color.cfg 2007/01/18 v1.5 color configuration of teTeX/TeXLive
)
Package color Info: Driver file: pdftex.def on input line 142.

("F:\WinEdt 10\miktex\tex\latex\pdftex-def\pdftex.def"
File: pdftex.def 2011/05/27 v0.06d Graphics/color for pdfTeX

("F:\WinEdt 10\miktex\tex\generic\oberdiek\infwarerr.sty"
Package: infwarerr 2010/04/08 v1.3 Providing info/warning/error messages (HO)
)
("F:\WinEdt 10\miktex\tex\generic\oberdiek\ltxcmds.sty"
Package: ltxcmds 2011/11/09 v1.22 LaTeX kernel commands for general use (HO)
)
\Gread@gobject=\count94
))
("F:\WinEdt 10\miktex\tex\latex\amsmath\amsmath.sty"
Package: amsmath 2013/01/14 v2.14 AMS math features
\@mathmargin=\skip44

For additional information on amsmath, use the `?' option.
("F:\WinEdt 10\miktex\tex\latex\amsmath\amstext.sty"
Package: amstext 2000/06/29 v2.01

("F:\WinEdt 10\miktex\tex\latex\amsmath\amsgen.sty"
File: amsgen.sty 1999/11/30 v2.0
\@emptytoks=\toks15
\ex@=\dimen126
))
("F:\WinEdt 10\miktex\tex\latex\amsmath\amsbsy.sty"
Package: amsbsy 1999/11/29 v1.2d
\pmbraise@=\dimen127
)
("F:\WinEdt 10\miktex\tex\latex\amsmath\amsopn.sty"
Package: amsopn 1999/12/14 v2.01 operator names
)
\inf@bad=\count95
LaTeX Info: Redefining \frac on input line 210.
\uproot@=\count96
\leftroot@=\count97
LaTeX Info: Redefining \overline on input line 306.
\classnum@=\count98
\DOTSCASE@=\count99
LaTeX Info: Redefining \ldots on input line 378.
LaTeX Info: Redefining \dots on input line 381.
LaTeX Info: Redefining \cdots on input line 466.
\Mathstrutbox@=\box28
\strutbox@=\box29
\big@size=\dimen128
LaTeX Font Info:    Redeclaring font encoding OML on input line 566.
LaTeX Font Info:    Redeclaring font encoding OMS on input line 567.
\macc@depth=\count100
\c@MaxMatrixCols=\count101
\dotsspace@=\muskip10
\c@parentequation=\count102
\dspbrk@lvl=\count103
\tag@help=\toks16
\row@=\count104
\column@=\count105
\maxfields@=\count106
\andhelp@=\toks17
\eqnshift@=\dimen129
\alignsep@=\dimen130
\tagshift@=\dimen131
\tagwidth@=\dimen132
\totwidth@=\dimen133
\lineht@=\dimen134
\@envbody=\toks18
\multlinegap=\skip45
\multlinetaggap=\skip46
\mathdisplay@stack=\toks19
LaTeX Info: Redefining \[ on input line 2665.
LaTeX Info: Redefining \] on input line 2666.
)
("F:\WinEdt 10\miktex\tex\latex\amsfonts\amssymb.sty"
Package: amssymb 2013/01/14 v3.01 AMS font symbols

("F:\WinEdt 10\miktex\tex\latex\amsfonts\amsfonts.sty"
Package: amsfonts 2013/01/14 v3.01 Basic AMSFonts support
\symAMSa=\mathgroup4
\symAMSb=\mathgroup5
LaTeX Font Info:    Overwriting math alphabet `\mathfrak' in version `bold'
(Font)                  U/euf/m/n --> U/euf/b/n on input line 106.
))
("F:\WinEdt 10\miktex\tex\latex\graphics\graphicx.sty"
Package: graphicx 2014/10/28 v1.0g Enhanced LaTeX Graphics (DPC,SPQR)

("F:\WinEdt 10\miktex\tex\latex\graphics\keyval.sty"
Package: keyval 2014/10/28 v1.15 key=value parser (DPC)
\KV@toks@=\toks20
)
("F:\WinEdt 10\miktex\tex\latex\graphics\graphics.sty"
Package: graphics 2014/10/28 v1.0p Standard LaTeX Graphics (DPC,SPQR)

("F:\WinEdt 10\miktex\tex\latex\graphics\trig.sty"
Package: trig 1999/03/16 v1.09 sin cos tan (DPC)
)
("F:\WinEdt 10\miktex\tex\latex\00miktex\graphics.cfg"
File: graphics.cfg 2007/01/18 v1.5 graphics configuration of teTeX/TeXLive
)
Package graphics Info: Driver file: pdftex.def on input line 94.
)
\Gin@req@height=\dimen135
\Gin@req@width=\dimen136
)
** ATTENTION: Overriding command lockouts (line 14).
("F:\WinEdt 10\miktex\tex\latex\subfigure\subfigure.sty"
Package: subfigure 2002/07/30 v2.1.4 subfigure package
\subfigtopskip=\skip47
\subfigcapskip=\skip48
\subfigcaptopadj=\dimen137
\subfigbottomskip=\skip49
\subfigcapmargin=\dimen138
\subfiglabelskip=\skip50
\c@subfigure=\count107
\c@lofdepth=\count108
\c@subtable=\count109
\c@lotdepth=\count110

****************************************
* Local config file subfigure.cfg used *
****************************************
("F:\WinEdt 10\miktex\tex\latex\subfigure\subfigure.cfg")
\subfig@top=\skip51
\subfig@bottom=\skip52
)
("F:\WinEdt 10\miktex\tex\latex\algorithms\algorithm.sty"
Package: algorithm 2009/08/24 v0.1 Document Style `algorithm' - floating enviro
nment

("F:\WinEdt 10\miktex\tex\latex\float\float.sty"
Package: float 2001/11/08 v1.3d Float enhancements (AL)
\c@float@type=\count111
\float@exts=\toks21
\float@box=\box30
\@float@everytoks=\toks22
\@floatcapt=\box31
)
("F:\WinEdt 10\miktex\tex\latex\base\ifthen.sty"
Package: ifthen 2014/09/29 v1.1c Standard LaTeX ifthen package (DPC)
)
\@float@every@algorithm=\toks23
\c@algorithm=\count112
)
("F:\WinEdt 10\miktex\tex\latex\tools\array.sty"
Package: array 2014/10/28 v2.4c Tabular extension package (FMi)
\col@sep=\dimen139
\extrarowheight=\dimen140
\NC@list=\toks24
\extratabsurround=\skip53
\backup@length=\skip54
) (algpseudocode.sty
Package: algpseudocode 

("F:\WinEdt 10\miktex\tex\latex\algorithmicx\algorithmicx.sty"
Package: algorithmicx 2005/04/27 v1.2 Algorithmicx

Document Style algorithmicx 1.2 - a greatly improved `algorithmic' style
\c@ALG@line=\count113
\c@ALG@rem=\count114
\c@ALG@nested=\count115
\ALG@tlm=\skip55
\ALG@thistlm=\skip56
\c@ALG@Lnr=\count116
\c@ALG@blocknr=\count117
\c@ALG@storecount=\count118
\c@ALG@tmpcounter=\count119
\ALG@tmplength=\skip57
)
Document Style - pseudocode environments for use with the `algorithmicx' style
) ("F:\WinEdt 10\miktex\tex\latex\caption\caption.sty"
Package: caption 2016/02/21 v3.3-144 Customizing captions (AR)

("F:\WinEdt 10\miktex\tex\latex\caption\caption3.sty"
Package: caption3 2016/05/22 v1.7-166 caption3 kernel (AR)
Package caption3 Info: TeX engine: e-TeX on input line 67.
\captionmargin=\dimen141
\captionmargin@=\dimen142
\captionwidth=\dimen143
\caption@tempdima=\dimen144
\caption@indent=\dimen145
\caption@parindent=\dimen146
\caption@hangindent=\dimen147
Package caption Info: Unknown document class (or package),
(caption)             standard defaults will be used.
)

Package caption Warning: Unsupported document class (or package) detected,
(caption)                usage of the caption package is not recommended.
See the caption package documentation for explanation.

Package caption Info: \@makecaption = \long macro:#1#2->\ifx \@captype \@IEEEta
blestring \footnotesize \bgroup \par \centering \@IEEEtabletopskipstrut {\norma
lfont \footnotesize #1}\\{\normalfont \footnotesize \scshape #2}\par \addvspace
 {0.5\baselineskip }\egroup \@IEEEtablecaptionsepspace \else \@IEEEfigurecaptio
nsepspace \setbox \@tempboxa \hbox {\normalfont \footnotesize {#1.}\nobreakspac
e \nobreakspace #2}\ifdim \wd \@tempboxa >\hsize \setbox \@tempboxa \hbox {\nor
malfont \footnotesize {#1.}\nobreakspace \nobreakspace }\parbox [t]{\hsize }{\n
ormalfont \footnotesize \noindent \unhbox \@tempboxa #2}\else \ifCLASSOPTIONcon
ference \hbox to\hsize {\normalfont \footnotesize \hfil \box \@tempboxa \hfil }
\else \hbox to\hsize {\normalfont \footnotesize \box \@tempboxa \hfil }\fi \fi 
\fi .
\c@ContinuedFloat=\count120
Package caption Info: float package is loaded.
Package caption Info: subfigure package is loaded.
) ("F:\WinEdt 10\miktex\tex\latex\amscls\amsthm.sty"
Package: amsthm 2015/03/04 v2.20.2
\thm@style=\toks25
\thm@bodyfont=\toks26
\thm@headfont=\toks27
\thm@notefont=\toks28
\thm@headpunct=\toks29
\thm@preskip=\skip58
\thm@postskip=\skip59
\thm@headsep=\skip60
\dth@everypar=\toks30
)
("F:\WinEdt 10\miktex\tex\latex\cases\cases.sty"
Package: cases 2002/05/02 ver 2.5 
)
\c@Theorem=\count121
\c@Corollary=\count122
\c@Proposition=\count123
\c@Remark=\count124
\c@Lemma=\count125
 (POISSON.aux)
\openout1 = `POISSON.aux'.

LaTeX Font Info:    Checking defaults for OML/cmm/m/it on input line 45.
LaTeX Font Info:    ... okay on input line 45.
LaTeX Font Info:    Checking defaults for T1/cmr/m/n on input line 45.
LaTeX Font Info:    ... okay on input line 45.
LaTeX Font Info:    Checking defaults for OT1/cmr/m/n on input line 45.
LaTeX Font Info:    ... okay on input line 45.
LaTeX Font Info:    Checking defaults for OMS/cmsy/m/n on input line 45.
LaTeX Font Info:    ... okay on input line 45.
LaTeX Font Info:    Checking defaults for OMX/cmex/m/n on input line 45.
LaTeX Font Info:    ... okay on input line 45.
LaTeX Font Info:    Checking defaults for U/cmr/m/n on input line 45.
LaTeX Font Info:    ... okay on input line 45.

-- Lines per column: 58 (exact).
("F:\WinEdt 10\miktex\tex\context\base\supp-pdf.mkii"
[Loading MPS to PDF converter (version 2006.09.02).]
\scratchcounter=\count126
\scratchdimen=\dimen148
\scratchbox=\box32
\nofMPsegments=\count127
\nofMParguments=\count128
\everyMPshowfont=\toks31
\MPscratchCnt=\count129
\MPscratchDim=\dimen149
\MPnumerator=\count130
\makeMPintoPDFobject=\count131
\everyMPtoPDFconversion=\toks32
)
Package caption Info: Begin \AtBeginDocument code.
Package caption Info: End \AtBeginDocument code.


LaTeX Warning: No \author given.


LaTeX Warning: No \author given.


LaTeX Warning: No \author given.

LaTeX Font Info:    Try loading font information for U+msa on input line 108.
("F:\WinEdt 10\miktex\tex\latex\amsfonts\umsa.fd"
File: umsa.fd 2013/01/14 v3.01 AMS symbols A
)
LaTeX Font Info:    Try loading font information for U+msb on input line 108.

("F:\WinEdt 10\miktex\tex\latex\amsfonts\umsb.fd"
File: umsb.fd 2013/01/14 v3.01 AMS symbols B
) [1{C:/Users/Administrator/AppData/Local/MiKTeX/2.9/pdftex/config/pdftex.map}


] [2]

LaTeX Font Warning: Command \small invalid in math mode on input line 385.

LaTeX Font Info:    Calculating math sizes for size <> on input line 391.

LaTeX Font Warning: Font shape `OT1/cmr/m/n' in size <> not available
(Font)              size <5> substituted on input line 391.


LaTeX Font Warning: Font shape `OT1/cmr/m/n' in size <0.7> not available
(Font)              size <5> substituted on input line 391.


LaTeX Font Warning: Font shape `OT1/cmr/m/n' in size <0.5> not available
(Font)              size <5> substituted on input line 391.


LaTeX Font Warning: Font shape `OML/cmm/m/it' in size <> not available
(Font)              size <5> substituted on input line 391.


LaTeX Font Warning: Font shape `OML/cmm/m/it' in size <0.7> not available
(Font)              size <5> substituted on input line 391.


LaTeX Font Warning: Font shape `OML/cmm/m/it' in size <0.5> not available
(Font)              size <5> substituted on input line 391.


LaTeX Font Warning: Font shape `OMS/cmsy/m/n' in size <> not available
(Font)              size <5> substituted on input line 391.


LaTeX Font Warning: Font shape `OMS/cmsy/m/n' in size <0.7> not available
(Font)              size <5> substituted on input line 391.


LaTeX Font Warning: Font shape `OMS/cmsy/m/n' in size <0.5> not available
(Font)              size <5> substituted on input line 391.


LaTeX Font Warning: Font shape `OT1/cmr/bx/n' in size <> not available
(Font)              size <5> substituted on input line 391.


LaTeX Font Warning: Font shape `OT1/cmr/bx/n' in size <0.7> not available
(Font)              size <5> substituted on input line 391.


LaTeX Font Warning: Font shape `OT1/cmr/bx/n' in size <0.5> not available
(Font)              size <5> substituted on input line 391.

[3]
Overfull \hbox (5.86493pt too wide) detected at line 469
[] []
 []


Overfull \hbox (8.50105pt too wide) detected at line 475
\OML/cmm/m/it/10 a[] \OT1/cmr/m/n/10 = [] [] \OML/cmm/m/it/10 h[] [] ;
 []


Overfull \hbox (6.2914pt too wide) detected at line 480
\OML/cmm/m/it/10 a[] \OT1/cmr/m/n/10 = [] [] \OML/cmm/m/it/10 w[] [] :
 []

<figure/A1.jpg, id=33, 422.32782pt x 316.18124pt>
File: figure/A1.jpg Graphic file (type jpg)
 <use figure/A1.jpg>
Package pdftex.def Info: figure/A1.jpg used on input line 516.
(pdftex.def)             Requested size: 113.81102pt x 85.20604pt.

<figure/A2.jpg, id=34, 420.82219pt x 315.42844pt>
File: figure/A2.jpg Graphic file (type jpg)
 <use figure/A2.jpg>
Package pdftex.def Info: figure/A2.jpg used on input line 520.
(pdftex.def)             Requested size: 113.81102pt x 85.30638pt.

<figure/A3.jpg, id=35, 420.82219pt x 314.67563pt>
File: figure/A3.jpg Graphic file (type jpg)
 <use figure/A3.jpg>
Package pdftex.def Info: figure/A3.jpg used on input line 525.
(pdftex.def)             Requested size: 113.81102pt x 85.1028pt.

<figure/A4.jpg, id=36, 422.32782pt x 316.18124pt>
File: figure/A4.jpg Graphic file (type jpg)
 <use figure/A4.jpg>
Package pdftex.def Info: figure/A4.jpg used on input line 529.
(pdftex.def)             Requested size: 113.81102pt x 85.20604pt.

Underfull \hbox (badness 10000) in paragraph at lines 550--552
[]\OT1/ptm/b/n/10 Lemma 1. []\OT1/ptm/m/it/10 The in-fi-nite se-ries $[] []$ an
d
 []

[4] [5 <./figure/A1.jpg> <./figure/A2.jpg> <./figure/A3.jpg> <./figure/A4.jpg>]

Overfull \hbox (2.75568pt too wide) detected at line 680
[] []
 []

File: figure/A3.jpg Graphic file (type jpg)
<use figure/A3.jpg>
Package pdftex.def Info: figure/A3.jpg used on input line 742.
(pdftex.def)             Requested size: 113.81102pt x 85.1028pt.
 <figure/A5.jpg, id=45, 423.08063pt x 318.43968pt>
File: figure/A5.jpg Graphic file (type jpg)

<use figure/A5.jpg>
Package pdftex.def Info: figure/A5.jpg used on input line 746.
(pdftex.def)             Requested size: 113.81102pt x 85.65916pt.
File: figure/A4.jpg Graphic file (type jpg)
 <use figure/A4.jpg>
Package pdftex.def Info: figure/A4.jpg used on input line 751.
(pdftex.def)             Requested size: 113.81102pt x 85.20604pt.

<figure/A6.jpg, id=46, 421.575pt x 315.42844pt>
File: figure/A6.jpg Graphic file (type jpg)
 <use figure/A6.jpg>
Package pdftex.def Info: figure/A6.jpg used on input line 755.
(pdftex.def)             Requested size: 113.81102pt x 85.15237pt.

Underfull \vbox (badness 10000) has occurred while \output is active []

 [6 <./figure/A5.jpg> <./figure/A6.jpg>]

pdfTeX warning: pdflatex.exe (file ./figure/algorithm.pdf): PDF inclusion: foun
d PDF version <1.7>, but at most version <1.5> allowed
<figure/algorithm.pdf, id=50, 680.5425pt x 394.47375pt>
File: figure/algorithm.pdf Graphic file (type pdf)

<use figure/algorithm.pdf>
Package pdftex.def Info: figure/algorithm.pdf used on input line 801.
(pdftex.def)             Requested size: 241.84842pt x 140.18663pt.
 [7 <./figure/algorithm.pdf>]

pdfTeX warning: pdflatex.exe (file ./figure/1.pdf): PDF inclusion: found PDF ve
rsion <1.7>, but at most version <1.5> allowed
<figure/1.pdf, id=102, 613.29124pt x 597.50829pt>
File: figure/1.pdf Graphic file (type pdf)
 <use figure/1.pdf>
Package pdftex.def Info: figure/1.pdf used on input line 976.
(pdftex.def)             Requested size: 85.35826pt x 83.15825pt.


pdfTeX warning: pdflatex.exe (file ./figure/2.pdf): PDF inclusion: found PDF ve
rsion <1.7>, but at most version <1.5> allowed
<figure/2.pdf, id=103, 615.29875pt x 597.50829pt>
File: figure/2.pdf Graphic file (type pdf)
 <use figure/2.pdf>
Package pdftex.def Info: figure/2.pdf used on input line 980.
(pdftex.def)             Requested size: 85.35826pt x 82.88474pt.


pdfTeX warning: pdflatex.exe (file ./figure/3.pdf): PDF inclusion: found PDF ve
rsion <1.7>, but at most version <1.5> allowed
<figure/3.pdf, id=104, 615.29875pt x 597.50829pt>
File: figure/3.pdf Graphic file (type pdf)
 <use figure/3.pdf>
Package pdftex.def Info: figure/3.pdf used on input line 984.
(pdftex.def)             Requested size: 85.35826pt x 82.88474pt.


pdfTeX warning: pdflatex.exe (file ./figure/4.pdf): PDF inclusion: found PDF ve
rsion <1.7>, but at most version <1.5> allowed
<figure/4.pdf, id=105, 615.29875pt x 597.50829pt>
File: figure/4.pdf Graphic file (type pdf)
 <use figure/4.pdf>
Package pdftex.def Info: figure/4.pdf used on input line 988.
(pdftex.def)             Requested size: 85.35826pt x 82.88474pt.

Overfull \hbox (5.77101pt too wide) in paragraph at lines 1081--1082
 [][] 
 []

(POISSON.bbl [8 <./figure/1.pdf, page is rotated 90 degrees> <./figure/2.pdf, p
age is rotated 90 degrees> <./figure/3.pdf, page is rotated 90 degrees> <./figu
re/4.pdf, page is rotated 90 degrees>]
Underfull \hbox (badness 10000) in paragraph at lines 75--78
[]\OT1/ptm/m/n/8 T. Ooura.  Gen-eral pur-pose FFT pack-age, 2001.
 []

) [9] (POISSON.aux)

LaTeX Font Warning: Size substitutions with differences
(Font)              up to 4.5pt have occurred.

 ) 
Here is how much of TeX's memory you used:
 5077 strings out of 493634
 75851 string characters out of 3146961
 167730 words of memory out of 3000000
 8379 multiletter control sequences out of 15000+200000
 49400 words of font info for 113 fonts, out of 3000000 for 9000
 1025 hyphenation exceptions out of 8191
 36i,11n,39p,1005b,296s stack positions out of 5000i,500n,10000p,200000b,50000s
{F:/WinEdt 10/miktex/fonts/enc/dvips/fontname/8r.enc}<F:/WinEdt 10/miktex/fon
ts/type1/public/amsfonts/cm/cmbx10.pfb><F:/WinEdt 10/miktex/fonts/type1/public/
amsfonts/cm/cmbx7.pfb><F:/WinEdt 10/miktex/fonts/type1/public/amsfonts/cm/cmex1
0.pfb><F:/WinEdt 10/miktex/fonts/type1/public/amsfonts/cmextra/cmex9.pfb><F:/Wi
nEdt 10/miktex/fonts/type1/public/amsfonts/cm/cmmi10.pfb><F:/WinEdt 10/miktex/f
onts/type1/public/amsfonts/cm/cmmi5.pfb><F:/WinEdt 10/miktex/fonts/type1/public
/amsfonts/cm/cmmi6.pfb><F:/WinEdt 10/miktex/fonts/type1/public/amsfonts/cm/cmmi
7.pfb><F:/WinEdt 10/miktex/fonts/type1/public/amsfonts/cm/cmmi8.pfb><F:/WinEdt 
10/miktex/fonts/type1/public/amsfonts/cm/cmmi9.pfb><F:/WinEdt 10/miktex/fonts/t
ype1/public/amsfonts/cm/cmmib10.pfb><F:/WinEdt 10/miktex/fonts/type1/public/ams
fonts/cm/cmr10.pfb><F:/WinEdt 10/miktex/fonts/type1/public/amsfonts/cm/cmr5.pfb
><F:/WinEdt 10/miktex/fonts/type1/public/amsfonts/cm/cmr6.pfb><F:/WinEdt 10/mik
tex/fonts/type1/public/amsfonts/cm/cmr7.pfb><F:/WinEdt 10/miktex/fonts/type1/pu
blic/amsfonts/cm/cmr9.pfb><F:/WinEdt 10/miktex/fonts/type1/public/amsfonts/cm/c
msy10.pfb><F:/WinEdt 10/miktex/fonts/type1/public/amsfonts/cm/cmsy5.pfb><F:/Win
Edt 10/miktex/fonts/type1/public/amsfonts/cm/cmsy6.pfb><F:/WinEdt 10/miktex/fon
ts/type1/public/amsfonts/cm/cmsy7.pfb><F:/WinEdt 10/miktex/fonts/type1/public/a
msfonts/symbols/msam10.pfb><F:/WinEdt 10/miktex/fonts/type1/public/amsfonts/sym
bols/msbm10.pfb><F:/WinEdt 10/miktex/fonts/type1/urw/times/utmb8a.pfb><F:/WinEd
t 10/miktex/fonts/type1/urw/times/utmbi8a.pfb><F:/WinEdt 10/miktex/fonts/type1/
urw/times/utmr8a.pfb><F:/WinEdt 10/miktex/fonts/type1/urw/times/utmri8a.pfb>
Output written on POISSON.pdf (9 pages, 3655672 bytes).
PDF statistics:
 210 PDF objects out of 1000 (max. 8388607)
 0 named destinations out of 1000 (max. 500000)
 56 words of extra memory for PDF output out of 10000 (max. 10000000)

