\BOOKMARK [1][-]{section.1}{\376\377\000I\000n\000t\000r\000o\000d\000u\000c\000t\000i\000o\000n}{}% 1
\BOOKMARK [2][-]{subsection.1.1}{\376\377\000L\000i\000t\000e\000r\000a\000t\000u\000r\000e}{section.1}% 2
\BOOKMARK [1][-]{section.2}{\376\377\000G\000a\000m\000e\000\040\000S\000t\000r\000u\000c\000t\000u\000r\000e}{}% 3
\BOOKMARK [2][-]{subsection.2.1}{\376\377\000M\000o\000t\000i\000v\000a\000t\000i\000n\000g\000\040\000E\000x\000a\000m\000p\000l\000e\000s}{section.2}% 4
\BOOKMARK [1][-]{section.3}{\376\377\000C\000o\000o\000p\000e\000r\000a\000t\000i\000v\000e\000\040\000S\000o\000l\000u\000t\000i\000o\000n}{}% 5
\BOOKMARK [1][-]{section.4}{\376\377\000N\000o\000n\000c\000o\000o\000p\000e\000r\000a\000t\000i\000v\000e\000\040\000G\000a\000m\000e}{}% 6
\BOOKMARK [2][-]{subsection.4.1}{\376\377\000D\000i\000s\000c\000u\000s\000s\000i\000o\000n}{section.4}% 7
\BOOKMARK [2][-]{subsection.4.2}{\376\377\000B\000e\000s\000t\000\040\000R\000e\000s\000p\000o\000n\000s\000e\000\040\000P\000r\000o\000b\000l\000e\000m}{section.4}% 8
\BOOKMARK [1][-]{section.5}{\376\377\000S\000h\000a\000r\000i\000n\000g\000\040\000C\000o\000n\000t\000r\000a\000c\000t\000s}{}% 9
\BOOKMARK [2][-]{subsection.5.1}{\376\377\000C\000o\000n\000t\000r\000a\000c\000t\000\040\000F\000o\000r\000m\000a\000l\000i\000s\000m}{section.5}% 10
\BOOKMARK [2][-]{subsection.5.2}{\376\377\000C\000o\000n\000t\000r\000a\000c\000t\000i\000n\000g\000\040\000o\000n\000\040\000W\000i\000n\000n\000e\000r\000/\000L\000o\000s\000e\000r\000s}{section.5}% 11
\BOOKMARK [3][-]{subsubsection.5.2.1}{\376\377\000U\000n\000o\000b\000s\000e\000r\000v\000a\000b\000l\000e\000\040\000A\000c\000t\000i\000o\000n\000s}{subsection.5.2}% 12
\BOOKMARK [3][-]{subsubsection.5.2.2}{\376\377\000E\000x\000a\000m\000p\000l\000e\000s}{subsection.5.2}% 13
\BOOKMARK [2][-]{subsection.5.3}{\376\377\000C\000o\000n\000t\000r\000a\000c\000t\000i\000n\000g\000\040\000o\000n\000\040\000E\000f\000f\000o\000r\000t}{section.5}% 14
\BOOKMARK [3][-]{subsubsection.5.3.1}{\376\377\000E\000x\000a\000m\000p\000l\000e\000s}{subsection.5.3}% 15
\BOOKMARK [1][-]{section.6}{\376\377\000E\000x\000t\000e\000n\000s\000i\000o\000n\000:\000\040\000R\000e\000s\000o\000u\000r\000c\000e\000\040\000H\000e\000t\000e\000r\000o\000g\000e\000n\000e\000i\000t\000y}{}% 16
\BOOKMARK [1][-]{section.7}{\376\377\000C\000o\000n\000c\000l\000u\000s\000i\000o\000n}{}% 17
\BOOKMARK [1][-]{appendix.A}{\376\377\000O\000m\000i\000t\000t\000e\000d\000\040\000P\000r\000o\000o\000f\000s}{}% 18
\BOOKMARK [1][-]{appendix.B}{\376\377\000I\000n\000e\000f\000f\000i\000c\000i\000e\000n\000t\000\040\000E\000q\000u\000i\000l\000i\000b\000r\000i\000a}{}% 19
\BOOKMARK [2][-]{subsection.B.1}{\376\377\000U\000n\000d\000e\000r\000c\000o\000m\000p\000e\000t\000i\000t\000i\000o\000n}{appendix.B}% 20
\BOOKMARK [2][-]{subsection.B.2}{\376\377\000O\000v\000e\000r\000c\000o\000m\000p\000e\000t\000i\000t\000i\000o\000n}{appendix.B}% 21
\BOOKMARK [1][-]{appendix.C}{\376\377\000A\000s\000y\000m\000m\000e\000t\000r\000i\000c\000\040\000a\000n\000d\000\040\000N\000o\000n\000m\000o\000n\000o\000t\000o\000n\000e\000\040\000E\000q\000u\000i\000l\000i\000b\000r\000i\000a}{}% 22
\BOOKMARK [2][-]{subsection.C.1}{\376\377\000U\000n\000d\000e\000r\000c\000o\000m\000p\000e\000t\000i\000t\000i\000v\000e\000\040\000E\000q\000u\000i\000l\000i\000b\000r\000i\000a}{appendix.C}% 23
\BOOKMARK [2][-]{subsection.C.2}{\376\377\000O\000v\000e\000r\000c\000o\000m\000p\000e\000t\000i\000t\000i\000v\000e\000\040\000E\000q\000u\000i\000l\000i\000b\000r\000i\000a}{appendix.C}% 24
