\BOOKMARK [1][-]{section.1}{\376\377\000I\000n\000t\000r\000o\000d\000u\000c\000t\000i\000o\000n}{}% 1
\BOOKMARK [1][-]{section.2}{\376\377\000O\000b\000s\000e\000r\000v\000a\000t\000i\000o\000n\000s\000\040\000a\000n\000d\000\040\000D\000a\000t\000a\000\040\000R\000e\000d\000u\000c\000t\000i\000o\000n}{}% 2
\BOOKMARK [1][-]{section.3}{\376\377\000A\000u\000t\000o\000m\000a\000t\000e\000d\000\040\000M\000u\000l\000t\000i\000w\000a\000v\000e\000l\000e\000n\000g\000t\000h\000\040\000C\000l\000a\000s\000s\000i\000f\000i\000c\000a\000t\000i\000o\000n}{}% 3
\BOOKMARK [1][-]{section.4}{\376\377\000R\000e\000s\000u\000l\000t\000s\000\040\000a\000n\000d\000\040\000D\000i\000s\000c\000u\000s\000s\000i\000o\000n}{}% 4
\BOOKMARK [2][-]{subsection.4.1}{\376\377\000C\000o\000u\000n\000t\000e\000r\000p\000a\000r\000t\000s\000\040\000o\000f\000\040\000F\000e\000r\000m\000i\000\040\000L\000A\000T\000\040\000S\000o\000u\000r\000c\000e\000s}{section.4}% 5
\BOOKMARK [3][-]{subsubsection.4.1.1}{\376\377\0004\000F\000G\000L\000\040\000J\0001\0003\0000\0006\000.\0003\040\023\0006\0000\0004\0003}{subsection.4.1}% 6
\BOOKMARK [3][-]{subsubsection.4.1.2}{\376\377\0003\000F\000G\000L\000\040\000J\0001\0009\0000\0006\000.\0006\000+\0000\0007\0002\0000}{subsection.4.1}% 7
\BOOKMARK [3][-]{subsubsection.4.1.3}{\376\377\0004\000F\000G\000L\000\040\000J\0001\0001\0000\0004\000.\0009\040\023\0006\0000\0003\0007}{subsection.4.1}% 8
\BOOKMARK [3][-]{subsubsection.4.1.4}{\376\377\0004\000F\000G\000L\000\040\000J\0001\0007\0003\0006\000.\0001\040\023\0003\0004\0002\0002}{subsection.4.1}% 9
\BOOKMARK [3][-]{subsubsection.4.1.5}{\376\377\0004\000F\000G\000L\000\040\000J\0001\0006\0003\0009\000.\0003\040\023\0005\0001\0004\0006}{subsection.4.1}% 10
\BOOKMARK [3][-]{subsubsection.4.1.6}{\376\377\0004\000F\000G\000L\000\040\000J\0001\0002\0000\0003\000.\0009\040\023\0006\0002\0004\0002}{subsection.4.1}% 11
\BOOKMARK [3][-]{subsubsection.4.1.7}{\376\377\0004\000F\000G\000L\000\040\000J\0000\0008\0005\0004\000.\0008\040\023\0004\0005\0000\0004}{subsection.4.1}% 12
\BOOKMARK [3][-]{subsubsection.4.1.8}{\376\377\0004\000F\000G\000L\000\040\000J\0002\0000\0003\0005\000.\0000\000+\0003\0006\0003\0002}{subsection.4.1}% 13
\BOOKMARK [3][-]{subsubsection.4.1.9}{\376\377\0004\000F\000G\000L\000\040\000J\0002\0000\0004\0001\000.\0001\000+\0004\0007\0003\0006}{subsection.4.1}% 14
\BOOKMARK [3][-]{subsubsection.4.1.10}{\376\377\0004\000F\000G\000L\000\040\000J\0001\0003\0001\0007\000.\0005\040\023\0006\0003\0001\0006}{subsection.4.1}% 15
\BOOKMARK [3][-]{subsubsection.4.1.11}{\376\377\0004\000F\000G\000L\000\040\000J\0001\0003\0002\0009\000.\0009\040\023\0006\0001\0000\0008}{subsection.4.1}% 16
\BOOKMARK [3][-]{subsubsection.4.1.12}{\376\377\0004\000F\000G\000L\000\040\000J\0000\0007\0004\0004\000.\0000\040\023\0002\0005\0002\0005}{subsection.4.1}% 17
\BOOKMARK [3][-]{subsubsection.4.1.13}{\376\377\0004\000F\000G\000L\000\040\000J\0001\0003\0005\0008\000.\0003\040\023\0006\0000\0002\0006}{subsection.4.1}% 18
\BOOKMARK [2][-]{subsection.4.2}{\376\377\000E\000x\000t\000e\000n\000d\000e\000d\000\040\000S\000o\000u\000r\000c\000e\000s}{section.4}% 19
\BOOKMARK [2][-]{subsection.4.3}{\376\377\000\040\000X\000-\000R\000a\000y\000\040\000S\000o\000u\000r\000c\000e\000s\000\040\000o\000u\000t\000s\000i\000d\000e\000\040\000t\000h\000e\000\040\000-\000r\000a\000y\000\040\000E\000r\000r\000o\000r\000\040\000E\000l\000l\000i\000p\000s\000e\000s}{section.4}% 20
\BOOKMARK [1][-]{section.5}{\376\377\000S\000u\000m\000m\000a\000r\000y\000\040\000a\000n\000d\000\040\000C\000o\000n\000c\000l\000u\000s\000i\000o\000n\000s}{}% 21
