\BOOKMARK [1][-]{section.1}{\376\377\000I\000n\000t\000r\000o\000d\000u\000c\000t\000i\000o\000n}{}% 1
\BOOKMARK [1][-]{section.2}{\376\377\000O\000b\000s\000e\000r\000v\000a\000t\000i\000o\000n\000s\000\040\000a\000n\000d\000\040\000d\000a\000t\000a\000\040\000r\000e\000d\000u\000c\000t\000i\000o\000n}{}% 2
\BOOKMARK [2][-]{subsection.2.1}{\376\377\000N\000O\000E\000M\000A\000\040}{section.2}% 3
\BOOKMARK [2][-]{subsection.2.2}{\376\377\0003\0000\000m\000\040\000T\000e\000l\000e\000s\000c\000o\000p\000e}{section.2}% 4
\BOOKMARK [2][-]{subsection.2.3}{\376\377\000C\000o\000m\000b\000i\000n\000a\000t\000i\000o\000n\000\040\000o\000f\000\040\000N\000O\000E\000M\000A\000\040\000a\000n\000d\000\040\0003\0000\000m}{section.2}% 5
\BOOKMARK [2][-]{subsection.2.4}{\376\377\000A\000L\000M\000A}{section.2}% 6
\BOOKMARK [1][-]{section.3}{\376\377\000R\000e\000s\000u\000l\000t\000s}{}% 7
\BOOKMARK [2][-]{subsection.3.1}{\376\377\000M\000o\000r\000p\000h\000o\000l\000o\000g\000y\000\040\000o\000f\000\040\000H\000C\0003\000N\000\040\000e\000m\000i\000s\000s\000i\000o\000n}{section.3}% 8
\BOOKMARK [2][-]{subsection.3.2}{\376\377\000M\000o\000r\000p\000h\000o\000l\000o\000g\000y\000\040\000o\000f\000\040\000H\0002\000C\000O\000\040\000l\000i\000n\000e\000\040\000e\000m\000i\000s\000s\000i\000o\000n}{section.3}% 9
\BOOKMARK [2][-]{subsection.3.3}{\376\377\000H\000C\0003\000N\000\040\000\050\0001\0000\000\040\040\023\000\040\0009\000\051\000\040\000l\000i\000n\000e\000\040\000f\000i\000t\000t\000i\000n\000g\000\040}{section.3}% 10
\BOOKMARK [2][-]{subsection.3.4}{\376\377\000H\0002\000C\000O\000\040\000m\000u\000l\000t\000i\000c\000o\000m\000p\000o\000n\000e\000n\000t\000\040\000l\000i\000n\000e\000\040\000f\000i\000t\000t\000i\000n\000g\000\040}{section.3}% 11
\BOOKMARK [1][-]{section.4}{\376\377\000A\000n\000a\000l\000y\000s\000i\000s}{}% 12
\BOOKMARK [2][-]{subsection.4.1}{\376\377\000G\000a\000s\000\040\000f\000l\000o\000w\000\040\000f\000r\000o\000m\000\040\000B\000a\000r\000n\000a\000r\000d\000\040\0005\000\040\000d\000e\000n\000s\000e\000\040\000c\000o\000r\000e\000\040\000t\000o\000\040\000t\000h\000e\000\040\000f\000i\000l\000a\000m\000e\000n\000t\000s}{section.4}% 13
\BOOKMARK [3][-]{subsubsection.4.1.1}{\376\377\000C\000o\000m\000p\000a\000r\000i\000s\000o\000n\000\040\000b\000e\000t\000w\000e\000e\000n\000\040\000c\000o\000r\000e\000\040\000H\000C\0003\000N\000\040\000a\000n\000d\000\040\000N\000H\0003\000\040\000v\000e\000l\000o\000c\000i\000t\000i\000e\000s}{subsection.4.1}% 14
\BOOKMARK [3][-]{subsubsection.4.1.2}{\376\377\000H\000C\0003\000N\000\040\000v\000e\000l\000o\000c\000i\000t\000y\000\040\000g\000r\000a\000d\000i\000e\000n\000t\000s\000\040}{subsection.4.1}% 15
\BOOKMARK [3][-]{subsubsection.4.1.3}{\376\377\000M\000a\000s\000s\000\040\000i\000n\000f\000l\000o\000w\000\040\000f\000r\000o\000m\000\040\000B\000a\000r\000n\000a\000r\000d\000\040\0005\000\040\000d\000e\000n\000s\000e\000\040\000c\000o\000r\000e\000\040\000t\000o\000\040\000t\000h\000e\000\040\000f\000i\000l\000a\000m\000e\000n\000t\000s}{subsection.4.1}% 16
\BOOKMARK [2][-]{subsection.4.2}{\376\377\000I\000n\000f\000a\000l\000l\000\040\000f\000r\000o\000m\000\040\000e\000n\000v\000e\000l\000o\000p\000e\000\040\000t\000o\000\040\000d\000i\000s\000k\000\040\000s\000c\000a\000l\000e\000s}{section.4}% 17
\BOOKMARK [3][-]{subsubsection.4.2.1}{\376\377\000C\000l\000u\000s\000t\000e\000r\000i\000n\000g\000\040\000o\000f\000\040\000p\000h\000y\000s\000i\000c\000a\000l\000l\000y\000\040\000r\000e\000l\000a\000t\000e\000d\000\040\000s\000t\000r\000u\000c\000t\000u\000r\000e\000s\000\040\000i\000n\000\040\000H\0002\000C\000O}{subsection.4.2}% 18
\BOOKMARK [3][-]{subsubsection.4.2.2}{\376\377\000S\000t\000r\000e\000a\000m\000l\000i\000n\000e\000\040\000m\000o\000d\000e\000l\000\040\000o\000f\000\040\000t\000h\000e\000\040\000H\0002\000C\000O\000\040\000c\000l\000u\000s\000t\000e\000r\000s}{subsection.4.2}% 19
\BOOKMARK [1][-]{section.5}{\376\377\000D\000i\000s\000c\000u\000s\000s\000i\000o\000n}{}% 20
\BOOKMARK [2][-]{subsection.5.1}{\376\377\000C\000h\000e\000m\000i\000c\000a\000l\000l\000y\000\040\000f\000r\000e\000s\000h\000\040\000g\000a\000s\000\040\000f\000e\000e\000d\000s\000\040\000t\000h\000e\000\040\000f\000i\000l\000a\000m\000e\000n\000t\000s}{section.5}% 21
\BOOKMARK [2][-]{subsection.5.2}{\376\377\000A\000\040\000s\000t\000r\000e\000a\000m\000e\000r\000\040\000t\000o\000w\000a\000r\000d\000\040\000B\0005\000-\000I\000R\000S\0001}{section.5}% 22
\BOOKMARK [2][-]{subsection.5.3}{\376\377\000C\000o\000n\000n\000e\000c\000t\000i\000o\000n\000\040\000b\000e\000t\000w\000e\000e\000n\000\040\000l\000a\000r\000g\000e\000\040\000s\000c\000a\000l\000e\000\040\000a\000n\000d\000\040\000s\000m\000a\000l\000l\000\040\000s\000c\000a\000l\000e\000\040\000i\000n\000f\000a\000l\000l\000\040}{section.5}% 23
\BOOKMARK [1][-]{section.6}{\376\377\000S\000u\000m\000m\000a\000r\000y}{}% 24
\BOOKMARK [1][-]{appendix.A}{\376\377\000V\000e\000r\000y\000\040\000L\000a\000r\000g\000e\000\040\000A\000r\000r\000a\000y\000\040\000a\000n\000d\000\040\000G\000r\000e\000e\000n\000\040\000B\000a\000n\000k\000\040\000T\000e\000l\000e\000s\000c\000o\000p\000e\000\040\000o\000b\000s\000e\000r\000v\000a\000t\000i\000o\000n\000s}{}% 25
\BOOKMARK [1][-]{appendix.B}{\376\377\000H\0002\000C\000O\000\040\000m\000o\000m\000e\000n\000t\000\040\000m\000a\000p\000s}{}% 26
\BOOKMARK [1][-]{appendix.C}{\376\377\000C\0001\0008\000O\000\040\000l\000i\000n\000e\000\040\000e\000m\000i\000s\000s\000i\000o\000n\000\040\000i\000m\000a\000g\000e\000s}{}% 27
\BOOKMARK [1][-]{appendix.D}{\376\377\000G\000a\000u\000s\000s\000i\000a\000n\000\040\000f\000i\000t\000\040\000t\000o\000\040\000t\000h\000e\000\040\000s\000p\000e\000c\000t\000r\000a\000\040\000a\000n\000d\000\040\000s\000e\000l\000e\000c\000t\000i\000o\000n\000\040\000c\000r\000i\000t\000e\000r\000i\000o\000n}{}% 28
\BOOKMARK [2][-]{subsection.D.1}{\376\377\000H\000C\0003\000N\000\040\000t\000w\000o\000\040\000G\000a\000u\000s\000s\000i\000a\000n\000\040\000f\000i\000t}{appendix.D}% 29
\BOOKMARK [1][-]{appendix.E}{\376\377\000C\000o\000r\000e\000\040\000a\000n\000d\000\040\000f\000i\000l\000a\000m\000e\000n\000t\000\040\000v\000o\000l\000u\000m\000e\000\040\000d\000e\000n\000s\000i\000t\000y\000\040\000t\000r\000a\000c\000e\000d\000\040\000b\000y\000\040\000H\000C\0003\000N\000\040\000\040}{}% 30
\BOOKMARK [2][-]{subsection.E.1}{\376\377\000H\000C\0003\000N\000\040\000\050\0008\000\040\040\023\000\040\0007\000\051\000\040\000i\000n\000t\000e\000g\000r\000a\000t\000e\000d\000\040\000i\000m\000a\000g\000e}{appendix.E}% 31
\BOOKMARK [2][-]{subsection.E.2}{\376\377\000H\000C\0003\000N\000\040\000l\000i\000n\000e\000\040\000r\000a\000t\000i\000o\000\040\000\040}{appendix.E}% 32
\BOOKMARK [2][-]{subsection.E.3}{\376\377\000H\0002\000\040\000v\000o\000l\000u\000m\000e\000\040\000d\000e\000n\000s\000i\000t\000y\000\040\000t\000r\000a\000c\000e\000d\000\040\000b\000y\000\040\000H\000C\0003\000N\000\040}{appendix.E}% 33
\BOOKMARK [1][-]{appendix.F}{\376\377\000C\000l\000u\000s\000t\000e\000r\000i\000n\000g\000\040\000o\000f\000\040\000H\0002\000C\000O\000\040\000G\000a\000u\000s\000s\000i\000a\000n\000\040\000c\000o\000m\000p\000o\000n\000e\000n\000t\000s}{}% 34
\BOOKMARK [2][-]{subsection.F.1}{\376\377\000N\000o\000n\000t\000h\000e\000r\000m\000a\000l\000\040\000v\000e\000l\000o\000c\000i\000t\000y\000\040\000d\000i\000s\000p\000e\000r\000s\000i\000o\000n\000\040\000o\000f\000\040\000H\0002\000C\000O\000\040\000e\000m\000i\000s\000s\000i\000o\000n\000\040}{appendix.F}% 35
\BOOKMARK [1][-]{appendix.G}{\376\377\000E\000s\000t\000i\000m\000a\000t\000e\000\040\000o\000f\000\040\000t\000h\000e\000\040\000p\000r\000o\000t\000o\000s\000t\000e\000l\000l\000a\000r\000\040\000m\000a\000s\000s\000\040}{}% 36
\BOOKMARK [1][-]{appendix.H}{\376\377\000C\000o\000m\000p\000a\000r\000i\000s\000o\000n\000\040\000b\000e\000t\000w\000e\000e\000n\000\040\000H\0002\000C\000O\000\040\000a\000n\000d\000\040\000H\0001\0003\000C\000O\000+\000\040}{}% 37
