\BOOKMARK [0][-]{section*.2}{Charge and Entanglement Criticality in a U\(1\)-Symmetric Hybrid Circuit of Qubits}{}% 2
\BOOKMARK [1][-]{section*.1}{Abstract}{section*.2}% 1
\BOOKMARK [1][-]{section*.3}{Introduction:}{section*.2}% 3
\BOOKMARK [1][-]{section*.4}{Summary of the main results:}{section*.2}% 4
\BOOKMARK [1][-]{section*.5}{Model and Ancilla Probes}{section*.2}% 5
\BOOKMARK [2][-]{section*.6}{Ancilla to study the entanglement transition}{section*.5}% 6
\BOOKMARK [2][-]{section*.7}{Ancilla to study the charge-sharpening transition}{section*.5}% 7
\BOOKMARK [1][-]{section*.8}{Phase Diagram:}{section*.2}% 8
\BOOKMARK [2][-]{section*.9}{Entanglement Transition}{section*.8}% 9
\BOOKMARK [2][-]{section*.10}{Sharpening Transition}{section*.8}% 10
\BOOKMARK [1][-]{section*.11}{Critical Properties of the Entanglement Transition}{section*.2}% 11
\BOOKMARK [2][-]{section*.12}{Mutual Information Probe of the Correlation Functions}{section*.11}% 12
\BOOKMARK [2][-]{section*.13}{Probing the log-CFT}{section*.11}% 13
\BOOKMARK [3][-]{section*.14}{Free Energy }{section*.13}% 14
\BOOKMARK [3][-]{section*.15}{Leading Scaling Dimension}{section*.13}% 15
\BOOKMARK [3][-]{section*.16}{Multi-fractality}{section*.13}% 16
\BOOKMARK [1][-]{section*.17}{Critical Properties of the Sharpening Transition}{section*.2}% 17
\BOOKMARK [1][-]{section*.18}{Interpretation of the estimated critical entanglement properties}{section*.2}% 18
\BOOKMARK [1][-]{section*.19}{Conclusion}{section*.2}% 19
\BOOKMARK [1][-]{section*.20}{Acknowledgments}{section*.2}% 20
\BOOKMARK [1][-]{section*.21}{Critical exponents from power-law scaling of the entangle order parameter}{section*.2}% 21
\BOOKMARK [1][-]{section*.22}{BKT finite-size scaling analysis of the charge-sharpening phase transition}{section*.2}% 22
\BOOKMARK [1][-]{section*.23}{Two methods to calculate mutual information between a pair of ancilla}{section*.2}% 23
\BOOKMARK [1][-]{section*.24}{Computation of the anisotropy parameter }{section*.2}% 24
\BOOKMARK [1][-]{section*.25}{Dependence of initial conditions on f1\(L\)}{section*.2}% 25
\BOOKMARK [1][-]{section*.26}{References}{section*.2}% 26
