\BOOKMARK [1][-]{section.1}{\376\377\000I\000n\000t\000r\000o\000d\000u\000c\000t\000i\000o\000n}{}% 1
\BOOKMARK [1][-]{section.2}{\376\377\000M\000e\000t\000h\000o\000d\000s}{}% 2
\BOOKMARK [2][-]{subsection.2.1}{\376\377\000S\000u\000m\000m\000a\000r\000y\000\040\000o\000f\000\040\000t\000h\000e\000\040\000e\000x\000p\000e\000r\000i\000m\000e\000n\000t\000a\000l\000\040\000p\000r\000o\000t\000o\000c\000o\000l\000\040\000e\000m\000p\000l\000o\000y\000e\000d\000\040\000i\000n\000\040\000a\000l\0002\0000\0002\0001\000i\000n\000t\000e\000g\000r\000a\000t\000e\000d}{section.2}% 3
\BOOKMARK [2][-]{subsection.2.2}{\376\377\000M\000o\000d\000e\000l\000l\000i\000n\000g\000\040\000f\000r\000a\000m\000e\000w\000o\000r\000k}{section.2}% 4
\BOOKMARK [1][-]{section.3}{\376\377\000P\000r\000e\000l\000i\000m\000i\000n\000a\000r\000y\000\040\000r\000e\000s\000u\000l\000t\000s\000\040\000i\000n\000\040\0002\000D\000\040\000a\000n\000d\000\040\0003\000D}{}% 5
\BOOKMARK [2][-]{subsection.3.1}{\376\377\000T\000u\000m\000o\000u\000r\000\040\000d\000e\000v\000e\000l\000o\000p\000m\000e\000n\000t\000\040\000i\000n\000\040\000t\000h\000e\000\040\000a\000b\000s\000e\000n\000c\000e\000\040\000o\000f\000\040\000C\000T\000L\000s}{section.3}% 6
\BOOKMARK [2][-]{subsection.3.2}{\376\377\000C\000o\000n\000t\000r\000o\000l\000\040\000s\000c\000e\000n\000a\000r\000i\000o\000:\000\040\000C\000T\000L\000\040\000i\000n\000f\000i\000l\000t\000r\000a\000t\000i\000o\000n\000\040\000i\000n\000\040\000n\000o\000n\000-\000s\000t\000r\000e\000s\000s\000e\000d\000\040\000c\000o\000n\000d\000i\000t\000i\000o\000n\000s}{section.3}% 7
\BOOKMARK [1][-]{section.4}{\376\377\000M\000a\000i\000n\000\040\000r\000e\000s\000u\000l\000t\000s}{}% 8
\BOOKMARK [2][-]{subsection.4.1}{\376\377\000D\000e\000c\000r\000e\000a\000s\000i\000n\000g\000\040\000t\000h\000e\000\040\000s\000e\000c\000r\000e\000t\000i\000o\000n\000\040\000r\000a\000t\000e\000\040\000o\000f\000\040\000t\000h\000e\000\040\000c\000h\000e\000m\000o\000a\000t\000t\000r\000a\000c\000t\000a\000n\000t\000\040\000a\000n\000d\000\040\000t\000h\000e\000\040\000T\000C\000-\000C\000T\000L\000\040\000a\000d\000h\000e\000s\000i\000o\000n\000\040\000s\000t\000r\000e\000n\000g\000t\000h\000\040\000r\000e\000d\000u\000c\000e\000s\000\040\000t\000h\000e\000\040\000i\000n\000f\000i\000l\000t\000r\000a\000t\000i\000o\000n\000\040\000o\000f\000\040\000C\000T\000L\000s\000\040\000i\000n\000t\000o\000\040\000t\000h\000e\000\040\000t\000u\000m\000o\000u\000r}{section.4}% 9
\BOOKMARK [2][-]{subsection.4.2}{\376\377\000D\000e\000c\000r\000e\000a\000s\000i\000n\000g\000\040\000t\000h\000e\000\040\000g\000r\000o\000w\000t\000h\000\040\000r\000a\000t\000e\000\040\000o\000f\000\040\000C\000T\000L\000s\000\040\000r\000e\000d\000u\000c\000e\000s\000\040\000t\000h\000e\000\040\000n\000u\000m\000b\000e\000r\000\040\000o\000f\000\040\000i\000n\000f\000i\000l\000t\000r\000a\000t\000e\000d\000\040\000C\000T\000L\000s}{section.4}% 10
\BOOKMARK [2][-]{subsection.4.3}{\376\377\000I\000n\000c\000r\000e\000a\000s\000i\000n\000g\000\040\000t\000h\000e\000\040\000i\000m\000m\000u\000n\000e\000\040\000s\000u\000c\000c\000e\000s\000s\000\040\000r\000a\000t\000e\000\040\000h\000a\000s\000\040\000a\000n\000\040\000i\000m\000p\000a\000c\000t\000\040\000o\000n\000\040\000t\000h\000e\000\040\000i\000n\000f\000i\000l\000t\000r\000a\000t\000i\000o\000n\000\040\000s\000c\000o\000r\000e\000\040\000o\000n\000l\000y\000\040\000w\000h\000e\000n\000\040\000t\000h\000e\000\040\000T\000C\000-\000C\000T\000L\000\040\000a\000d\000h\000e\000s\000i\000o\000n\000\040\000s\000t\000r\000e\000n\000g\000t\000h\000\040\000i\000s\000\040\000s\000u\000f\000f\000i\000c\000i\000e\000n\000t\000l\000y\000\040\000l\000a\000r\000g\000e}{section.4}% 11
\BOOKMARK [1][-]{section.5}{\376\377\000D\000i\000s\000c\000u\000s\000s\000i\000o\000n\000,\000\040\000c\000o\000n\000c\000l\000u\000s\000i\000o\000n\000s\000\040\000a\000n\000d\000\040\000r\000e\000s\000e\000a\000r\000c\000h\000\040\000p\000e\000r\000s\000p\000e\000c\000t\000i\000v\000e\000s}{}% 12
\BOOKMARK [1][-]{section*.10}{\376\377\000S\000u\000p\000p\000l\000e\000m\000e\000n\000t\000a\000r\000y\000\040\000m\000a\000t\000e\000r\000i\000a\000l\000s}{}% 13
\BOOKMARK [1][-]{appendix.a.A}{\376\377\000D\000e\000t\000a\000i\000l\000s\000\040\000o\000f\000\040\000t\000h\000e\000\040\000i\000n\000d\000i\000v\000i\000d\000u\000a\000l\000-\000b\000a\000s\000e\000d\000\040\000m\000o\000d\000e\000l}{}% 14
\BOOKMARK [2][-]{subsection.a.A.1}{\376\377\000C\000e\000l\000l\000\040\000t\000y\000p\000e\000s}{appendix.a.A}% 15
\BOOKMARK [2][-]{subsection.a.A.2}{\376\377\000C\000e\000l\000l\000u\000l\000a\000r\000\040\000d\000y\000n\000a\000m\000i\000c\000s}{appendix.a.A}% 16
\BOOKMARK [2][-]{subsection.a.A.3}{\376\377\000S\000u\000b\000c\000e\000l\000l\000u\000l\000a\000r\000\040\000d\000y\000n\000a\000m\000i\000c\000s\000\040\000a\000n\000d\000\040\000c\000h\000e\000m\000o\000t\000a\000x\000i\000s}{appendix.a.A}% 17
\BOOKMARK [2][-]{subsection.a.A.4}{\376\377\000I\000n\000f\000i\000l\000t\000r\000a\000t\000i\000o\000n\000\040\000s\000c\000o\000r\000e}{appendix.a.A}% 18
\BOOKMARK [1][-]{appendix.a.B}{\376\377\000I\000n\000i\000t\000i\000a\000l\000\040\000c\000o\000n\000d\000i\000t\000i\000o\000n\000s\000\040\000a\000n\000d\000\040\000v\000a\000l\000u\000e\000s\000\040\000o\000f\000\040\000m\000o\000d\000e\000l\000\040\000p\000a\000r\000a\000m\000e\000t\000e\000r\000s}{}% 19
\BOOKMARK [2][-]{subsection.a.B.1}{\376\377\000S\000e\000t\000-\000u\000p\000\040\000o\000f\000\040\000s\000i\000m\000u\000l\000a\000t\000i\000o\000n\000s}{appendix.a.B}% 20
\BOOKMARK [2][-]{subsection.a.B.2}{\376\377\000M\000o\000d\000e\000l\000\040\000c\000a\000l\000i\000b\000r\000a\000t\000i\000o\000n\000\040\000t\000h\000r\000o\000u\000g\000h\000\040\000p\000a\000r\000a\000m\000e\000t\000e\000r\000\040\000e\000x\000p\000l\000o\000r\000a\000t\000i\000o\000n}{appendix.a.B}% 21
\BOOKMARK [2][-]{subsection.a.B.3}{\376\377\000P\000a\000r\000a\000m\000e\000t\000e\000r\000s\000\040\000i\000n\000\040\000t\000h\000e\000\040\0002\000D\000\040\000s\000y\000s\000t\000e\000m}{appendix.a.B}% 22
\BOOKMARK [2][-]{subsection.a.B.4}{\376\377\000P\000a\000r\000a\000m\000e\000t\000e\000r\000s\000\040\000i\000n\000\040\000t\000h\000e\000\040\0003\000D\000\040\000s\000y\000s\000t\000e\000m}{appendix.a.B}% 23
