\BOOKMARK [0][-]{section*.2}{\376\377\000H\000y\000b\000r\000i\000d\000\040\000s\000k\000i\000n\000-\000s\000c\000a\000l\000e\000-\000f\000r\000e\000e\000\040\000e\000f\000f\000e\000c\000t\000\040\000i\000n\000\040\000n\000o\000n\000-\000H\000e\000r\000m\000i\000t\000i\000a\000n\000\040\000s\000y\000s\000t\000e\000m\000s\000:\000\040\000A\000\040\000t\000r\000a\000n\000s\000f\000e\000r\000\040\000m\000a\000t\000r\000i\000x\000\040\000a\000p\000p\000r\000o\000a\000c\000h}{}% 2
\BOOKMARK [1][-]{section*.1}{\376\377\000A\000b\000s\000t\000r\000a\000c\000t}{section*.2}% 1
\BOOKMARK [1][-]{section*.3}{\376\377\000I\000n\000t\000r\000o\000d\000u\000c\000t\000i\000o\000n}{section*.2}% 3
\BOOKMARK [1][-]{section*.4}{\376\377\000P\000r\000o\000b\000i\000n\000g\000\040\000U\000P\000S\000F\000\040\000a\000n\000d\000\040\000H\000S\000S\000F\000\040\000e\000f\000f\000e\000c\000t\000\040\000v\000i\000a\000\040\000t\000r\000a\000n\000s\000f\000e\000r\000\040\000m\000a\000t\000r\000i\000x\000\040\000a\000p\000p\000r\000o\000a\000c\000h}{section*.2}% 4
\BOOKMARK [2][-]{section*.5}{\376\377\000R\000e\000v\000i\000e\000w\000\040\000o\000f\000\040\000t\000r\000a\000n\000s\000f\000e\000r\000\040\000m\000a\000t\000r\000i\000x\000\040\000a\000p\000p\000r\000o\000a\000c\000h\000\040\000f\000o\000r\000\040\000n\000o\000n\000-\000H\000e\000r\000m\000i\000t\000i\000a\000n\000\040\000t\000i\000g\000h\000t\000-\000b\000i\000n\000d\000i\000n\000g\000\040\000m\000o\000d\000e\000l\000s}{section*.4}% 5
\BOOKMARK [2][-]{section*.6}{\376\377\000T\000r\000a\000n\000s\000f\000e\000r\000\040\000m\000a\000t\000r\000i\000x\000\040\000a\000p\000p\000r\000o\000a\000c\000h\000\040\000f\000o\000r\000\040\0001\000D\000\040\000t\000i\000g\000h\000t\000-\000b\000i\000n\000d\000i\000n\000g\000\040\000m\000o\000d\000e\000l\000s\000\040\000w\000i\000t\000h\000\040\000b\000o\000u\000n\000d\000a\000r\000y\000\040\000i\000m\000p\000u\000r\000i\000t\000y}{section*.4}% 6
\BOOKMARK [3][-]{section*.7}{\376\377\000P\000u\000r\000e\000\040\000s\000c\000a\000l\000e\000-\000f\000r\000e\000e\000\040\000e\000f\000f\000e\000c\000t}{section*.6}% 7
\BOOKMARK [3][-]{section*.8}{\376\377\000H\000y\000b\000r\000i\000d\000\040\000s\000k\000i\000n\000-\000s\000c\000a\000l\000e\000-\000f\000r\000e\000e\000\040\000e\000f\000f\000e\000c\000t}{section*.6}% 8
\BOOKMARK [1][-]{section*.9}{\376\377\000H\000a\000t\000a\000n\000o\000-\000N\000e\000l\000s\000o\000n\000\040\000m\000o\000d\000e\000l\000\040\000w\000i\000t\000h\000\040\000b\000o\000u\000n\000d\000a\000r\000y\000\040\000i\000m\000p\000u\000r\000i\000t\000y}{section*.2}% 9
\BOOKMARK [2][-]{section*.10}{\376\377\000E\000x\000a\000c\000t\000\040\000s\000o\000l\000u\000t\000i\000o\000n\000s\000\040\000o\000f\000\040\000t\000h\000e\000\040\000P\000S\000F\000\040\000e\000f\000f\000e\000c\000t}{section*.9}% 10
\BOOKMARK [2][-]{section*.11}{\376\377\000T\000h\000e\000\040\000e\000m\000e\000r\000g\000e\000n\000t\000\040\000H\000S\000S\000F\000\040\000e\000f\000f\000e\000c\000t\000\040\000w\000i\000t\000h\000\040\000b\000o\000u\000n\000d\000a\000r\000y\000\040\000i\000m\000p\000u\000r\000i\000t\000y}{section*.9}% 11
\BOOKMARK [1][-]{section*.12}{\376\377\000T\000h\000e\000\040\000e\000m\000e\000r\000g\000e\000n\000t\000\040\000U\000P\000S\000F\000\040\000a\000n\000d\000\040\000H\000S\000S\000F\000\040\000e\000f\000f\000e\000c\000t\000s\000\040\000i\000n\000\040\000t\000h\000e\000\040\000N\000H\000-\000S\000S\000H\000\040\000m\000o\000d\000e\000l}{section*.2}% 12
\BOOKMARK [2][-]{section*.13}{\376\377\000T\000h\000e\000\040\000P\000S\000F\000\040\000e\000f\000f\000e\000c\000t\000\040\000w\000i\000t\000h\000\040\000b\000o\000u\000n\000d\000a\000r\000y\000\040\000i\000m\000p\000u\000r\000i\000t\000y}{section*.12}% 13
\BOOKMARK [2][-]{section*.14}{\376\377\000T\000h\000e\000\040\000H\000S\000S\000F\000\040\000e\000f\000f\000e\000c\000t\000\040\000u\000n\000d\000e\000r\000\040\000O\000B\000C}{section*.12}% 14
\BOOKMARK [1][-]{section*.15}{\376\377\000C\000o\000n\000c\000l\000u\000s\000i\000o\000n\000s\000\040\000a\000n\000d\000\040\000d\000i\000s\000c\000u\000s\000s\000i\000o\000n\000s}{section*.2}% 15
\BOOKMARK [1][-]{section*.16}{\376\377\000A\000c\000k\000n\000o\000w\000l\000e\000d\000g\000e\000m\000e\000n\000t\000s}{section*.2}% 16
\BOOKMARK [1][-]{section*.17}{\376\377\000T\000h\000e\000\040\000b\000o\000u\000n\000d\000a\000r\000y\000\040\000e\000q\000u\000a\000t\000i\000o\000n\000s\000\040\000w\000i\000t\000h\000\040\000b\000o\000u\000n\000d\000a\000r\000y\000\040\000i\000m\000p\000u\000r\000i\000t\000y}{section*.2}% 17
\BOOKMARK [1][-]{section*.18}{\376\377\000T\000h\000e\000\040\000s\000o\000l\000u\000t\000i\000o\000n\000s\000\040\000o\000f\000\040\000n\000o\000n\000s\000i\000n\000g\000u\000l\000a\000r\000\040\000c\000a\000s\000e\000s\000\040\000u\000n\000d\000e\000r\000\040\000O\000B\000C}{section*.2}% 18
\BOOKMARK [1][-]{section*.19}{\376\377\000T\000h\000e\000\040\000s\000o\000l\000u\000t\000i\000o\000n\000s\000\040\000o\000f\000\040\000n\000o\000n\000s\000i\000n\000g\000u\000l\000a\000r\000\040\000c\000a\000s\000e\000s\000\040\000w\000i\000t\000h\000\040\000b\000o\000u\000n\000d\000a\000r\000y\000\040\000i\000m\000p\000u\000r\000i\000t\000y}{section*.2}% 19
\BOOKMARK [1][-]{section*.20}{\376\377\000D\000e\000t\000a\000i\000l\000s\000\040\000o\000f\000\040\000t\000h\000e\000\040\000H\000N\000\040\000m\000o\000d\000e\000l\000\040\000w\000i\000t\000h\000\040\000b\000o\000u\000n\000d\000a\000r\000y\000\040\000i\000m\000p\000u\000r\000i\000t\000y}{section*.2}% 20
\BOOKMARK [2][-]{section*.21}{\376\377\000T\000h\000e\000\040\000c\000a\000s\000e\000\040\000w\000i\000t\000h\000\040\000s\000i\000n\000g\000u\000l\000a\000r\000\040\000t\000r\000a\000n\000s\000f\000e\000r\000\040\000m\000a\000t\000r\000i\000x}{section*.20}% 21
\BOOKMARK [2][-]{section*.22}{\376\377\000T\000h\000e\000\040\000c\000a\000s\000e\000\040\000w\000i\000t\000h\000\040\000n\000o\000n\000s\000i\000n\000g\000u\000l\000a\000r\000\040\000t\000r\000a\000n\000s\000f\000e\000r\000\040\000m\000a\000t\000r\000i\000x}{section*.20}% 22
\BOOKMARK [1][-]{section*.23}{\376\377\000T\000h\000e\000\040\000e\000m\000e\000r\000g\000e\000n\000t\000\040\000H\000S\000S\000F\000\040\000m\000o\000d\000e\000s\000\040\000o\000f\000\040\000N\000H\000-\000S\000S\000H\000\040\000m\000o\000d\000e\000l\000\040\000w\000i\000t\000h\000\040\000b\000o\000u\000n\000d\000a\000r\000y\000\040\000i\000m\000p\000u\000r\000i\000t\000y}{section*.2}% 23
\BOOKMARK [1][-]{section*.24}{\376\377\000R\000e\000f\000e\000r\000e\000n\000c\000e\000s}{section*.2}% 24
