\BOOKMARK [1][]{section.2}{Introduction}{}% 1
\BOOKMARK [1][]{section.4}{Related Works}{}% 2
\BOOKMARK [2][]{subsection.5}{}{section.4}% 3
\BOOKMARK [2][]{subsection.6}{Visualization for Healthcare}{section.4}% 4
\BOOKMARK [2][]{subsection.7}{Model Interpretation and Visualization}{section.4}% 5
\BOOKMARK [1][]{section.8}{Background and System Overview}{}% 6
\BOOKMARK [2][]{subsection.9}{Data Description and Pre-processing}{section.8}% 7
\BOOKMARK [2][]{subsection.10}{Design Process and Requirements}{section.8}% 8
\BOOKMARK [2][]{subsection.12}{System Overview}{section.8}% 9
\BOOKMARK [1][]{section.13}{Data Analysis}{}% 10
\BOOKMARK [2][]{subsection.14}{Pattern Extraction}{section.13}% 11
\BOOKMARK [2][]{subsection.15}{Health Profiling Model}{section.13}% 12
\BOOKMARK [2][]{subsection.16}{Feature Importance Assessment}{section.13}% 13
\BOOKMARK [2][]{subsection.17}{Feature Influence Analysis}{section.13}% 14
\BOOKMARK [1][]{section.18}{Visual Design}{}% 15
\BOOKMARK [2][]{subsection.19}{}{section.18}% 16
\BOOKMARK [2][]{subsection.20}{Summary View}{section.18}% 17
\BOOKMARK [2][]{subsection.21}{Group View}{section.18}% 18
\BOOKMARK [2][]{subsection.22}{Individual View}{section.18}% 19
\BOOKMARK [2][]{subsection.23}{Cross View Interactions}{section.18}% 20
\BOOKMARK [1][]{section.24}{Evaluation}{}% 21
\BOOKMARK [2][]{subsection.25}{Model Performance}{section.24}% 22
\BOOKMARK [2][]{subsection.28}{Case Study}{section.24}% 23
\BOOKMARK [3][-]{subsubsection.29}{Feature Importance and Influence Investigation}{subsection.28}% 24
\BOOKMARK [3][-]{subsubsection.32}{Health Profiles between Different Groups}{subsection.28}% 25
\BOOKMARK [2][]{subsection.34}{Expert Interview}{section.24}% 26
\BOOKMARK [1][]{section.35}{Discussion}{}% 27
\BOOKMARK [1][]{section.36}{Conclusion}{}% 28
