\BOOKMARK [1][]{section.2}{\376\377\000I\000n\000t\000r\000o\000d\000u\000c\000t\000i\000o\000n}{}% 1
\BOOKMARK [1][]{section.6}{\376\377\000R\000e\000l\000a\000t\000e\000d\000\040\000W\000o\000r\000k}{}% 2
\BOOKMARK [2][]{subsection.7}{\376\377\000F\000i\000r\000e\000\040\000S\000t\000a\000t\000i\000o\000n\000\040\000L\000a\000y\000o\000u\000t\000\040\000a\000n\000d\000\040\000U\000r\000b\000a\000n\000\040\000P\000l\000a\000n\000n\000i\000n\000g}{section.6}% 3
\BOOKMARK [2][]{subsection.8}{\376\377\000M\000a\000t\000h\000e\000m\000a\000t\000i\000c\000a\000l\000\040\000P\000r\000o\000g\000r\000a\000m\000m\000i\000n\000g\000\040\000A\000p\000p\000r\000o\000a\000c\000h}{section.6}% 4
\BOOKMARK [2][]{subsection.9}{\376\377\000L\000o\000c\000a\000t\000i\000o\000n\000-\000b\000a\000s\000e\000d\000\040\000V\000i\000s\000u\000a\000l\000i\000z\000a\000t\000i\000o\000n}{section.6}% 5
\BOOKMARK [1][]{section.10}{\376\377\000O\000b\000s\000e\000r\000v\000a\000t\000i\000o\000n\000a\000l\000\040\000S\000t\000u\000d\000y}{}% 6
\BOOKMARK [2][]{subsection.11}{\376\377\000E\000x\000p\000e\000r\000t\000s\000'\000\040\000C\000o\000n\000v\000e\000n\000t\000i\000o\000n\000a\000l\000\040\000P\000r\000a\000c\000t\000i\000c\000e\000\040\000a\000n\000d\000\040\000B\000o\000t\000t\000l\000e\000n\000e\000c\000k\000s}{section.10}% 7
\BOOKMARK [2][]{subsection.13}{\376\377\000E\000x\000p\000e\000r\000t\000s\000'\000\040\000N\000e\000e\000d\000s\000\040\000a\000n\000d\000\040\000E\000x\000p\000e\000c\000t\000a\000t\000i\000o\000n\000s}{section.10}% 8
\BOOKMARK [1][]{section.14}{\376\377\000S\000y\000s\000t\000e\000m\000\040\000O\000v\000e\000r\000v\000i\000e\000w}{}% 9
\BOOKMARK [1][]{section.15}{\376\377\000B\000a\000c\000k\000-\000e\000n\000d\000\040\000E\000n\000g\000i\000n\000e}{}% 10
\BOOKMARK [2][]{subsection.16}{\376\377\000D\000a\000t\000a\000\040\000D\000e\000s\000c\000r\000i\000p\000t\000i\000o\000n\000\040\000a\000n\000d\000\040\000P\000r\000o\000c\000e\000s\000s\000i\000n\000g}{section.15}% 11
\BOOKMARK [2][]{subsection.20}{\376\377\000S\000p\000a\000t\000i\000o\000t\000e\000m\000p\000o\000r\000a\000l\000\040\000S\000e\000q\000u\000e\000n\000c\000e\000\040\000F\000o\000r\000e\000c\000a\000s\000t\000i\000n\000g\000\040\000M\000o\000d\000e\000l\000i\000n\000g}{section.15}% 12
\BOOKMARK [2][]{subsection.25}{\376\377\000O\000p\000t\000i\000m\000i\000z\000i\000n\000g\000\040\000t\000h\000e\000\040\000F\000i\000r\000e\000\040\000S\000t\000a\000t\000i\000o\000n\000\040\000L\000a\000y\000o\000u\000t}{section.15}% 13
\BOOKMARK [1][]{section.26}{\376\377\000F\000r\000o\000n\000t\000-\000e\000n\000d\000\040\000V\000i\000s\000u\000a\000l\000i\000z\000a\000t\000i\000o\000n}{}% 14
\BOOKMARK [2][]{subsection.27}{\376\377\000S\000t\000a\000t\000i\000s\000t\000i\000c\000s\000\040\000O\000v\000e\000r\000v\000i\000e\000w}{section.26}% 15
\BOOKMARK [2][]{subsection.28}{\376\377\000F\000i\000r\000e\000\040\000S\000e\000r\000v\000i\000c\000e\000\040\000S\000u\000p\000p\000l\000y\000\040\000\046\000\040\000D\000e\000m\000a\000n\000d\000\040\000V\000i\000e\000w}{section.26}% 16
\BOOKMARK [2][]{subsection.29}{\376\377\000S\000p\000a\000t\000i\000o\000t\000e\000m\000p\000o\000r\000a\000l\000\040\000V\000i\000e\000w}{section.26}% 17
\BOOKMARK [2][]{subsection.31}{\376\377\000O\000p\000t\000i\000m\000i\000z\000a\000t\000i\000o\000n\000\040\000V\000i\000e\000w}{section.26}% 18
\BOOKMARK [2][]{subsection.32}{\376\377\000S\000i\000m\000u\000l\000a\000t\000i\000o\000n\000\040\000a\000n\000d\000\040\000C\000o\000m\000p\000a\000r\000i\000s\000o\000n\000\040\000V\000i\000e\000w}{section.26}% 19
\BOOKMARK [1][]{section.34}{\376\377\000E\000v\000a\000l\000u\000a\000t\000i\000o\000n}{}% 20
\BOOKMARK [2][]{subsection.35}{\376\377\000C\000a\000s\000e\000\040\000S\000t\000u\000d\000y}{section.34}% 21
\BOOKMARK [2][]{subsection.40}{\376\377\000E\000x\000p\000e\000r\000t\000\040\000I\000n\000t\000e\000r\000v\000i\000e\000w}{section.34}% 22
\BOOKMARK [1][]{section.41}{\376\377\000D\000i\000s\000c\000u\000s\000s\000i\000o\000n\000\040\000a\000n\000d\000\040\000L\000i\000m\000i\000t\000a\000t\000i\000o\000n}{}% 23
\BOOKMARK [1][]{section.42}{\376\377\000C\000o\000n\000c\000l\000u\000s\000i\000o\000n\000\040\000a\000n\000d\000\040\000F\000u\000t\000u\000r\000e\000\040\000W\000o\000r\000k}{}% 24
