\BOOKMARK [1][-]{section.1}{\376\377\000I\000n\000t\000r\000o\000d\000u\000c\000t\000i\000o\000n}{}% 1
\BOOKMARK [1][-]{section.2}{\376\377\000M\000e\000t\000h\000o\000d\000o\000l\000o\000g\000y}{}% 2
\BOOKMARK [1][-]{section.3}{\376\377\000M\000L\000O\000p\000s\000\040\000W\000o\000r\000k\000f\000l\000o\000w}{}% 3
\BOOKMARK [2][-]{subsection.3.1}{\376\377\000P\000r\000o\000b\000l\000e\000m\000\040\000D\000e\000f\000i\000n\000i\000t\000i\000o\000n}{section.3}% 4
\BOOKMARK [2][-]{subsection.3.2}{\376\377\000D\000a\000t\000a\000\040\000A\000c\000q\000u\000i\000s\000i\000t\000i\000o\000n}{section.3}% 5
\BOOKMARK [2][-]{subsection.3.3}{\376\377\000D\000a\000t\000a\000\040\000P\000r\000e\000p\000a\000r\000a\000t\000i\000o\000n}{section.3}% 6
\BOOKMARK [2][-]{subsection.3.4}{\376\377\000M\000o\000d\000e\000l\000\040\000D\000e\000v\000e\000l\000o\000p\000m\000e\000n\000t}{section.3}% 7
\BOOKMARK [2][-]{subsection.3.5}{\376\377\000M\000o\000d\000e\000l\000\040\000D\000e\000p\000l\000o\000y\000m\000e\000n\000t}{section.3}% 8
\BOOKMARK [2][-]{subsection.3.6}{\376\377\000M\000o\000n\000i\000t\000o\000r\000i\000n\000g\000\040\000a\000n\000d\000\040\000M\000a\000n\000a\000g\000e\000m\000e\000n\000t}{section.3}% 9
\BOOKMARK [2][-]{subsection.3.7}{\376\377\000S\000c\000a\000l\000a\000b\000i\000l\000i\000t\000y}{section.3}% 10
\BOOKMARK [2][-]{subsection.3.8}{\376\377\000G\000o\000v\000e\000r\000n\000a\000n\000c\000e\000\040\000a\000n\000d\000\040\000C\000o\000m\000p\000l\000i\000a\000n\000c\000e}{section.3}% 11
\BOOKMARK [2][-]{subsection.3.9}{\376\377\000C\000o\000m\000m\000u\000n\000i\000c\000a\000t\000i\000o\000n}{section.3}% 12
\BOOKMARK [1][-]{section.4}{\376\377\000R\000e\000s\000u\000l\000t\000s\000\040\000\046\000\040\000D\000i\000s\000c\000u\000s\000s\000i\000o\000n}{}% 13
\BOOKMARK [2][-]{subsection.4.1}{\376\377\000R\000e\000s\000u\000l\000t\000s\000\040\000O\000v\000e\000r\000v\000i\000e\000w}{section.4}% 14
\BOOKMARK [2][-]{subsection.4.2}{\376\377\000M\000a\000i\000n\000\040\000F\000o\000c\000u\000s\000:\000\040\000P\000r\000o\000b\000l\000e\000m\000\040\000D\000e\000f\000i\000n\000i\000t\000i\000o\000n}{section.4}% 15
\BOOKMARK [3][-]{subsubsection.4.2.1}{\376\377\000F\000o\000r\000w\000a\000r\000d\000-\000t\000h\000i\000n\000k\000i\000n\000g\000:\000\040\000C\000o\000m\000m\000u\000n\000i\000c\000a\000t\000i\000o\000n}{subsection.4.2}% 16
\BOOKMARK [3][-]{subsubsection.4.2.2}{\376\377\000F\000o\000r\000w\000a\000r\000d\000-\000t\000h\000i\000n\000k\000i\000n\000g\000:\000\040\000D\000a\000t\000a\000\040\000A\000c\000q\000u\000i\000s\000i\000t\000i\000o\000n}{subsection.4.2}% 17
\BOOKMARK [3][-]{subsubsection.4.2.3}{\376\377\000F\000o\000r\000w\000a\000r\000d\000-\000t\000h\000i\000n\000k\000i\000n\000g\000:\000\040\000D\000a\000t\000a\000\040\000P\000r\000e\000p\000a\000r\000a\000t\000i\000o\000n}{subsection.4.2}% 18
\BOOKMARK [3][-]{subsubsection.4.2.4}{\376\377\000F\000o\000r\000w\000a\000r\000d\000-\000t\000h\000i\000n\000k\000i\000n\000g\000:\000\040\000G\000o\000v\000e\000r\000n\000a\000n\000c\000e\000\040\000a\000n\000d\000\040\000C\000o\000m\000p\000l\000i\000a\000n\000c\000e}{subsection.4.2}% 19
\BOOKMARK [3][-]{subsubsection.4.2.5}{\376\377\000R\000e\000c\000o\000m\000m\000e\000n\000d\000a\000t\000i\000o\000n\000s\000\040\000f\000o\000r\000\040\000O\000p\000t\000i\000m\000i\000z\000i\000n\000g\000\040\000t\000h\000e\000\040\000P\000r\000o\000b\000l\000e\000m\000\040\000D\000e\000f\000i\000n\000i\000t\000i\000o\000n\000\040\000P\000h\000a\000s\000e}{subsection.4.2}% 20
\BOOKMARK [2][-]{subsection.4.3}{\376\377\000\040\000M\000a\000i\000n\000\040\000F\000o\000c\000u\000s\000:\000\040\000D\000a\000t\000a\000\040\000A\000c\000q\000u\000i\000s\000i\000t\000i\000o\000n}{section.4}% 21
\BOOKMARK [3][-]{subsubsection.4.3.1}{\376\377\000B\000a\000c\000k\000t\000r\000a\000c\000k\000i\000n\000g\000:\000\040\000P\000r\000o\000b\000l\000e\000m\000\040\000D\000e\000f\000i\000n\000i\000t\000i\000o\000n}{subsection.4.3}% 22
\BOOKMARK [3][-]{subsubsection.4.3.2}{\376\377\000F\000o\000r\000w\000a\000r\000d\000-\000t\000h\000i\000n\000k\000i\000n\000g\000:\000\040\000D\000a\000t\000a\000\040\000P\000r\000e\000p\000a\000r\000a\000t\000i\000o\000n}{subsection.4.3}% 23
\BOOKMARK [3][-]{subsubsection.4.3.3}{\376\377\000F\000o\000r\000w\000a\000r\000d\000-\000t\000h\000i\000n\000k\000i\000n\000g\000:\000\040\000G\000o\000v\000e\000r\000n\000a\000n\000c\000e\000\040\000a\000n\000d\000\040\000C\000o\000m\000p\000l\000i\000a\000n\000c\000e}{subsection.4.3}% 24
\BOOKMARK [3][-]{subsubsection.4.3.4}{\376\377\000R\000e\000c\000o\000m\000m\000e\000n\000d\000a\000t\000i\000o\000n\000s\000\040\000f\000o\000r\000\040\000O\000p\000t\000i\000m\000i\000z\000i\000n\000g\000\040\000t\000h\000e\000\040\000D\000a\000t\000a\000\040\000A\000c\000q\000u\000i\000s\000i\000t\000i\000o\000n\000\040\000P\000h\000a\000s\000e}{subsection.4.3}% 25
\BOOKMARK [2][-]{subsection.4.4}{\376\377\000\040\000M\000a\000i\000n\000\040\000F\000o\000c\000u\000s\000:\000\040\000D\000a\000t\000a\000\040\000P\000r\000e\000p\000a\000r\000a\000t\000i\000o\000n}{section.4}% 26
\BOOKMARK [3][-]{subsubsection.4.4.1}{\376\377\000B\000a\000c\000k\000t\000r\000a\000c\000k\000i\000n\000g\000:\000\040\000D\000a\000t\000a\000\040\000A\000c\000q\000u\000i\000s\000i\000t\000i\000o\000n}{subsection.4.4}% 27
\BOOKMARK [3][-]{subsubsection.4.4.2}{\376\377\000B\000a\000c\000k\000t\000r\000a\000c\000k\000i\000n\000g\000:\000\040\000P\000r\000o\000b\000l\000e\000m\000\040\000D\000e\000f\000i\000n\000i\000t\000i\000o\000n}{subsection.4.4}% 28
\BOOKMARK [3][-]{subsubsection.4.4.3}{\376\377\000F\000o\000r\000w\000a\000r\000d\000-\000t\000h\000i\000n\000k\000i\000n\000g\000:\000\040\000M\000o\000d\000e\000l\000\040\000D\000e\000v\000e\000l\000o\000p\000m\000e\000n\000t}{subsection.4.4}% 29
\BOOKMARK [3][-]{subsubsection.4.4.4}{\376\377\000F\000o\000r\000w\000a\000r\000d\000-\000t\000h\000i\000n\000k\000i\000n\000g\000:\000\040\000S\000c\000a\000l\000a\000b\000i\000l\000i\000t\000y}{subsection.4.4}% 30
\BOOKMARK [3][-]{subsubsection.4.4.5}{\376\377\000F\000o\000r\000w\000a\000r\000d\000-\000t\000h\000i\000n\000k\000i\000n\000g\000:\000\040\000C\000o\000m\000m\000u\000n\000i\000c\000a\000t\000i\000o\000n}{subsection.4.4}% 31
\BOOKMARK [3][-]{subsubsection.4.4.6}{\376\377\000R\000e\000c\000o\000m\000m\000e\000n\000d\000a\000t\000i\000o\000n\000s\000\040\000f\000o\000r\000\040\000O\000p\000t\000i\000m\000i\000z\000i\000n\000g\000\040\000t\000h\000e\000\040\000D\000a\000t\000a\000\040\000P\000r\000e\000p\000a\000r\000a\000t\000i\000o\000n\000\040\000P\000h\000a\000s\000e}{subsection.4.4}% 32
\BOOKMARK [2][-]{subsection.4.5}{\376\377\000\040\000M\000a\000i\000n\000\040\000F\000o\000c\000u\000s\000:\000\040\000M\000o\000d\000e\000l\000\040\000D\000e\000v\000e\000l\000o\000p\000m\000e\000n\000t\000\040}{section.4}% 33
\BOOKMARK [3][-]{subsubsection.4.5.1}{\376\377\000B\000a\000c\000k\000t\000r\000a\000c\000k\000i\000n\000g\000:\000\040\000P\000r\000o\000b\000l\000e\000m\000\040\000D\000e\000f\000i\000n\000i\000t\000i\000o\000n}{subsection.4.5}% 34
\BOOKMARK [3][-]{subsubsection.4.5.2}{\376\377\000B\000a\000c\000k\000t\000r\000a\000c\000k\000i\000n\000g\000:\000\040\000D\000a\000t\000a\000\040\000A\000c\000q\000u\000i\000s\000i\000t\000i\000o\000n}{subsection.4.5}% 35
\BOOKMARK [3][-]{subsubsection.4.5.3}{\376\377\000B\000a\000c\000k\000t\000r\000a\000c\000k\000i\000n\000g\000:\000\040\000D\000a\000t\000a\000\040\000P\000r\000e\000p\000a\000r\000a\000t\000i\000o\000n}{subsection.4.5}% 36
\BOOKMARK [3][-]{subsubsection.4.5.4}{\376\377\000F\000o\000r\000w\000a\000r\000d\000-\000t\000h\000i\000n\000k\000i\000n\000g\000:\000\040\000M\000o\000d\000e\000l\000\040\000D\000e\000p\000l\000o\000y\000m\000e\000n\000t}{subsection.4.5}% 37
\BOOKMARK [3][-]{subsubsection.4.5.5}{\376\377\000F\000o\000r\000w\000a\000r\000d\000-\000t\000h\000i\000n\000k\000i\000n\000g\000:\000\040\000G\000o\000v\000e\000r\000n\000a\000n\000c\000e\000\040\000a\000n\000d\000\040\000C\000o\000m\000p\000l\000i\000a\000n\000c\000e}{subsection.4.5}% 38
\BOOKMARK [3][-]{subsubsection.4.5.6}{\376\377\000F\000o\000r\000w\000a\000r\000d\000-\000t\000h\000i\000n\000k\000i\000n\000g\000:\000\040\000S\000c\000a\000l\000a\000b\000i\000l\000i\000t\000y}{subsection.4.5}% 39
\BOOKMARK [3][-]{subsubsection.4.5.7}{\376\377\000F\000o\000r\000w\000a\000r\000d\000-\000t\000h\000i\000n\000k\000i\000n\000g\000:\000\040\000M\000o\000n\000i\000t\000o\000r\000i\000n\000g\000\040\000a\000n\000d\000\040\000M\000a\000n\000a\000g\000e\000m\000e\000n\000t}{subsection.4.5}% 40
\BOOKMARK [3][-]{subsubsection.4.5.8}{\376\377\000F\000o\000r\000w\000a\000r\000d\000-\000t\000h\000i\000n\000k\000i\000n\000g\000:\000\040\000C\000o\000m\000m\000u\000n\000i\000c\000a\000t\000i\000o\000n}{subsection.4.5}% 41
\BOOKMARK [3][-]{subsubsection.4.5.9}{\376\377\000R\000e\000c\000o\000m\000m\000e\000n\000d\000a\000t\000i\000o\000n\000s\000\040\000f\000o\000r\000\040\000O\000p\000t\000i\000m\000i\000z\000i\000n\000g\000\040\000t\000h\000e\000\040\000M\000o\000d\000e\000l\000\040\000D\000e\000v\000e\000l\000o\000p\000m\000e\000n\000t\000\040\000P\000h\000a\000s\000e}{subsection.4.5}% 42
\BOOKMARK [2][-]{subsection.4.6}{\376\377\000\040\000M\000a\000i\000n\000\040\000F\000o\000c\000u\000s\000:\000\040\000M\000o\000d\000e\000l\000\040\000D\000e\000p\000l\000o\000y\000m\000e\000n\000t\000\040}{section.4}% 43
\BOOKMARK [3][-]{subsubsection.4.6.1}{\376\377\000B\000a\000c\000k\000t\000r\000a\000c\000k\000i\000n\000g\000:\000\040\000P\000r\000o\000b\000l\000e\000m\000\040\000D\000e\000f\000i\000n\000i\000t\000i\000o\000n}{subsection.4.6}% 44
\BOOKMARK [3][-]{subsubsection.4.6.2}{\376\377\000B\000a\000c\000k\000t\000r\000a\000c\000k\000i\000n\000g\000:\000\040\000D\000a\000t\000a\000\040\000P\000r\000e\000p\000a\000r\000a\000t\000i\000o\000n}{subsection.4.6}% 45
\BOOKMARK [3][-]{subsubsection.4.6.3}{\376\377\000B\000a\000c\000k\000t\000r\000a\000c\000k\000i\000n\000g\000:\000\040\000M\000o\000d\000e\000l\000\040\000D\000e\000v\000e\000l\000o\000p\000m\000e\000n\000t}{subsection.4.6}% 46
\BOOKMARK [3][-]{subsubsection.4.6.4}{\376\377\000F\000o\000r\000w\000a\000r\000d\000-\000t\000h\000i\000n\000k\000i\000n\000g\000:\000\040\000M\000o\000n\000i\000t\000o\000r\000i\000n\000g\000\040\000a\000n\000d\000\040\000M\000a\000n\000a\000g\000e\000m\000e\000n\000t\000\040}{subsection.4.6}% 47
\BOOKMARK [3][-]{subsubsection.4.6.5}{\376\377\000F\000o\000r\000w\000a\000r\000d\000-\000t\000h\000i\000n\000k\000i\000n\000g\000:\000\040\000S\000c\000a\000l\000a\000b\000i\000l\000i\000t\000y\000\040}{subsection.4.6}% 48
\BOOKMARK [3][-]{subsubsection.4.6.6}{\376\377\000F\000o\000r\000w\000a\000r\000d\000-\000t\000h\000i\000n\000k\000i\000n\000g\000:\000\040\000G\000o\000v\000e\000r\000n\000a\000n\000c\000e\000\040\000a\000n\000d\000\040\000C\000o\000m\000p\000l\000i\000a\000n\000c\000e\000\040}{subsection.4.6}% 49
\BOOKMARK [3][-]{subsubsection.4.6.7}{\376\377\000F\000o\000r\000w\000a\000r\000d\000-\000t\000h\000i\000n\000k\000i\000n\000g\000:\000\040\000C\000o\000m\000m\000u\000n\000i\000c\000a\000t\000i\000o\000n\000\040}{subsection.4.6}% 50
\BOOKMARK [3][-]{subsubsection.4.6.8}{\376\377\000R\000e\000c\000o\000m\000m\000e\000n\000d\000a\000t\000i\000o\000n\000s\000\040\000f\000o\000r\000\040\000O\000p\000t\000i\000m\000i\000z\000i\000n\000g\000\040\000t\000h\000e\000\040\000M\000o\000d\000e\000l\000\040\000D\000e\000p\000l\000o\000y\000m\000e\000n\000t\000\040\000P\000h\000a\000s\000e}{subsection.4.6}% 51
\BOOKMARK [2][-]{subsection.4.7}{\376\377\000\040\000M\000a\000i\000n\000\040\000F\000o\000c\000u\000s\000:\000\040\000M\000o\000n\000i\000t\000o\000r\000i\000n\000g\000\040\000a\000n\000d\000\040\000M\000a\000n\000a\000g\000e\000m\000e\000n\000t}{section.4}% 52
\BOOKMARK [3][-]{subsubsection.4.7.1}{\376\377\000B\000a\000c\000k\000t\000r\000a\000c\000k\000i\000n\000g\000:\000\040\000M\000o\000d\000e\000l\000\040\000D\000e\000v\000e\000l\000o\000p\000m\000e\000n\000t\000\040}{subsection.4.7}% 53
\BOOKMARK [3][-]{subsubsection.4.7.2}{\376\377\000B\000a\000c\000k\000t\000r\000a\000c\000k\000i\000n\000g\000:\000\040\000M\000o\000d\000e\000l\000\040\000D\000e\000p\000l\000o\000y\000m\000e\000n\000t}{subsection.4.7}% 54
\BOOKMARK [3][-]{subsubsection.4.7.3}{\376\377\000F\000o\000r\000w\000a\000r\000d\000-\000t\000h\000i\000n\000k\000i\000n\000g\000:\000\040\000G\000o\000v\000e\000r\000n\000a\000n\000c\000e\000\040\000a\000n\000d\000\040\000C\000o\000m\000p\000l\000i\000a\000n\000c\000e\000\040}{subsection.4.7}% 55
\BOOKMARK [3][-]{subsubsection.4.7.4}{\376\377\000F\000o\000r\000w\000a\000r\000d\000-\000t\000h\000i\000n\000k\000i\000n\000g\000:\000\040\000C\000o\000m\000m\000u\000n\000i\000c\000a\000t\000i\000o\000n\000\040}{subsection.4.7}% 56
\BOOKMARK [3][-]{subsubsection.4.7.5}{\376\377\000R\000e\000c\000o\000m\000m\000e\000n\000d\000a\000t\000i\000o\000n\000s\000\040\000f\000o\000r\000\040\000O\000p\000t\000i\000m\000i\000z\000i\000n\000g\000\040\000t\000h\000e\000\040\000M\000o\000n\000i\000t\000o\000r\000i\000n\000g\000\040\000a\000n\000d\000\040\000M\000a\000n\000a\000g\000e\000m\000e\000n\000t\000\040\000P\000h\000a\000s\000e}{subsection.4.7}% 57
\BOOKMARK [2][-]{subsection.4.8}{\376\377\000\040\000M\000a\000i\000n\000\040\000F\000o\000c\000u\000s\000:\000\040\000S\000c\000a\000l\000a\000b\000i\000l\000i\000t\000y\000\040}{section.4}% 58
\BOOKMARK [3][-]{subsubsection.4.8.1}{\376\377\000B\000a\000c\000k\000t\000r\000a\000c\000k\000i\000n\000g\000:\000\040\000M\000o\000d\000e\000l\000\040\000D\000e\000p\000l\000o\000y\000m\000e\000n\000t}{subsection.4.8}% 59
\BOOKMARK [3][-]{subsubsection.4.8.2}{\376\377\000B\000a\000c\000k\000t\000r\000a\000c\000k\000i\000n\000g\000:\000\040\000M\000o\000n\000i\000t\000o\000r\000i\000n\000g\000\040\000a\000n\000d\000\040\000M\000a\000n\000a\000g\000e\000m\000e\000n\000t}{subsection.4.8}% 60
\BOOKMARK [3][-]{subsubsection.4.8.3}{\376\377\000F\000o\000r\000w\000a\000r\000d\000-\000t\000h\000i\000n\000k\000i\000n\000g\000:\000\040\000C\000o\000m\000m\000u\000n\000i\000c\000a\000t\000i\000o\000n\000\040}{subsection.4.8}% 61
\BOOKMARK [3][-]{subsubsection.4.8.4}{\376\377\000F\000o\000r\000w\000a\000r\000d\000-\000t\000h\000i\000n\000k\000i\000n\000g\000:\000\040\000G\000o\000v\000e\000r\000n\000a\000n\000c\000e\000\040\000a\000n\000d\000\040\000C\000o\000m\000p\000l\000i\000a\000n\000c\000e\000\040}{subsection.4.8}% 62
\BOOKMARK [3][-]{subsubsection.4.8.5}{\376\377\000R\000e\000c\000o\000m\000m\000e\000n\000d\000a\000t\000i\000o\000n\000s\000\040\000f\000o\000r\000\040\000O\000p\000t\000i\000m\000i\000z\000i\000n\000g\000\040\000t\000h\000e\000\040\000S\000c\000a\000l\000a\000b\000i\000l\000i\000t\000y\000\040\000P\000h\000a\000s\000e}{subsection.4.8}% 63
\BOOKMARK [2][-]{subsection.4.9}{\376\377\000\040\000M\000a\000i\000n\000\040\000F\000o\000c\000u\000s\000:\000\040\000G\000o\000v\000e\000r\000n\000a\000n\000c\000e\000\040\000a\000n\000d\000\040\000C\000o\000m\000p\000l\000i\000a\000n\000c\000e}{section.4}% 64
\BOOKMARK [3][-]{subsubsection.4.9.1}{\376\377\000B\000a\000c\000k\000t\000r\000a\000c\000k\000i\000n\000g\000:\000\040\000P\000r\000o\000b\000l\000e\000m\000\040\000D\000e\000f\000i\000n\000i\000t\000i\000o\000n\000\040}{subsection.4.9}% 65
\BOOKMARK [3][-]{subsubsection.4.9.2}{\376\377\000B\000a\000c\000k\000t\000r\000a\000c\000k\000i\000n\000g\000:\000\040\000D\000a\000t\000a\000\040\000A\000c\000q\000u\000i\000s\000i\000t\000i\000o\000n\000\040}{subsection.4.9}% 66
\BOOKMARK [3][-]{subsubsection.4.9.3}{\376\377\000B\000a\000c\000k\000t\000r\000a\000c\000k\000i\000n\000g\000:\000\040\000D\000a\000t\000a\000\040\000P\000r\000e\000p\000a\000r\000a\000t\000i\000o\000n\000\040}{subsection.4.9}% 67
\BOOKMARK [3][-]{subsubsection.4.9.4}{\376\377\000B\000a\000c\000k\000t\000r\000a\000c\000k\000i\000n\000g\000:\000\040\000M\000o\000d\000e\000l\000\040\000D\000e\000v\000e\000l\000o\000p\000m\000e\000n\000t\000\040}{subsection.4.9}% 68
\BOOKMARK [3][-]{subsubsection.4.9.5}{\376\377\000B\000a\000c\000k\000t\000r\000a\000c\000k\000i\000n\000g\000:\000\040\000M\000o\000d\000e\000l\000\040\000D\000e\000p\000l\000o\000y\000m\000e\000n\000t\000\040}{subsection.4.9}% 69
\BOOKMARK [3][-]{subsubsection.4.9.6}{\376\377\000F\000o\000r\000w\000a\000r\000d\000-\000t\000h\000i\000n\000k\000i\000n\000g\000:\000\040\000C\000o\000m\000m\000u\000n\000i\000c\000a\000t\000i\000o\000n\000\040}{subsection.4.9}% 70
\BOOKMARK [3][-]{subsubsection.4.9.7}{\376\377\000R\000e\000c\000o\000m\000m\000e\000n\000d\000a\000t\000i\000o\000n\000s\000\040\000f\000o\000r\000\040\000O\000p\000t\000i\000m\000i\000z\000i\000n\000g\000\040\000t\000h\000e\000\040\000G\000o\000v\000e\000r\000n\000a\000n\000c\000e\000\040\000a\000n\000d\000\040\000C\000o\000m\000p\000l\000i\000a\000n\000c\000e\000\040\000P\000h\000a\000s\000e}{subsection.4.9}% 71
\BOOKMARK [1][-]{section.5}{\376\377\000C\000o\000n\000c\000l\000u\000s\000i\000o\000n}{}% 72
