\BOOKMARK [1][-]{section.1}{\376\377\000I\000n\000t\000r\000o\000d\000u\000c\000t\000i\000o\000n}{}% 1
\BOOKMARK [1][-]{section.2}{\376\377\000M\000e\000t\000h\000o\000d\000o\000l\000o\000g\000y}{}% 2
\BOOKMARK [2][-]{subsection.2.1}{\376\377\000S\000u\000m\000m\000a\000r\000y\000\040\000o\000f\000\040\000t\000h\000e\000\040\000S\000u\000r\000v\000e\000y\000\040\000P\000r\000o\000t\000o\000c\000o\000l\000\040\000a\000n\000d\000\040\000R\000e\000s\000u\000l\000t\000s}{section.2}% 3
\BOOKMARK [2][-]{subsection.2.2}{\376\377\000I\000n\000t\000e\000r\000v\000i\000e\000w\000\040\000P\000r\000o\000t\000o\000c\000o\000l}{section.2}% 4
\BOOKMARK [3][-]{subsubsection.2.2.1}{\376\377\000I\000n\000t\000e\000r\000v\000i\000e\000w\000\040\000R\000e\000c\000r\000u\000i\000t\000m\000e\000n\000t}{subsection.2.2}% 5
\BOOKMARK [3][-]{subsubsection.2.2.2}{\376\377\000I\000n\000t\000e\000r\000v\000i\000e\000w\000\040\000P\000r\000o\000t\000o\000c\000o\000l\000\040\000a\000n\000d\000\040\000E\000t\000h\000i\000c\000s}{subsection.2.2}% 6
\BOOKMARK [3][-]{subsubsection.2.2.3}{\376\377\000I\000n\000t\000e\000r\000v\000i\000e\000w\000\040\000P\000i\000l\000o\000t\000\040\000\046\000\040\000R\000e\000f\000i\000n\000e\000m\000e\000n\000t}{subsection.2.2}% 7
\BOOKMARK [3][-]{subsubsection.2.2.4}{\376\377\000I\000n\000t\000e\000r\000v\000i\000e\000w\000i\000n\000g\000\040\000P\000r\000o\000c\000e\000d\000u\000r\000e}{subsection.2.2}% 8
\BOOKMARK [2][-]{subsection.2.3}{\376\377\000S\000t\000r\000u\000c\000t\000u\000r\000e\000\040\000o\000f\000\040\000t\000h\000e\000\040\000I\000n\000t\000e\000r\000v\000i\000e\000w\000\040\000G\000u\000i\000d\000e}{section.2}% 9
\BOOKMARK [3][-]{subsubsection.2.3.1}{\376\377\000P\000a\000r\000t\000i\000c\000i\000p\000a\000n\000t\000s\000,\000\040\000P\000r\000o\000j\000e\000c\000t\000s\000,\000\040\000a\000n\000d\000\040\000O\000r\000g\000a\000n\000i\000z\000a\000t\000i\000o\000n\000s}{subsection.2.3}% 10
\BOOKMARK [3][-]{subsubsection.2.3.2}{\376\377\000O\000r\000g\000a\000n\000i\000z\000a\000t\000i\000o\000n\000\040\000a\000n\000d\000\040\000S\000e\000c\000u\000r\000i\000t\000y}{subsection.2.3}% 11
\BOOKMARK [3][-]{subsubsection.2.3.3}{\376\377\000O\000r\000g\000a\000n\000i\000z\000a\000t\000i\000o\000n\000a\000l\000\040\000C\000o\000n\000t\000e\000x\000t\000\040\000o\000f\000\040\000S\000A\000S\000T}{subsection.2.3}% 12
\BOOKMARK [3][-]{subsubsection.2.3.4}{\376\377\000E\000x\000p\000e\000c\000t\000a\000t\000i\000o\000n\000s\000\040\000f\000r\000o\000m\000\040\000S\000A\000S\000T}{subsection.2.3}% 13
\BOOKMARK [3][-]{subsubsection.2.3.5}{\376\377\000I\000m\000p\000a\000c\000t\000\040\000o\000f\000\040\000U\000n\000s\000o\000u\000n\000d\000/\000F\000l\000a\000w\000e\000d\000\040\000S\000A\000S\000T}{subsection.2.3}% 14
\BOOKMARK [3][-]{subsubsection.2.3.6}{\376\377\000C\000h\000a\000l\000l\000e\000n\000g\000e\000s\000\040\000a\000n\000d\000\040\000I\000m\000p\000r\000o\000v\000e\000m\000e\000n\000t\000s}{subsection.2.3}% 15
\BOOKMARK [2][-]{subsection.2.4}{\376\377\000T\000r\000a\000n\000s\000c\000r\000i\000b\000i\000n\000g\000,\000\040\000C\000o\000d\000i\000n\000g\000\040\000a\000n\000d\000\040\000A\000n\000a\000l\000y\000s\000i\000s}{section.2}% 16
\BOOKMARK [1][-]{section.3}{\376\377\000I\000n\000t\000e\000r\000v\000i\000e\000w\000\040\000R\000e\000s\000u\000l\000t\000s}{}% 17
\BOOKMARK [2][-]{subsection.3.1}{\376\377\000P\000a\000r\000t\000i\000c\000i\000p\000a\000n\000t\000s\000,\000\040\000P\000r\000o\000j\000e\000c\000t\000s\000,\000\040\000a\000n\000d\000\040\000O\000r\000g\000a\000n\000i\000z\000a\000t\000i\000o\000n\000s}{section.3}% 18
\BOOKMARK [2][-]{subsection.3.2}{\376\377\000O\000r\000g\000a\000n\000i\000z\000a\000t\000i\000o\000n\000\040\000a\000n\000d\000\040\000S\000e\000c\000u\000r\000i\000t\000y}{section.3}% 19
\BOOKMARK [2][-]{subsection.3.3}{\376\377\000O\000r\000g\000a\000n\000i\000z\000a\000t\000i\000o\000n\000a\000l\000\040\000C\000o\000n\000t\000e\000x\000t\000\040\000o\000f\000\040\000S\000A\000S\000T}{section.3}% 20
\BOOKMARK [2][-]{subsection.3.4}{\376\377\000E\000x\000p\000e\000c\000t\000a\000t\000i\000o\000n\000s\000\040\000f\000r\000o\000m\000\040\000S\000A\000S\000T}{section.3}% 21
\BOOKMARK [2][-]{subsection.3.5}{\376\377\000I\000m\000p\000a\000c\000t\000\040\000o\000f\000\040\000U\000n\000s\000o\000u\000n\000d\000/\000F\000l\000a\000w\000e\000d\000\040\000S\000A\000S\000T}{section.3}% 22
\BOOKMARK [2][-]{subsection.3.6}{\376\377\000C\000h\000a\000l\000l\000e\000n\000g\000e\000s\000\040\000a\000n\000d\000\040\000I\000m\000p\000r\000o\000v\000e\000m\000e\000n\000t\000s}{section.3}% 23
\BOOKMARK [1][-]{section.4}{\376\377\000T\000h\000r\000e\000a\000t\000s\000\040\000t\000o\000\040\000V\000a\000l\000i\000d\000i\000t\000y}{}% 24
\BOOKMARK [1][-]{section.5}{\376\377\000D\000i\000s\000c\000u\000s\000s\000i\000o\000n}{}% 25
\BOOKMARK [2][-]{subsection.5.1}{\376\377\000M\000i\000n\000d\000\040\000t\000h\000e\000\040\000G\000a\000p\000:\000\040\000T\000h\000e\000\040\000D\000i\000c\000h\000o\000t\000o\000m\000y\000\040\000o\000f\000\040\000P\000e\000r\000c\000e\000i\000v\000e\000d\000\040\000D\000e\000v\000e\000l\000o\000p\000e\000r\000\040\000N\000e\000e\000d\000s\000\040\000a\000n\000d\000\040\000S\000A\000S\000T\000\040\000S\000e\000l\000e\000c\000t\000i\000o\000n\000/\000E\000v\000a\000l\000u\000a\000t\000i\000o\000n}{section.5}% 26
\BOOKMARK [2][-]{subsection.5.2}{\376\377\000T\000h\000e\000\040\000P\000o\000w\000e\000r\000\040\000o\000f\000\040\000R\000e\000p\000u\000t\000a\000t\000i\000o\000n\000\040\000a\000n\000d\000\040\000t\000h\000e\000\040\000L\000a\000c\000k\000\040\000o\000f\000\040\000R\000e\000l\000i\000a\000b\000l\000e\000\040\000O\000b\000j\000e\000c\000t\000i\000v\000e\000\040\000C\000r\000i\000t\000e\000r\000i\000a}{section.5}% 27
\BOOKMARK [2][-]{subsection.5.3}{\376\377\000G\000i\000v\000i\000n\000g\000\040\000D\000e\000v\000e\000l\000o\000p\000e\000r\000s\000\040\000W\000h\000a\000t\000\040\000T\000h\000e\000y\000\040\000W\000a\000n\000t}{section.5}% 28
\BOOKMARK [2][-]{subsection.5.4}{\376\377\000I\000n\000d\000u\000s\000t\000r\000y\000\040\000i\000s\000\040\000n\000o\000t\000\040\000p\000r\000e\000p\000a\000r\000e\000d\000\040\000f\000o\000r\000\040\000t\000h\000e\000\040\000f\000l\000a\000w\000s\000\040\000o\000f\000\040\000S\000A\000S\000T\000s}{section.5}% 29
\BOOKMARK [2][-]{subsection.5.5}{\376\377\000M\000o\000v\000i\000n\000g\000\040\000F\000o\000r\000w\000a\000r\000d\000:\000\040\000N\000e\000w\000\040\000D\000i\000r\000e\000c\000t\000i\000o\000n\000s\000\040\000a\000n\000d\000\040\000I\000d\000e\000a\000s}{section.5}% 30
\BOOKMARK [1][-]{section.6}{\376\377\000R\000e\000l\000a\000t\000e\000d\000\040\000W\000o\000r\000k}{}% 31
\BOOKMARK [1][-]{section.7}{\376\377\000C\000o\000n\000c\000l\000u\000s\000i\000o\000n}{}% 32
\BOOKMARK [1][-]{section*.2}{\376\377\000R\000e\000f\000e\000r\000e\000n\000c\000e\000s}{}% 33
\BOOKMARK [1][-]{section*.3}{\376\377\000A\000p\000p\000e\000n\000d\000i\000x\000\040\000A\000:\000\040\000S\000u\000r\000v\000e\000y\000\040\000P\000r\000o\000t\000o\000c\000o\000l}{}% 34
\BOOKMARK [2][-]{subsection.Appendix.A.1}{\376\377\000S\000u\000r\000v\000e\000y\000\040\000R\000e\000c\000r\000u\000i\000t\000m\000e\000n\000t}{section*.3}% 35
\BOOKMARK [2][-]{subsection.Appendix.A.2}{\376\377\000O\000n\000l\000i\000n\000e\000\040\000S\000u\000r\000v\000e\000y\000\040\000a\000n\000d\000\040\000D\000a\000t\000a\000\040\000A\000n\000a\000l\000y\000s\000i\000s}{section*.3}% 36
\BOOKMARK [1][-]{section*.4}{\376\377\000A\000p\000p\000e\000n\000d\000i\000x\000\040\000B\000:\000\040\000S\000u\000r\000v\000e\000y\000\040\000R\000e\000s\000u\000l\000t\000s}{}% 37
\BOOKMARK [1][-]{section*.5}{\376\377\000A\000p\000p\000e\000n\000d\000i\000x\000\040\000C\000:\000\040\000M\000e\000t\000a\000-\000R\000e\000v\000i\000e\000w}{}% 38
\BOOKMARK [2][-]{subsection.Appendix.C.1}{\376\377\000S\000u\000m\000m\000a\000r\000y}{section*.5}% 39
\BOOKMARK [2][-]{subsection.Appendix.C.2}{\376\377\000S\000c\000i\000e\000n\000t\000i\000f\000i\000c\000\040\000C\000o\000n\000t\000r\000i\000b\000u\000t\000i\000o\000n\000s}{section*.5}% 40
\BOOKMARK [2][-]{subsection.Appendix.C.3}{\376\377\000R\000e\000a\000s\000o\000n\000s\000\040\000f\000o\000r\000\040\000A\000c\000c\000e\000p\000t\000a\000n\000c\000e}{section*.5}% 41
\BOOKMARK [2][-]{subsection.Appendix.C.4}{\376\377\000N\000o\000t\000e\000w\000o\000r\000t\000h\000y\000\040\000C\000o\000n\000c\000e\000r\000n\000s}{section*.5}% 42
