\BOOKMARK [0][-]{Item.6}{Contents}{}% 1
\BOOKMARK [0][-]{chapter*.3}{List of Figures}{}% 2
\BOOKMARK [0][-]{chapter*.4}{List of Tables}{}% 3
\BOOKMARK [0][-]{chapter.1}{Introduction}{}% 4
\BOOKMARK [1][-]{section.1.1}{The elementary particles and interactions in Standard Model}{chapter.1}% 5
\BOOKMARK [1][-]{section.1.2}{Signatures of QGP in Heavy-ion-collision}{chapter.1}% 6
\BOOKMARK [1][-]{section.1.3}{Experimental station}{chapter.1}% 7
\BOOKMARK [1][-]{section.1.4}{QCD phase diagram and its prospects}{chapter.1}% 8
\BOOKMARK [1][-]{section.1.5}{Organization of the thesis}{chapter.1}% 9
\BOOKMARK [0][-]{chapter.2}{Phenomenology of critical point}{}% 10
\BOOKMARK [1][-]{section.2.1}{Historical Overview}{chapter.2}% 11
\BOOKMARK [1][-]{section.2.2}{Water-vapour and ferromagnetic-paramagnetic critical point}{chapter.2}% 12
\BOOKMARK [1][-]{section.2.3}{Phase transition and characterization of its order}{chapter.2}% 13
\BOOKMARK [1][-]{section.2.4}{Order parameters and critical behaviour}{chapter.2}% 14
\BOOKMARK [2][-]{subsection.2.4.1}{Critical Opalescence}{section.2.4}% 15
\BOOKMARK [1][-]{section.2.5}{Scaling laws, critical exponents and universality hypothesis}{chapter.2}% 16
\BOOKMARK [1][-]{section.2.6}{Exploring the QCD critical point and its signatures}{chapter.2}% 17
\BOOKMARK [0][-]{chapter.3}{Relativistic Hydrodynamics}{}% 18
\BOOKMARK [1][-]{section.3.1}{Introduction}{chapter.3}% 19
\BOOKMARK [1][-]{section.3.2}{Thermodynamics in covariant form}{chapter.3}% 20
\BOOKMARK [1][-]{section.3.3}{M\374ller-Israel-Stewart Hydrodynamics}{chapter.3}% 21
\BOOKMARK [2][-]{subsection.3.3.1}{Equations of motion in general form}{section.3.3}% 22
\BOOKMARK [2][-]{subsection.3.3.2}{Fitting conditions, definition of fluid velocity, and the choice of a frame}{section.3.3}% 23
\BOOKMARK [1][-]{section.3.4}{Eckart frame of reference}{chapter.3}% 24
\BOOKMARK [1][-]{section.3.5}{Landau-Lifshitz frame of reference}{chapter.3}% 25
\BOOKMARK [1][-]{section.3.6}{Choice of Q and the dissipative fluxes}{chapter.3}% 26
\BOOKMARK [0][-]{chapter.4}{Equation of State \(EoS\) with critical point}{}% 27
\BOOKMARK [1][-]{section.4.1}{Introduction}{chapter.4}% 28
\BOOKMARK [1][-]{section.4.2}{Construction of the EoS}{chapter.4}% 29
\BOOKMARK [2][-]{subsection.4.2.1}{Mapping onto the QCD phase diagram}{section.4.2}% 30
\BOOKMARK [2][-]{subsection.4.2.2}{Position of the CEP and the choice of critical region}{section.4.2}% 31
\BOOKMARK [1][-]{section.4.3}{Entropy density calculation for arbitrary chosen axis}{chapter.4}% 32
\BOOKMARK [1][-]{section.4.4}{Hydrodynamic framework in space-time evolution of the QGP}{chapter.4}% 33
\BOOKMARK [0][-]{chapter.5}{Propagation of perturbation near the QCD critical point}{}% 34
\BOOKMARK [1][-]{section.5.1}{Introduction}{chapter.5}% 35
\BOOKMARK [1][-]{section.5.2}{Propagation of the perturbations in viscous fluid}{chapter.5}% 36
\BOOKMARK [1][-]{section.5.3}{Perturbations in the relativistic fluid}{chapter.5}% 37
\BOOKMARK [1][-]{section.5.4}{Dispersion Relations}{chapter.5}% 38
\BOOKMARK [2][-]{subsection.5.4.1}{Fluidity near the critical region}{section.5.4}% 39
\BOOKMARK [1][-]{section.5.5}{Results and discussion}{chapter.5}% 40
\BOOKMARK [0][-]{chapter.6}{Dynamic structure factor near the QCD critical point}{}% 41
\BOOKMARK [1][-]{section.6.1}{Introduction}{chapter.6}% 42
\BOOKMARK [1][-]{section.6.2}{Linearized Hydrodynamic equations}{chapter.6}% 43
\BOOKMARK [1][-]{section.6.3}{Behaviour of Snn\(k k k k ,\) near the CEP}{chapter.6}% 44
\BOOKMARK [1][-]{section.6.4}{Results and discussion}{chapter.6}% 45
\BOOKMARK [0][-]{chapter.7}{Understanding the parametric slow mode through the dynamic structure factor}{}% 46
\BOOKMARK [1][-]{section.7.1}{Introduction}{chapter.7}% 47
\BOOKMARK [1][-]{section.7.2}{Hydrodynamic framework}{chapter.7}% 48
\BOOKMARK [2][-]{subsection.7.2.1}{Linearized equations and the dynamic structure factor}{section.7.2}% 49
\BOOKMARK [1][-]{section.7.3}{Results and discussion}{chapter.7}% 50
\BOOKMARK [0][-]{chapter.8}{Propagation of Nonlinear waves near the QCD critical point}{}% 51
\BOOKMARK [1][-]{section.8.1}{Introduction}{chapter.8}% 52
\BOOKMARK [1][-]{section.8.2}{1-D flow equations}{chapter.8}% 53
\BOOKMARK [2][-]{subsection.8.2.1}{Derivation of nonlinear wave equations}{section.8.2}% 54
\BOOKMARK [1][-]{section.8.3}{Results and discussion}{chapter.8}% 55
\BOOKMARK [0][-]{chapter.9}{Summary and outlook}{}% 56
\BOOKMARK [0][-]{appendix.A}{Relaxation and coupling coefficients}{}% 57
\BOOKMARK [1][-]{section.A.1}{Relaxation and coupling coefficients}{appendix.A}% 58
\BOOKMARK [0][-]{appendix.B}{Thermodynamic derivatives}{}% 59
\BOOKMARK [1][-]{section.B.1}{Thermodynamic derivatives}{appendix.B}% 60
\BOOKMARK [0][-]{appendix.C}{Dynamic structure factor near the QCD critical point}{}% 61
\BOOKMARK [1][-]{section.C.1}{Expression for structure factor and the thermodynamic derivatives}{appendix.C}% 62
\BOOKMARK [0][-]{appendix.D}{Understanding the parametric slow mode through the dynamic structure factor}{}% 63
\BOOKMARK [1][-]{section.D.1}{Extensivity condition}{appendix.D}% 64
\BOOKMARK [0][-]{appendix.E}{Understanding the parametric slow mode through the dynamic structure factor}{}% 65
\BOOKMARK [1][-]{section.E.1}{The set linear equations derived for the perturbations in -k space}{appendix.E}% 66
\BOOKMARK [0][-]{appendix.F}{Dynamic structure factor near the QCD critical point}{}% 67
\BOOKMARK [1][-]{section.F.1}{Speed of sound and the roots of \(k\)}{appendix.F}% 68
