This is pdfTeX, Version 3.14159265-2.6-1.40.18 (MiKTeX 2.9.6350 64-bit) (preloaded format=pdflatex 2017.7.24)  1 NOV 2017 20:27
entering extended mode
**"E:/these/question answering/Phd Thesis/PhD-latex-sources-mine/Chapters/Chapt
er2.tex"

("E:/these/question answering/Phd Thesis/PhD-latex-sources-mine/Chapters/Chapte
r2.tex"
LaTeX2e <2017-04-15>
Babel <3.12> and hyphenation patterns for 73 language(s) loaded.
! Undefined control sequence.
l.3 \chapter
            {Biomedical Text Mining} % Main chapter title
? 

! LaTeX Error: Missing \begin{document}.

See the LaTeX manual or LaTeX Companion for explanation.
Type  H <return>  for immediate help.
 ...                                              
                                                  
l.3 \chapter{B
              iomedical Text Mining} % Main chapter title
? 
Missing character: There is no B in font nullfont!
Missing character: There is no i in font nullfont!
Missing character: There is no o in font nullfont!
Missing character: There is no m in font nullfont!
Missing character: There is no e in font nullfont!
Missing character: There is no d in font nullfont!
Missing character: There is no i in font nullfont!
Missing character: There is no c in font nullfont!
Missing character: There is no a in font nullfont!
Missing character: There is no l in font nullfont!
Missing character: There is no T in font nullfont!
Missing character: There is no e in font nullfont!
Missing character: There is no x in font nullfont!
Missing character: There is no t in font nullfont!
Missing character: There is no M in font nullfont!
Missing character: There is no i in font nullfont!
Missing character: There is no n in font nullfont!
Missing character: There is no i in font nullfont!
Missing character: There is no n in font nullfont!
Missing character: There is no g in font nullfont!

Overfull \hbox (20.0pt too wide) in paragraph at lines 3--4
[]
 []

! Undefined control sequence.
l.7 \minitoc
            
? 
! Emergency stop.
l.7 \minitoc
            
End of file on the terminal!

 
Here is how much of TeX's memory you used:
 7 strings out of 493328
 307 string characters out of 3139289
 53647 words of memory out of 3000000
 3645 multiletter control sequences out of 15000+200000
 3640 words of font info for 14 fonts, out of 3000000 for 9000
 1141 hyphenation exceptions out of 8191
 5i,0n,4p,165b,16s stack positions out of 5000i,500n,10000p,200000b,50000s
!  ==> Fatal error occurred, no output PDF file produced!
