\BOOKMARK [0][-]{section*.2}{\376\377\000A\000c\000k\000n\000o\000w\000l\000e\000d\000g\000e\000m\000e\000n\000t\000s}{}% 1
\BOOKMARK [0][-]{section*.3}{\376\377\000A\000b\000s\000t\000r\000a\000c\000t}{}% 2
\BOOKMARK [0][-]{section*.4}{\376\377\000R\000Ã\000©\000s\000u\000m\000Ã\000©}{}% 3
\BOOKMARK [0][-]{chapter*.6}{\376\377\000L\000i\000s\000t\000\040\000o\000f\000\040\000F\000i\000g\000u\000r\000e\000s}{}% 4
\BOOKMARK [0][-]{chapter*.7}{\376\377\000L\000i\000s\000t\000\040\000o\000f\000\040\000T\000a\000b\000l\000e\000s}{}% 5
\BOOKMARK [0][-]{chapter*.8}{\376\377\000L\000i\000s\000t\000\040\000o\000f\000\040\000A\000b\000b\000r\000e\000v\000i\000a\000t\000i\000o\000n\000s}{}% 6
\BOOKMARK [0][-]{chapter*.10}{\376\377\000G\000e\000n\000e\000r\000a\000l\000\040\000I\000n\000t\000r\000o\000d\000u\000c\000t\000i\000o\000n}{}% 7
\BOOKMARK [1][-]{section*.11}{\376\377\000M\000o\000t\000i\000v\000a\000t\000i\000o\000n}{chapter*.10}% 8
\BOOKMARK [1][-]{figure.caption.14}{\376\377\000B\000a\000c\000k\000g\000r\000o\000u\000n\000d}{chapter*.10}% 9
\BOOKMARK [1][-]{figure.caption.14}{\376\377\000R\000e\000s\000e\000a\000r\000c\000h\000\040\000G\000o\000a\000l\000s}{chapter*.10}% 10
\BOOKMARK [1][-]{figure.caption.14}{\376\377\000C\000o\000n\000t\000r\000i\000b\000u\000t\000i\000o\000n\000s}{chapter*.10}% 11
\BOOKMARK [1][-]{figure.caption.18}{\376\377\000S\000t\000r\000u\000c\000t\000u\000r\000e}{chapter*.10}% 12
\BOOKMARK [0][-]{chapter.19}{\376\377\000B\000i\000o\000m\000e\000d\000i\000c\000a\000l\000\040\000N\000a\000t\000u\000r\000a\000l\000\040\000L\000a\000n\000g\000u\000a\000g\000e\000\040\000P\000r\000o\000c\000e\000s\000s\000i\000n\000g\000\040\000a\000n\000d\000\040\000T\000e\000x\000t\000\040\000M\000i\000n\000i\000n\000g}{}% 13
\BOOKMARK [1][-]{section.20}{\376\377\000I\000n\000t\000r\000o\000d\000u\000c\000t\000i\000o\000n}{chapter.19}% 14
\BOOKMARK [1][-]{section.22}{\376\377\000N\000a\000t\000u\000r\000a\000l\000\040\000L\000a\000n\000g\000u\000a\000g\000e\000\040\000P\000r\000o\000c\000e\000s\000s\000i\000n\000g}{chapter.19}% 15
\BOOKMARK [2][-]{subsection.23}{\376\377\000S\000e\000n\000t\000e\000n\000c\000e\000\040\000t\000o\000k\000e\000n\000i\000z\000a\000t\000i\000o\000n}{section.22}% 16
\BOOKMARK [2][-]{subsection.24}{\376\377\000W\000o\000r\000d\000\040\000t\000o\000k\000e\000n\000i\000z\000a\000t\000i\000o\000n}{section.22}% 17
\BOOKMARK [2][-]{subsection.25}{\376\377\000N\000-\000g\000r\000a\000m\000s}{section.22}% 18
\BOOKMARK [2][-]{subsection.26}{\376\377\000S\000t\000e\000m\000m\000i\000n\000g\000\040\000a\000n\000d\000\040\000l\000e\000m\000m\000a\000t\000i\000z\000a\000t\000i\000o\000n}{section.22}% 19
\BOOKMARK [2][-]{subsection.27}{\376\377\000P\000a\000r\000t\000-\000o\000f\000-\000s\000p\000e\000e\000c\000h\000\040\000t\000a\000g\000g\000i\000n\000g}{section.22}% 20
\BOOKMARK [2][-]{subsection.28}{\376\377\000D\000e\000p\000e\000n\000d\000e\000n\000c\000y\000\040\000p\000a\000r\000s\000i\000n\000g}{section.22}% 21
\BOOKMARK [2][-]{subsection.29}{\376\377\000A\000v\000a\000i\000l\000a\000b\000l\000e\000\040\000N\000L\000P\000\040\000s\000o\000f\000t\000w\000a\000r\000e\000s}{section.22}% 22
\BOOKMARK [1][-]{section.33}{\376\377\000T\000e\000x\000t\000\040\000M\000i\000n\000i\000n\000g\000\040\000T\000a\000s\000k\000s}{chapter.19}% 23
\BOOKMARK [2][-]{subsection.34}{\376\377\000N\000a\000m\000e\000d\000\040\000e\000n\000t\000i\000t\000y\000\040\000r\000e\000c\000o\000g\000n\000i\000t\000i\000o\000n}{section.33}% 24
\BOOKMARK [2][-]{subsection.35}{\376\377\000R\000e\000l\000a\000t\000i\000o\000n\000\040\000o\000r\000\040\000i\000n\000f\000o\000r\000m\000a\000t\000i\000o\000n\000\040\000e\000x\000t\000r\000a\000c\000t\000i\000o\000n}{section.33}% 25
\BOOKMARK [2][-]{subsection.41}{\376\377\000T\000e\000x\000t\000\040\000c\000l\000a\000s\000s\000i\000f\000i\000c\000a\000t\000i\000o\000n}{section.33}% 26
\BOOKMARK [2][-]{subsection.42}{\376\377\000T\000e\000x\000t\000\040\000c\000l\000u\000s\000t\000e\000r\000i\000n\000g}{section.33}% 27
\BOOKMARK [2][-]{subsection.43}{\376\377\000T\000e\000x\000t\000\040\000s\000u\000m\000m\000a\000r\000i\000z\000a\000t\000i\000o\000n}{section.33}% 28
\BOOKMARK [2][-]{subsection.44}{\376\377\000I\000n\000f\000o\000r\000m\000a\000t\000i\000o\000n\000\040\000r\000e\000t\000r\000i\000e\000v\000a\000l}{section.33}% 29
\BOOKMARK [2][-]{subsection.45}{\376\377\000Q\000u\000e\000s\000t\000i\000o\000n\000\040\000a\000n\000s\000w\000e\000r\000i\000n\000g}{section.33}% 30
\BOOKMARK [1][-]{section.46}{\376\377\000Q\000u\000e\000s\000t\000i\000o\000n\000\040\000A\000n\000s\000w\000e\000r\000i\000n\000g\000\040\000S\000y\000s\000t\000e\000m\000s\000\040\000C\000l\000a\000s\000s\000i\000f\000i\000c\000a\000t\000i\000o\000n}{chapter.19}% 31
\BOOKMARK [1][-]{section.47}{\376\377\000O\000p\000e\000n\000-\000D\000o\000m\000a\000i\000n\000\040\000v\000s\000.\000\040\000R\000e\000s\000t\000r\000i\000c\000t\000e\000d\000-\000D\000o\000m\000a\000i\000n\000\040\000Q\000u\000e\000s\000t\000i\000o\000n\000\040\000A\000n\000s\000w\000e\000r\000i\000n\000g}{chapter.19}% 32
\BOOKMARK [1][-]{section.48}{\376\377\000S\000u\000m\000m\000a\000r\000y\000\040\000o\000f\000\040\000t\000h\000e\000\040\000C\000h\000a\000p\000t\000e\000r}{chapter.19}% 33
\BOOKMARK [0][-]{chapter.49}{\376\377\000S\000t\000a\000t\000e\000-\000o\000f\000-\000t\000h\000e\000-\000A\000r\000t\000\040\000i\000n\000\040\000B\000i\000o\000m\000e\000d\000i\000c\000a\000l\000\040\000Q\000u\000e\000s\000t\000i\000o\000n\000\040\000A\000n\000s\000w\000e\000r\000i\000n\000g}{}% 34
\BOOKMARK [1][-]{section.50}{\376\377\000I\000n\000t\000r\000o\000d\000u\000c\000t\000i\000o\000n}{chapter.49}% 35
\BOOKMARK [1][-]{section.55}{\376\377\000C\000h\000a\000r\000a\000c\000t\000e\000r\000i\000s\000t\000i\000c\000s\000\040\000o\000f\000\040\000Q\000u\000e\000s\000t\000i\000o\000n\000\040\000A\000n\000s\000w\000e\000r\000i\000n\000g\000\040\000i\000n\000\040\000t\000h\000e\000\040\000B\000i\000o\000m\000e\000d\000i\000c\000a\000l\000\040\000D\000o\000m\000a\000i\000n}{chapter.49}% 36
\BOOKMARK [1][-]{section.61}{\376\377\000R\000e\000s\000o\000u\000r\000c\000e\000s\000\040\000f\000o\000r\000\040\000B\000i\000o\000m\000e\000d\000i\000c\000a\000l\000\040\000Q\000u\000e\000s\000t\000i\000o\000n\000\040\000A\000n\000s\000w\000e\000r\000i\000n\000g}{chapter.49}% 37
\BOOKMARK [2][-]{subsection.62}{\376\377\000C\000o\000r\000p\000o\000r\000a}{section.61}% 38
\BOOKMARK [2][-]{subsection.69}{\376\377\000L\000e\000x\000i\000c\000a\000l\000,\000\040\000t\000e\000r\000m\000i\000n\000o\000l\000o\000g\000i\000c\000a\000l\000,\000\040\000a\000n\000d\000\040\000o\000n\000t\000o\000l\000o\000g\000i\000c\000a\000l\000\040\000r\000e\000s\000o\000u\000r\000c\000e\000s}{section.61}% 39
\BOOKMARK [2][-]{subsection.79}{\376\377\000S\000u\000p\000p\000o\000r\000t\000i\000n\000g\000\040\000t\000o\000o\000l\000s}{section.61}% 40
\BOOKMARK [1][-]{section.82}{\376\377\000R\000e\000l\000a\000t\000e\000d\000\040\000W\000o\000r\000k\000\040\000o\000n\000\040\000B\000i\000o\000m\000e\000d\000i\000c\000a\000l\000\040\000Q\000u\000e\000s\000t\000i\000o\000n\000\040\000A\000n\000s\000w\000e\000r\000i\000n\000g}{chapter.49}% 41
\BOOKMARK [2][-]{subsection.83}{\376\377\000Q\000u\000e\000s\000t\000i\000o\000n\000\040\000c\000l\000a\000s\000s\000i\000f\000i\000c\000a\000t\000i\000o\000n}{section.82}% 42
\BOOKMARK [2][-]{subsection.84}{\376\377\000D\000o\000c\000u\000m\000e\000n\000t\000\040\000r\000e\000t\000r\000i\000e\000v\000a\000l}{section.82}% 43
\BOOKMARK [2][-]{subsection.88}{\376\377\000P\000a\000s\000s\000a\000g\000e\000\040\000r\000e\000t\000r\000i\000e\000v\000a\000l}{section.82}% 44
\BOOKMARK [2][-]{subsection.89}{\376\377\000A\000n\000s\000w\000e\000r\000\040\000e\000x\000t\000r\000a\000c\000t\000i\000o\000n}{section.82}% 45
\BOOKMARK [2][-]{subsection.90}{\376\377\000I\000n\000t\000e\000g\000r\000a\000l\000\040\000b\000i\000o\000m\000e\000d\000i\000c\000a\000l\000\040\000q\000u\000e\000s\000t\000i\000o\000n\000\040\000a\000n\000s\000w\000e\000r\000i\000n\000g\000\040\000s\000y\000s\000t\000e\000m\000s}{section.82}% 46
\BOOKMARK [1][-]{section.92}{\376\377\000S\000y\000n\000t\000h\000e\000s\000i\000s\000\040\000a\000n\000d\000\040\000P\000o\000s\000i\000t\000i\000o\000n\000i\000n\000g}{chapter.49}% 47
\BOOKMARK [1][-]{section.93}{\376\377\000E\000v\000a\000l\000u\000a\000t\000i\000o\000n\000\040\000o\000f\000\040\000B\000i\000o\000m\000e\000d\000i\000c\000a\000l\000\040\000Q\000u\000e\000s\000t\000i\000o\000n\000\040\000A\000n\000s\000w\000e\000r\000i\000n\000g\000\040\000S\000y\000s\000t\000e\000m\000s}{chapter.49}% 48
\BOOKMARK [2][-]{subsection.94}{\376\377\000E\000v\000a\000l\000u\000a\000t\000i\000o\000n\000\040\000d\000a\000t\000a\000s\000e\000t\000s}{section.93}% 49
\BOOKMARK [2][-]{subsection.104}{\376\377\000E\000v\000a\000l\000u\000a\000t\000i\000o\000n\000\040\000m\000e\000a\000s\000u\000r\000e\000s}{section.93}% 50
\BOOKMARK [3][-]{subsubsection.105}{\376\377\000E\000v\000a\000l\000u\000a\000t\000i\000o\000n\000\040\000m\000e\000a\000s\000u\000r\000e\000s\000\040\000f\000o\000r\000\040\000q\000u\000e\000s\000t\000i\000o\000n\000\040\000c\000l\000a\000s\000s\000i\000f\000i\000c\000a\000t\000i\000o\000n}{subsection.104}% 51
\BOOKMARK [3][-]{subsubsection.110}{\376\377\000E\000v\000a\000l\000u\000a\000t\000i\000o\000n\000\040\000m\000e\000a\000s\000u\000r\000e\000s\000\040\000f\000o\000r\000\040\000d\000o\000c\000u\000m\000e\000n\000t\000\040\000a\000n\000d\000\040\000p\000a\000s\000s\000a\000g\000e\000\040\000r\000e\000t\000r\000i\000e\000v\000a\000l}{subsection.104}% 52
\BOOKMARK [3][-]{subsubsection.113}{\376\377\000E\000v\000a\000l\000u\000a\000t\000i\000o\000n\000\040\000m\000e\000a\000s\000u\000r\000e\000s\000\040\000f\000o\000r\000\040\000a\000n\000s\000w\000e\000r\000\040\000e\000x\000t\000r\000a\000c\000t\000i\000o\000n}{subsection.104}% 53
\BOOKMARK [1][-]{section.116}{\376\377\000S\000u\000m\000m\000a\000r\000y\000\040\000o\000f\000\040\000t\000h\000e\000\040\000C\000h\000a\000p\000t\000e\000r}{chapter.49}% 54
\BOOKMARK [0][-]{chapter.117}{\376\377\000Q\000u\000e\000s\000t\000i\000o\000n\000\040\000C\000l\000a\000s\000s\000i\000f\000i\000c\000a\000t\000i\000o\000n\000\040\000i\000n\000\040\000B\000i\000o\000m\000e\000d\000i\000c\000a\000l\000\040\000Q\000u\000e\000s\000t\000i\000o\000n\000\040\000A\000n\000s\000w\000e\000r\000i\000n\000g}{}% 55
\BOOKMARK [1][-]{section.118}{\376\377\000I\000n\000t\000r\000o\000d\000u\000c\000t\000i\000o\000n}{chapter.117}% 56
\BOOKMARK [1][-]{section.123}{\376\377\000Q\000u\000e\000s\000t\000i\000o\000n\000\040\000T\000y\000p\000e\000\040\000C\000l\000a\000s\000s\000i\000f\000i\000c\000a\000t\000i\000o\000n}{chapter.117}% 57
\BOOKMARK [2][-]{subsection.124}{\376\377\000M\000e\000t\000h\000o\000d}{section.123}% 58
\BOOKMARK [3][-]{subsubsection.126}{\376\377\000M\000a\000c\000h\000i\000n\000e\000-\000l\000e\000a\000r\000n\000i\000n\000g\000\040\000m\000o\000d\000e\000l\000s}{subsection.124}% 59
\BOOKMARK [3][-]{subsubsection.129}{\376\377\000M\000a\000c\000h\000i\000n\000e\000-\000l\000e\000a\000r\000n\000i\000n\000g\000\040\000f\000e\000a\000t\000u\000r\000e\000s}{subsection.124}% 60
\BOOKMARK [2][-]{subsection.158}{\376\377\000E\000x\000p\000e\000r\000i\000m\000e\000n\000t\000a\000l\000\040\000r\000e\000s\000u\000l\000t\000s}{section.123}% 61
\BOOKMARK [2][-]{subsection.161}{\376\377\000D\000i\000s\000c\000u\000s\000s\000i\000o\000n}{section.123}% 62
\BOOKMARK [1][-]{section.162}{\376\377\000Q\000u\000e\000s\000t\000i\000o\000n\000\040\000T\000o\000p\000i\000c\000\040\000C\000l\000a\000s\000s\000i\000f\000i\000c\000a\000t\000i\000o\000n}{chapter.117}% 63
\BOOKMARK [2][-]{subsection.163}{\376\377\000M\000e\000t\000h\000o\000d}{section.162}% 64
\BOOKMARK [3][-]{subsubsection.165}{\376\377\000M\000a\000c\000h\000i\000n\000e\000-\000l\000e\000a\000r\000n\000i\000n\000g\000\040\000m\000o\000d\000e\000l\000s}{subsection.163}% 65
\BOOKMARK [3][-]{subsubsection.166}{\376\377\000M\000a\000c\000h\000i\000n\000e\000-\000l\000e\000a\000r\000n\000i\000n\000g\000\040\000f\000e\000a\000t\000u\000r\000e\000s}{subsection.163}% 66
\BOOKMARK [2][-]{subsection.169}{\376\377\000E\000x\000p\000e\000r\000i\000m\000e\000n\000t\000a\000l\000\040\000r\000e\000s\000u\000l\000t\000s}{section.162}% 67
\BOOKMARK [3][-]{subsubsection.170}{\376\377\000R\000e\000s\000u\000l\000t\000s}{subsection.169}% 68
\BOOKMARK [2][-]{subsection.177}{\376\377\000D\000i\000s\000c\000u\000s\000s\000i\000o\000n}{section.162}% 69
\BOOKMARK [1][-]{section.178}{\376\377\000S\000u\000m\000m\000a\000r\000y\000\040\000o\000f\000\040\000t\000h\000e\000\040\000C\000h\000a\000p\000t\000e\000r}{chapter.117}% 70
\BOOKMARK [0][-]{chapter.179}{\376\377\000D\000o\000c\000u\000m\000e\000n\000t\000\040\000a\000n\000d\000\040\000P\000a\000s\000s\000a\000g\000e\000\040\000R\000e\000t\000r\000i\000e\000v\000a\000l\000\040\000i\000n\000\040\000B\000i\000o\000m\000e\000d\000i\000c\000a\000l\000\040\000Q\000u\000e\000s\000t\000i\000o\000n\000\040\000A\000n\000s\000w\000e\000r\000i\000n\000g}{}% 71
\BOOKMARK [1][-]{section.180}{\376\377\000I\000n\000t\000r\000o\000d\000u\000c\000t\000i\000o\000n}{chapter.179}% 72
\BOOKMARK [1][-]{section.181}{\376\377\000D\000o\000c\000u\000m\000e\000n\000t\000\040\000R\000e\000t\000r\000i\000e\000v\000a\000l}{chapter.179}% 73
\BOOKMARK [2][-]{subsection.182}{\376\377\000M\000e\000t\000h\000o\000d}{section.181}% 74
\BOOKMARK [3][-]{subsubsection.184}{\376\377\000Q\000u\000e\000r\000y\000\040\000f\000o\000r\000m\000u\000l\000a\000t\000i\000o\000n}{subsection.182}% 75
\BOOKMARK [3][-]{subsubsection.185}{\376\377\000Q\000u\000e\000r\000y\000i\000n\000g\000\040\000t\000h\000e\000\040\000M\000E\000D\000L\000I\000N\000E\000\040\000d\000a\000t\000a\000b\000a\000s\000e}{subsection.182}% 76
\BOOKMARK [3][-]{subsubsection.204}{\376\377\000D\000o\000c\000u\000m\000e\000n\000t\000s\000\040\000r\000e\000r\000a\000n\000k\000i\000n\000g}{subsection.182}% 77
\BOOKMARK [2][-]{subsection.209}{\376\377\000E\000x\000p\000e\000r\000i\000m\000e\000n\000t\000a\000l\000\040\000r\000e\000s\000u\000l\000t\000s}{section.181}% 78
\BOOKMARK [2][-]{subsection.212}{\376\377\000D\000i\000s\000c\000u\000s\000s\000i\000o\000n}{section.181}% 79
\BOOKMARK [1][-]{section.213}{\376\377\000P\000a\000s\000s\000a\000g\000e\000\040\000R\000e\000t\000r\000i\000e\000v\000a\000l}{chapter.179}% 80
\BOOKMARK [2][-]{subsection.214}{\376\377\000M\000e\000t\000h\000o\000d}{section.213}% 81
\BOOKMARK [2][-]{subsection.231}{\376\377\000E\000x\000p\000e\000r\000i\000m\000e\000n\000t\000a\000l\000\040\000r\000e\000s\000u\000l\000t\000s}{section.213}% 82
\BOOKMARK [2][-]{subsection.260}{\376\377\000D\000i\000s\000c\000u\000s\000s\000i\000o\000n}{section.213}% 83
\BOOKMARK [1][-]{section.263}{\376\377\000S\000u\000m\000m\000a\000r\000y\000\040\000o\000f\000\040\000t\000h\000e\000\040\000C\000h\000a\000p\000t\000e\000r}{chapter.179}% 84
\BOOKMARK [0][-]{chapter.264}{\376\377\000A\000n\000s\000w\000e\000r\000\040\000E\000x\000t\000r\000a\000c\000t\000i\000o\000n\000\040\000a\000n\000d\000\040\000E\000n\000d\000-\000t\000o\000-\000E\000n\000d\000\040\000B\000i\000o\000m\000e\000d\000i\000c\000a\000l\000\040\000Q\000u\000e\000s\000t\000i\000o\000n\000\040\000A\000n\000s\000w\000e\000r\000i\000n\000g\000\040\000S\000y\000s\000t\000e\000m\000\040\000S\000e\000m\000B\000i\000o\000N\000L\000Q\000A}{}% 85
\BOOKMARK [1][-]{section.265}{\376\377\000I\000n\000t\000r\000o\000d\000u\000c\000t\000i\000o\000n}{chapter.264}% 86
\BOOKMARK [1][-]{section.270}{\376\377\000A\000n\000s\000w\000e\000r\000\040\000E\000x\000t\000r\000a\000c\000t\000i\000o\000n}{chapter.264}% 87
\BOOKMARK [2][-]{subsection.271}{\376\377\000M\000e\000t\000h\000o\000d\000s}{section.270}% 88
\BOOKMARK [3][-]{subsubsection.272}{\376\377\000Y\000e\000s\000/\000n\000o\000\040\000q\000u\000e\000s\000t\000i\000o\000n\000s}{subsection.271}% 89
\BOOKMARK [3][-]{subsubsection.277}{\376\377\000F\000a\000c\000t\000o\000i\000d\000\040\000q\000u\000e\000s\000t\000i\000o\000n\000s}{subsection.271}% 90
\BOOKMARK [3][-]{subsubsection.280}{\376\377\000L\000i\000s\000t\000\040\000q\000u\000e\000s\000t\000i\000o\000n\000s}{subsection.271}% 91
\BOOKMARK [3][-]{subsubsection.281}{\376\377\000S\000u\000m\000m\000a\000r\000y\000\040\000q\000u\000e\000s\000t\000i\000o\000n\000s}{subsection.271}% 92
\BOOKMARK [2][-]{subsection.282}{\376\377\000E\000x\000p\000e\000r\000i\000m\000e\000n\000t\000a\000l\000\040\000r\000e\000s\000u\000l\000t\000s}{section.270}% 93
\BOOKMARK [2][-]{subsection.289}{\376\377\000D\000i\000s\000c\000u\000s\000s\000i\000o\000n}{section.270}% 94
\BOOKMARK [1][-]{section.292}{\376\377\000A\000\040\000S\000e\000m\000a\000n\000t\000i\000c\000\040\000B\000i\000o\000m\000e\000d\000i\000c\000a\000l\000\040\000Q\000u\000e\000s\000t\000i\000o\000n\000\040\000A\000n\000s\000w\000e\000r\000i\000n\000g\000\040\000S\000y\000s\000t\000e\000m\000\040\000S\000e\000m\000B\000i\000o\000N\000L\000Q\000A}{chapter.264}% 95
\BOOKMARK [2][-]{subsection.293}{\376\377\000M\000e\000t\000h\000o\000d\000s}{section.292}% 96
\BOOKMARK [2][-]{subsection.296}{\376\377\000E\000x\000p\000e\000r\000i\000m\000e\000n\000t\000a\000l\000\040\000r\000e\000s\000u\000l\000t\000s}{section.292}% 97
\BOOKMARK [3][-]{subsubsection.297}{\376\377\000S\000y\000s\000t\000e\000m\000a\000t\000i\000c\000\040\000e\000v\000a\000l\000u\000a\000t\000i\000o\000n}{subsection.296}% 98
\BOOKMARK [3][-]{subsubsection.307}{\376\377\000M\000a\000n\000u\000a\000l\000\040\000e\000v\000a\000l\000u\000a\000t\000i\000o\000n}{subsection.296}% 99
\BOOKMARK [2][-]{subsection.310}{\376\377\000D\000i\000s\000c\000u\000s\000s\000i\000o\000n}{section.292}% 100
\BOOKMARK [1][-]{section.311}{\376\377\000S\000u\000m\000m\000a\000r\000y\000\040\000o\000f\000\040\000t\000h\000e\000\040\000C\000h\000a\000p\000t\000e\000r}{chapter.264}% 101
\BOOKMARK [0][-]{chapter*.312}{\376\377\000C\000o\000n\000c\000l\000u\000s\000i\000o\000n\000\040\000a\000n\000d\000\040\000F\000u\000t\000u\000r\000e\000\040\000W\000o\000r\000k}{}% 102
\BOOKMARK [1][-]{section*.313}{\376\377\000C\000o\000n\000t\000r\000i\000b\000u\000t\000i\000o\000n\000s}{chapter*.312}% 103
\BOOKMARK [1][-]{section*.313}{\376\377\000F\000u\000t\000u\000r\000e\000\040\000W\000o\000r\000k}{chapter*.312}% 104
\BOOKMARK [0][-]{appendix.314}{\376\377\000L\000i\000s\000t\000\040\000o\000f\000\040\000B\000i\000o\000A\000S\000Q\000\040\000q\000u\000e\000s\000t\000i\000o\000n\000s\000\040\000u\000s\000e\000d\000\040\000f\000o\000r\000\040\000t\000h\000e\000\040\000m\000a\000n\000u\000a\000l\000\040\000e\000v\000a\000l\000u\000a\000t\000i\000o\000n}{}% 105
\BOOKMARK [0][-]{appendix.345}{\376\377\000R\000\351\000s\000u\000m\000\351\000\040\000d\000\351\000t\000a\000i\000l\000l\000\351\000\040\000d\000e\000\040\000l\000a\000\040\000t\000h\000\350\000s\000e\000\040\000e\000n\000\040\000F\000r\000a\000n\000\347\000a\000i\000s}{}% 106
\BOOKMARK [1][-]{section.346}{\376\377\000I\000n\000t\000r\000o\000d\000u\000c\000t\000i\000o\000n}{appendix.345}% 107
\BOOKMARK [1][-]{section.352}{\376\377\000M\000\351\000t\000h\000o\000d\000e\000s\000\040\000p\000r\000o\000p\000o\000s\000\351\000e\000s}{appendix.345}% 108
\BOOKMARK [2][-]{subsection.353}{\376\377\000M\000\351\000t\000h\000o\000d\000e\000s\000\040\000p\000r\000o\000p\000o\000s\000\351\000e\000s\000\040\000p\000o\000u\000r\000\040\000l\000a\000\040\000c\000l\000a\000s\000s\000i\000f\000i\000c\000a\000t\000i\000o\000n\000\040\000d\000e\000s\000\040\000q\000u\000e\000s\000t\000i\000o\000n\000s\000\040\000b\000i\000o\000m\000\351\000d\000i\000c\000a\000l\000e\000s}{section.352}% 109
\BOOKMARK [3][-]{subsubsection.354}{\376\377\000I\000d\000e\000n\000t\000i\000f\000i\000c\000a\000t\000i\000o\000n\000\040\000d\000e\000s\000\040\000t\000y\000p\000e\000s\000\040\000d\000e\000s\000\040\000q\000u\000e\000s\000t\000i\000o\000n\000s\000\040\000b\000i\000o\000m\000\351\000d\000i\000c\000a\000l\000e\000s}{subsection.353}% 110
\BOOKMARK [3][-]{subsubsection.357}{\376\377\000I\000d\000e\000n\000t\000i\000f\000i\000c\000a\000t\000i\000o\000n\000\040\000d\000e\000s\000\040\000s\000u\000j\000e\000t\000s\000\040\000d\000e\000s\000\040\000q\000u\000e\000s\000t\000i\000o\000n\000s\000\040\000b\000i\000o\000m\000\351\000d\000i\000c\000a\000l\000e\000s}{subsection.353}% 111
\BOOKMARK [2][-]{subsection.360}{\376\377\000M\000\351\000t\000h\000o\000d\000e\000\040\000p\000r\000o\000p\000o\000s\000\351\000e\000\040\000p\000o\000u\000r\000\040\000l\000a\000\040\000s\000\351\000l\000e\000c\000t\000i\000o\000n\000\040\000d\000e\000s\000\040\000d\000o\000c\000u\000m\000e\000n\000t\000s\000\040\000p\000e\000r\000t\000i\000n\000e\000n\000t\000s}{section.352}% 112
\BOOKMARK [2][-]{subsection.363}{\376\377\000M\000\351\000t\000h\000o\000d\000e\000\040\000p\000r\000o\000p\000o\000s\000\351\000e\000\040\000p\000o\000u\000r\000\040\000l\000a\000\040\000r\000e\000c\000h\000e\000r\000c\000h\000e\000\040\000d\000e\000s\000\040\000p\000a\000s\000s\000a\000g\000e\000s\000\040\000p\000e\000r\000t\000i\000n\000e\000n\000t\000s}{section.352}% 113
\BOOKMARK [2][-]{subsection.366}{\376\377\000M\000\351\000t\000h\000o\000d\000e\000s\000\040\000p\000r\000o\000p\000o\000s\000\351\000e\000s\000\040\000p\000o\000u\000r\000\040\000l\000'\000e\000x\000t\000r\000a\000c\000t\000i\000o\000n\000\040\000d\000e\000\040\000l\000a\000\040\000r\000\351\000p\000o\000n\000s\000e}{section.352}% 114
\BOOKMARK [2][-]{subsection.372}{\376\377\000S\000e\000m\000B\000i\000o\000N\000L\000Q\000A\000\040\000:\000\040\000u\000n\000\040\000s\000y\000s\000t\000\350\000m\000e\000\040\000d\000e\000\040\000q\000u\000e\000s\000t\000i\000o\000n\000s\000-\000r\000\351\000p\000o\000n\000s\000e\000s\000\040\000s\000\351\000m\000a\000n\000t\000i\000q\000u\000e\000\040\000p\000o\000u\000r\000\040\000l\000e\000\040\000d\000o\000m\000a\000i\000n\000e\000\040\000b\000i\000o\000m\000\351\000d\000i\000c\000a\000l}{section.352}% 115
\BOOKMARK [1][-]{section.375}{\376\377\000C\000o\000n\000c\000l\000u\000s\000i\000o\000n\000\040\000e\000t\000\040\000P\000e\000r\000s\000p\000e\000c\000t\000i\000v\000e\000s}{appendix.345}% 116
\BOOKMARK [0][-]{appendix*.376}{\376\377\000P\000u\000b\000l\000i\000c\000a\000t\000i\000o\000n\000s\000\040\000o\000f\000\040\000t\000h\000e\000\040\000A\000u\000t\000h\000o\000r}{}% 117
\BOOKMARK [0][-]{appendix*.377}{\376\377\000B\000i\000b\000l\000i\000o\000g\000r\000a\000p\000h\000y}{}% 118
