\BOOKMARK [1][-]{section.1}{Introduction}{}% 1
\BOOKMARK [1][-]{section.2}{Mathematical model}{}% 2
\BOOKMARK [2][-]{subsection.2.1}{Governing equations}{section.2}% 3
\BOOKMARK [2][-]{subsection.2.2}{Scaling and assumptions}{section.2}% 4
\BOOKMARK [2][-]{subsection.2.3}{Reduced set of dimensionless governing equations based on lubrication theory approximations}{section.2}% 5
\BOOKMARK [2][-]{subsection.2.4}{Deriving the dimensionless evolution equations}{section.2}% 6
\BOOKMARK [2][-]{subsection.2.5}{Surfactant equation of state}{section.2}% 7
\BOOKMARK [2][-]{subsection.2.6}{Strong form of dimensionless partial differential equations governing the evolution of surfactant concentration and film height. Initial and boundary conditions}{section.2}% 8
\BOOKMARK [1][-]{section.3}{Numerical formulation}{}% 9
\BOOKMARK [2][-]{subsection.3.1}{Continuous problem in the weak form}{section.3}% 10
\BOOKMARK [2][-]{subsection.3.2}{Semidiscrete formulation}{section.3}% 11
\BOOKMARK [2][-]{subsection.3.3}{Time discretization}{section.3}% 12
\BOOKMARK [2][-]{subsection.3.4}{Adaptive time-stepping algorithm}{section.3}% 13
\BOOKMARK [1][-]{section.4}{Numerical examples}{}% 14
\BOOKMARK [2][-]{subsection.4.1}{Verification example: Comparing the surfactant spreading rates with similarity solutions}{section.4}% 15
\BOOKMARK [2][-]{subsection.4.2}{Verification example: Spreading of a surfactant drop on a thin liquid film}{section.4}% 16
\BOOKMARK [2][-]{subsection.4.3}{Verification example: The effect of finite\205amplitude perturbations on the surfactant spreading}{section.4}% 17
\BOOKMARK [2][-]{subsection.4.4}{Fingering instability}{section.4}% 18
\BOOKMARK [3][-]{subsubsection.4.4.1}{The problem of a planar strip of surfactant}{subsection.4.4}% 19
\BOOKMARK [3][-]{subsubsection.4.4.2}{The problem of a drop of surfactant}{subsection.4.4}% 20
\BOOKMARK [1][-]{section.5}{Conclusions}{}% 21
