\BOOKMARK [1][-]{section.1}{\376\377\000I\000n\000t\000r\000o\000d\000u\000c\000t\000i\000o\000n}{}% 1
\BOOKMARK [2][-]{subsection.1.1}{\376\377\000R\000e\000l\000a\000t\000e\000d\000\040\000w\000o\000r\000k}{section.1}% 2
\BOOKMARK [1][-]{section.2}{\376\377\000M\000e\000t\000h\000o\000d\000o\000l\000o\000g\000y\000\040\000a\000n\000d\000\040\000t\000h\000e\000o\000r\000e\000t\000i\000c\000a\000l\000\040\000a\000n\000a\000l\000y\000s\000i\000s}{}% 3
\BOOKMARK [2][-]{subsection.2.1}{\376\377\000P\000r\000o\000t\000o\000c\000o\000l\000\040\000d\000e\000t\000a\000i\000l\000s}{section.2}% 4
\BOOKMARK [2][-]{subsection.2.2}{\376\377\000H\000a\000n\000d\000l\000i\000n\000g\000\040\000m\000u\000l\000t\000i\000p\000l\000e\000\040\000q\000u\000e\000r\000i\000e\000s}{section.2}% 5
\BOOKMARK [2][-]{subsection.2.3}{\376\377\000T\000e\000r\000m\000i\000n\000o\000l\000o\000g\000y\000:\000\040\000w\000a\000t\000e\000r\000m\000a\000r\000k\000\040\000s\000t\000r\000a\000t\000e\000g\000i\000e\000s\000\040\000a\000n\000d\000\040\000w\000a\000t\000e\000r\000m\000a\000r\000k\000\040\000p\000o\000t\000e\000n\000t\000i\000a\000l}{section.2}% 6
\BOOKMARK [2][-]{subsection.2.4}{\376\377\000W\000a\000t\000e\000r\000m\000a\000r\000k\000i\000n\000g\000\040\000v\000i\000a\000\040\000i\000n\000v\000e\000r\000s\000e\000\040\000t\000r\000a\000n\000s\000f\000o\000r\000m\000\040\000s\000a\000m\000p\000l\000i\000n\000g}{section.2}% 7
\BOOKMARK [3][-]{subsubsection.2.4.1}{\376\377\000R\000o\000b\000u\000s\000t\000n\000e\000s\000s\000\040\000t\000o\000\040\000s\000u\000b\000s\000t\000i\000t\000u\000t\000i\000o\000n\000s\000,\000\040\000i\000n\000s\000e\000r\000t\000i\000o\000n\000s\000\040\000a\000n\000d\000\040\000d\000e\000l\000e\000t\000i\000o\000n\000s}{subsection.2.4}% 8
\BOOKMARK [3][-]{subsubsection.2.4.2}{\376\377\000W\000h\000a\000t\000\040\000w\000e\000\040\000r\000u\000n\000\040\000i\000n\000\040\000p\000r\000a\000c\000t\000i\000c\000e}{subsection.2.4}% 9
\BOOKMARK [2][-]{subsection.2.5}{\376\377\000W\000a\000t\000e\000r\000m\000a\000r\000k\000i\000n\000g\000\040\000v\000i\000a\000\040\000e\000x\000p\000o\000n\000e\000n\000t\000i\000a\000l\000\040\000m\000i\000n\000i\000m\000u\000m\000\040\000s\000a\000m\000p\000l\000i\000n\000g}{section.2}% 10
\BOOKMARK [3][-]{subsubsection.2.5.1}{\376\377\000R\000o\000b\000u\000s\000t\000n\000e\000s\000s\000\040\000t\000o\000\040\000c\000o\000r\000r\000u\000p\000t\000i\000o\000n\000s}{subsection.2.5}% 11
\BOOKMARK [3][-]{subsubsection.2.5.2}{\376\377\000W\000h\000a\000t\000\040\000w\000e\000\040\000r\000u\000n\000\040\000i\000n\000\040\000p\000r\000a\000c\000t\000i\000c\000e}{subsection.2.5}% 12
\BOOKMARK [1][-]{section.3}{\376\377\000E\000x\000p\000e\000r\000i\000m\000e\000n\000t\000a\000l\000\040\000r\000e\000s\000u\000l\000t\000s}{}% 13
\BOOKMARK [2][-]{subsection.3.1}{\376\377\000V\000a\000r\000y\000i\000n\000g\000\040\000t\000e\000x\000t\000\040\000a\000n\000d\000\040\000w\000a\000t\000e\000r\000m\000a\000r\000k\000\040\000k\000e\000y\000\040\000l\000e\000n\000g\000t\000h}{section.3}% 14
\BOOKMARK [2][-]{subsection.3.2}{\376\377\000R\000o\000b\000u\000s\000t\000n\000e\000s\000s\000\040\000t\000o\000\040\000c\000o\000r\000r\000u\000p\000t\000i\000o\000n\000\040\000a\000n\000d\000\040\000p\000a\000r\000a\000p\000h\000r\000a\000s\000i\000n\000g}{section.3}% 15
\BOOKMARK [2][-]{subsection.3.3}{\376\377\000C\000a\000s\000e\000\040\000s\000t\000u\000d\000y\000:\000\040\000i\000n\000s\000t\000r\000u\000c\000t\000i\000o\000n\000\040\000f\000o\000l\000l\000o\000w\000i\000n\000g}{section.3}% 16
\BOOKMARK [1][-]{section.4}{\376\377\000D\000i\000s\000c\000u\000s\000s\000i\000o\000n}{}% 17
\BOOKMARK [2][-]{subsection.4.1}{\376\377\000T\000r\000a\000d\000e\000-\000o\000f\000f\000s\000\040\000a\000m\000o\000n\000g\000\040\000w\000a\000t\000e\000r\000m\000a\000r\000k\000s}{section.4}% 18
\BOOKMARK [2][-]{subsection.4.2}{\376\377\000R\000e\000c\000o\000m\000m\000e\000n\000d\000a\000t\000i\000o\000n\000s\000\040\000i\000n\000\040\000p\000r\000a\000c\000t\000i\000c\000e\000\040\000a\000n\000d\000\040\000c\000o\000m\000b\000i\000n\000i\000n\000g\000\040\000w\000a\000t\000e\000r\000m\000a\000r\000k\000s}{section.4}% 19
\BOOKMARK [1][-]{appendix.A}{\376\377\000P\000r\000o\000o\000f\000\040\000o\000f\000\040\000L\000e\000m\000m\000a\000\040\0002\000.\0002}{}% 20
\BOOKMARK [1][-]{appendix.B}{\376\377\000A\000n\000a\000l\000y\000s\000i\000s\000\040\000o\000f\000\040\000i\000n\000v\000e\000r\000s\000e\000\040\000t\000r\000a\000n\000s\000f\000o\000r\000m\000\040\000s\000a\000m\000p\000l\000i\000n\000g}{}% 21
\BOOKMARK [2][-]{subsection.B.1}{\376\377\000P\000r\000o\000o\000f\000\040\000o\000f\000\040\000L\000e\000m\000m\000a\000\040\0002\000.\0003}{appendix.B}% 22
\BOOKMARK [2][-]{subsection.B.2}{\376\377\000P\000r\000o\000o\000f\000\040\000o\000f\000\040\000L\000e\000m\000m\000a\000\040\0002\000.\0004}{appendix.B}% 23
\BOOKMARK [2][-]{subsection.B.3}{\376\377\000P\000r\000o\000o\000f\000\040\000o\000f\000\040\000L\000e\000m\000m\000a\000\040\0002\000.\0005}{appendix.B}% 24
\BOOKMARK [2][-]{subsection.B.4}{\376\377\000P\000r\000o\000o\000f\000\040\000o\000f\000\040\000L\000e\000m\000m\000a\000\040\0002\000.\0006}{appendix.B}% 25
\BOOKMARK [1][-]{appendix.C}{\376\377\000A\000n\000a\000l\000y\000s\000i\000s\000\040\000o\000f\000\040\000e\000x\000p\000o\000n\000e\000n\000t\000i\000a\000l\000\040\000m\000i\000n\000i\000m\000u\000m\000\040\000s\000a\000m\000p\000l\000i\000n\000g}{}% 26
\BOOKMARK [2][-]{subsection.C.1}{\376\377\000P\000r\000o\000o\000f\000\040\000o\000f\000\040\000T\000h\000e\000o\000r\000e\000m\000\040\0002}{appendix.C}% 27
\BOOKMARK [2][-]{subsection.C.2}{\376\377\000P\000r\000o\000o\000f\000\040\000o\000f\000\040\000L\000e\000m\000m\000a\000\040\0002\000.\0007}{appendix.C}% 28
\BOOKMARK [2][-]{subsection.C.3}{\376\377\000P\000r\000o\000o\000f\000\040\000o\000f\000\040\000L\000e\000m\000m\000a\000\040\0002\000.\0008}{appendix.C}% 29
\BOOKMARK [1][-]{appendix.D}{\376\377\000D\000e\000t\000a\000i\000l\000s\000\040\000o\000f\000\040\000e\000x\000p\000e\000r\000i\000m\000e\000n\000t\000s}{}% 30
\BOOKMARK [2][-]{subsection.D.1}{\376\377\000E\000x\000p\000e\000r\000i\000m\000e\000n\000t\000a\000l\000\040\000p\000r\000o\000t\000o\000c\000o\000l}{appendix.D}% 31
\BOOKMARK [2][-]{subsection.D.2}{\376\377\000R\000o\000u\000n\000d\000t\000r\000i\000p\000\040\000t\000r\000a\000n\000s\000l\000a\000t\000i\000o\000n}{appendix.D}% 32
\BOOKMARK [2][-]{subsection.D.3}{\376\377\000C\000o\000m\000p\000u\000t\000i\000n\000g\000\040\000p\000-\000v\000a\000l\000u\000e\000s}{appendix.D}% 33
\BOOKMARK [2][-]{subsection.D.4}{\376\377\000H\000y\000p\000e\000r\000p\000a\000r\000a\000m\000e\000t\000e\000r\000\040\000t\000u\000n\000i\000n\000g}{appendix.D}% 34
\BOOKMARK [2][-]{subsection.D.5}{\376\377\000D\000e\000f\000e\000r\000r\000e\000d\000\040\000r\000e\000s\000u\000l\000t\000s}{appendix.D}% 35
\BOOKMARK [3][-]{subsubsection.D.5.1}{\376\377\000E\000x\000p\000e\000r\000i\000m\000e\000n\000t\000\040\0003}{subsection.D.5}% 36
\BOOKMARK [3][-]{subsubsection.D.5.2}{\376\377\000E\000x\000p\000e\000r\000i\000m\000e\000n\000t\000\040\0004}{subsection.D.5}% 37
\BOOKMARK [3][-]{subsubsection.D.5.3}{\376\377\000E\000x\000p\000e\000r\000i\000m\000e\000n\000t\000\040\0005}{subsection.D.5}% 38
\BOOKMARK [3][-]{subsubsection.D.5.4}{\376\377\000E\000x\000p\000e\000r\000i\000m\000e\000n\000t\000\040\0006}{subsection.D.5}% 39
\BOOKMARK [3][-]{subsubsection.D.5.5}{\376\377\000I\000n\000s\000t\000r\000u\000c\000t\000i\000o\000n\000\040\000f\000o\000l\000l\000o\000w\000i\000n\000g\000\040\000c\000a\000s\000e\000\040\000s\000t\000u\000d\000y}{subsection.D.5}% 40
