\BOOKMARK [0][-]{section*.2}{A model for efficient dynamical ranking in networks}{}% 2
\BOOKMARK [1][-]{section*.1}{Abstract}{section*.2}% 1
\BOOKMARK [1][-]{section.3}{Introduction}{section*.2}% 3
\BOOKMARK [1][-]{section.4}{Related Work}{section*.2}% 4
\BOOKMARK [1][-]{section.5}{The Model}{section*.2}% 5
\BOOKMARK [2][-]{subsection.13}{Moving-window SpringRank}{section.5}% 6
\BOOKMARK [2][-]{subsection.14}{Generative Model and Synthetic Data}{section.5}% 7
\BOOKMARK [2][-]{subsection.17}{Model Evaluation}{section.5}% 8
\BOOKMARK [1][-]{section.18}{Results}{section*.2}% 9
\BOOKMARK [2][-]{subsection.19}{Performance on Synthetic Data}{section.18}% 10
\BOOKMARK [2][-]{subsection.23}{Performance on Real Data}{section.18}% 11
\BOOKMARK [2][-]{subsection.28}{The Relevance of Time}{section.18}% 12
\BOOKMARK [1][-]{section*.30}{References}{section*.2}% 13
\BOOKMARK [1][-]{section.31}{Full Derivation Self-Spring Interaction}{section*.2}% 14
\BOOKMARK [1][-]{section.35}{Full Derivation of Self-Spring Interaction Over All Time}{section*.2}% 15
\BOOKMARK [1][-]{section.36}{Dynamic Spring Rest Length}{section*.2}% 16
\BOOKMARK [1][-]{section.42}{Performance Evaluation}{section*.2}% 17
\BOOKMARK [1][-]{section.44}{Description of algorithms used for comparison}{section*.2}% 18
\BOOKMARK [1][-]{section.49}{Cross-Validation and Hyperparameter Tuning}{section*.2}% 19
\BOOKMARK [1][-]{section.53}{Implementation of OffDSR and its Boundary Conditions}{section*.2}% 20
\BOOKMARK [1][-]{section.56}{Synthetic Experiments}{section*.2}% 21
\BOOKMARK [1][-]{section.62}{Real Data Experiments}{section*.2}% 22
\BOOKMARK [1][-]{section.64}{Null Model Experiments}{section*.2}% 23
