\BOOKMARK [1][-]{section.1}{Introduction}{}% 1
\BOOKMARK [1][-]{section.2}{Identification of Occultation Candidates}{}% 2
\BOOKMARK [2][-]{subsection.2.1}{Geocentric Predictions}{section.2}% 3
\BOOKMARK [2][-]{subsection.2.2}{Topocentric Predictions}{section.2}% 4
\BOOKMARK [1][-]{section.3}{Occultation Geometry}{}% 5
\BOOKMARK [1][-]{section.4}{Example predictions}{}% 6
\BOOKMARK [1][-]{section.5}{Predicted Occultations}{}% 7
\BOOKMARK [2][-]{subsection.5.1}{Jupiter}{section.5}% 8
\BOOKMARK [2][-]{subsection.5.2}{Saturn}{section.5}% 9
\BOOKMARK [2][-]{subsection.5.3}{Uranus}{section.5}% 10
\BOOKMARK [2][-]{subsection.5.4}{Neptune}{section.5}% 11
\BOOKMARK [2][-]{subsection.5.5}{Titan}{section.5}% 12
\BOOKMARK [2][-]{subsection.5.6}{Triton}{section.5}% 13
\BOOKMARK [1][-]{section.6}{Discussion and Conclusions}{}% 14
\BOOKMARK [2][-]{subsection.6.1}{Comparison of Gaia and 2MASS star positions}{section.6}% 15
\BOOKMARK [2][-]{subsection.6.2}{JWST and Earth-orbiting spacecraft occultation opportunities}{section.6}% 16
\BOOKMARK [2][-]{subsection.6.3}{Practical blackconsiderations}{section.6}% 17
\BOOKMARK [2][-]{subsection.6.4}{Scientific value of long-term occultation observations}{section.6}% 18
\BOOKMARK [1][-]{appendix.A}{Description of the Supplementary Online Material \(SOM\)}{}% 19
\BOOKMARK [2][-]{subsection.A.1}{SOM/}{appendix.A}% 20
\BOOKMARK [2][-]{subsection.A.2}{SOM/doc/}{appendix.A}% 21
\BOOKMARK [2][-]{subsection.A.3}{SOM/events/}{appendix.A}% 22
\BOOKMARK [2][-]{subsection.A.4}{SOM/tables/}{appendix.A}% 23
\BOOKMARK [1][-]{appendix.B}{Examples of SOM files}{}% 24
\BOOKMARK [1][-]{appendix.C}{Machine readable tables, LaTeX source and typeset files}{}% 25
\BOOKMARK [1][-]{appendix.D}{Example occultation searches}{}% 26
\BOOKMARK [2][-]{subsection.D.1}{Example 1 - find selected occultations by geographical region}{appendix.D}% 27
\BOOKMARK [2][-]{subsection.D.2}{Example 2 - find selected occultations by observing site}{appendix.D}% 28
