\BOOKMARK [1][-]{section.1}{\376\377\000S\000u\000s\000t\000a\000i\000n\000a\000b\000l\000e\000\040\000S\000y\000s\000t\000e\000m\000s\000\040\000a\000n\000d\000\040\000F\000o\000c\000u\000s\000\040\000o\000n\000\040\000D\000a\000t\000a\000\040\000C\000e\000n\000t\000e\000r\000s}{}% 1
\BOOKMARK [1][-]{section.2}{\376\377\000D\000a\000t\000a\000\040\000C\000e\000n\000t\000e\000r\000\040\000A\000r\000c\000h\000i\000t\000e\000c\000t\000u\000r\000e\000s}{}% 2
\BOOKMARK [1][-]{section.3}{\376\377\000W\000h\000y\000\040\000i\000s\000\040\000S\000u\000s\000t\000a\000i\000n\000a\000b\000i\000l\000i\000t\000y\000\040\000a\000\040\000S\000e\000c\000u\000r\000i\000t\000y\000\040\000P\000r\000o\000b\000l\000e\000m\000?}{}% 3
\BOOKMARK [2][-]{subsection.3.1}{\376\377\000T\000h\000r\000e\000a\000t\000\040\000M\000o\000d\000e\000l\000s\000\040\000i\000n\000\040\000D\000a\000t\000a\000\040\000C\000e\000n\000t\000e\000r\000s}{section.3}% 4
\BOOKMARK [2][-]{subsection.3.2}{\376\377\000S\000e\000c\000u\000r\000i\000t\000y\000\040\000C\000h\000a\000l\000l\000e\000n\000g\000e\000s\000\040\000f\000o\000r\000\040\000S\000u\000s\000t\000a\000i\000n\000a\000b\000i\000l\000i\000t\000y}{section.3}% 5
\BOOKMARK [1][-]{section.4}{\376\377\000R\000e\000s\000e\000a\000r\000c\000h\000\040\000D\000i\000r\000e\000c\000t\000i\000o\000n\000s\000\040\000f\000o\000r\000\040\000S\000e\000c\000u\000r\000i\000n\000g\000\040\000S\000u\000s\000t\000a\000i\000n\000a\000b\000l\000e\000\040\000D\000a\000t\000a\000\040\000C\000e\000n\000t\000e\000r\000s}{}% 6
\BOOKMARK [2][-]{subsection.4.1}{\376\377\000V\000e\000r\000i\000f\000i\000a\000b\000l\000e\000\040\000F\000o\000o\000t\000p\000r\000i\000n\000t\000\040\000C\000o\000l\000l\000e\000c\000t\000i\000o\000n\000\040\000A\000r\000c\000h\000i\000t\000e\000c\000t\000u\000r\000e}{section.4}% 7
\BOOKMARK [2][-]{subsection.4.2}{\376\377\000P\000r\000i\000v\000a\000c\000y\000-\000P\000r\000e\000s\000e\000r\000v\000i\000n\000g\000\040\000F\000o\000o\000t\000p\000r\000i\000n\000t\000\040\000C\000o\000l\000l\000e\000c\000t\000i\000o\000n}{section.4}% 8
\BOOKMARK [2][-]{subsection.4.3}{\376\377\000P\000r\000i\000v\000a\000c\000y\000-\000P\000r\000e\000s\000e\000r\000v\000i\000n\000g\000\040\000F\000o\000o\000t\000p\000r\000i\000n\000t\000\040\000A\000g\000g\000r\000e\000g\000a\000t\000i\000o\000n}{section.4}% 9
\BOOKMARK [2][-]{subsection.4.4}{\376\377\000P\000u\000b\000l\000i\000c\000\040\000S\000u\000s\000t\000a\000i\000n\000a\000b\000i\000l\000i\000t\000y\000\040\000L\000e\000d\000g\000e\000r\000s}{section.4}% 10
\BOOKMARK [1][-]{section.5}{\376\377\000E\000n\000h\000a\000n\000c\000i\000n\000g\000\040\000S\000t\000a\000n\000d\000a\000r\000d\000i\000z\000a\000t\000i\000o\000n\000\040\000o\000f\000\040\000S\000e\000c\000u\000r\000i\000t\000y\000\040\000M\000e\000c\000h\000a\000n\000i\000s\000m\000s}{}% 11
\BOOKMARK [1][-]{section.6}{\376\377\000C\000o\000n\000c\000l\000u\000s\000i\000o\000n}{}% 12
\BOOKMARK [1][-]{section.7}{\376\377\000R\000E\000F\000E\000R\000E\000N\000C\000E\000S}{}% 13
\BOOKMARK [1][-]{section.7}{\376\377\000R\000E\000F\000E\000R\000E\000N\000C\000E\000S}{}% 14
\BOOKMARK [1][-]{IEEEbiography.0}{\376\377\000B\000i\000o\000g\000r\000a\000p\000h\000i\000e\000s}{}% 15
\BOOKMARK [2][-]{IEEEbiography.1}{\376\377\000S\000.\000\040\000R\000.\000\040\000H\000u\000s\000s\000a\000i\000n}{IEEEbiography.0}% 16
\BOOKMARK [2][-]{IEEEbiography.2}{\376\377\000P\000.\000\040\000M\000c\000D\000a\000n\000i\000e\000l}{IEEEbiography.0}% 17
\BOOKMARK [2][-]{IEEEbiography.3}{\376\377\000A\000.\000\040\000G\000a\000n\000d\000h\000i}{IEEEbiography.0}% 18
\BOOKMARK [2][-]{IEEEbiography.4}{\376\377\000K\000.\000\040\000G\000h\000o\000s\000e}{IEEEbiography.0}% 19
\BOOKMARK [2][-]{IEEEbiography.5}{\376\377\000K\000.\000\040\000G\000o\000p\000a\000l\000a\000n}{IEEEbiography.0}% 20
\BOOKMARK [2][-]{IEEEbiography.6}{\376\377\000D\000.\000\040\000L\000e\000e}{IEEEbiography.0}% 21
\BOOKMARK [2][-]{IEEEbiography.7}{\376\377\000Y\000.\000\040\000D\000.\000\040\000L\000i\000u}{IEEEbiography.0}% 22
\BOOKMARK [2][-]{IEEEbiography.8}{\376\377\000Z\000.\000\040\000L\000i\000u}{IEEEbiography.0}% 23
\BOOKMARK [2][-]{IEEEbiography.9}{\376\377\000S\000.\000\040\000M\000u}{IEEEbiography.0}% 24
\BOOKMARK [2][-]{IEEEbiography.10}{\376\377\000E\000.\000\040\000Z\000a\000d\000o\000k}{IEEEbiography.0}% 25
