\BOOKMARK [1][]{section.1}{\376\377\000I\000N\000T\000R\000O\000D\000U\000C\000T\000I\000O\000N}{}% 1
\BOOKMARK [1][]{section.2}{\376\377\000P\000R\000E\000L\000I\000M\000I\000N\000A\000R\000I\000E\000S}{}% 2
\BOOKMARK [2][]{subsection.2.1}{\376\377\000V\000a\000r\000i\000a\000t\000i\000o\000n\000a\000l\000\040\000I\000n\000f\000e\000r\000e\000n\000c\000e}{section.2}% 3
\BOOKMARK [2][]{subsection.2.2}{\376\377\000V\000a\000r\000i\000a\000t\000i\000o\000n\000a\000l\000\040\000F\000a\000m\000i\000l\000y}{section.2}% 4
\BOOKMARK [2][]{subsection.2.3}{\376\377\000S\000c\000a\000l\000e\000\040\000P\000a\000r\000a\000m\000e\000t\000e\000r\000i\000z\000a\000t\000i\000o\000n}{section.2}% 5
\BOOKMARK [2][]{subsection.2.4}{\376\377\000G\000r\000a\000d\000i\000e\000n\000t\000\040\000E\000s\000t\000i\000m\000a\000t\000o\000r\000s}{section.2}% 6
\BOOKMARK [2][]{subsection.2.5}{\376\377\000Q\000u\000a\000d\000r\000a\000t\000i\000c\000\040\000V\000a\000r\000i\000a\000n\000c\000e\000\040\000C\000o\000n\000d\000i\000t\000i\000o\000n}{section.2}% 7
\BOOKMARK [2][]{subsection.2.6}{\376\377\000I\000n\000t\000e\000r\000p\000o\000l\000a\000t\000i\000o\000n\000\040\000C\000o\000n\000d\000i\000t\000i\000o\000n}{section.2}% 8
\BOOKMARK [1][]{section.3}{\376\377\000M\000A\000I\000N\000\040\000R\000E\000S\000U\000L\000T\000S}{}% 9
\BOOKMARK [2][]{subsection.3.1}{\376\377\000T\000r\000i\000a\000n\000g\000u\000l\000a\000r\000\040\000S\000c\000a\000l\000e\000\040\000P\000a\000r\000a\000m\000e\000t\000e\000r\000i\000z\000a\000t\000i\000o\000n}{section.3}% 10
\BOOKMARK [2][]{subsection.3.2}{\376\377\000T\000h\000e\000o\000r\000e\000t\000i\000c\000a\000l\000\040\000A\000n\000a\000l\000y\000s\000i\000s\000\040\000o\000f\000\040\000t\000h\000e\000\040\000S\000T\000L\000\040\000E\000s\000t\000i\000m\000a\000t\000o\000r}{section.3}% 11
\BOOKMARK [3][]{subsubsection.3.2.1}{\376\377\000U\000p\000p\000e\000r\000\040\000B\000o\000u\000n\000d\000s}{subsection.3.2}% 12
\BOOKMARK [3][]{subsubsection.3.2.2}{\376\377\000L\000o\000w\000e\000r\000\040\000B\000o\000u\000n\000d\000s}{subsection.3.2}% 13
\BOOKMARK [2][]{subsection.3.3}{\376\377\000T\000h\000e\000o\000r\000e\000t\000i\000c\000a\000l\000\040\000A\000n\000a\000l\000y\000s\000i\000s\000\040\000o\000f\000\040\000t\000h\000e\000\040\000C\000F\000E\000\040\000E\000s\000t\000i\000m\000a\000t\000o\000r}{section.3}% 14
\BOOKMARK [2][]{subsection.3.4}{\376\377\000N\000o\000n\000-\000A\000s\000y\000m\000p\000t\000o\000t\000i\000c\000\040\000C\000o\000m\000p\000l\000e\000x\000i\000t\000y\000\040\000o\000f\000\040\000B\000l\000a\000c\000k\000-\000B\000o\000x\000\040\000V\000a\000r\000i\000a\000t\000i\000o\000n\000a\000l\000\040\000I\000n\000f\000e\000r\000e\000n\000c\000e}{section.3}% 15
\BOOKMARK [2][]{subsection.3.5}{\376\377\000S\000h\000o\000u\000l\000d\000\040\000w\000e\000\040\000s\000t\000i\000c\000k\000\040\000t\000h\000e\000\040\000l\000a\000n\000d\000i\000n\000g\000?}{section.3}% 16
\BOOKMARK [1][]{section.4}{\376\377\000D\000I\000S\000C\000U\000S\000S\000I\000O\000N\000S}{}% 17
\BOOKMARK [1][]{appendix.A}{\376\377\000O\000V\000E\000R\000V\000I\000E\000W\000\040\000O\000F\000\040\000T\000H\000E\000O\000R\000E\000M\000S}{}% 18
\BOOKMARK [1][]{appendix.B}{\376\377\000R\000E\000L\000A\000T\000E\000D\000\040\000W\000O\000R\000K\000S}{}% 19
\BOOKMARK [1][]{appendix.C}{\376\377\000P\000R\000O\000O\000F\000S}{}% 20
\BOOKMARK [2][]{subsection.C.1}{\376\377\000D\000e\000f\000i\000n\000i\000t\000i\000o\000n\000s}{appendix.C}% 21
\BOOKMARK [2][]{subsection.C.2}{\376\377\000A\000u\000x\000i\000l\000i\000a\000r\000y\000\040\000L\000e\000m\000m\000a\000s}{appendix.C}% 22
\BOOKMARK [2][]{subsection.C.3}{\376\377\000S\000m\000o\000o\000t\000h\000n\000e\000s\000s\000\040\000U\000n\000d\000e\000r\000\040\000T\000r\000i\000a\000n\000g\000u\000l\000a\000r\000\040\000S\000c\000a\000l\000e\000\040\000P\000a\000r\000a\000m\000e\000t\000e\000r\000i\000z\000a\000t\000i\000o\000n}{appendix.C}% 23
\BOOKMARK [2][]{subsection.C.4}{\376\377\000U\000p\000p\000e\000r\000\040\000B\000o\000u\000n\000d\000\040\000o\000n\000\040\000G\000r\000a\000d\000i\000e\000n\000t\000\040\000V\000a\000r\000i\000a\000n\000c\000e\000\040\000o\000f\000\040\000S\000T\000L}{appendix.C}% 24
\BOOKMARK [3][]{subsubsection.C.4.1}{\376\377\000G\000e\000n\000e\000r\000a\000l\000\040\000D\000e\000c\000o\000m\000p\000o\000s\000i\000t\000i\000o\000n}{subsection.C.4}% 25
\BOOKMARK [3][]{subsubsection.C.4.2}{\376\377\000F\000u\000l\000l\000-\000R\000a\000n\000k\000\040\000P\000a\000r\000a\000m\000e\000t\000e\000r\000i\000z\000a\000t\000i\000o\000n}{subsection.C.4}% 26
\BOOKMARK [3][]{subsubsection.C.4.3}{\376\377\000M\000e\000a\000n\000-\000F\000i\000e\000l\000d\000\040\000P\000a\000r\000a\000m\000e\000t\000e\000r\000i\000z\000a\000t\000i\000o\000n}{subsection.C.4}% 27
\BOOKMARK [2][]{subsection.C.5}{\376\377\000L\000o\000w\000e\000r\000\040\000B\000o\000u\000n\000d\000\040\000o\000n\000\040\000G\000r\000a\000d\000i\000e\000n\000t\000\040\000V\000a\000r\000i\000a\000n\000c\000e\000\040\000o\000f\000\040\000S\000T\000L}{appendix.C}% 28
\BOOKMARK [3][]{subsubsection.C.5.1}{\376\377\000G\000e\000n\000e\000r\000a\000l\000\040\000L\000o\000w\000e\000r\000\040\000B\000o\000u\000n\000d}{subsection.C.5}% 29
\BOOKMARK [3][]{subsubsection.C.5.2}{\376\377\000U\000n\000i\000m\000p\000r\000o\000v\000a\000b\000i\000l\000i\000t\000y}{subsection.C.5}% 30
\BOOKMARK [2][]{subsection.C.6}{\376\377\000U\000p\000p\000e\000r\000\040\000B\000o\000u\000n\000d\000\040\000o\000n\000\040\000G\000r\000a\000d\000i\000e\000n\000t\000\040\000V\000a\000r\000i\000a\000n\000c\000e\000\040\000o\000f\000\040\000C\000F\000E}{appendix.C}% 31
\BOOKMARK [3][]{subsubsection.C.6.1}{\376\377\000F\000u\000l\000l\000-\000R\000a\000n\000k\000\040\000P\000a\000r\000a\000m\000e\000t\000e\000r\000i\000z\000a\000t\000i\000o\000n}{subsection.C.6}% 32
\BOOKMARK [3][]{subsubsection.C.6.2}{\376\377\000M\000e\000a\000n\000-\000F\000i\000e\000l\000d\000\040\000P\000a\000r\000a\000m\000e\000t\000e\000r\000i\000z\000a\000t\000i\000o\000n}{subsection.C.6}% 33
\BOOKMARK [2][]{subsection.C.7}{\376\377\000N\000o\000n\000-\000A\000s\000y\000m\000p\000t\000o\000t\000i\000c\000\040\000C\000o\000m\000p\000l\000e\000x\000i\000t\000y\000\040\000o\000f\000\040\000P\000r\000o\000j\000e\000c\000t\000e\000d\000\040\000S\000G\000D}{appendix.C}% 34
\BOOKMARK [3][]{subsubsection.C.7.1}{\376\377\000Q\000V\000C\000\040\000G\000r\000a\000d\000i\000e\000n\000t\000\040\000E\000s\000t\000i\000m\000a\000t\000o\000r}{subsection.C.7}% 35
\BOOKMARK [3][]{subsubsection.C.7.2}{\376\377\000A\000d\000a\000p\000t\000i\000v\000e\000\040\000Q\000V\000C\000\040\000G\000r\000a\000d\000i\000e\000n\000t\000\040\000E\000s\000t\000i\000m\000a\000t\000o\000r}{subsection.C.7}% 36
\BOOKMARK [2][]{subsection.C.8}{\376\377\000N\000o\000n\000-\000A\000s\000y\000m\000p\000t\000o\000t\000i\000c\000\040\000C\000o\000m\000p\000l\000e\000x\000i\000t\000y\000\040\000o\000f\000\040\000B\000B\000V\000I}{appendix.C}% 37
\BOOKMARK [3][]{subsubsection.C.8.1}{\376\377\000C\000F\000E\000\040\000G\000r\000a\000d\000i\000e\000n\000t\000\040\000E\000s\000t\000i\000m\000a\000t\000o\000r}{subsection.C.8}% 38
\BOOKMARK [3][]{subsubsection.C.8.2}{\376\377\000S\000T\000L\000\040\000G\000r\000a\000d\000i\000e\000n\000t\000\040\000E\000s\000t\000i\000m\000a\000t\000o\000r}{subsection.C.8}% 39
\BOOKMARK [2][]{subsection.C.9}{\376\377\000F\000i\000s\000h\000e\000r\000-\000H\000y\000v\000\344\000r\000i\000n\000e\000n\000\040\000D\000i\000v\000e\000r\000g\000e\000n\000c\000e\000\040\000B\000e\000t\000w\000e\000e\000n\000\040\000G\000a\000u\000s\000s\000i\000a\000n\000s}{appendix.C}% 40
