\BOOKMARK [1][-]{section.1}{Introduction}{}% 1
\BOOKMARK [2][-]{subsection.1.1}{Minimax Optimal Sample Complexity without the Burn-in Cost}{section.1}% 2
\BOOKMARK [2][-]{subsection.1.2}{Problem-Dependent Regret Bounds}{section.1}% 3
\BOOKMARK [2][-]{subsection.1.3}{Related Works}{section.1}% 4
\BOOKMARK [1][-]{section.2}{Preliminary}{}% 5
\BOOKMARK [1][-]{section.3}{Technical Overview}{}% 6
\BOOKMARK [2][-]{subsection.3.1}{Our New Approach: Decoupling V from .}{section.3}% 7
\BOOKMARK [2][-]{subsection.3.2}{The Key Lemmas}{section.3}% 8
\BOOKMARK [1][-]{section.4}{Algorithm}{}% 9
\BOOKMARK [1][-]{section.5}{Extensions}{}% 10
\BOOKMARK [2][-]{subsection.5.1}{First-Order Regret Bound}{section.5}% 11
\BOOKMARK [2][-]{subsection.5.2}{Variance-Dependent Regret Bound}{section.5}% 12
\BOOKMARK [1][-]{section.6}{Conclusion}{}% 13
\BOOKMARK [1][-]{appendix.A}{Technical Lemmas}{}% 14
\BOOKMARK [1][-]{appendix.B}{Missing Proofs in Section 3}{}% 15
\BOOKMARK [2][-]{subsection.B.1}{Proof of Lemma 9}{appendix.B}% 16
\BOOKMARK [2][-]{subsection.B.2}{Proof of Lemma 10}{appendix.B}% 17
\BOOKMARK [2][-]{subsection.B.3}{Proof of Lemma 11}{appendix.B}% 18
\BOOKMARK [1][-]{appendix.C}{Regret Analysis \(Proof of Theorem 1\)}{}% 19
\BOOKMARK [2][-]{subsection.C.1}{Optimism}{appendix.C}% 20
\BOOKMARK [2][-]{subsection.C.2}{Regret Decomposition}{appendix.C}% 21
\BOOKMARK [2][-]{subsection.C.3}{Bounds of the Error Terms}{appendix.C}% 22
\BOOKMARK [2][-]{subsection.C.4}{Putting All Together}{appendix.C}% 23
\BOOKMARK [1][-]{appendix.D}{Proof of the First-Order Regret Bound \(Proof of Theorem 2\)}{}% 24
\BOOKMARK [1][-]{appendix.E}{Proof of the Variance-Aware Regret Bounds}{}% 25
\BOOKMARK [2][-]{subsection.E.1}{Proof of Theorem 3}{appendix.E}% 26
\BOOKMARK [2][-]{subsection.E.2}{Proof of Lemma 23}{appendix.E}% 27
\BOOKMARK [3][-]{subsubsection.E.2.1}{Bound of T2}{subsection.E.2}% 28
\BOOKMARK [3][-]{subsubsection.E.2.2}{Bound of T4}{subsection.E.2}% 29
\BOOKMARK [3][-]{subsubsection.E.2.3}{Bound of T5 and T6}{subsection.E.2}% 30
\BOOKMARK [3][-]{subsubsection.E.2.4}{Putting All Together}{subsection.E.2}% 31
\BOOKMARK [2][-]{subsection.E.3}{Proof of Lemma 24}{appendix.E}% 32
\BOOKMARK [3][-]{subsubsection.E.3.1}{Bound of T2}{subsection.E.3}% 33
\BOOKMARK [3][-]{subsubsection.E.3.2}{Bound of T4}{subsection.E.3}% 34
\BOOKMARK [3][-]{subsubsection.E.3.3}{Bounds of T5 and T6}{subsection.E.3}% 35
\BOOKMARK [3][-]{subsubsection.E.3.4}{Putting All Together}{subsection.E.3}% 36
\BOOKMARK [1][-]{appendix.F}{Discussion on Lower Bounds}{}% 37
\BOOKMARK [2][-]{subsection.F.1}{Proof of Theorem 12}{appendix.F}% 38
\BOOKMARK [2][-]{subsection.F.2}{Proof of Theorem 13}{appendix.F}% 39
