\BOOKMARK [1][-]{section.1}{\376\377\000I\000n\000t\000r\000o\000d\000u\000c\000t\000i\000o\000n}{}% 1
\BOOKMARK [1][-]{section.2}{\376\377\000G\000e\000n\000e\000r\000a\000l\000i\000s\000e\000d\000\040\000W\000a\000l\000l\000e\000t\000\040\000M\000e\000c\000h\000a\000n\000i\000s\000m}{}% 2
\BOOKMARK [2][-]{subsection.2.1}{\376\377\000K\000e\000y\000\040\000G\000e\000n\000e\000r\000a\000t\000i\000o\000n}{section.2}% 3
\BOOKMARK [2][-]{subsection.2.2}{\376\377\000K\000e\000y\000\040\000S\000t\000o\000r\000a\000g\000e}{section.2}% 4
\BOOKMARK [2][-]{subsection.2.3}{\376\377\000T\000r\000a\000n\000s\000a\000c\000t\000i\000o\000n\000\040\000M\000a\000n\000a\000g\000e\000m\000e\000n\000t}{section.2}% 5
\BOOKMARK [3][-]{subsubsection.2.3.1}{\376\377\000T\000r\000a\000n\000s\000a\000c\000t\000i\000o\000n\000\040\000G\000e\000n\000e\000r\000a\000t\000i\000o\000n}{subsection.2.3}% 6
\BOOKMARK [3][-]{subsubsection.2.3.2}{\376\377\000T\000r\000a\000n\000s\000a\000c\000t\000i\000o\000n\000\040\000B\000r\000o\000a\000d\000c\000a\000s\000t}{subsection.2.3}% 7
\BOOKMARK [1][-]{section.3}{\376\377\000D\000e\000s\000i\000g\000n\000\040\000D\000e\000c\000i\000s\000i\000o\000n\000s}{}% 8
\BOOKMARK [2][-]{subsection.3.1}{\376\377\000I\000n\000f\000r\000a\000s\000t\000r\000u\000c\000t\000u\000r\000e}{section.3}% 9
\BOOKMARK [3][-]{subsubsection.3.1.1}{\376\377\000S\000o\000f\000t\000w\000a\000r\000e\000\040\000W\000a\000l\000l\000e\000t\000s}{subsection.3.1}% 10
\BOOKMARK [3][-]{subsubsection.3.1.2}{\376\377\000H\000a\000r\000d\000w\000a\000r\000e\000\040\000W\000a\000l\000l\000e\000t\000s}{subsection.3.1}% 11
\BOOKMARK [2][-]{subsection.3.2}{\376\377\000C\000u\000s\000t\000o\000d\000y}{section.3}% 12
\BOOKMARK [3][-]{subsubsection.3.2.1}{\376\377\000C\000u\000s\000t\000o\000d\000i\000a\000l}{subsection.3.2}% 13
\BOOKMARK [3][-]{subsubsection.3.2.2}{\376\377\000N\000o\000n\000-\000C\000u\000s\000t\000o\000d\000i\000a\000l}{subsection.3.2}% 14
\BOOKMARK [3][-]{subsubsection.3.2.3}{\376\377\000S\000h\000a\000r\000e\000d\000-\000C\000u\000s\000t\000o\000d\000i\000a\000l}{subsection.3.2}% 15
\BOOKMARK [2][-]{subsection.3.3}{\376\377\000I\000n\000i\000t\000i\000a\000l\000i\000s\000a\000t\000i\000o\000n}{section.3}% 16
\BOOKMARK [2][-]{subsection.3.4}{\376\377\000D\000i\000s\000t\000r\000i\000b\000u\000t\000i\000o\000n}{section.3}% 17
\BOOKMARK [2][-]{subsection.3.5}{\376\377\000A\000u\000t\000h\000e\000n\000t\000i\000c\000a\000t\000i\000o\000n}{section.3}% 18
\BOOKMARK [2][-]{subsection.3.6}{\376\377\000A\000u\000t\000h\000o\000r\000i\000s\000a\000t\000i\000o\000n}{section.3}% 19
\BOOKMARK [2][-]{subsection.3.7}{\376\377\000V\000a\000l\000i\000d\000a\000t\000i\000o\000n}{section.3}% 20
\BOOKMARK [2][-]{subsection.3.8}{\376\377\000R\000e\000c\000o\000v\000e\000r\000y\000\040\000a\000n\000d\000\040\000O\000t\000h\000e\000r\000\040\000D\000e\000s\000i\000g\000n\000\040\000F\000a\000c\000t\000o\000r\000s}{section.3}% 21
\BOOKMARK [2][-]{subsection.3.9}{\376\377\000D\000i\000s\000c\000u\000s\000s\000i\000o\000n}{section.3}% 22
\BOOKMARK [3][-]{subsubsection.3.9.1}{\376\377\000I\000n\000s\000i\000g\000h\000t\000\040\0001\000:\000\040\000I\000n\000f\000r\000a\000s\000t\000r\000u\000c\000t\000u\000r\000e\000\040\000E\000v\000o\000l\000u\000t\000i\000o\000n}{subsection.3.9}% 23
\BOOKMARK [3][-]{subsubsection.3.9.2}{\376\377\000I\000n\000s\000i\000g\000h\000t\000\040\0002\000:\000\040\000N\000u\000a\000n\000c\000e\000d\000\040\000W\000a\000l\000l\000e\000t\000\040\000D\000e\000s\000i\000g\000n\000s}{subsection.3.9}% 24
\BOOKMARK [1][-]{section.4}{\376\377\000T\000h\000r\000e\000a\000t\000\040\000M\000o\000d\000e\000l\000\040\000T\000a\000x\000o\000n\000o\000m\000y}{}% 25
\BOOKMARK [2][-]{subsection.4.1}{\376\377\000C\000l\000a\000s\000s\000i\000f\000i\000c\000a\000t\000i\000o\000n}{section.4}% 26
\BOOKMARK [3][-]{subsubsection.4.1.1}{\376\377\000N\000e\000t\000w\000o\000r\000k}{subsection.4.1}% 27
\BOOKMARK [3][-]{subsubsection.4.1.2}{\376\377\000A\000p\000p\000l\000i\000c\000a\000t\000i\000o\000n}{subsection.4.1}% 28
\BOOKMARK [3][-]{subsubsection.4.1.3}{\376\377\000A\000u\000t\000h\000e\000n\000t\000i\000c\000a\000t\000i\000o\000n}{subsection.4.1}% 29
\BOOKMARK [3][-]{subsubsection.4.1.4}{\376\377\000S\000t\000o\000r\000a\000g\000e\000\040\000a\000n\000d\000\040\000M\000e\000m\000o\000r\000y}{subsection.4.1}% 30
\BOOKMARK [3][-]{subsubsection.4.1.5}{\376\377\000C\000r\000y\000p\000t\000a\000n\000a\000l\000y\000s\000i\000s}{subsection.4.1}% 31
\BOOKMARK [3][-]{subsubsection.4.1.6}{\376\377\000O\000t\000h\000e\000r\000\040\000T\000h\000r\000e\000a\000t\000s}{subsection.4.1}% 32
\BOOKMARK [2][-]{subsection.4.2}{\376\377\000A\000d\000v\000e\000r\000s\000a\000r\000y\000'\000s\000\040\000G\000o\000a\000l\000s}{section.4}% 33
\BOOKMARK [2][-]{subsection.4.3}{\376\377\000A\000d\000v\000e\000r\000s\000a\000r\000y\000'\000s\000\040\000C\000a\000p\000a\000b\000i\000l\000i\000t\000i\000e\000s}{section.4}% 34
\BOOKMARK [2][-]{subsection.4.4}{\376\377\000D\000i\000s\000c\000u\000s\000s\000i\000o\000n}{section.4}% 35
\BOOKMARK [3][-]{subsubsection.4.4.1}{\376\377\000I\000n\000s\000i\000g\000h\000t\000\040\0001\000:\000\040\000I\000n\000f\000l\000u\000e\000n\000c\000e\000\040\000o\000f\000\040\000D\000e\000s\000i\000g\000n\000\040\000o\000n\000\040\000T\000h\000r\000e\000a\000t\000s}{subsection.4.4}% 36
\BOOKMARK [3][-]{subsubsection.4.4.2}{\376\377\000I\000n\000s\000i\000g\000h\000t\000\040\0002\000:\000\040\000S\000i\000g\000n\000a\000t\000u\000r\000e\000\040\000V\000e\000r\000i\000f\000i\000c\000a\000t\000i\000o\000n\000\040\000L\000o\000g\000i\000c\000\040\000F\000l\000a\000w\000\040\000O\000c\000c\000u\000r\000r\000e\000n\000c\000e}{subsection.4.4}% 37
\BOOKMARK [3][-]{subsubsection.4.4.3}{\376\377\000I\000n\000s\000i\000g\000h\000t\000\040\0003\000:\000\040\000G\000a\000p\000\040\000A\000n\000a\000l\000y\000s\000i\000s\000\040\000o\000n\000\040\000W\000a\000l\000l\000e\000t\000\040\000T\000h\000r\000e\000a\000t\000s}{subsection.4.4}% 38
\BOOKMARK [1][-]{section.5}{\376\377\000A\000t\000t\000a\000c\000k\000\040\000T\000a\000x\000o\000n\000o\000m\000y}{}% 39
\BOOKMARK [2][-]{subsection.5.1}{\376\377\000N\000e\000t\000w\000o\000r\000k\000\040\000A\000t\000t\000a\000c\000k\000s}{section.5}% 40
\BOOKMARK [3][-]{subsubsection.5.1.1}{\376\377\000C\000o\000n\000n\000e\000c\000t\000i\000o\000n\000\040\000H\000i\000j\000a\000c\000k}{subsection.5.1}% 41
\BOOKMARK [3][-]{subsubsection.5.1.2}{\376\377\000S\000e\000r\000v\000i\000c\000e\000\040\000D\000e\000n\000i\000a\000l}{subsection.5.1}% 42
\BOOKMARK [2][-]{subsection.5.2}{\376\377\000A\000p\000p\000l\000i\000c\000a\000t\000i\000o\000n\000\040\000A\000t\000t\000a\000c\000k\000s}{section.5}% 43
\BOOKMARK [3][-]{subsubsection.5.2.1}{\376\377\000M\000a\000l\000w\000a\000r\000e\000\040\000E\000x\000e\000c\000u\000t\000i\000o\000n}{subsection.5.2}% 44
\BOOKMARK [3][-]{subsubsection.5.2.2}{\376\377\000S\000o\000c\000i\000a\000l\000\040\000E\000n\000g\000i\000n\000e\000e\000r\000i\000n\000g}{subsection.5.2}% 45
\BOOKMARK [3][-]{subsubsection.5.2.3}{\376\377\000P\000r\000i\000v\000i\000l\000e\000g\000e\000\040\000E\000s\000c\000a\000l\000a\000t\000i\000o\000n}{subsection.5.2}% 46
\BOOKMARK [2][-]{subsection.5.3}{\376\377\000A\000u\000t\000h\000e\000n\000t\000i\000c\000a\000t\000i\000o\000n\000\040\000A\000t\000t\000a\000c\000k\000s}{section.5}% 47
\BOOKMARK [3][-]{subsubsection.5.3.1}{\376\377\000C\000r\000e\000d\000e\000n\000t\000i\000a\000l\000\040\000C\000r\000a\000c\000k\000i\000n\000g}{subsection.5.3}% 48
\BOOKMARK [3][-]{subsubsection.5.3.2}{\376\377\000I\000d\000e\000n\000t\000i\000t\000y\000\040\000S\000p\000o\000o\000f\000i\000n\000g}{subsection.5.3}% 49
\BOOKMARK [2][-]{subsection.5.4}{\376\377\000S\000t\000o\000r\000a\000g\000e\000\040\000\046\000\040\000M\000e\000m\000o\000r\000y\000\040\000A\000t\000t\000a\000c\000k\000s}{section.5}% 50
\BOOKMARK [3][-]{subsubsection.5.4.1}{\376\377\000P\000h\000y\000s\000i\000c\000a\000l\000\040\000T\000a\000m\000p\000e\000r\000i\000n\000g}{subsection.5.4}% 51
\BOOKMARK [3][-]{subsubsection.5.4.2}{\376\377\000F\000a\000u\000l\000t\000\040\000I\000n\000j\000e\000c\000t\000i\000o\000n}{subsection.5.4}% 52
\BOOKMARK [3][-]{subsubsection.5.4.3}{\376\377\000O\000t\000h\000e\000r\000\040\000N\000o\000n\000-\000I\000n\000v\000a\000s\000i\000v\000e\000\040\000T\000e\000c\000h\000n\000i\000q\000u\000e\000s}{subsection.5.4}% 53
\BOOKMARK [2][-]{subsection.5.5}{\376\377\000C\000r\000y\000p\000t\000a\000n\000a\000l\000y\000s\000i\000s\000\040\000A\000t\000t\000a\000c\000k\000s}{section.5}% 54
\BOOKMARK [3][-]{subsubsection.5.5.1}{\376\377\000S\000i\000d\000e\000-\000c\000h\000a\000n\000n\000e\000l\000\040\000A\000n\000a\000l\000y\000s\000i\000s}{subsection.5.5}% 55
\BOOKMARK [3][-]{subsubsection.5.5.2}{\376\377\000D\000i\000r\000e\000c\000t\000\040\000E\000x\000p\000l\000o\000i\000t\000a\000t\000i\000o\000n}{subsection.5.5}% 56
\BOOKMARK [2][-]{subsection.5.6}{\376\377\000D\000i\000s\000c\000u\000s\000s\000i\000o\000n}{section.5}% 57
\BOOKMARK [3][-]{subsubsection.5.6.1}{\376\377\000I\000n\000s\000i\000g\000h\000t\000\040\0001\000:\000\040\000D\000i\000f\000f\000e\000r\000e\000n\000c\000e\000\040\000i\000n\000\040\000A\000c\000a\000d\000e\000m\000i\000a\000\040\000a\000n\000d\000\040\000N\000o\000t\000a\000b\000l\000e\000\040\000I\000n\000d\000u\000s\000t\000r\000y\000\040\000I\000n\000c\000i\000d\000e\000n\000t\000s}{subsection.5.6}% 58
\BOOKMARK [3][-]{subsubsection.5.6.2}{\376\377\000I\000n\000s\000i\000g\000h\000t\000\040\0002\000:\000\040\000C\000o\000m\000p\000a\000r\000i\000s\000o\000n\000\040\000o\000f\000\040\000C\000u\000s\000t\000o\000d\000i\000a\000l\000\040\000a\000n\000d\000\040\000N\000o\000n\000-\000C\000u\000s\000t\000o\000d\000i\000a\000l\000\040\000A\000t\000t\000a\000c\000k\000s}{subsection.5.6}% 59
\BOOKMARK [3][-]{subsubsection.5.6.3}{\376\377\000I\000n\000s\000i\000g\000h\000t\000\040\0003\000:\000\040\000H\000i\000g\000h\000\040\000M\000a\000l\000w\000a\000r\000e\000\040\000\046\000\040\000P\000h\000i\000s\000h\000i\000n\000g\000\040\000A\000t\000t\000a\000c\000k\000\040\000O\000c\000c\000u\000r\000r\000e\000n\000c\000e}{subsection.5.6}% 60
\BOOKMARK [1][-]{section.6}{\376\377\000D\000e\000f\000e\000n\000c\000e\000\040\000M\000e\000t\000h\000o\000d\000s}{}% 61
\BOOKMARK [2][-]{subsection.6.1}{\376\377\000D\000e\000f\000e\000n\000c\000e\000\040\000a\000g\000a\000i\000n\000s\000t\000\040\000N\000e\000t\000w\000o\000r\000k\000\040\000A\000t\000t\000a\000c\000k\000s}{section.6}% 62
\BOOKMARK [2][-]{subsection.6.2}{\376\377\000D\000e\000f\000e\000n\000c\000e\000\040\000a\000g\000a\000i\000n\000s\000t\000\040\000A\000p\000p\000l\000i\000c\000a\000t\000i\000o\000n\000\040\000A\000t\000t\000a\000c\000k\000s}{section.6}% 63
\BOOKMARK [2][-]{subsection.6.3}{\376\377\000D\000e\000f\000e\000n\000c\000e\000\040\000a\000g\000a\000i\000n\000s\000t\000\040\000A\000u\000t\000h\000e\000n\000t\000i\000c\000a\000t\000i\000o\000n\000\040\000A\000t\000t\000a\000c\000k\000s}{section.6}% 64
\BOOKMARK [2][-]{subsection.6.4}{\376\377\000D\000e\000f\000e\000n\000c\000e\000\040\000a\000g\000a\000i\000n\000s\000t\000\040\000S\000t\000o\000r\000a\000g\000e\000\040\000a\000n\000d\000\040\000M\000e\000m\000o\000r\000y\000\040\000A\000t\000t\000a\000c\000k\000s}{section.6}% 65
\BOOKMARK [2][-]{subsection.6.5}{\376\377\000D\000e\000f\000e\000n\000c\000e\000\040\000a\000g\000a\000i\000n\000s\000t\000\040\000C\000r\000y\000p\000t\000a\000n\000a\000l\000y\000s\000i\000s\000\040\000A\000t\000t\000a\000c\000k\000s}{section.6}% 66
\BOOKMARK [2][-]{subsection.6.6}{\376\377\000D\000i\000s\000c\000u\000s\000s\000i\000o\000n}{section.6}% 67
\BOOKMARK [3][-]{subsubsection.6.6.1}{\376\377\000I\000n\000s\000i\000g\000h\000t\000\040\0001\000:\000\040\000M\000i\000t\000i\000g\000a\000t\000i\000o\000n\000s\000\040\000A\000g\000a\000i\000n\000s\000t\000\040\000M\000u\000l\000t\000i\000p\000l\000e\000\040\000A\000t\000t\000a\000c\000k\000\040\000V\000e\000c\000t\000o\000r\000s}{subsection.6.6}% 68
\BOOKMARK [3][-]{subsubsection.6.6.2}{\376\377\000I\000n\000s\000i\000g\000h\000t\000\040\0002\000:\000\040\000C\000o\000m\000p\000a\000r\000i\000s\000o\000n\000\040\000o\000f\000\040\000P\000r\000e\000c\000a\000u\000t\000i\000o\000n\000a\000r\000y\000\040\000a\000n\000d\000\040\000R\000e\000m\000e\000d\000i\000a\000l\000\040\000D\000e\000f\000e\000n\000c\000e\000\040\000M\000e\000t\000h\000o\000d\000s}{subsection.6.6}% 69
\BOOKMARK [3][-]{subsubsection.6.6.3}{\376\377\000I\000n\000s\000i\000g\000h\000t\000\040\0003\000:\000\040\000V\000u\000l\000n\000e\000r\000a\000b\000i\000l\000i\000t\000i\000e\000s\000\040\000i\000n\000\040\000D\000e\000f\000e\000n\000c\000e\000\040\000M\000e\000t\000h\000o\000d\000s}{subsection.6.6}% 70
\BOOKMARK [1][-]{section.7}{\376\377\000D\000i\000s\000c\000u\000s\000s\000i\000o\000n}{}% 71
\BOOKMARK [2][-]{subsection.7.1}{\376\377\000L\000i\000m\000i\000t\000a\000t\000i\000o\000n\000s}{section.7}% 72
\BOOKMARK [2][-]{subsection.7.2}{\376\377\000F\000u\000t\000u\000r\000e\000\040\000W\000o\000r\000k}{section.7}% 73
\BOOKMARK [1][-]{section.8}{\376\377\000R\000e\000l\000a\000t\000e\000d\000\040\000W\000o\000r\000k\000s}{}% 74
\BOOKMARK [2][-]{subsection.8.1}{\376\377\000K\000e\000y\000\040\000M\000a\000n\000a\000g\000e\000m\000e\000n\000t}{section.8}% 75
\BOOKMARK [2][-]{subsection.8.2}{\376\377\000W\000a\000l\000l\000e\000t\000\040\000A\000t\000t\000a\000c\000k\000\040\000a\000n\000d\000\040\000S\000e\000c\000u\000r\000i\000t\000y}{section.8}% 76
\BOOKMARK [2][-]{subsection.8.3}{\376\377\000A\000d\000d\000r\000e\000s\000s\000i\000n\000g\000\040\000L\000i\000t\000e\000r\000a\000t\000u\000r\000e\000\040\000G\000a\000p\000s}{section.8}% 77
\BOOKMARK [1][-]{section.9}{\376\377\000C\000o\000n\000c\000l\000u\000s\000i\000o\000n}{}% 78
\BOOKMARK [1][-]{section*.3}{\376\377\000R\000e\000f\000e\000r\000e\000n\000c\000e\000s}{}% 79
