\BOOKMARK [1][-]{section.1}{Introduction}{}% 1
\BOOKMARK [1][-]{section.2}{Blackhole/blackring transition in supergravity}{}% 2
\BOOKMARK [2][-]{subsection.2.1}{Field content of 5d supergravity}{section.2}% 3
\BOOKMARK [2][-]{subsection.2.2}{Entropy of the half-BPS blackhole}{section.2}% 4
\BOOKMARK [2][-]{subsection.2.3}{Entropy of the half-BPS blackring}{section.2}% 5
\BOOKMARK [2][-]{subsection.2.4}{Blackhole/blackring transition on CY_3 with h^1,1=1}{section.2}% 6
\BOOKMARK [1][-]{section.3}{5d BPS indices from topological string theory}{}% 7
\BOOKMARK [2][-]{subsection.3.1}{Gopakumar-Vafa conjecture}{section.3}% 8
\BOOKMARK [2][-]{subsection.3.2}{Computation of topological string free energy}{section.3}% 9
\BOOKMARK [2][-]{subsection.3.3}{Microscopic/macroscopic comparison}{section.3}% 10
\BOOKMARK [1][-]{section.4}{Wald entropy and quantum corrections in 4d}{}% 11
\BOOKMARK [2][-]{subsection.4.1}{Ooguri-Strominger-Vafa conjecture}{section.4}% 12
\BOOKMARK [2][-]{subsection.4.2}{Local contributions}{section.4}% 13
\BOOKMARK [3][-]{subsubsection.4.2.1}{D6-D2-D0 single-centered blackhole}{subsection.4.2}% 14
\BOOKMARK [3][-]{subsubsection.4.2.2}{D6, D4-D2-D0 multi-centered blackhole}{subsection.4.2}% 15
\BOOKMARK [2][-]{subsection.4.3}{Loop corrections}{section.4}% 16
\BOOKMARK [2][-]{subsection.4.4}{Gaiotto-Strominger-Yin uplift to 5d}{section.4}% 17
\BOOKMARK [1][-]{section.5}{Microscopic observations and a quantum transition}{}% 18
\BOOKMARK [2][-]{subsection.5.1}{Free gas of M2 branes and the DT/GV relation}{section.5}% 19
\BOOKMARK [2][-]{subsection.5.2}{Blackring microstates with unit M5 charge}{section.5}% 20
\BOOKMARK [2][-]{subsection.5.3}{4d instability of 5d superextremal states }{section.5}% 21
\BOOKMARK [1][-]{section.6}{On the contributions of degenerate instantons}{}% 22
\BOOKMARK [1][-]{appendix.A}{Length scales and units}{}% 23
\BOOKMARK [1][-]{appendix.B}{GV invariants for quintic up to genus 4}{}% 24
