\BOOKMARK [1][-]{section.1}{Introduction}{}% 1
\BOOKMARK [1][-]{section.2}{Input planetary samples}{}% 2
\BOOKMARK [2][-]{subsection.2.1}{The NGPPS model}{section.2}% 3
\BOOKMARK [2][-]{subsection.2.2}{The Hsu19 planet occurrence rate}{section.2}% 4
\BOOKMARK [2][-]{subsection.2.3}{The KM20 planet occurrence rate}{section.2}% 5
\BOOKMARK [2][-]{subsection.2.4}{From occurrence rates to population models}{section.2}% 6
\BOOKMARK [1][-]{section.3}{Input stellar samples}{}% 7
\BOOKMARK [1][-]{section.4}{Detection efficiencies}{}% 8
\BOOKMARK [2][-]{subsection.4.1}{Relation between detection efficiency and signal-to-noise ratio}{section.4}% 9
\BOOKMARK [2][-]{subsection.4.2}{Signal and noise models}{section.4}% 10
\BOOKMARK [2][-]{subsection.4.3}{CDPPeff and the noise model}{section.4}% 11
\BOOKMARK [1][-]{section.5}{Planet Yield for PLATO Estimator }{}% 12
\BOOKMARK [1][-]{section.6}{Results}{}% 13
\BOOKMARK [2][-]{subsection.6.1}{Planet yield dependence on free parameters}{section.6}% 14
\BOOKMARK [2][-]{subsection.6.2}{Detectable planet occurrence rates}{section.6}% 15
\BOOKMARK [2][-]{subsection.6.3}{Single-transit detections}{section.6}% 16
\BOOKMARK [2][-]{subsection.6.4}{Planet yield of LOPN1 and LOPS1}{section.6}% 17
\BOOKMARK [1][-]{section.7}{Discussion}{}% 18
\BOOKMARK [1][-]{section.8}{Conclusion}{}% 19
\BOOKMARK [1][-]{appendix.A}{Average asPIC field versus LOPN1 and LOPS1}{}% 20
