\BOOKMARK [1][-]{section.1}{Introduction}{}% 1
\BOOKMARK [1][-]{section.2}{System\040Model}{}% 2
\BOOKMARK [2][-]{subsection.2.1}{Channel\040Model\040for\040RIS-assisted\040Transmission}{section.2}% 3
\BOOKMARK [2][-]{subsection.2.2}{Deep\040Reinforcement\040Learning\040for\040RIS}{section.2}% 4
\BOOKMARK [2][-]{subsection.2.3}{Limitation\040of\040Existing\040Semantic\040Communications}{section.2}% 5
\BOOKMARK [1][-]{section.3}{Semantic\040segmentation-based\040image\040transmission\040framework}{}% 6
\BOOKMARK [2][-]{subsection.3.1}{Semantic\040transceiver}{section.3}% 7
\BOOKMARK [2][-]{subsection.3.2}{RL\040strategies\040for\040RIS-SC}{section.3}% 8
\BOOKMARK [2][-]{subsection.3.3}{Allocation\040for\040RIS\040resources}{section.3}% 9
\BOOKMARK [2][-]{subsection.3.4}{Reconstruction\040for\040Blocked\040Semantic\040Parts}{section.3}% 10
\BOOKMARK [1][-]{section.4}{Detailed\040architecture\040and\040training\040process\040}{}% 11
\BOOKMARK [2][-]{subsection.4.1}{Detailed\040network\040architectures}{section.4}% 12
\BOOKMARK [2][-]{subsection.4.2}{Training\040process}{section.4}% 13
\BOOKMARK [1][-]{section.5}{Numerical\040Results}{}% 14
\BOOKMARK [2][-]{subsection.5.1}{Simulation\040Settings}{section.5}% 15
\BOOKMARK [2][-]{subsection.5.2}{Performances\040under\040different\040channel\040conditions}{section.5}% 16
\BOOKMARK [2][-]{subsection.5.3}{Performance\040of\040RIS\040allocation\040under\040varying\040user\040requirements}{section.5}% 17
\BOOKMARK [2][-]{subsection.5.4}{Performances\040under\040varying\040user\040requirements}{section.5}% 18
\BOOKMARK [2][-]{subsection.5.5}{Reconstruction\040for\040blocked\040semantic\040parts}{section.5}% 19
\BOOKMARK [1][-]{section.6}{Conclusion}{}% 20
\BOOKMARK [1][-]{section*.14}{References}{}% 21
