\BOOKMARK [1][]{section.1}{\376\377\0001\000\040\000I\000n\000t\000r\000o\000d\000u\000c\000t\000i\000o\000n}{}% 1
\BOOKMARK [2][]{subsection.1.1}{\376\377\0001\000.\0001\000\040\000M\000a\000i\000n\000\040\000C\000o\000n\000t\000r\000i\000b\000u\000t\000i\000o\000n\000s\000\040\000a\000n\000d\000\040\000T\000e\000c\000h\000n\000i\000c\000a\000l\000\040\000I\000d\000e\000a\000s}{section.1}% 2
\BOOKMARK [2][]{subsection.1.2}{\376\377\0001\000.\0002\000\040\000R\000e\000l\000a\000t\000e\000d\000\040\000L\000i\000t\000e\000r\000a\000t\000u\000r\000e}{section.1}% 3
\BOOKMARK [1][]{section.2}{\376\377\0002\000\040\000M\000o\000d\000e\000l\000\040\000F\000o\000r\000m\000u\000l\000a\000t\000i\000o\000n}{}% 4
\BOOKMARK [1][]{section.3}{\376\377\0003\000\040\000P\000o\000l\000y\000n\000o\000m\000i\000a\000l\000\040\000T\000i\000m\000e\000\040\000A\000l\000g\000o\000r\000i\000t\000h\000m\000\040\000f\000o\000r\000\040\000A\000P\000V}{}% 5
\BOOKMARK [2][]{subsection.3.1}{\376\377\0003\000.\0001\000\040\000E\000x\000p\000a\000n\000d\000e\000d\000\040\000R\000e\000v\000e\000n\000u\000e\000\040\000a\000n\000d\000\040\000E\000x\000p\000a\000n\000d\000e\000d\000\040\000S\000e\000t}{section.3}% 6
\BOOKMARK [2][]{subsection.3.2}{\376\377\0003\000.\0002\000\040\000P\000r\000o\000p\000e\000r\000t\000i\000e\000s\000\040\000o\000f\000\040\000t\000h\000e\000\040\000E\000x\000p\000a\000n\000d\000e\000d\000\040\000R\000e\000v\000e\000n\000u\000e\000\040\000F\000u\000n\000c\000t\000i\000o\000n}{section.3}% 7
\BOOKMARK [2][]{subsection.3.3}{\376\377\0003\000.\0003\000\040\000C\000o\000m\000p\000u\000t\000i\000n\000g\000\040\000O\000p\000t\000i\000m\000a\000l\000\040\000A\000s\000s\000o\000r\000t\000m\000e\000n\000t\000s}{section.3}% 8
\BOOKMARK [2][]{subsection.3.4}{\376\377\0003\000.\0004\000\040\000L\000i\000n\000e\000a\000r\000\040\000P\000r\000o\000g\000r\000a\000m\000m\000i\000n\000g\000\040\000F\000o\000r\000m\000u\000l\000a\000t\000i\000o\000n}{section.3}% 9
\BOOKMARK [1][]{section.4}{\376\377\0004\000\040\000A\000P\000V\000\040\000w\000i\000t\000h\000\040\000C\000a\000r\000d\000i\000n\000a\000l\000i\000t\000y\000\040\000C\000o\000n\000s\000t\000r\000a\000i\000n\000t\000s}{}% 10
\BOOKMARK [2][]{subsection.4.1}{\376\377\0004\000.\0001\000\040\000S\000t\000e\000p\000\040\0001\000:\000\040\000D\000i\000s\000c\000r\000e\000t\000i\000z\000i\000n\000g\000\040\000t\000h\000e\000\040\000U\000n\000i\000v\000e\000r\000s\000e\000\040\000o\000f\000\040\000P\000r\000o\000d\000u\000c\000t\000s}{section.4}% 11
\BOOKMARK [2][]{subsection.4.2}{\376\377\0004\000.\0002\000\040\000S\000t\000e\000p\000\040\0002\000:\000\040\000L\000i\000n\000e\000a\000r\000i\000z\000a\000t\000i\000o\000n\000\040\000o\000f\000\040\000t\000h\000e\000\040\000O\000b\000j\000e\000c\000t\000i\000v\000e\000\040\000F\000u\000n\000c\000t\000i\000o\000n}{section.4}% 12
\BOOKMARK [2][]{subsection.4.3}{\376\377\0004\000.\0003\000\040\000D\000e\000p\000e\000n\000d\000e\000n\000t\000\040\000R\000o\000u\000n\000d\000i\000n\000g}{section.4}% 13
\BOOKMARK [2][]{subsection.4.4}{\376\377\0004\000.\0004\000\040\000S\000t\000e\000p\000\040\0003\000:\000\040\000T\000h\000e\000\040\000R\000o\000u\000n\000d\000i\000n\000g\000\040\000P\000r\000o\000c\000e\000d\000u\000r\000e}{section.4}% 14
\BOOKMARK [2][]{subsection.4.5}{\376\377\0004\000.\0005\000\040\000A\000n\000a\000l\000y\000s\000i\000s}{section.4}% 15
\BOOKMARK [1][]{section.5}{\376\377\0005\000\040\000P\000r\000i\000c\000e\000\040\000o\000f\000\040\000V\000i\000s\000i\000b\000i\000l\000i\000t\000y}{}% 16
\BOOKMARK [2][]{subsection.5.1}{\376\377\0005\000.\0001\000\040\000T\000h\000e\000\040\000L\000o\000s\000s\000\040\000D\000u\000e\000\040\000t\000o\000\040\000V\000i\000s\000i\000b\000i\000l\000i\000t\000y\000\040\000C\000o\000n\000s\000t\000r\000a\000i\000n\000t\000s}{section.5}% 17
\BOOKMARK [2][]{subsection.5.2}{\376\377\0005\000.\0002\000\040\000S\000h\000a\000r\000i\000n\000g\000\040\000t\000h\000e\000\040\000E\000x\000p\000e\000c\000t\000e\000d\000\040\000L\000o\000s\000s}{section.5}% 18
\BOOKMARK [1][]{section.6}{\376\377\0006\000\040\000C\000o\000n\000c\000l\000u\000d\000i\000n\000g\000\040\000R\000e\000m\000a\000r\000k\000s}{}% 19
\BOOKMARK [1][]{section.6}{\376\377\000B\000i\000b\000l\000i\000o\000g\000r\000a\000p\000h\000y}{}% 20
\BOOKMARK [1][]{appendix.A}{\376\377\000A\000\040\000M\000N\000L\000-\000b\000a\000s\000e\000d\000\040\000R\000e\000v\000e\000n\000u\000e\000\040\000M\000a\000x\000i\000m\000i\000z\000a\000t\000i\000o\000n}{}% 21
\BOOKMARK [1][]{appendix.B}{\376\377\000B\000\040\000b\000l\000a\000c\000k\000P\000r\000o\000o\000f\000\040\000o\000f\000\040\000C\000l\000a\000i\000m\000\040\0003\000.\0006}{}% 22
\BOOKMARK [1][]{appendix.C}{\376\377\000C\000\040\000A\000d\000d\000i\000t\000i\000o\000n\000a\000l\000\040\000P\000r\000o\000o\000f\000s\000\040\000f\000r\000o\000m\000\040\000S\000e\000c\000t\000i\000o\000n\000\040\0004}{}% 23
\BOOKMARK [1][]{appendix.D}{\376\377\000D\000\040\000P\000r\000o\000o\000f\000\040\000o\000f\000\040\000C\000l\000a\000i\000m\000\040\0005\000.\0001}{}% 24
