\BOOKMARK [1][-]{section.1}{INTRODUCTION}{}% 1
\BOOKMARK [1][-]{section.2}{NOTATION AND BACKGROUND}{}% 2
\BOOKMARK [2][-]{subsection.2.1}{Measure theory and probability}{section.2}% 3
\BOOKMARK [2][-]{subsection.2.2}{Causal graphs and structural causal models}{section.2}% 4
\BOOKMARK [2][-]{subsection.2.3}{Behavior cloning}{section.2}% 5
\BOOKMARK [2][-]{subsection.2.4}{Statistical independence tests}{section.2}% 6
\BOOKMARK [1][-]{section.3}{PROBLEM STATEMENT AND METHOD}{}% 7
\BOOKMARK [2][-]{subsection.3.1}{Assumptions}{section.3}% 8
\BOOKMARK [2][-]{subsection.3.2}{Derivation}{section.3}% 9
\BOOKMARK [2][-]{subsection.3.3}{Imitation Learning Workflow}{section.3}% 10
\BOOKMARK [1][-]{section.4}{THEORETICAL GUARANTEES}{}% 11
\BOOKMARK [1][-]{section.5}{EXPERIMENTS}{}% 12
\BOOKMARK [2][-]{subsection.5.1}{Environments}{section.5}% 13
\BOOKMARK [2][-]{subsection.5.2}{Discussion}{section.5}% 14
\BOOKMARK [1][-]{section.6}{CONCLUSION}{}% 15
\BOOKMARK [1][-]{appendix.Appendix.A}{Proofs for Section IV}{}% 16
\BOOKMARK [1][-]{appendix.Appendix.B}{Experiments}{}% 17
\BOOKMARK [2][-]{subsection.Appendix.B.1}{Environments}{appendix.Appendix.B}% 18
\BOOKMARK [3][-]{subsubsection.Appendix.B.1.1}{CartPole}{subsection.Appendix.B.1}% 19
\BOOKMARK [3][-]{subsubsection.Appendix.B.1.2}{Reacher}{subsection.Appendix.B.1}% 20
\BOOKMARK [2][-]{subsection.Appendix.B.2}{VAE training}{appendix.Appendix.B}% 21
\BOOKMARK [2][-]{subsection.Appendix.B.3}{Behavior cloning training}{appendix.Appendix.B}% 22
