\BOOKMARK [1][-]{section.1}{Introduction}{}% 1
\BOOKMARK [2][-]{subsection.1.1}{Related work}{section.1}% 2
\BOOKMARK [2][-]{subsection.1.2}{Notations}{section.1}% 3
\BOOKMARK [1][-]{section.2}{Measurement error adjustment to bandit with noisy context}{}% 4
\BOOKMARK [2][-]{subsection.2.1}{Problem setting}{section.2}% 5
\BOOKMARK [2][-]{subsection.2.2}{Choice of the benchmark policy}{section.2}% 6
\BOOKMARK [2][-]{subsection.2.3}{Estimation using weighted measurement error adjustment}{section.2}% 7
\BOOKMARK [2][-]{subsection.2.4}{MEB: Online bandit algorithm with measurement error adjustment}{section.2}% 8
\BOOKMARK [2][-]{subsection.2.5}{Results given estimated error variance}{section.2}% 9
\BOOKMARK [1][-]{section.3}{Simulation results}{}% 10
\BOOKMARK [1][-]{section.4}{Discussion and conclusions}{}% 11
\BOOKMARK [1][-]{section.5}{Societal impact}{}% 12
\BOOKMARK [1][-]{Appendix.a.A}{Additional simulations}{}% 13
\BOOKMARK [2][-]{subsection.a.A.1}{Improving early stage performance of MEB: an example}{Appendix.a.A}% 14
\BOOKMARK [2][-]{subsection.a.A.2}{Results for different magnitudes of measurement error}{Appendix.a.A}% 15
\BOOKMARK [1][-]{Appendix.a.B}{Example: inconsistency of the naive estimator \(2.5\)}{}% 16
\BOOKMARK [1][-]{Appendix.a.C}{Regret guarantees compare to the standard benchmark policy \(2.2\)}{}% 17
\BOOKMARK [1][-]{Appendix.a.D}{Generalization to K2 actions}{}% 18
\BOOKMARK [1][-]{Appendix.a.E}{Justification of the benchmark policy \(Proof of Lemma 2.1\)}{}% 19
\BOOKMARK [1][-]{Appendix.a.F}{Analysis of the proposed estimator \(2.6\)}{}% 20
\BOOKMARK [2][-]{subsection.a.F.1}{Proof of Theorem 2.1}{Appendix.a.F}% 21
\BOOKMARK [2][-]{subsection.a.F.2}{Additional comments on Assumption 2.2}{Appendix.a.F}% 22
\BOOKMARK [2][-]{subsection.a.F.3}{Generalization to off-policy method-of-moment estimation}{Appendix.a.F}% 23
\BOOKMARK [1][-]{Appendix.a.G}{Analysis of MEB}{}% 24
\BOOKMARK [2][-]{subsection.a.G.1}{Proof of Theorem 2.2}{Appendix.a.G}% 25
\BOOKMARK [2][-]{subsection.a.G.2}{Proof of Corollary 2.1}{Appendix.a.G}% 26
\BOOKMARK [2][-]{subsection.a.G.3}{MEB with infrequent model update}{Appendix.a.G}% 27
\BOOKMARK [1][-]{Appendix.a.H}{Analysis with estimated error variance}{}% 28
\BOOKMARK [2][-]{subsection.a.H.1}{Proof of Theorem 2.3}{Appendix.a.H}% 29
\BOOKMARK [2][-]{subsection.a.H.2}{Proof of Corollary 2.2}{Appendix.a.H}% 30
\BOOKMARK [1][-]{Appendix.a.I}{Additional proofs}{}% 31
\BOOKMARK [2][-]{subsection.a.I.1}{Proof of Theorem D.2}{Appendix.a.I}% 32
\BOOKMARK [2][-]{subsection.a.I.2}{Proof of Theorem D.3}{Appendix.a.I}% 33
\BOOKMARK [2][-]{subsection.a.I.3}{Proof of Lemma F.1}{Appendix.a.I}% 34
\BOOKMARK [2][-]{subsection.a.I.4}{Proof of Corollary G.1}{Appendix.a.I}% 35
