\BOOKMARK [1][-]{section.1}{\376\377\000I\000n\000t\000r\000o\000d\000u\000c\000t\000i\000o\000n}{}% 1
\BOOKMARK [1][-]{section.2}{\376\377\000P\000r\000e\000l\000i\000m\000i\000n\000a\000r\000i\000e\000s}{}% 2
\BOOKMARK [2][-]{subsection.2.1}{\376\377\000P\000r\000o\000b\000l\000e\000m\000\040\000S\000e\000t\000t\000i\000n\000g}{section.2}% 3
\BOOKMARK [2][-]{subsection.2.2}{\376\377\000L\000e\000a\000r\000n\000i\000n\000g\000\040\000P\000a\000r\000a\000d\000i\000g\000m\000s}{section.2}% 4
\BOOKMARK [2][-]{subsection.2.3}{\376\377\000C\000h\000a\000l\000l\000e\000n\000g\000e\000s\000\040\000t\000o\000\040\000I\000m\000p\000l\000e\000m\000e\000n\000t\000\040\000D\000F\000L}{section.2}% 5
\BOOKMARK [2][-]{subsection.2.4}{\376\377\000O\000p\000t\000i\000m\000i\000z\000a\000t\000i\000o\000n\000\040\000P\000r\000o\000b\000l\000e\000m\000\040\000F\000o\000r\000m\000s}{section.2}% 6
\BOOKMARK [3][-]{subsubsection.2.4.1}{\376\377\000C\000o\000n\000v\000e\000x\000\040\000o\000p\000t\000i\000m\000i\000z\000a\000t\000i\000o\000n}{subsection.2.4}% 7
\BOOKMARK [3][-]{subsubsection.2.4.2}{\376\377\000L\000i\000n\000e\000a\000r\000\040\000p\000r\000o\000g\000r\000a\000m\000m\000i\000n\000g}{subsection.2.4}% 8
\BOOKMARK [3][-]{subsubsection.2.4.3}{\376\377\000I\000n\000t\000e\000g\000e\000r\000\040\000l\000i\000n\000e\000a\000r\000\040\000p\000r\000o\000g\000r\000a\000m\000m\000i\000n\000g}{subsection.2.4}% 9
\BOOKMARK [3][-]{subsubsection.2.4.4}{\376\377\000I\000n\000t\000e\000g\000e\000r\000\040\000n\000o\000n\000l\000i\000n\000e\000a\000r\000\040\000p\000r\000o\000g\000r\000a\000m\000m\000i\000n\000g}{subsection.2.4}% 10
\BOOKMARK [1][-]{section.3}{\376\377\000R\000e\000v\000i\000e\000w\000\040\000o\000f\000\040\000D\000e\000c\000i\000s\000i\000o\000n\000-\000f\000o\000c\000u\000s\000e\000d\000\040\000L\000e\000a\000r\000n\000i\000n\000g\000\040\000M\000e\000t\000h\000o\000d\000o\000l\000o\000g\000i\000e\000s}{}% 11
\BOOKMARK [2][-]{subsection.3.1}{\376\377\000A\000n\000a\000l\000y\000t\000i\000c\000a\000l\000\040\000D\000i\000f\000f\000e\000r\000e\000n\000t\000i\000a\000t\000i\000o\000n\000\040\000o\000f\000\040\000O\000p\000t\000i\000m\000i\000z\000a\000t\000i\000o\000n\000\040\000M\000a\000p\000p\000i\000n\000g\000s}{section.3}% 12
\BOOKMARK [2][-]{subsection.3.2}{\376\377\000A\000n\000a\000l\000y\000t\000i\000c\000a\000l\000\040\000S\000m\000o\000o\000t\000h\000i\000n\000g\000\040\000o\000f\000\040\000O\000p\000t\000i\000m\000i\000z\000a\000t\000i\000o\000n\000\040\000M\000a\000p\000p\000i\000n\000g\000s}{section.3}% 13
\BOOKMARK [2][-]{subsection.3.3}{\376\377\000S\000m\000o\000o\000t\000h\000i\000n\000g\000\040\000b\000y\000\040\000R\000a\000n\000d\000o\000m\000\040\000P\000e\000r\000t\000u\000r\000b\000a\000t\000i\000o\000n\000s}{section.3}% 14
\BOOKMARK [2][-]{subsection.3.4}{\376\377\000D\000i\000f\000f\000e\000r\000e\000n\000t\000i\000a\000t\000i\000o\000n\000\040\000o\000f\000\040\000S\000u\000r\000r\000o\000g\000a\000t\000e\000\040\000L\000o\000s\000s\000\040\000F\000u\000n\000c\000t\000i\000o\000n\000s}{section.3}% 15
\BOOKMARK [2][-]{subsection.3.5}{\376\377\000D\000i\000s\000c\000u\000s\000s\000i\000o\000n}{section.3}% 16
\BOOKMARK [2][-]{subsection.3.6}{\376\377\000O\000t\000h\000e\000r\000\040\000A\000s\000p\000e\000c\000t\000s\000\040\000o\000f\000\040\000D\000e\000c\000i\000s\000i\000o\000n\000-\000F\000o\000c\000u\000s\000e\000d\000\040\000L\000e\000a\000r\000n\000i\000n\000g}{section.3}% 17
\BOOKMARK [3][-]{subsubsection.3.6.1}{\376\377\000P\000r\000e\000d\000i\000c\000t\000i\000o\000n\000-\000f\000o\000c\000u\000s\000e\000d\000\040\000v\000s\000.\000\040\000D\000e\000c\000i\000s\000i\000o\000n\000-\000f\000o\000c\000u\000s\000e\000d\000\040\000l\000e\000a\000r\000n\000i\000n\000g}{subsection.3.6}% 18
\BOOKMARK [3][-]{subsubsection.3.6.2}{\376\377\000A\000l\000t\000e\000r\000n\000a\000t\000i\000v\000e\000s\000\040\000t\000o\000\040\000g\000r\000a\000d\000i\000e\000n\000t\000-\000b\000a\000s\000e\000d\000\040\000d\000e\000c\000i\000s\000i\000o\000n\000-\000f\000o\000c\000u\000s\000e\000d\000\040\000l\000e\000a\000r\000n\000i\000n\000g}{subsection.3.6}% 19
\BOOKMARK [3][-]{subsubsection.3.6.3}{\376\377\000P\000r\000e\000d\000i\000c\000t\000i\000n\000g\000\040\000p\000a\000r\000a\000m\000e\000t\000e\000r\000s\000\040\000i\000n\000\040\000t\000h\000e\000\040\000c\000o\000n\000s\000t\000r\000a\000i\000n\000t\000s}{subsection.3.6}% 20
\BOOKMARK [3][-]{subsubsection.3.6.4}{\376\377\000M\000o\000d\000e\000l\000\040\000r\000o\000b\000u\000s\000t\000n\000e\000s\000s\000\040\000i\000n\000\040\000d\000e\000c\000i\000s\000i\000o\000n\000-\000f\000o\000c\000u\000s\000e\000d\000\040\000l\000e\000a\000r\000n\000i\000n\000g}{subsection.3.6}% 21
\BOOKMARK [3][-]{subsubsection.3.6.5}{\376\377\000S\000t\000o\000c\000h\000a\000s\000t\000i\000c\000\040\000o\000p\000t\000i\000m\000i\000z\000a\000t\000i\000o\000n}{subsection.3.6}% 22
\BOOKMARK [3][-]{subsubsection.3.6.6}{\376\377\000P\000r\000o\000b\000l\000e\000m\000s\000\040\000o\000t\000h\000e\000r\000\040\000t\000h\000a\000n\000\040\000o\000p\000t\000i\000m\000i\000z\000a\000t\000i\000o\000n\000\040\000p\000r\000o\000b\000l\000e\000m\000s}{subsection.3.6}% 23
\BOOKMARK [3][-]{subsubsection.3.6.7}{\376\377\000A\000c\000t\000i\000v\000e\000\040\000l\000e\000a\000r\000n\000i\000n\000g\000\040\000a\000l\000g\000o\000r\000i\000t\000h\000m\000\040\000f\000o\000r\000\040\000D\000F\000L}{subsection.3.6}% 24
\BOOKMARK [3][-]{subsubsection.3.6.8}{\376\377\000M\000u\000l\000t\000i\000-\000t\000a\000s\000k\000\040\000d\000e\000c\000i\000s\000i\000o\000n\000-\000f\000o\000c\000u\000s\000e\000d\000\040\000l\000e\000a\000r\000n\000i\000n\000g}{subsection.3.6}% 25
\BOOKMARK [1][-]{section.4}{\376\377\000A\000p\000p\000l\000i\000c\000a\000t\000i\000o\000n\000s\000\040\000o\000f\000\040\000D\000e\000c\000i\000s\000i\000o\000n\000-\000F\000o\000c\000u\000s\000e\000d\000\040\000L\000e\000a\000r\000n\000i\000n\000g}{}% 26
\BOOKMARK [1][-]{section.5}{\376\377\000E\000x\000p\000e\000r\000i\000m\000e\000n\000t\000a\000l\000\040\000E\000v\000a\000l\000u\000a\000t\000i\000o\000n\000\040\000o\000n\000\040\000B\000e\000n\000c\000h\000m\000a\000r\000k\000\040\000P\000r\000o\000b\000l\000e\000m\000s\000e\000t\000s}{}% 27
\BOOKMARK [2][-]{subsection.5.1}{\376\377\000P\000r\000o\000b\000l\000e\000m\000\040\000D\000e\000s\000c\000r\000i\000p\000t\000i\000o\000n\000s}{section.5}% 28
\BOOKMARK [3][-]{subsubsection.5.1.1}{\376\377\000S\000h\000o\000r\000t\000e\000s\000t\000\040\000p\000a\000t\000h\000\040\000p\000r\000o\000b\000l\000e\000m\000\040\000o\000n\000\040\000a\000\040\0005\000\040\0005\000\040\000g\000r\000i\000d}{subsection.5.1}% 29
\BOOKMARK [3][-]{subsubsection.5.1.2}{\376\377\000P\000o\000r\000t\000f\000o\000l\000i\000o\000\040\000o\000p\000t\000i\000m\000i\000z\000a\000t\000i\000o\000n\000\040\000p\000r\000o\000b\000l\000e\000m}{subsection.5.1}% 30
\BOOKMARK [3][-]{subsubsection.5.1.3}{\376\377\000W\000a\000r\000c\000r\000a\000f\000t\000\040\000s\000h\000o\000r\000t\000e\000s\000t\000\040\000p\000a\000t\000h\000\040\000p\000r\000o\000b\000l\000e\000m}{subsection.5.1}% 31
\BOOKMARK [3][-]{subsubsection.5.1.4}{\376\377\000E\000n\000e\000r\000g\000y\000-\000c\000o\000s\000t\000\040\000a\000w\000a\000r\000e\000\040\000s\000c\000h\000e\000d\000u\000l\000i\000n\000g}{subsection.5.1}% 32
\BOOKMARK [3][-]{subsubsection.5.1.5}{\376\377\000K\000n\000a\000p\000s\000a\000c\000k\000\040\000p\000r\000o\000b\000l\000e\000m}{subsection.5.1}% 33
\BOOKMARK [3][-]{subsubsection.5.1.6}{\376\377\000D\000i\000v\000e\000r\000s\000e\000\040\000b\000i\000p\000a\000r\000t\000i\000t\000e\000\040\000m\000a\000t\000c\000h\000i\000n\000g}{subsection.5.1}% 34
\BOOKMARK [3][-]{subsubsection.5.1.7}{\376\377\000S\000u\000b\000s\000e\000t\000\040\000s\000e\000l\000e\000c\000t\000i\000o\000n\000s}{subsection.5.1}% 35
\BOOKMARK [2][-]{subsection.5.2}{\376\377\000E\000x\000p\000e\000r\000i\000m\000e\000n\000t\000a\000l\000\040\000R\000e\000s\000u\000l\000t\000s\000\040\000a\000n\000d\000\040\000A\000n\000a\000l\000y\000s\000i\000s}{section.5}% 36
\BOOKMARK [3][-]{subsubsection.5.2.1}{\376\377\000C\000o\000m\000p\000a\000r\000a\000t\000i\000v\000e\000\040\000E\000v\000a\000l\000u\000a\000t\000i\000o\000n\000s}{subsection.5.2}% 37
\BOOKMARK [3][-]{subsubsection.5.2.2}{\376\377\000C\000o\000m\000p\000a\000r\000i\000s\000o\000n\000\040\000o\000n\000\040\000R\000u\000n\000t\000i\000m\000e}{subsection.5.2}% 38
\BOOKMARK [3][-]{subsubsection.5.2.3}{\376\377\000D\000i\000s\000c\000u\000s\000s\000i\000o\000n}{subsection.5.2}% 39
\BOOKMARK [1][-]{section.6}{\376\377\000F\000u\000t\000u\000r\000e\000\040\000R\000e\000s\000e\000a\000r\000c\000h\000\040\000D\000i\000r\000e\000c\000t\000i\000o\000n\000s}{}% 40
\BOOKMARK [1][-]{section.7}{\376\377\000C\000o\000n\000c\000l\000u\000s\000i\000o\000n}{}% 41
\BOOKMARK [1][-]{appendix.A}{\376\377\000R\000e\000s\000u\000l\000t\000s\000\040\000o\000n\000\040\000A\000l\000l\000\040\000P\000r\000o\000b\000l\000e\000m\000\040\000I\000n\000s\000t\000a\000n\000c\000e\000s}{}% 42
\BOOKMARK [1][-]{appendix.B}{\376\377\000L\000e\000a\000r\000n\000i\000n\000g\000\040\000C\000u\000r\000v\000e\000s\000\040\000o\000f\000\040\000L\000T\000R\000\040\000L\000o\000s\000s\000e\000s\000\040\000o\000n\000\040\000t\000h\000e\000\040\000E\000n\000e\000r\000g\000y\000-\000c\000o\000s\000t\000\040\000A\000w\000a\000r\000e\000\040\000S\000c\000h\000e\000d\000u\000l\000i\000n\000g\000\040\000P\000r\000o\000b\000l\000e\000m\000s}{}% 43
\BOOKMARK [1][-]{appendix.C}{\376\377\000D\000e\000t\000a\000i\000l\000s\000\040\000a\000b\000o\000u\000t\000\040\000H\000y\000p\000e\000r\000p\000a\000r\000a\000m\000e\000t\000e\000r\000\040\000C\000o\000n\000f\000i\000g\000u\000r\000a\000t\000i\000o\000n}{}% 44
