\BOOKMARK [1][-]{section.1}{Introduction}{}% 1
\BOOKMARK [1][-]{section.2}{Related work}{}% 2
\BOOKMARK [2][-]{subsection.2.1}{Conventional Methods}{section.2}% 3
\BOOKMARK [2][-]{subsection.2.2}{Deep Learning Methods}{section.2}% 4
\BOOKMARK [2][-]{subsection.2.3}{Transformer in Computer Vision}{section.2}% 5
\BOOKMARK [1][-]{section.3}{Proposed Method}{}% 6
\BOOKMARK [2][-]{subsection.3.1}{Optical Flow Map Extraction}{section.3}% 7
\BOOKMARK [2][-]{subsection.3.2}{Transformer layer}{section.3}% 8
\BOOKMARK [2][-]{subsection.3.3}{Block Aggregation}{section.3}% 9
\BOOKMARK [2][-]{subsection.3.4}{Loss function}{section.3}% 10
\BOOKMARK [1][-]{section.4}{Experiments}{}% 11
\BOOKMARK [2][-]{subsection.4.1}{Datasets}{section.4}% 12
\BOOKMARK [2][-]{subsection.4.2}{Implementation Details}{section.4}% 13
\BOOKMARK [2][-]{subsection.4.3}{Comparison to State of the Arts}{section.4}% 14
\BOOKMARK [3][-]{subsubsection.4.3.1}{Compared to Handcrafted Methods}{subsection.4.3}% 15
\BOOKMARK [3][-]{subsubsection.4.3.2}{Compared to Deep Learning Methods}{subsection.4.3}% 16
\BOOKMARK [2][-]{subsection.4.4}{Ablation study}{section.4}% 17
\BOOKMARK [3][-]{subsubsection.4.4.1}{Impacts of block size}{subsection.4.4}% 18
\BOOKMARK [3][-]{subsubsection.4.4.2}{Impacts of dimensions}{subsection.4.4}% 19
\BOOKMARK [3][-]{subsubsection.4.4.3}{Impact of number of heads}{subsection.4.4}% 20
\BOOKMARK [3][-]{subsubsection.4.4.4}{Impact of different number of transformer blocks}{subsection.4.4}% 21
\BOOKMARK [1][-]{section.5}{Qualitative and quantitative analysis of our proposed method}{}% 22
\BOOKMARK [1][-]{section.6}{Conclusion}{}% 23
