\BOOKMARK [0][-]{section*.2}{\376\377\000T\000h\000e\000r\000m\000a\000l\000\040\000c\000o\000n\000d\000u\000c\000t\000i\000v\000i\000t\000y\000\040\000o\000f\000\040\000e\000v\000o\000l\000v\000i\000n\000g\000\040\000q\000u\000a\000r\000k\000-\000g\000l\000u\000o\000n\000\040\000p\000l\000a\000s\000m\000a\000\040\000i\000n\000\040\000t\000h\000e\000\040\000p\000r\000e\000s\000e\000n\000c\000e\000\040\000o\000f\000\040\000a\000\040\000t\000i\000m\000e\000-\000v\000a\000r\000y\000i\000n\000g\000\040\000m\000a\000g\000n\000e\000t\000i\000c\000\040\000f\000i\000e\000l\000d}{}% 2
\BOOKMARK [1][-]{section*.1}{\376\377\000A\000b\000s\000t\000r\000a\000c\000t}{section*.2}% 1
\BOOKMARK [1][-]{section*.3}{\376\377\000I\000n\000t\000r\000o\000d\000u\000c\000t\000i\000o\000n}{section*.2}% 3
\BOOKMARK [1][-]{section*.4}{\376\377\000F\000o\000r\000m\000a\000l\000i\000s\000m}{section*.2}% 4
\BOOKMARK [2][-]{section*.5}{\376\377\000S\000t\000a\000t\000i\000c\000\040\000p\000i\000c\000t\000u\000r\000e\000\040\000\050\000w\000i\000t\000h\000o\000u\000t\000\040\000t\000e\000m\000p\000e\000r\000a\000t\000u\000r\000e\000\040\000e\000v\000o\000l\000u\000t\000i\000o\000n\000\051}{section*.4}% 5
\BOOKMARK [2][-]{section*.6}{\376\377\000E\000v\000o\000l\000v\000i\000n\000g\000\040\000p\000i\000c\000t\000u\000r\000e\000\040\000\050\000w\000i\000t\000h\000\040\000t\000e\000m\000p\000e\000r\000a\000t\000u\000r\000e\000\040\000e\000v\000o\000l\000u\000t\000i\000o\000n\000\051}{section*.4}% 6
\BOOKMARK [3][-]{section*.7}{\376\377\000C\000a\000s\000e\000-\000I\000:\000\040\000I\000d\000e\000a\000l\000\040\000h\000y\000d\000r\000o\000d\000y\000n\000a\000m\000i\000c\000s\000\040\000\050\000B\000\040\000=\000\040\0000\000\051}{section*.6}% 7
\BOOKMARK [3][-]{section*.8}{\376\377\000C\000a\000s\000e\000-\000I\000I\000:\000\040\000I\000d\000e\000a\000l\000\040\000m\000a\000g\000n\000e\000t\000o\000h\000y\000d\000r\000o\000d\000y\000n\000a\000m\000i\000c\000s}{section*.6}% 8
\BOOKMARK [3][-]{section*.9}{\376\377\000C\000a\000s\000e\000-\000I\000I\000I\000:\000\040\000F\000i\000r\000s\000t\000-\000o\000r\000d\000e\000r\000\040\000d\000i\000s\000s\000i\000p\000a\000t\000i\000v\000e\000\040\000h\000y\000d\000r\000o\000d\000y\000n\000a\000m\000i\000c\000s\000\040\000\050\000B\000\040\000=\000\040\0000\000\051}{section*.6}% 9
\BOOKMARK [1][-]{section*.10}{\376\377\000R\000e\000s\000u\000l\000t\000\040\000a\000n\000d\000\040\000d\000i\000s\000c\000u\000s\000s\000i\000o\000n\000s}{section*.2}% 10
\BOOKMARK [2][-]{section*.12}{\376\377\000T\000h\000e\000r\000m\000a\000l\000\040\000c\000o\000n\000d\000u\000c\000t\000i\000v\000i\000t\000y}{section*.10}% 11
\BOOKMARK [2][-]{section*.15}{\376\377\000P\000h\000e\000n\000o\000m\000e\000n\000o\000l\000o\000g\000i\000c\000a\000l\000\040\000S\000i\000g\000n\000i\000f\000i\000c\000a\000n\000c\000e}{section*.10}% 12
\BOOKMARK [1][-]{section*.16}{\376\377\000S\000u\000m\000m\000a\000r\000y\000\040\000a\000n\000d\000\040\000C\000o\000n\000c\000l\000u\000s\000i\000o\000n}{section*.2}% 13
\BOOKMARK [1][-]{section*.17}{\376\377\000A\000c\000k\000n\000o\000w\000l\000e\000d\000g\000e\000m\000e\000n\000t}{section*.2}% 14
\BOOKMARK [1][-]{section*.18}{\376\377\000A\000p\000p\000e\000n\000d\000i\000c\000e\000s}{section*.2}% 15
\BOOKMARK [2][-]{section*.19}{\376\377\000A\000p\000p\000e\000n\000d\000i\000x\000:\000\040\000C\000o\000o\000l\000i\000n\000g\000\040\000r\000a\000t\000e}{section*.18}% 16
\BOOKMARK [3][-]{section*.20}{\376\377\000C\000a\000s\000e\000-\000I\000\040\000\050\000B\000=\0000\000\051}{section*.19}% 17
\BOOKMARK [3][-]{section*.21}{\376\377\000C\000a\000s\000e\000-\000I\000I\000\040\000\050\000B\000\040\000=\000\040\0000\000\051}{section*.19}% 18
\BOOKMARK [2][-]{section*.22}{\376\377\000A\000p\000p\000e\000n\000d\000i\000x\000:\000\040\000T\000h\000e\000r\000m\000a\000l\000\040\000C\000o\000n\000d\000u\000c\000t\000i\000v\000i\000t\000y}{section*.18}% 19
\BOOKMARK [3][-]{section*.23}{\376\377\000C\000a\000s\000e\000-\000I\000\040\000\050\000B\000\040\000=\000\040\0000\000\051}{section*.22}% 20
\BOOKMARK [3][-]{section*.24}{\376\377\000C\000a\000s\000e\000-\000I\000I\000\040\000\050\000B\000\040\000=\000\040\0000\000\051}{section*.22}% 21
\BOOKMARK [1][-]{section*.25}{\376\377\000R\000e\000f\000e\000r\000e\000n\000c\000e\000s}{section*.2}% 22
