\BOOKMARK [1][-]{section.1}{Introduction}{}% 1
\BOOKMARK [2][-]{subsection.1.1}{Related work}{section.1}% 2
\BOOKMARK [1][-]{section.2}{Methodology and theoretical analysis}{}% 3
\BOOKMARK [2][-]{subsection.2.1}{Protocol details}{section.2}% 4
\BOOKMARK [2][-]{subsection.2.2}{Terminology: watermark strategies and watermark potential}{section.2}% 5
\BOOKMARK [2][-]{subsection.2.3}{Watermarking via inverse transform sampling}{section.2}% 6
\BOOKMARK [3][-]{subsubsection.2.3.1}{Robustness to substitutions, insertions and deletions}{subsection.2.3}% 7
\BOOKMARK [3][-]{subsubsection.2.3.2}{What we run in practice}{subsection.2.3}% 8
\BOOKMARK [2][-]{subsection.2.4}{Watermarking via exponential minimum sampling}{section.2}% 9
\BOOKMARK [3][-]{subsubsection.2.4.1}{Robustness to corruptions}{subsection.2.4}% 10
\BOOKMARK [3][-]{subsubsection.2.4.2}{What we run in practice}{subsection.2.4}% 11
\BOOKMARK [1][-]{section.3}{Experimental results}{}% 12
\BOOKMARK [2][-]{subsection.3.1}{Varying text and watermark key length}{section.3}% 13
\BOOKMARK [2][-]{subsection.3.2}{Robustness to corruption and paraphrasing}{section.3}% 14
\BOOKMARK [2][-]{subsection.3.3}{Case study: instruction following}{section.3}% 15
\BOOKMARK [1][-]{section.4}{Discussion}{}% 16
\BOOKMARK [1][-]{appendix.A}{Proof of Lemma 2.2}{}% 17
\BOOKMARK [1][-]{appendix.B}{Analysis of inverse transform sampling}{}% 18
\BOOKMARK [2][-]{subsection.B.1}{Proof of Lemma 2.3}{appendix.B}% 19
\BOOKMARK [2][-]{subsection.B.2}{Proof of Lemma 2.4}{appendix.B}% 20
\BOOKMARK [2][-]{subsection.B.3}{Proof of Lemma 2.5}{appendix.B}% 21
\BOOKMARK [2][-]{subsection.B.4}{Proof of Lemma 2.6}{appendix.B}% 22
\BOOKMARK [1][-]{appendix.C}{Analysis of exponential minimum sampling}{}% 23
\BOOKMARK [2][-]{subsection.C.1}{Proof of Theorem 2}{appendix.C}% 24
\BOOKMARK [2][-]{subsection.C.2}{Proof of Lemma 2.7}{appendix.C}% 25
\BOOKMARK [2][-]{subsection.C.3}{Proof of Lemma 2.8}{appendix.C}% 26
\BOOKMARK [1][-]{appendix.D}{Details of experiments}{}% 27
\BOOKMARK [2][-]{subsection.D.1}{Experimental protocol}{appendix.D}% 28
\BOOKMARK [2][-]{subsection.D.2}{Roundtrip translation}{appendix.D}% 29
\BOOKMARK [2][-]{subsection.D.3}{Computing p-values}{appendix.D}% 30
\BOOKMARK [2][-]{subsection.D.4}{Hyperparameter tuning}{appendix.D}% 31
\BOOKMARK [2][-]{subsection.D.5}{Deferred results}{appendix.D}% 32
\BOOKMARK [3][-]{subsubsection.D.5.1}{Experiment 3}{subsection.D.5}% 33
\BOOKMARK [3][-]{subsubsection.D.5.2}{Experiment 4}{subsection.D.5}% 34
\BOOKMARK [3][-]{subsubsection.D.5.3}{Experiment 5}{subsection.D.5}% 35
\BOOKMARK [3][-]{subsubsection.D.5.4}{Experiment 6}{subsection.D.5}% 36
\BOOKMARK [3][-]{subsubsection.D.5.5}{Instruction following case study}{subsection.D.5}% 37
