\BOOKMARK [1][]{section.1}{\376\377\000I\000n\000t\000r\000o\000d\000u\000c\000t\000i\000o\000n}{}% 1
\BOOKMARK [1][]{section.2}{\376\377\000R\000e\000l\000a\000t\000e\000d\000\040\000W\000o\000r\000k}{}% 2
\BOOKMARK [2][]{subsection.2.1}{\376\377\000C\000o\000g\000n\000i\000t\000i\000v\000e\000\040\000D\000i\000a\000g\000n\000o\000s\000i\000s\000\040\000M\000o\000d\000e\000l}{section.2}% 3
\BOOKMARK [2][]{subsection.2.2}{\376\377\000R\000e\000l\000a\000t\000i\000o\000n\000\040\000M\000o\000d\000e\000l\000i\000n\000g}{section.2}% 4
\BOOKMARK [2][]{subsection.2.3}{\376\377\000E\000x\000e\000r\000c\000i\000s\000e\000\040\000R\000e\000c\000o\000m\000m\000e\000n\000d\000a\000t\000i\000o\000n}{section.2}% 5
\BOOKMARK [1][]{section.3}{\376\377\000P\000r\000e\000l\000i\000m\000i\000n\000a\000r\000i\000e\000s}{}% 6
\BOOKMARK [2][]{subsection.3.1}{\376\377\000P\000r\000o\000b\000l\000e\000m\000\040\000D\000e\000f\000i\000n\000i\000t\000i\000o\000n}{section.3}% 7
\BOOKMARK [2][]{subsection.3.2}{\376\377\000T\000e\000r\000m\000i\000n\000o\000l\000o\000g\000i\000e\000s}{section.3}% 8
\BOOKMARK [3][]{section*.2}{\376\377\000D\000e\000f\000i\000n\000i\000t\000i\000o\000n\000\040\0001\000:\000\040\000I\000n\000f\000o\000r\000m\000a\000t\000i\000v\000e\000n\000e\000s\000s}{subsection.3.2}% 9
\BOOKMARK [4][]{section*.3}{\376\377\000D\000e\000f\000i\000n\000i\000t\000i\000o\000n\000\040\0002\000:\000\040\000R\000e\000p\000r\000e\000s\000e\000n\000t\000a\000t\000i\000v\000e\000n\000e\000s\000s}{section*.2}% 10
\BOOKMARK [4][]{section*.4}{\376\377\000D\000e\000f\000i\000n\000i\000t\000i\000o\000n\000\040\0003\000:\000\040\000H\000e\000t\000e\000r\000o\000g\000e\000n\000e\000o\000u\000s\000\040\000I\000n\000t\000e\000r\000a\000c\000t\000i\000o\000n}{section*.2}% 11
\BOOKMARK [2][]{subsection.3.3}{\376\377\000G\000o\000a\000l\000s}{section.3}% 12
\BOOKMARK [1][]{section.4}{\376\377\000P\000r\000o\000p\000o\000s\000e\000d\000\040\000M\000e\000t\000h\000o\000d}{}% 13
\BOOKMARK [2][]{subsection.4.1}{\376\377\000I\000n\000f\000o\000r\000m\000a\000t\000i\000v\000e\000n\000e\000s\000s\000\040\000C\000o\000m\000p\000o\000n\000e\000n\000t}{section.4}% 14
\BOOKMARK [2][]{subsection.4.2}{\376\377\000E\000x\000e\000r\000c\000i\000s\000e\000\040\000R\000e\000p\000r\000e\000s\000e\000n\000t\000a\000t\000i\000o\000n\000\040\000C\000o\000m\000p\000o\000n\000e\000n\000t}{section.4}% 15
\BOOKMARK [2][]{subsection.4.3}{\376\377\000K\000n\000o\000w\000l\000e\000d\000g\000e\000\040\000I\000m\000p\000o\000r\000t\000a\000n\000c\000e\000\040\000C\000o\000m\000p\000o\000n\000e\000n\000t}{section.4}% 16
\BOOKMARK [3][]{subsubsection.4.3.1}{\376\377\000K\000n\000o\000w\000l\000e\000d\000g\000e\000\040\000P\000o\000i\000n\000t\000s\000\040\000P\000a\000t\000h\000\040\000E\000x\000t\000r\000a\000c\000t\000i\000o\000n\000\040\000A\000l\000g\000o\000r\000i\000t\000h\000m}{subsection.4.3}% 17
\BOOKMARK [3][]{subsubsection.4.3.2}{\376\377\000K\000n\000o\000w\000l\000e\000d\000g\000e\000\040\000I\000m\000p\000o\000r\000t\000a\000n\000c\000e\000\040\000W\000e\000i\000g\000h\000t\000\040\000E\000x\000t\000r\000a\000c\000t\000i\000o\000n\000\040\000A\000l\000g\000o\000r\000i\000t\000h\000m}{subsection.4.3}% 18
\BOOKMARK [2][]{subsection.4.4}{\376\377\000E\000x\000e\000r\000c\000i\000s\000e\000\040\000R\000e\000p\000r\000e\000s\000e\000n\000t\000a\000t\000i\000v\000e\000n\000e\000s\000s\000\040\000C\000o\000m\000p\000o\000n\000e\000n\000t}{section.4}% 19
\BOOKMARK [3][]{subsubsection.4.4.1}{\376\377\000R\000e\000s\000p\000o\000n\000s\000e\000\040\000M\000a\000t\000r\000i\000x}{subsection.4.4}% 20
\BOOKMARK [3][]{subsubsection.4.4.2}{\376\377\000D\000i\000s\000s\000i\000m\000i\000l\000a\000r\000i\000t\000y\000\040\000M\000a\000t\000r\000i\000x}{subsection.4.4}% 21
\BOOKMARK [2][]{subsection.4.5}{\376\377\000C\000o\000g\000n\000i\000t\000i\000v\000e\000\040\000D\000i\000a\000g\000n\000o\000s\000i\000s\000\040\000M\000o\000d\000e\000l}{section.4}% 22
\BOOKMARK [3][]{subsubsection.4.5.1}{\376\377\000E\000x\000e\000r\000c\000i\000s\000e\000\040\000F\000a\000c\000t\000o\000r}{subsection.4.5}% 23
\BOOKMARK [3][]{subsubsection.4.5.2}{\376\377\000S\000t\000u\000d\000e\000n\000t\000\040\000F\000a\000c\000t\000o\000r}{subsection.4.5}% 24
\BOOKMARK [3][]{subsubsection.4.5.3}{\376\377\000S\000t\000u\000d\000e\000n\000t\000\040\000P\000e\000r\000f\000o\000r\000m\000a\000n\000c\000e\000\040\000P\000r\000e\000d\000i\000c\000t\000i\000o\000n\000.}{subsection.4.5}% 25
\BOOKMARK [1][]{section.5}{\376\377\000E\000x\000p\000e\000r\000i\000m\000e\000n\000t\000s}{}% 26
\BOOKMARK [2][]{subsection.5.1}{\376\377\000D\000a\000t\000a\000s\000e\000t\000s\000\040\000D\000e\000s\000c\000r\000i\000p\000t\000i\000o\000n\000s}{section.5}% 27
\BOOKMARK [2][]{subsection.5.2}{\376\377\000F\000r\000a\000m\000e\000w\000o\000r\000k\000\040\000S\000e\000t\000t\000i\000n\000g}{section.5}% 28
\BOOKMARK [2][]{subsection.5.3}{\376\377\000R\000e\000s\000u\000l\000t\000s\000\040\000a\000n\000d\000\040\000D\000i\000s\000c\000u\000s\000s\000i\000o\000n}{section.5}% 29
\BOOKMARK [3][]{subsubsection.5.3.1}{\376\377\000S\000t\000u\000d\000e\000n\000t\000\040\000P\000r\000e\000d\000i\000c\000t\000i\000o\000n\000\040\000P\000e\000r\000f\000o\000r\000m\000a\000n\000c\000e}{subsection.5.3}% 30
\BOOKMARK [3][]{subsubsection.5.3.2}{\376\377\000I\000n\000f\000o\000r\000m\000a\000t\000i\000v\000e\000n\000e\000s\000s\000\040\000C\000o\000m\000p\000a\000r\000i\000s\000o\000n}{subsection.5.3}% 31
\BOOKMARK [3][]{subsubsection.5.3.3}{\376\377\000R\000e\000p\000r\000e\000s\000e\000n\000t\000a\000t\000i\000v\000e\000n\000e\000s\000s\000\040\000C\000o\000m\000p\000a\000r\000i\000s\000o\000n}{subsection.5.3}% 32
\BOOKMARK [3][]{subsubsection.5.3.4}{\376\377\000V\000i\000s\000u\000a\000l\000i\000z\000a\000t\000i\000o\000n\000\040\000o\000f\000\040\000S\000e\000l\000e\000c\000t\000i\000o\000n\000\040\000S\000t\000r\000a\000t\000e\000g\000i\000e\000s}{subsection.5.3}% 33
\BOOKMARK [3][]{subsubsection.5.3.5}{\376\377\000A\000b\000l\000a\000t\000i\000o\000n\000\040\000E\000x\000p\000e\000r\000i\000m\000e\000n\000t\000s}{subsection.5.3}% 34
\BOOKMARK [1][]{section.6}{\376\377\000C\000o\000n\000c\000l\000u\000s\000i\000o\000n}{}% 35
\BOOKMARK [2][]{section*.5}{\376\377\000A\000c\000k\000n\000o\000w\000l\000e\000d\000g\000m\000e\000n\000t\000s}{section.6}% 36
