\BOOKMARK [1][-]{section.1}{\376\377\000I\000n\000t\000r\000o\000d\000u\000c\000t\000i\000o\000n}{}% 1
\BOOKMARK [1][-]{section.2}{\376\377\000M\000a\000t\000h\000e\000m\000a\000t\000i\000c\000a\000l\000\040\000p\000r\000e\000l\000i\000m\000i\000n\000a\000r\000i\000e\000s}{}% 2
\BOOKMARK [2][-]{subsection.2.1}{\376\377\000S\000p\000a\000c\000e\000-\000t\000i\000m\000e\000\040\000m\000a\000n\000i\000f\000o\000l\000d}{section.2}% 3
\BOOKMARK [2][-]{subsection.2.2}{\376\377\000P\000r\000i\000n\000c\000i\000p\000a\000l\000\040\000b\000u\000n\000d\000l\000e\000s}{section.2}% 4
\BOOKMARK [2][-]{subsection.2.3}{\376\377\000C\000o\000n\000n\000e\000c\000t\000i\000o\000n\000s\000\040\000a\000n\000d\000\040\000c\000u\000r\000v\000a\000t\000u\000r\000e\000s}{section.2}% 5
\BOOKMARK [3][-]{subsubsection.2.3.1}{\376\377\000S\000t\000a\000n\000d\000a\000r\000d\000\040\000d\000e\000f\000i\000n\000i\000t\000i\000o\000n}{subsection.2.3}% 6
\BOOKMARK [3][-]{subsubsection.2.3.2}{\376\377\000C\000o\000u\000p\000l\000i\000n\000g\000\040\000c\000o\000n\000s\000t\000a\000n\000t}{subsection.2.3}% 7
\BOOKMARK [2][-]{subsection.2.4}{\376\377\000S\000p\000i\000n\000o\000r\000-\000g\000a\000u\000g\000e\000\040\000b\000u\000n\000d\000l\000e}{section.2}% 8
\BOOKMARK [1][-]{section.3}{\376\377\000Q\000G\000E\000D\000\040\000L\000a\000g\000r\000a\000n\000g\000i\000a\000n}{}% 9
\BOOKMARK [2][-]{subsection.3.1}{\376\377\000B\000a\000r\000e\000\040\000L\000a\000g\000r\000a\000n\000g\000i\000a\000n}{section.3}% 10
\BOOKMARK [2][-]{subsection.3.2}{\376\377\000B\000R\000S\000T\000\040\000t\000r\000a\000n\000s\000f\000o\000r\000m\000a\000t\000i\000o\000n}{section.3}% 11
\BOOKMARK [3][-]{subsubsection.3.2.1}{\376\377\000Y\000a\000n\000g\040\023\000M\000i\000l\000l\000s\000\040\000t\000h\000e\000o\000r\000y}{subsection.3.2}% 12
\BOOKMARK [3][-]{subsubsection.3.2.2}{\376\377\000G\000e\000n\000e\000r\000a\000l\000\040\000r\000e\000l\000a\000t\000i\000v\000i\000t\000y}{subsection.3.2}% 13
\BOOKMARK [2][-]{subsection.3.3}{\376\377\000G\000h\000o\000s\000t\000\040\000a\000n\000d\000\040\000g\000a\000u\000g\000e\000\040\000f\000i\000x\000i\000n\000g\000\040\000L\000a\000g\000r\000a\000n\000g\000i\000a\000n}{section.3}% 14
\BOOKMARK [3][-]{subsubsection.3.3.1}{\376\377\000Y\000a\000n\000g\040\023\000M\000i\000l\000l\000s\000\040\000t\000h\000e\000o\000r\000y}{subsection.3.3}% 15
\BOOKMARK [3][-]{subsubsection.3.3.2}{\376\377\000G\000e\000n\000e\000r\000a\000l\000\040\000r\000e\000l\000a\000t\000i\000v\000i\000t\000y}{subsection.3.3}% 16
\BOOKMARK [1][-]{section.4}{\376\377\000Q\000G\000E\000D\000\040\000F\000e\000y\000n\000m\000a\000n\000\040\000r\000u\000l\000e\000s}{}% 17
\BOOKMARK [2][-]{subsection.4.1}{\376\377\000G\000r\000e\000e\000n\000'\000s\000\040\000f\000u\000n\000c\000t\000i\000o\000n\000\040\000o\000f\000\040\000v\000i\000e\000r\000b\000e\000i\000n\000\040\000a\000n\000d\000\040\000s\000p\000i\000n\000-\000c\000o\000n\000n\000e\000c\000t\000i\000o\000n\000\040\000f\000i\000e\000l\000d\000s}{section.4}% 18
\BOOKMARK [2][-]{subsection.4.2}{\376\377\000E\000x\000t\000e\000r\000n\000a\000l\000\040\000f\000i\000e\000l\000d}{section.4}% 19
\BOOKMARK [3][-]{subsubsection.4.2.1}{\376\377\000E\000l\000e\000c\000t\000r\000o\000m\000a\000g\000n\000e\000t\000i\000c\000\040\000p\000a\000r\000t}{subsection.4.2}% 20
\BOOKMARK [3][-]{subsubsection.4.2.2}{\376\377\000G\000r\000a\000v\000i\000t\000a\000t\000i\000o\000n\000a\000l\000\040\000p\000a\000r\000t\000:}{subsection.4.2}% 21
\BOOKMARK [2][-]{subsection.4.3}{\376\377\000V\000e\000r\000t\000i\000c\000e\000s}{section.4}% 22
\BOOKMARK [2][-]{subsection.4.4}{\376\377\000P\000r\000o\000p\000a\000g\000a\000t\000o\000r\000s}{section.4}% 23
\BOOKMARK [2][-]{subsection.4.5}{\376\377\000I\000n\000t\000e\000g\000r\000a\000t\000i\000o\000n\000\040\000m\000e\000a\000s\000u\000r\000e\000\040\000a\000n\000d\000\040\000S\000-\000m\000a\000t\000r\000i\000x}{section.4}% 24
\BOOKMARK [1][-]{section.5}{\376\377\000R\000e\000n\000o\000r\000m\000a\000l\000i\000s\000a\000t\000i\000o\000n\000\040\000o\000f\000\040\000t\000h\000e\000\040\000Q\000G\000E\000D}{}% 25
\BOOKMARK [2][-]{subsection.5.1}{\376\377\000P\000o\000w\000e\000r\000\040\000c\000o\000u\000n\000t\000i\000n\000g}{section.5}% 26
\BOOKMARK [2][-]{subsection.5.2}{\376\377\000O\000n\000e\000-\000l\000o\000o\000p\000\040\000r\000e\000n\000o\000r\000m\000a\000l\000i\000s\000a\000t\000i\000o\000n}{section.5}% 27
\BOOKMARK [3][-]{subsubsection.5.2.1}{\376\377\000R\000e\000n\000o\000r\000m\000l\000i\000s\000a\000t\000i\000o\000n\000\040\000c\000o\000n\000s\000t\000a\000n\000t\000s}{subsection.5.2}% 28
\BOOKMARK [3][-]{subsubsection.5.2.2}{\376\377\000P\000h\000o\000t\000o\000n\000\040\000a\000n\000d\000\040\000s\000p\000i\000n\000-\000c\000o\000n\000n\000e\000c\000t\000i\000o\000n\000\040\000r\000e\000n\000o\000r\000m\000a\000l\000i\000s\000a\000t\000i\000o\000n}{subsection.5.2}% 29
\BOOKMARK [3][-]{subsubsection.5.2.3}{\376\377\000E\000l\000e\000c\000t\000r\000o\000n\000\040\000f\000i\000e\000l\000d\000\040\000a\000n\000d\000\040\000m\000a\000s\000s\000\040\000r\000e\000n\000o\000r\000m\000a\000l\000i\000s\000a\000t\000i\000o\000n}{subsection.5.2}% 30
\BOOKMARK [3][-]{subsubsection.5.2.4}{\376\377\000C\000o\000u\000p\000l\000i\000n\000g\000\040\000c\000o\000n\000s\000t\000a\000n\000t\000\040\000r\000e\000n\000o\000r\000m\000a\000l\000i\000s\000a\000t\000i\000o\000n}{subsection.5.2}% 31
\BOOKMARK [3][-]{subsubsection.5.2.5}{\376\377\000D\000e\000t\000e\000r\000m\000i\000n\000a\000t\000i\000o\000n\000\040\000o\000f\000\040\000c\000o\000u\000p\000l\000i\000n\000g\000\040\000c\000o\000n\000s\000t\000a\000n\000t\000s\000\040\000a\000n\000d\000\040\000e\000l\000e\000c\000t\000r\000o\000n\000\040\000m\000a\000s\000s}{subsection.5.2}% 32
\BOOKMARK [2][-]{subsection.5.3}{\376\377\000G\000r\000a\000v\000i\000t\000a\000t\000i\000o\000n\000a\000l\000\040\000r\000u\000n\000n\000i\000n\000g\000\040\000c\000o\000u\000p\000l\000i\000n\000g\000\040\000a\000n\000d\000\040\000t\000h\000e\000\040\000L\000a\000n\000d\000a\000u\000\040\000p\000o\000l\000e}{section.5}% 33
\BOOKMARK [1][-]{section.6}{\376\377\000P\000a\000r\000t\000i\000c\000l\000e\000\040\000c\000r\000e\000a\000t\000i\000o\000n\000\040\000i\000n\000\040\000t\000h\000e\000\040\000s\000t\000r\000o\000n\000g\000\040\000f\000i\000e\000l\000d}{}% 34
\BOOKMARK [2][-]{subsection.6.1}{\376\377\000S\000c\000h\000w\000i\000n\000g\000e\000r\000\040\000e\000f\000f\000e\000c\000t\000\040\000i\000n\000\040\000t\000h\000e\000\040\000Q\000E\000D}{section.6}% 35
\BOOKMARK [2][-]{subsection.6.2}{\376\377\000H\000a\000w\000k\000i\000n\000g\000\040\000r\000a\000d\000i\000a\000t\000i\000o\000n\000\040\000i\000n\000\040\000t\000h\000e\000\040\000Q\000G\000E\000D}{section.6}% 36
\BOOKMARK [1][-]{section.7}{\376\377\000S\000u\000m\000m\000a\000r\000y}{}% 37
\BOOKMARK [1][-]{appendix.A}{\376\377\000P\000r\000o\000o\000f\000\040\000o\000f\000\040\000n\000i\000l\000p\000o\000t\000e\000n\000t}{}% 38
\BOOKMARK [1][-]{appendix.B}{\376\377\000M\000e\000a\000s\000u\000r\000e\000m\000e\000n\000t\000\040\000o\000f\000\040\000t\000h\000e\000\040\000g\000r\000a\000v\000i\000t\000a\000t\000i\000o\000n\000a\000l\000\040\000c\000o\000u\000p\000l\000i\000n\000g\000\040\000c\000o\000n\000s\000t\000a\000n\000t}{}% 39
