\BOOKMARK [1][-]{section.1}{\376\377\000I\000n\000t\000r\000o\000d\000u\000c\000t\000i\000o\000n}{}% 1
\BOOKMARK [2][-]{subsection.1.1}{\376\377\000C\000l\000a\000s\000s\000e\000s\000\040\000o\000f\000\040\000D\000i\000f\000f\000u\000s\000i\000o\000n\000\040\000M\000o\000d\000e\000l\000s}{section.1}% 2
\BOOKMARK [2][-]{subsection.1.2}{\376\377\000A\000\040\000M\000o\000t\000i\000v\000a\000t\000i\000n\000g\000\040\000C\000l\000a\000s\000s\000\040\000o\000f\000\040\000M\000o\000d\000e\000l\000s}{section.1}% 3
\BOOKMARK [2][-]{subsection.1.3}{\376\377\000R\000e\000l\000a\000t\000e\000d\000\040\000W\000o\000r\000k\000s\000\040\000a\000n\000d\000\040\000O\000b\000j\000e\000c\000t\000i\000v\000e\000s}{section.1}% 4
\BOOKMARK [1][-]{section.2}{\376\377\000H\000y\000p\000o\000-\000E\000l\000l\000i\000p\000t\000i\000c\000\040\000S\000D\000E\000s}{}% 5
\BOOKMARK [2][-]{subsection.2.1}{\376\377\000H\000\366\000r\000m\000a\000n\000d\000e\000r\000'\000s\000\040\000C\000o\000n\000d\000i\000t\000i\000o\000n}{section.2}% 6
\BOOKMARK [2][-]{subsection.2.2}{\376\377\000D\000i\000f\000f\000u\000s\000i\000o\000n\000\040\000C\000l\000a\000s\000s\000e\000s\000\040\000\050\000H\000y\000p\000o\000-\000I\000\051\000\040\000a\000n\000d\000\040\000\050\000H\000y\000p\000o\000-\000I\000I\000\051}{section.2}% 7
\BOOKMARK [3][-]{subsubsection.2.2.1}{\376\377\000A\000n\000\040\000E\000x\000a\000m\000p\000l\000e\000\040\000f\000o\000r\000\040\000\050\000H\000\051\000-\000I\000I}{subsection.2.2}% 8
\BOOKMARK [1][-]{section.3}{\376\377\000T\000i\000m\000e\000-\000D\000i\000s\000c\000r\000e\000t\000i\000s\000a\000t\000i\000o\000n\000\040\000o\000f\000\040\000H\000y\000p\000o\000-\000E\000l\000l\000i\000p\000t\000i\000c\000\040\000S\000D\000E\000s}{}% 9
\BOOKMARK [2][-]{subsection.3.1}{\376\377\000T\000i\000m\000e\000-\000D\000i\000s\000c\000r\000e\000t\000i\000s\000a\000t\000i\000o\000n\000\040\000o\000f\000\040\000\050\000H\000y\000p\000o\000-\000I\000\051\000\040\040\023\000\040\000B\000r\000i\000e\000f\000\040\000R\000e\000v\000i\000e\000w}{section.3}% 10
\BOOKMARK [2][-]{subsection.3.2}{\376\377\000T\000i\000m\000e\000-\000D\000i\000s\000c\000r\000e\000t\000i\000s\000a\000t\000i\000o\000n\000\040\000o\000f\000\040\000\050\000H\000y\000p\000o\000-\000I\000I\000\051}{section.3}% 11
\BOOKMARK [1][-]{section.4}{\376\377\000P\000a\000r\000a\000m\000e\000t\000e\000r\000\040\000I\000n\000f\000e\000r\000e\000n\000c\000e\000\040\000f\000o\000r\000\040\000C\000l\000a\000s\000s\000\040\000\050\000H\000y\000p\000o\000-\000I\000I\000\051}{}% 12
\BOOKMARK [2][-]{subsection.4.1}{\376\377\000C\000o\000m\000p\000l\000e\000t\000e\000\040\000O\000b\000s\000e\000r\000v\000a\000t\000i\000o\000n\000\040\000R\000e\000g\000i\000m\000e}{section.4}% 13
\BOOKMARK [3][-]{subsubsection.4.1.1}{\376\377\000C\000o\000n\000t\000r\000a\000s\000t\000\040\000E\000s\000t\000i\000m\000a\000t\000o\000r}{subsection.4.1}% 14
\BOOKMARK [3][-]{subsubsection.4.1.2}{\376\377\000A\000s\000y\000m\000p\000t\000o\000t\000i\000c\000\040\000R\000e\000s\000u\000l\000t\000s}{subsection.4.1}% 15
\BOOKMARK [3][-]{subsubsection.4.1.3}{\376\377\000C\000a\000s\000e\000\040\000S\000t\000u\000d\000y\000\040\040\023\000\040\000B\000i\000a\000s\000\040\000d\000u\000e\000\040\000t\000o\000\040\000I\000n\000c\000o\000r\000r\000e\000c\000t\000\040\000D\000r\000i\000f\000t\000\040\000E\000x\000p\000a\000n\000s\000i\000o\000n}{subsection.4.1}% 16
\BOOKMARK [2][-]{subsection.4.2}{\376\377\000P\000a\000r\000t\000i\000a\000l\000\040\000O\000b\000s\000e\000r\000v\000a\000t\000i\000o\000n\000\040\000R\000e\000g\000i\000m\000e}{section.4}% 17
\BOOKMARK [3][-]{subsubsection.4.2.1}{\376\377\000C\000a\000s\000e\000\040\000S\000t\000u\000d\000y\000\040\040\023\000\040\000B\000i\000a\000s\000\040\000d\000u\000e\000\040\000t\000o\000\040\000F\000i\000n\000i\000t\000e\000-\000D\000i\000f\000f\000e\000r\000e\000n\000c\000e\000s}{subsection.4.2}% 18
\BOOKMARK [3][-]{subsubsection.4.2.2}{\376\377\000F\000i\000l\000t\000e\000r\000i\000n\000g\000\040\000a\000n\000d\000\040\000P\000a\000r\000a\000m\000e\000t\000e\000r\000\040\000I\000n\000f\000e\000r\000e\000n\000c\000e\000\040\000v\000i\000a\000\040\000t\000h\000e\000\040\000P\000r\000o\000p\000o\000s\000e\000d\000\040\000S\000c\000h\000e\000m\000e\000\040\000\050\000L\000G\000-\000I\000I\000\051}{subsection.4.2}% 19
\BOOKMARK [1][-]{section.5}{\376\377\000N\000u\000m\000e\000r\000i\000c\000a\000l\000\040\000S\000t\000u\000d\000i\000e\000s}{}% 20
\BOOKMARK [2][-]{subsection.5.1}{\376\377\000L\000i\000n\000e\000a\000r\000\040\000S\000D\000E\000\040\000i\000n\000\040\000a\000\040\000P\000a\000r\000t\000i\000a\000l\000\040\000O\000b\000s\000e\000r\000v\000a\000t\000i\000o\000n\000\040\000R\000e\000g\000i\000m\000e}{section.5}% 21
\BOOKMARK [2][-]{subsection.5.2}{\376\377\000Q\000u\000a\000s\000i\000-\000M\000a\000r\000k\000o\000v\000i\000a\000n\000\040\000G\000e\000n\000e\000r\000a\000l\000i\000s\000e\000d\000\040\000L\000a\000n\000g\000e\000v\000i\000n\000\040\000E\000q\000u\000a\000t\000i\000o\000n\000s}{section.5}% 22
\BOOKMARK [3][-]{subsubsection.5.2.1}{\376\377\000S\000c\000a\000l\000a\000r\000\040\000E\000x\000t\000e\000n\000d\000e\000d\000\040\000S\000t\000a\000t\000e}{subsection.5.2}% 23
\BOOKMARK [3][-]{subsubsection.5.2.2}{\376\377\000M\000u\000l\000t\000i\000v\000a\000r\000i\000a\000t\000e\000\040\000E\000x\000t\000e\000n\000d\000e\000d\000\040\000S\000t\000a\000t\000e}{subsection.5.2}% 24
\BOOKMARK [1][-]{section.6}{\376\377\000C\000o\000n\000c\000l\000u\000s\000i\000o\000n\000s\000\040\000a\000n\000d\000\040\000F\000u\000t\000u\000r\000e\000\040\000D\000i\000r\000e\000c\000t\000i\000o\000n\000s}{}% 25
\BOOKMARK [1][-]{appendix.a.A}{\376\377\000P\000r\000e\000l\000i\000m\000i\000n\000a\000r\000i\000e\000s}{}% 26
\BOOKMARK [2][-]{subsection.a.A.1}{\376\377\000N\000o\000t\000a\000t\000i\000o\000n}{appendix.a.A}% 27
\BOOKMARK [2][-]{subsection.a.A.2}{\376\377\000A\000u\000x\000i\000l\000i\000a\000r\000y\000\040\000R\000e\000s\000u\000l\000t\000s}{appendix.a.A}% 28
\BOOKMARK [1][-]{appendix.a.B}{\376\377\000P\000r\000o\000o\000f\000\040\000o\000f\000\040\000P\000r\000o\000p\000o\000s\000i\000t\000i\000o\000n\000\040\0001}{}% 29
\BOOKMARK [1][-]{appendix.a.C}{\376\377\000P\000r\000o\000o\000f\000\040\000o\000f\000\040\000M\000a\000i\000n\000\040\000R\000e\000s\000u\000l\000t\000s}{}% 30
\BOOKMARK [2][-]{subsection.a.C.1}{\376\377\000P\000r\000o\000o\000f\000\040\000o\000f\000\040\000T\000h\000e\000o\000r\000e\000m\000\040\0001\000\040\040\023\000\040\000C\000o\000n\000s\000i\000s\000t\000e\000n\000c\000y}{appendix.a.C}% 31
\BOOKMARK [3][-]{subsubsection.a.C.1.1}{\376\377\000S\000t\000e\000p\000\040\0001}{subsection.a.C.1}% 32
\BOOKMARK [3][-]{subsubsection.a.C.1.2}{\376\377\000S\000t\000e\000p\000\040\0002}{subsection.a.C.1}% 33
\BOOKMARK [3][-]{subsubsection.a.C.1.3}{\376\377\000S\000t\000e\000p\000\040\0003}{subsection.a.C.1}% 34
\BOOKMARK [2][-]{subsection.a.C.2}{\376\377\000P\000r\000o\000o\000f\000\040\000o\000f\000\040\000T\000h\000e\000o\000r\000e\000m\000\040\0002\000\040\040\023\000\040\000A\000s\000y\000m\000p\000t\000o\000t\000i\000c\000\040\000N\000o\000r\000m\000a\000l\000i\000t\000y}{appendix.a.C}% 35
\BOOKMARK [1][-]{appendix.a.D}{\376\377\000P\000r\000o\000o\000f\000\040\000o\000f\000\040\000T\000e\000c\000h\000n\000i\000c\000a\000l\000\040\000R\000e\000s\000u\000l\000t\000s}{}% 36
\BOOKMARK [2][-]{subsection.a.D.1}{\376\377\000P\000r\000o\000o\000f\000\040\000o\000f\000\040\000L\000e\000m\000m\000a\000\040\0004}{appendix.a.D}% 37
\BOOKMARK [2][-]{subsection.a.D.2}{\376\377\000P\000r\000o\000o\000f\000\040\000o\000f\000\040\000L\000e\000m\000m\000a\000\040\0005}{appendix.a.D}% 38
\BOOKMARK [2][-]{subsection.a.D.3}{\376\377\000P\000r\000o\000o\000f\000\040\000o\000f\000\040\000L\000e\000m\000m\000a\000\040\0006}{appendix.a.D}% 39
\BOOKMARK [2][-]{subsection.a.D.4}{\376\377\000P\000r\000o\000o\000f\000\040\000o\000f\000\040\000L\000e\000m\000m\000a\000\040\0007}{appendix.a.D}% 40
\BOOKMARK [2][-]{subsection.a.D.5}{\376\377\000P\000r\000o\000o\000f\000\040\000o\000f\000\040\000L\000e\000m\000m\000a\000\040\0008}{appendix.a.D}% 41
\BOOKMARK [3][-]{subsubsection.a.D.5.1}{\376\377\000P\000r\000o\000o\000f\000\040\000o\000f\000\040\000L\000e\000m\000m\000a\000\040\0001\0003}{subsection.a.D.5}% 42
\BOOKMARK [2][-]{subsection.a.D.6}{\376\377\000P\000r\000o\000o\000f\000\040\000o\000f\000\040\000L\000e\000m\000m\000a\000\040\0009}{appendix.a.D}% 43
\BOOKMARK [2][-]{subsection.a.D.7}{\376\377\000P\000r\000o\000o\000f\000\040\000o\000f\000\040\000L\000e\000m\000m\000a\000\040\0001\0000}{appendix.a.D}% 44
\BOOKMARK [2][-]{subsection.a.D.8}{\376\377\000P\000r\000o\000o\000f\000\040\000o\000f\000\040\000L\000e\000m\000m\000a\000\040\0001\0004}{appendix.a.D}% 45
\BOOKMARK [2][-]{subsection.a.D.9}{\376\377\000P\000r\000o\000o\000f\000\040\000o\000f\000\040\000L\000e\000m\000m\000a\000\040\0001\0001}{appendix.a.D}% 46
\BOOKMARK [3][-]{subsubsection.a.D.9.1}{\376\377\000P\000r\000o\000o\000f\000\040\000o\000f\000\040\000\050\0005\0001\000\051}{subsection.a.D.9}% 47
\BOOKMARK [3][-]{subsubsection.a.D.9.2}{\376\377\000P\000r\000o\000o\000f\000\040\000o\000f\000\040\000\050\0005\0002\000\051}{subsection.a.D.9}% 48
\BOOKMARK [3][-]{subsubsection.a.D.9.3}{\376\377\000P\000r\000o\000o\000f\000\040\000o\000f\000\040\000\050\0005\0003\000\051}{subsection.a.D.9}% 49
\BOOKMARK [2][-]{subsection.a.D.10}{\376\377\000P\000r\000o\000o\000f\000\040\000o\000f\000\040\000L\000e\000m\000m\000a\000\040\0001\0002}{appendix.a.D}% 50
\BOOKMARK [3][-]{subsubsection.a.D.10.1}{\376\377\000P\000r\000o\000o\000f\000\040\000o\000f\000\040\000\050\0005\0008\000\051}{subsection.a.D.10}% 51
\BOOKMARK [3][-]{subsubsection.a.D.10.2}{\376\377\000P\000r\000o\000o\000f\000\040\000o\000f\000\040\000\050\0005\0009\000\051}{subsection.a.D.10}% 52
\BOOKMARK [1][-]{appendix.a.E}{\376\377\000P\000r\000o\000o\000f\000\040\000f\000o\000r\000\040\000C\000a\000s\000e\000\040\000S\000t\000u\000d\000y\000\040\000i\000n\000\040\000S\000e\000c\000t\000i\000o\000n\000\040\0004\000.\0002\000.\0001}{}% 53
\BOOKMARK [1][-]{appendix.a.F}{\376\377\000K\000a\000l\000m\000a\000n\000\040\000F\000i\000l\000t\000e\000r\000\040\000f\000o\000r\000\040\000S\000u\000b\000-\000C\000l\000a\000s\000s\000\040\000o\000f\000\040\000\050\000H\000y\000p\000o\000-\000I\000I\000\051}{}% 54
\BOOKMARK [2][-]{subsection.a.F.1}{\376\377\000D\000e\000r\000i\000v\000a\000t\000i\000o\000n\000\040\000o\000f\000\040\000F\000i\000l\000t\000e\000r\000\040\000\050\0007\0006\000\051}{appendix.a.F}% 55
\BOOKMARK [2][-]{subsection.a.F.2}{\376\377\000D\000e\000r\000i\000v\000a\000t\000i\000o\000n\000\040\000o\000f\000\040\000t\000h\000e\000\040\000M\000a\000r\000g\000i\000n\000a\000l\000\040\000L\000i\000k\000e\000l\000i\000h\000o\000o\000d\000\040\000\050\0007\0007\000\051}{appendix.a.F}% 56
