\BOOKMARK [1][-]{section.1}{Introduction}{}% 1
\BOOKMARK [2][-]{subsection.1.1}{Overview of Human Models Surveyed}{section.1}% 2
\BOOKMARK [2][-]{subsection.1.2}{Related Work}{section.1}% 3
\BOOKMARK [1][-]{section.2}{Foundational Concepts}{}% 4
\BOOKMARK [2][-]{subsection.2.1}{Perception}{section.2}% 5
\BOOKMARK [2][-]{subsection.2.2}{Cognition}{section.2}% 6
\BOOKMARK [2][-]{subsection.2.3}{Decision Making}{section.2}% 7
\BOOKMARK [2][-]{subsection.2.4}{Actuation}{section.2}% 8
\BOOKMARK [1][-]{section.3}{Hidden States and Failure Modes}{}% 9
\BOOKMARK [2][-]{subsection.3.1}{Workload}{section.3}% 10
\BOOKMARK [2][-]{subsection.3.2}{Situational Awareness}{section.3}% 11
\BOOKMARK [2][-]{subsection.3.3}{Vigilance, Boredom, and Complacency}{section.3}% 12
\BOOKMARK [2][-]{subsection.3.4}{Trust}{section.3}% 13
\BOOKMARK [2][-]{subsection.3.5}{Failure Modes: Human Errors and Mode Confusion}{section.3}% 14
\BOOKMARK [1][-]{section.4}{Formal Models}{}% 15
\BOOKMARK [2][-]{subsection.4.1}{Formal Model of Tasks}{section.4}% 16
\BOOKMARK [2][-]{subsection.4.2}{Formal Model of Cognition}{section.4}% 17
\BOOKMARK [2][-]{subsection.4.3}{Formal Models of Workload}{section.4}% 18
\BOOKMARK [2][-]{subsection.4.4}{Formal Model of Failure Modes}{section.4}% 19
\BOOKMARK [2][-]{subsection.4.5}{Formal Model of Knowledge}{section.4}% 20
\BOOKMARK [2][-]{subsection.4.6}{Comparative summary}{section.4}% 21
\BOOKMARK [1][-]{section.5}{Simulation Models}{}% 22
\BOOKMARK [2][-]{subsection.5.1}{Models of Visual Processes}{section.5}% 23
\BOOKMARK [2][-]{subsection.5.2}{Models of Cognition}{section.5}% 24
\BOOKMARK [2][-]{subsection.5.3}{Models of Decision Making Processes}{section.5}% 25
\BOOKMARK [2][-]{subsection.5.4}{Models of Tasks}{section.5}% 26
\BOOKMARK [2][-]{subsection.5.5}{Models of Workload}{section.5}% 27
\BOOKMARK [2][-]{subsection.5.6}{Models of Situational Awareness}{section.5}% 28
\BOOKMARK [2][-]{subsection.5.7}{Models of Trust}{section.5}% 29
\BOOKMARK [2][-]{subsection.5.8}{Integrated Modeling and Simulation Environments}{section.5}% 30
\BOOKMARK [2][-]{subsection.5.9}{Applications to Human-Aviation Systems}{section.5}% 31
\BOOKMARK [2][-]{subsection.5.10}{Comparative summary}{section.5}% 32
\BOOKMARK [1][-]{section.6}{Conclusions and Recommendations}{}% 33
\BOOKMARK [1][-]{section*.5}{References}{}% 34
