\BOOKMARK [1][-]{section.1}{Introduction}{}% 1
\BOOKMARK [1][-]{section.2}{Related work}{}% 2
\BOOKMARK [2][-]{subsection.2.1}{COVID-19 domain}{section.2}% 3
\BOOKMARK [2][-]{subsection.2.2}{Politic domain}{section.2}% 4
\BOOKMARK [1][-]{section.3}{X-CapsNet for fake news detection}{}% 5
\BOOKMARK [2][-]{subsection.3.1}{Representation layer}{section.3}% 6
\BOOKMARK [2][-]{subsection.3.2}{DCNN layer for long news article}{section.3}% 7
\BOOKMARK [2][-]{subsection.3.3}{MLP layer for short news article}{section.3}% 8
\BOOKMARK [2][-]{subsection.3.4}{CapsNet layer}{section.3}% 9
\BOOKMARK [2][-]{subsection.3.5}{Fully connected layer}{section.3}% 10
\BOOKMARK [1][-]{section.4}{Evaluation}{}% 11
\BOOKMARK [2][-]{subsection.4.1}{Dataset}{section.4}% 12
\BOOKMARK [3][-]{subsubsection.4.1.1}{The Covid-19 dataset}{subsection.4.1}% 13
\BOOKMARK [3][-]{subsubsection.4.1.2}{The Liar dataset}{subsection.4.1}% 14
\BOOKMARK [2][-]{subsection.4.2}{Evaluation metrics}{section.4}% 15
\BOOKMARK [1][-]{section.5}{Results}{}% 16
\BOOKMARK [2][-]{subsection.5.1}{Classification results on the Covid-19 dataset}{section.5}% 17
\BOOKMARK [3][-]{subsubsection.5.1.1}{Classification results on different representation on the Covid-19 dataset}{subsection.5.1}% 18
\BOOKMARK [3][-]{subsubsection.5.1.2}{Classification results on different routing iterations}{subsection.5.1}% 19
\BOOKMARK [3][-]{subsubsection.5.1.3}{Classification results on the Covid-19 dataset}{subsection.5.1}% 20
\BOOKMARK [3][-]{subsubsection.5.1.4}{Performance of parallel layers}{subsection.5.1}% 21
\BOOKMARK [2][-]{subsection.5.2}{Classification results on the Liar dataset}{section.5}% 22
\BOOKMARK [3][-]{subsubsection.5.2.1}{Classification results on different representations on the Liar dataset}{subsection.5.2}% 23
\BOOKMARK [3][-]{subsubsection.5.2.2}{Classification results on different routing iterations}{subsection.5.2}% 24
\BOOKMARK [3][-]{subsubsection.5.2.3}{Classification results on the Liar dataset}{subsection.5.2}% 25
\BOOKMARK [3][-]{subsubsection.5.2.4}{Performance of parallel layers}{subsection.5.2}% 26
\BOOKMARK [2][-]{subsection.5.3}{Discussion}{section.5}% 27
\BOOKMARK [1][-]{section.6}{Conclusion}{}% 28
\BOOKMARK [1][-]{section*.13}{References}{}% 29
