\BOOKMARK [1][-]{section.1}{\376\377\000I\000n\000t\000r\000o\000d\000u\000c\000t\000i\000o\000n}{}% 1
\BOOKMARK [1][-]{section.2}{\376\377\000R\000e\000l\000a\000t\000e\000d\000\040\000W\000o\000r\000k}{}% 2
\BOOKMARK [1][-]{section.3}{\376\377\000P\000r\000o\000b\000l\000e\000m\000\040\000D\000e\000s\000c\000r\000i\000p\000t\000i\000o\000n}{}% 3
\BOOKMARK [1][-]{section.4}{\376\377\000O\000u\000r\000\040\000A\000p\000p\000r\000o\000a\000c\000h}{}% 4
\BOOKMARK [2][-]{subsection.4.1}{\376\377\000R\000o\000b\000o\000t\000\040\000M\000o\000d\000e\000l\000\040\000P\000a\000r\000s\000e\000r}{section.4}% 5
\BOOKMARK [2][-]{subsection.4.2}{\376\377\000S\000t\000a\000t\000e\000\040\000B\000r\000o\000a\000d\000c\000a\000s\000t\000e\000r}{section.4}% 6
\BOOKMARK [2][-]{subsection.4.3}{\376\377\000P\000r\000o\000x\000i\000m\000i\000t\000y\000\040\000M\000o\000n\000i\000t\000o\000r}{section.4}% 7
\BOOKMARK [2][-]{subsection.4.4}{\376\377\000C\000o\000n\000s\000t\000r\000a\000i\000n\000t\000\040\000S\000o\000l\000v\000e\000r}{section.4}% 8
\BOOKMARK [3][-]{subsubsection.4.4.1}{\376\377\000E\000n\000d\000-\000e\000f\000f\000e\000c\000t\000o\000r\000\040\000C\000o\000n\000s\000t\000r\000a\000i\000n\000t}{subsection.4.4}% 9
\BOOKMARK [3][-]{subsubsection.4.4.2}{\376\377\000C\000o\000l\000l\000i\000s\000i\000o\000n\000\040\000A\000v\000o\000i\000d\000a\000n\000c\000e\000\040\000C\000o\000n\000s\000t\000r\000a\000i\000n\000t}{subsection.4.4}% 10
\BOOKMARK [3][-]{subsubsection.4.4.3}{\376\377\000P\000r\000e\000f\000e\000r\000r\000e\000d\000\040\000J\000o\000i\000n\000t\000\040\000P\000o\000s\000i\000t\000i\000o\000n\000s\000\040\000C\000o\000n\000s\000t\000r\000a\000i\000n\000t}{subsection.4.4}% 11
\BOOKMARK [3][-]{subsubsection.4.4.4}{\376\377\000A\000v\000o\000i\000d\000\040\000J\000o\000i\000n\000t\000\040\000P\000o\000s\000i\000t\000i\000o\000n\000\040\000L\000i\000m\000i\000t\000s\000\040\000C\000o\000n\000s\000t\000r\000a\000i\000n\000t}{subsection.4.4}% 12
\BOOKMARK [2][-]{subsection.4.5}{\376\377\000K\000i\000n\000o\000d\000y\000n\000a\000m\000i\000c\000\040\000C\000o\000n\000s\000t\000r\000a\000i\000n\000t\000s}{section.4}% 13
\BOOKMARK [1][-]{section.5}{\376\377\000E\000x\000p\000e\000r\000i\000m\000e\000n\000t\000a\000l\000\040\000E\000v\000a\000l\000u\000a\000t\000i\000o\000n}{}% 14
\BOOKMARK [2][-]{subsection.5.1}{\376\377\000E\000x\000p\000e\000r\000i\000m\000e\000n\000t\000a\000l\000\040\000S\000e\000t\000u\000p}{section.5}% 15
\BOOKMARK [2][-]{subsection.5.2}{\376\377\000R\000e\000s\000u\000l\000t\000s}{section.5}% 16
\BOOKMARK [3][-]{subsubsection.5.2.1}{\376\377\000S\000c\000e\000n\000a\000r\000i\000o\000\040\0001}{subsection.5.2}% 17
\BOOKMARK [3][-]{subsubsection.5.2.2}{\376\377\000S\000c\000e\000n\000a\000r\000i\000o\000\040\0002}{subsection.5.2}% 18
\BOOKMARK [3][-]{subsubsection.5.2.3}{\376\377\000S\000c\000e\000n\000a\000r\000i\000o\000\040\0003}{subsection.5.2}% 19
\BOOKMARK [3][-]{subsubsection.5.2.4}{\376\377\000S\000c\000e\000n\000a\000r\000i\000o\000\040\0004}{subsection.5.2}% 20
\BOOKMARK [1][-]{section.6}{\376\377\000S\000u\000m\000m\000a\000r\000y}{}% 21
\BOOKMARK [1][-]{section.6}{\376\377\000R\000e\000f\000e\000r\000e\000n\000c\000e\000s}{}% 22
