\BOOKMARK [1][-]{section.1}{\376\377\0001\000\040\000.\000\040\000I\000n\000t\000r\000o\000d\000u\000c\000t\000i\000o\000n}{}% 1
\BOOKMARK [1][-]{section.2}{\376\377\0002\000\040\000.\000\040\000R\000e\000l\000a\000t\000e\000d\000\040\000W\000o\000r\000k}{}% 2
\BOOKMARK [1][-]{section.3}{\376\377\0003\000\040\000.\000\040\000P\000r\000e\000l\000i\000m\000i\000n\000a\000r\000y}{}% 3
\BOOKMARK [1][-]{section.4}{\376\377\0004\000\040\000.\000\040\000M\000e\000t\000h\000o\000d}{}% 4
\BOOKMARK [2][-]{subsection.4.1}{\376\377\0004\000.\0001\000\040\000.\000\040\000I\000m\000a\000g\000e\000\040\000I\000n\000v\000e\000r\000s\000i\000o\000n\000\040\000w\000i\000t\000h\000\040\000E\000x\000c\000e\000p\000t\000i\000o\000n\000a\000l\000\040\000P\000r\000o\000m\000p\000t}{section.4}% 5
\BOOKMARK [2][-]{subsection.4.2}{\376\377\0004\000.\0002\000\040\000.\000\040\000T\000r\000a\000i\000n\000i\000n\000g\000-\000F\000r\000e\000e\000\040\000I\000m\000a\000g\000e\000\040\000C\000o\000m\000p\000o\000s\000i\000t\000i\000o\000n}{section.4}% 6
\BOOKMARK [1][-]{section.5}{\376\377\0005\000\040\000.\000\040\000E\000x\000p\000e\000r\000i\000m\000e\000n\000t\000s}{}% 7
\BOOKMARK [2][-]{subsection.5.1}{\376\377\0005\000.\0001\000\040\000.\000\040\000I\000m\000a\000g\000e\000\040\000R\000e\000c\000o\000n\000s\000t\000r\000u\000c\000t\000i\000o\000n}{section.5}% 8
\BOOKMARK [2][-]{subsection.5.2}{\376\377\0005\000.\0002\000\040\000.\000\040\000I\000m\000a\000g\000e\000\040\000C\000o\000m\000p\000o\000s\000i\000t\000i\000o\000n\000\040\000C\000o\000m\000p\000a\000r\000i\000s\000o\000n\000s}{section.5}% 9
\BOOKMARK [2][-]{subsection.5.3}{\376\377\0005\000.\0003\000\040\000.\000\040\000A\000b\000l\000a\000t\000i\000o\000n\000\040\000S\000t\000u\000d\000y}{section.5}% 10
\BOOKMARK [1][-]{section.6}{\376\377\0006\000\040\000.\000\040\000L\000i\000m\000i\000t\000a\000t\000i\000o\000n\000s\000\040\000a\000n\000d\000\040\000F\000u\000t\000u\000r\000e\000\040\000W\000o\000r\000k}{}% 11
\BOOKMARK [1][-]{section.7}{\376\377\0007\000\040\000.\000\040\000C\000o\000n\000c\000l\000u\000s\000i\000o\000n}{}% 12
\BOOKMARK [1][-]{appendix.A}{\376\377\000A\000\040\000.\000\040\000A\000d\000d\000i\000t\000i\000o\000n\000a\000l\000\040\000A\000n\000a\000l\000y\000s\000i\000s}{}% 13
\BOOKMARK [2][-]{subsection.A.1}{\376\377\000A\000.\0001\000\040\000.\000\040\000B\000e\000t\000t\000e\000r\000\040\000L\000a\000t\000e\000n\000t\000\040\000C\000o\000d\000e\000\040\000w\000i\000t\000h\000\040\000O\000D\000E\000\040\000S\000o\000l\000v\000e\000r\000s}{appendix.A}% 14
\BOOKMARK [2][-]{subsection.A.2}{\376\377\000A\000.\0002\000\040\000.\000\040\000E\000x\000c\000e\000p\000t\000i\000o\000n\000a\000l\000\040\000P\000r\000o\000m\000p\000t\000\040\000A\000n\000a\000l\000y\000s\000i\000s}{appendix.A}% 15
\BOOKMARK [2][-]{subsection.A.3}{\376\377\000A\000.\0003\000\040\000.\000\040\000E\000l\000a\000b\000o\000r\000a\000t\000i\000o\000n\000\040\000o\000f\000\040\000I\000n\000v\000e\000r\000s\000i\000o\000n\000\040\000R\000e\000s\000u\000l\000t\000s}{appendix.A}% 16
\BOOKMARK [2][-]{subsection.A.4}{\376\377\000A\000.\0004\000\040\000.\000\040\000T\000o\000k\000e\000n\000\040\000V\000a\000l\000u\000e\000\040\000A\000n\000a\000l\000y\000s\000i\000s}{appendix.A}% 17
\BOOKMARK [1][-]{appendix.B}{\376\377\000B\000\040\000.\000\040\000I\000m\000p\000l\000e\000m\000e\000n\000t\000a\000t\000i\000o\000n\000\040\000D\000e\000t\000a\000i\000l\000s}{}% 18
\BOOKMARK [2][-]{subsection.B.1}{\376\377\000B\000.\0001\000\040\000.\000\040\000P\000r\000e\000p\000r\000o\000c\000e\000s\000s\000i\000n\000g}{appendix.B}% 19
\BOOKMARK [2][-]{subsection.B.2}{\376\377\000B\000.\0002\000\040\000.\000\040\000A\000l\000g\000o\000r\000i\000t\000h\000m\000\040\000a\000n\000d\000\040\000R\000u\000n\000n\000i\000n\000g\000\040\000T\000i\000m\000e}{appendix.B}% 20
\BOOKMARK [2][-]{subsection.B.3}{\376\377\000B\000.\0003\000\040\000.\000\040\000B\000a\000c\000k\000g\000r\000o\000u\000n\000d\000\040\000P\000r\000e\000s\000e\000r\000v\000a\000t\000i\000o\000n}{appendix.B}% 21
\BOOKMARK [2][-]{subsection.B.4}{\376\377\000B\000.\0004\000\040\000.\000\040\000E\000x\000p\000e\000r\000i\000m\000e\000n\000t\000a\000l\000\040\000S\000e\000t\000t\000i\000n\000g\000s\000\040\000a\000n\000d\000\040\000H\000y\000p\000e\000r\000p\000a\000r\000a\000m\000e\000t\000e\000r\000s}{appendix.B}% 22
\BOOKMARK [1][-]{appendix.C}{\376\377\000C\000\040\000.\000\040\000A\000b\000l\000a\000t\000i\000o\000n\000\040\000o\000f\000\040\000V\000a\000l\000u\000e\000\040\000I\000n\000j\000e\000c\000t\000i\000o\000n}{}% 23
\BOOKMARK [1][-]{appendix.D}{\376\377\000D\000\040\000.\000\040\000U\000s\000e\000r\000\040\000S\000t\000u\000d\000y}{}% 24
\BOOKMARK [1][-]{appendix.E}{\376\377\000E\000\040\000.\000\040\000S\000e\000l\000f\000-\000A\000t\000t\000e\000n\000t\000i\000o\000n\000\040\000V\000i\000s\000u\000a\000l\000i\000z\000a\000t\000i\000o\000n}{}% 25
\BOOKMARK [1][-]{appendix.F}{\376\377\000F\000\040\000.\000\040\000E\000l\000a\000b\000o\000r\000a\000t\000i\000o\000n\000\040\000f\000o\000r\000\040\000T\000o\000y\000\040\000E\000x\000a\000m\000p\000l\000e}{}% 26
\BOOKMARK [1][-]{appendix.G}{\376\377\000G\000\040\000.\000\040\000T\000e\000s\000t\000\040\000B\000e\000n\000c\000h\000m\000a\000r\000k}{}% 27
\BOOKMARK [1][-]{appendix.H}{\376\377\000H\000\040\000.\000\040\000A\000d\000d\000i\000t\000i\000o\000n\000a\000l\000\040\000Q\000u\000a\000l\000i\000t\000a\000t\000i\000v\000e\000\040\000R\000e\000s\000u\000l\000t\000s}{}% 28
\BOOKMARK [2][-]{subsection.H.1}{\376\377\000H\000.\0001\000\040\000.\000\040\000I\000m\000a\000g\000e\000\040\000R\000e\000c\000o\000n\000s\000t\000r\000u\000c\000t\000i\000o\000n}{appendix.H}% 29
\BOOKMARK [2][-]{subsection.H.2}{\376\377\000H\000.\0002\000\040\000.\000\040\000I\000m\000a\000g\000e\000\040\000C\000o\000m\000p\000o\000s\000i\000t\000i\000o\000n}{appendix.H}% 30
\BOOKMARK [1][-]{appendix.I}{\376\377\000I\000\040\000.\000\040\000S\000o\000c\000i\000e\000t\000a\000l\000\040\000I\000m\000p\000a\000c\000t\000s}{}% 31
