\BOOKMARK [1][-]{section.1}{\376\377\000I\000n\000t\000r\000o\000d\000u\000c\000t\000i\000o\000n}{}% 1
\BOOKMARK [2][-]{subsection.1.1}{\376\377\000O\000u\000r\000\040\000R\000e\000s\000u\000l\000t\000s}{section.1}% 2
\BOOKMARK [2][-]{subsection.1.2}{\376\377\000O\000u\000r\000\040\000T\000e\000c\000h\000n\000i\000q\000u\000e\000s}{section.1}% 3
\BOOKMARK [2][-]{subsection.1.3}{\376\377\000R\000e\000l\000a\000t\000e\000d\000\040\000W\000o\000r\000k}{section.1}% 4
\BOOKMARK [1][-]{section.2}{\376\377\000P\000r\000e\000l\000i\000m\000i\000n\000a\000r\000i\000e\000s}{}% 5
\BOOKMARK [2][-]{subsection.2.1}{\376\377\000V\000a\000l\000u\000a\000t\000i\000o\000n\000\040\000F\000u\000n\000c\000t\000i\000o\000n\000s}{section.2}% 6
\BOOKMARK [2][-]{subsection.2.2}{\376\377\000F\000a\000i\000r\000n\000e\000s\000s\000\040\000O\000b\000j\000e\000c\000t\000i\000v\000e\000s}{section.2}% 7
\BOOKMARK [2][-]{subsection.2.3}{\376\377\000E\000x\000c\000h\000a\000n\000g\000e\000\040\000G\000r\000a\000p\000h\000s\000\040\000a\000n\000d\000\040\000P\000a\000t\000h\000\040\000A\000u\000g\000m\000e\000n\000t\000a\000t\000i\000o\000n\000s}{section.2}% 8
\BOOKMARK [1][-]{section.3}{\376\377\000U\000n\000d\000e\000r\000s\000t\000a\000n\000d\000i\000n\000g\000\040\000A\000-\000O\000N\000S\000U\000B\000\040\000V\000a\000l\000u\000a\000t\000i\000o\000n\000s}{}% 9
\BOOKMARK [1][-]{section.4}{\376\377\000U\000n\000d\000e\000r\000s\000t\000a\000n\000d\000i\000n\000g\000\040\000\173\000-\0001\000,\000\040\0000\000,\000\040\000c\000\175\000-\000O\000N\000S\000U\000B\000\040\000V\000a\000l\000u\000a\000t\000i\000o\000n\000s}{}% 10
\BOOKMARK [2][-]{subsection.4.1}{\376\377\000W\000e\000i\000g\000h\000t\000e\000d\000\040\000E\000x\000c\000h\000a\000n\000g\000e\000\040\000G\000r\000a\000p\000h\000s}{section.4}% 11
\BOOKMARK [1][-]{section.5}{\376\377\000L\000e\000x\000i\000m\000i\000n\000\040\000A\000l\000l\000o\000c\000a\000t\000i\000o\000n\000s\000\040\000w\000i\000t\000h\000\040\000\173\000-\0001\000,\000\040\0000\000,\000\040\000c\000\175\000-\000O\000N\000S\000U\000B\000\040\000V\000a\000l\000u\000a\000t\000i\000o\000n\000s}{}% 12
\BOOKMARK [2][-]{subsection.5.1}{\376\377\000P\000h\000a\000s\000e\000\040\0001}{section.5}% 13
\BOOKMARK [2][-]{subsection.5.2}{\376\377\000P\000h\000a\000s\000e\000\040\0002}{section.5}% 14
\BOOKMARK [2][-]{subsection.5.3}{\376\377\000P\000h\000a\000s\000e\000\040\0003}{section.5}% 15
\BOOKMARK [1][-]{section.6}{\376\377\000P\000r\000o\000p\000e\000r\000t\000i\000e\000s\000\040\000o\000f\000\040\000t\000h\000e\000\040\000L\000e\000x\000i\000m\000i\000n\000\040\000A\000l\000l\000o\000c\000a\000t\000i\000o\000n}{}% 16
\BOOKMARK [2][-]{subsection.6.1}{\376\377\000P\000r\000o\000p\000o\000r\000t\000i\000o\000n\000a\000l\000i\000t\000y}{section.6}% 17
\BOOKMARK [2][-]{subsection.6.2}{\376\377\000E\000n\000v\000y\000-\000f\000r\000e\000e\000n\000e\000s\000s}{section.6}% 18
\BOOKMARK [2][-]{subsection.6.3}{\376\377\000M\000a\000x\000m\000i\000n\000\040\000S\000h\000a\000r\000e}{section.6}% 19
\BOOKMARK [2][-]{subsection.6.4}{\376\377\000L\000o\000r\000e\000n\000z\000\040\000D\000o\000m\000i\000n\000a\000n\000c\000e\000\040\000a\000n\000d\000\040\000N\000a\000s\000h\000\040\000W\000e\000l\000f\000a\000r\000e}{section.6}% 20
\BOOKMARK [1][-]{section.7}{\376\377\000N\000P\000-\000H\000a\000r\000d\000n\000e\000s\000s\000\040\000w\000h\000e\000n\000\040\000c\000\040\000i\000s\000\040\000n\000o\000t\000\040\000a\000n\000\040\000I\000n\000t\000e\000g\000e\000r}{}% 21
\BOOKMARK [1][-]{section.8}{\376\377\000D\000i\000s\000c\000u\000s\000s\000i\000o\000n}{}% 22
\BOOKMARK [1][-]{section.9}{\376\377\000C\000o\000n\000c\000l\000u\000s\000i\000o\000n\000s\000\040\000a\000n\000d\000\040\000F\000u\000t\000u\000r\000e\000\040\000W\000o\000r\000k}{}% 23
