\BOOKMARK [1][-]{section*.1}{\376\377\000A\000b\000s\000t\000r\000a\000c\000t}{}% 1
\BOOKMARK [1][-]{section.1}{\376\377\0001\000\040\000B\000a\000c\000k\000g\000r\000o\000u\000n\000d\000\040\000a\000n\000d\000\040\000I\000n\000t\000r\000o\000d\000u\000c\000t\000i\000o\000n}{}% 2
\BOOKMARK [1][-]{section.2}{\376\377\0002\000\040\000B\000a\000s\000i\000c\000\040\000C\000o\000n\000c\000e\000p\000t\000s}{}% 3
\BOOKMARK [1][-]{section.3}{\376\377\0003\000\040\000D\000y\000n\000a\000m\000i\000c\000\040\000N\000e\000u\000r\000a\000l\000\040\000N\000e\000t\000w\000o\000r\000k\000s}{}% 4
\BOOKMARK [2][-]{subsection.3.1}{\376\377\0003\000.\0001\000\040\000E\000a\000g\000e\000r\000\040\000E\000x\000e\000c\000u\000t\000i\000o\000n\000\040\000\050\000b\000a\000d\000\051}{section.3}% 5
\BOOKMARK [2][-]{subsection.3.2}{\376\377\0003\000.\0002\000\040\000M\000o\000n\000a\000d\000i\000c\000\040\000C\000o\000n\000t\000r\000o\000l\000\040\000F\000l\000o\000w\000\040\000\050\000g\000o\000o\000d\000\051}{section.3}% 6
\BOOKMARK [2][-]{subsection.3.3}{\376\377\0003\000.\0003\000\040\000P\000a\000r\000a\000l\000l\000e\000l\000\040\000A\000p\000p\000l\000i\000c\000a\000t\000i\000v\000e\000\040\000C\000o\000n\000t\000r\000o\000l\000\040\000F\000l\000o\000w\000\040\000+\000\040\000S\000e\000q\000u\000e\000n\000t\000i\000a\000l\000\040\000M\000o\000n\000a\000d\000i\000c\000\040\000C\000o\000n\000t\000r\000o\000l\000\040\000F\000l\000o\000w\000\040\000\050\000b\000e\000t\000t\000e\000r\000\051}{section.3}% 7
\BOOKMARK [2][-]{subsection.3.4}{\376\377\0003\000.\0004\000\040\000D\000i\000r\000e\000c\000t\000\040\000s\000t\000y\000l\000e\000\040\000D\000S\000L\000\040\000f\000o\000r\000\040\000A\000p\000p\000l\000i\000c\000a\000t\000i\000v\000e\000\040\000a\000n\000d\000\040\000M\000o\000n\000a\000d\000i\000c\000\040\000C\000o\000n\000t\000r\000o\000l\000\040\000F\000l\000o\000w\000\040\000\050\000b\000e\000s\000t\000\051}{section.3}% 8
\BOOKMARK [1][-]{section.4}{\376\377\0004\000\040\000A\000d\000\040\000H\000o\000c\000\040\000P\000o\000l\000y\000m\000o\000r\000p\000h\000i\000c\000\040\000D\000i\000f\000f\000e\000r\000e\000n\000t\000i\000a\000b\000l\000e\000\040\000F\000u\000n\000c\000t\000i\000o\000n\000s}{}% 9
\BOOKMARK [1][-]{section.5}{\376\377\0005\000\040\000I\000m\000p\000l\000e\000m\000e\000n\000t\000a\000t\000i\000o\000n}{}% 10
\BOOKMARK [2][-]{subsection.5.1}{\376\377\0005\000.\0001\000\040\000O\000r\000d\000i\000n\000a\000r\000y\000\040\000D\000u\000a\000l\000\040\000N\000u\000m\000b\000e\000r}{section.5}% 11
\BOOKMARK [2][-]{subsection.5.2}{\376\377\0005\000.\0002\000\040\000M\000o\000n\000a\000d\000i\000c\000\040\000C\000l\000o\000s\000u\000r\000e\000-\000b\000a\000s\000e\000d\000\040\000D\000u\000a\000l\000\040\000N\000u\000m\000b\000e\000r}{section.5}% 12
\BOOKMARK [2][-]{subsection.5.3}{\376\377\0005\000.\0003\000\040\000G\000e\000n\000e\000r\000i\000c\000\040\000T\000a\000p\000e}{section.5}% 13
\BOOKMARK [2][-]{subsection.5.4}{\376\377\0005\000.\0004\000\040\000R\000e\000f\000e\000r\000e\000n\000c\000e\000\040\000C\000o\000u\000n\000t\000e\000d\000\040\000T\000a\000p\000e}{section.5}% 14
\BOOKMARK [2][-]{subsection.5.5}{\376\377\0005\000.\0005\000\040\000T\000h\000e\000\040\000O\000v\000e\000r\000v\000i\000e\000w\000\040\000o\000f\000\040\000a\000\040\000T\000r\000a\000i\000n\000i\000n\000g\000\040\000I\000t\000e\000r\000a\000t\000i\000o\000n}{section.5}% 15
\BOOKMARK [1][-]{section.6}{\376\377\0006\000\040\000E\000v\000a\000l\000u\000a\000t\000i\000o\000n}{}% 16
\BOOKMARK [1][-]{section.7}{\376\377\0007\000\040\000F\000u\000t\000u\000r\000e\000\040\000W\000o\000r\000k\000s}{}% 17
\BOOKMARK [2][-]{subsection.7.1}{\376\377\0007\000.\0001\000\040\000N\000e\000w\000\040\000B\000a\000c\000k\000-\000e\000n\000d}{section.7}% 18
\BOOKMARK [2][-]{subsection.7.2}{\376\377\0007\000.\0002\000\040\000D\000i\000s\000t\000r\000i\000b\000u\000t\000e\000d\000\040\000M\000o\000d\000e\000l}{section.7}% 19
\BOOKMARK [1][-]{section.8}{\376\377\0008\000\040\000D\000i\000s\000c\000u\000s\000s\000i\000o\000n}{}% 20
\BOOKMARK [2][-]{subsection.8.1}{\376\377\0008\000.\0001\000\040\000I\000n\000t\000e\000r\000o\000p\000e\000r\000a\000b\000l\000e\000\040\000D\000i\000f\000f\000e\000r\000e\000n\000t\000i\000a\000b\000l\000e\000\040\000C\000o\000m\000p\000u\000t\000a\000t\000i\000o\000n\000a\000l\000\040\000G\000r\000a\000p\000h}{section.8}% 21
\BOOKMARK [2][-]{subsection.8.2}{\376\377\0008\000.\0002\000\040\000A\000D\000\040\000i\000n\000\040\000a\000\040\000F\000u\000n\000c\000t\000i\000o\000n\000a\000l\000\040\000L\000i\000b\000r\000a\000r\000y}{section.8}% 22
\BOOKMARK [2][-]{subsection.8.3}{\376\377\0008\000.\0003\000\040\000P\000o\000r\000t\000a\000b\000i\000l\000i\000t\000y}{section.8}% 23
\BOOKMARK [2][-]{subsection.8.4}{\376\377\0008\000.\0004\000\040\000R\000e\000l\000a\000t\000e\000d\000\040\000w\000o\000r\000k\000s}{section.8}% 24
\BOOKMARK [1][-]{section.9}{\376\377\0009\000\040\000C\000o\000n\000c\000l\000u\000s\000i\000o\000n}{}% 25
\BOOKMARK [1][-]{section*.44}{\376\377\000A\000c\000k\000n\000o\000w\000l\000e\000d\000g\000m\000e\000n\000t\000s}{}% 26
\BOOKMARK [1][-]{section*.46}{\376\377\000R\000e\000f\000e\000r\000e\000n\000c\000e\000s}{}% 27
