\BOOKMARK [1][-]{section.1}{\376\377\000I\000n\000t\000r\000o\000d\000u\000c\000t\000i\000o\000n}{}% 1
\BOOKMARK [1][-]{section.2}{\376\377\000S\000t\000a\000t\000e\000-\000o\000f\000-\000t\000h\000e\000-\000a\000r\000t}{}% 2
\BOOKMARK [2][-]{subsection.2.1}{\376\377\000D\000a\000t\000a\000\040\000c\000a\000t\000a\000l\000o\000g\000s\000\040\000a\000n\000d\000\040\000M\000e\000t\000a\000d\000a\000t\000a\000\040\000q\000u\000a\000l\000i\000t\000y}{section.2}% 3
\BOOKMARK [2][-]{subsection.2.2}{\376\377\000T\000h\000e\000\040\000D\000C\000A\000T\000\040\000v\000o\000c\000a\000b\000u\000l\000a\000r\000y}{section.2}% 4
\BOOKMARK [2][-]{subsection.2.3}{\376\377\000R\000e\000s\000e\000a\000r\000c\000h\000\040\000g\000a\000p}{section.2}% 5
\BOOKMARK [2][-]{subsection.2.4}{\376\377\000C\000o\000n\000t\000r\000i\000b\000u\000t\000i\000o\000n\000\040\000o\000v\000e\000r\000\040\000t\000h\000e\000\040\000s\000t\000a\000t\000e\000-\000o\000f\000-\000t\000h\000e\000-\000a\000r\000t}{section.2}% 6
\BOOKMARK [1][-]{section.3}{\376\377\000C\000o\000r\000e\000\040\000Q\000u\000a\000l\000i\000t\000y\000\040\000D\000i\000m\000e\000n\000s\000i\000o\000n\000s\000\040\000i\000n\000\040\000O\000p\000e\000n\000\040\000D\000a\000t\000a\000\040\000C\000a\000t\000a\000l\000o\000g\000s}{}% 7
\BOOKMARK [2][-]{subsection.3.1}{\376\377\000A\000c\000c\000u\000r\000a\000c\000y}{section.3}% 8
\BOOKMARK [3][-]{subsubsection.3.1.1}{\376\377\000A\000c\000c\000u\000r\000a\000c\000y\000\040\000i\000n\000\040\000a\000\040\000D\000a\000t\000a\000\040\000C\000a\000t\000a\000l\000o\000g}{subsection.3.1}% 9
\BOOKMARK [3][-]{subsubsection.3.1.2}{\376\377\000A\000t\000t\000r\000i\000b\000u\000t\000e\000-\000l\000e\000v\000e\000l\000\040\000A\000c\000c\000u\000r\000a\000c\000y}{subsection.3.1}% 10
\BOOKMARK [3][-]{subsubsection.3.1.3}{\376\377\000R\000e\000l\000a\000t\000i\000o\000n\000s\000h\000i\000p\000-\000l\000e\000v\000e\000l\000\040\000A\000c\000c\000u\000r\000a\000c\000y}{subsection.3.1}% 11
\BOOKMARK [3][-]{subsubsection.3.1.4}{\376\377\000O\000v\000e\000r\000a\000l\000l\000\040\000A\000c\000c\000u\000r\000a\000c\000y}{subsection.3.1}% 12
\BOOKMARK [3][-]{subsubsection.3.1.5}{\376\377\000C\000h\000e\000c\000k\000\040\000f\000o\000r\000\040\000m\000i\000s\000s\000i\000n\000g\000\040\000m\000e\000t\000a\000d\000a\000t\000a}{subsection.3.1}% 13
\BOOKMARK [3][-]{subsubsection.3.1.6}{\376\377\000C\000h\000e\000c\000k\000\040\000f\000o\000r\000\040\000b\000r\000o\000k\000e\000n\000\040\000l\000i\000n\000k\000s}{subsection.3.1}% 14
\BOOKMARK [3][-]{subsubsection.3.1.7}{\376\377\000C\000h\000e\000c\000k\000\040\000f\000o\000r\000\040\000d\000u\000p\000l\000i\000c\000a\000t\000e\000\040\000d\000a\000t\000a\000s\000e\000t\000s}{subsection.3.1}% 15
\BOOKMARK [3][-]{subsubsection.3.1.8}{\376\377\000O\000v\000e\000r\000a\000l\000l\000\040\000a\000c\000c\000u\000r\000a\000c\000y}{subsection.3.1}% 16
\BOOKMARK [2][-]{subsection.3.2}{\376\377\000C\000o\000m\000p\000l\000e\000t\000e\000n\000e\000s\000s}{section.3}% 17
\BOOKMARK [3][-]{subsubsection.3.2.1}{\376\377\000C\000o\000m\000p\000l\000e\000t\000e\000n\000e\000s\000s\000\040\000i\000n\000\040\000a\000\040\000D\000a\000t\000a\000\040\000C\000a\000t\000a\000l\000o\000g}{subsection.3.2}% 18
\BOOKMARK [3][-]{subsubsection.3.2.2}{\376\377\000I\000m\000p\000l\000e\000m\000e\000n\000t\000a\000t\000i\000o\000n}{subsection.3.2}% 19
\BOOKMARK [2][-]{subsection.3.3}{\376\377\000C\000o\000n\000s\000i\000s\000t\000e\000n\000c\000y}{section.3}% 20
\BOOKMARK [3][-]{subsubsection.3.3.1}{\376\377\000C\000o\000n\000s\000i\000s\000t\000e\000n\000c\000y\000\040\000i\000n\000\040\000a\000\040\000D\000a\000t\000a\000\040\000C\000a\000t\000a\000l\000o\000g}{subsection.3.3}% 21
\BOOKMARK [3][-]{subsubsection.3.3.2}{\376\377\000I\000m\000p\000l\000e\000m\000e\000n\000t\000a\000t\000i\000o\000n}{subsection.3.3}% 22
\BOOKMARK [2][-]{subsection.3.4}{\376\377\000S\000c\000a\000l\000a\000b\000i\000l\000i\000t\000y}{section.3}% 23
\BOOKMARK [3][-]{subsubsection.3.4.1}{\376\377\000S\000c\000a\000l\000a\000b\000i\000l\000i\000t\000y\000\040\000i\000n\000\040\000a\000\040\000D\000a\000t\000a\000\040\000C\000a\000t\000a\000l\000o\000g}{subsection.3.4}% 24
\BOOKMARK [3][-]{subsubsection.3.4.2}{\376\377\000I\000m\000p\000l\000e\000m\000e\000n\000t\000a\000t\000i\000o\000n}{subsection.3.4}% 25
\BOOKMARK [2][-]{subsection.3.5}{\376\377\000T\000i\000m\000e\000l\000i\000n\000e\000s\000s}{section.3}% 26
\BOOKMARK [3][-]{subsubsection.3.5.1}{\376\377\000T\000i\000m\000e\000l\000i\000n\000e\000s\000s\000\040\000i\000n\000\040\000a\000\040\000D\000a\000t\000a\000\040\000C\000a\000t\000a\000l\000o\000g}{subsection.3.5}% 27
\BOOKMARK [3][-]{subsubsection.3.5.2}{\376\377\000D\000a\000t\000a\000\040\000F\000r\000e\000s\000h\000n\000e\000s\000s}{subsection.3.5}% 28
\BOOKMARK [3][-]{subsubsection.3.5.3}{\376\377\000D\000a\000t\000a\000\040\000A\000v\000a\000i\000l\000a\000b\000i\000l\000i\000t\000y}{subsection.3.5}% 29
\BOOKMARK [3][-]{subsubsection.3.5.4}{\376\377\000I\000m\000p\000l\000e\000m\000e\000n\000t\000a\000t\000i\000o\000n}{subsection.3.5}% 30
\BOOKMARK [1][-]{section.4}{\376\377\000C\000r\000o\000s\000s\000-\000C\000a\000t\000a\000l\000o\000g\000\040\000Q\000u\000a\000l\000i\000t\000y\000\040\000D\000i\000m\000e\000n\000s\000i\000o\000n\000s}{}% 31
\BOOKMARK [2][-]{subsection.4.1}{\376\377\000C\000o\000m\000p\000a\000t\000i\000b\000i\000l\000i\000t\000y}{section.4}% 32
\BOOKMARK [3][-]{subsubsection.4.1.1}{\376\377\000I\000m\000p\000l\000e\000m\000e\000n\000t\000a\000t\000i\000o\000n}{subsection.4.1}% 33
\BOOKMARK [2][-]{subsection.4.2}{\376\377\000S\000i\000m\000i\000l\000a\000r\000i\000t\000y}{section.4}% 34
\BOOKMARK [1][-]{section.5}{\376\377\000N\000o\000n\000-\000C\000o\000r\000e\000\040\000Q\000u\000a\000l\000i\000t\000y\000\040\000D\000i\000m\000e\000n\000s\000i\000o\000n\000s}{}% 35
\BOOKMARK [2][-]{subsection.5.1}{\376\377\000L\000i\000n\000e\000a\000g\000e\000\040\000a\000n\000d\000\040\000P\000r\000o\000v\000e\000n\000a\000n\000c\000e}{section.5}% 36
\BOOKMARK [2][-]{subsection.5.2}{\376\377\000R\000e\000a\000d\000a\000b\000i\000l\000i\000t\000y}{section.5}% 37
\BOOKMARK [2][-]{subsection.5.3}{\376\377\000L\000i\000c\000e\000n\000s\000i\000n\000g}{section.5}% 38
\BOOKMARK [1][-]{section.6}{\376\377\000D\000i\000s\000c\000u\000s\000s\000i\000o\000n}{}% 39
\BOOKMARK [1][-]{section.7}{\376\377\000C\000o\000n\000c\000l\000u\000s\000i\000o\000n}{}% 40
