\BOOKMARK [0][-]{section*.2}{Electronic structure and lattice dynamics of 1T-VSe2: origin of the 3D-CDW}{}% 2
\BOOKMARK [1][-]{section*.1}{Abstract}{section*.2}% 1
\BOOKMARK [1][-]{section*.3}{Introduction}{section*.2}% 3
\BOOKMARK [1][-]{section*.4}{EXPERIMENTAL AND COMPUTATIONAL METHODS}{section*.2}% 4
\BOOKMARK [2][-]{section*.5}{Experimental Methods}{section*.4}% 5
\BOOKMARK [2][-]{section*.6}{Computational Methods}{section*.4}% 6
\BOOKMARK [3][-]{section*.7}{Electronic property calculation details}{section*.6}% 7
\BOOKMARK [3][-]{section*.8}{Anharmonic lattice dynamics: the SSCHA method}{section*.6}% 8
\BOOKMARK [3][-]{section*.9}{Harmonic phonons and the EPI}{section*.6}% 9
\BOOKMARK [1][-]{section*.10}{Results}{section*.2}% 10
\BOOKMARK [2][-]{section*.11}{Characterization of the CDW: transport and resonant elastic x-ray scattering}{section*.10}% 11
\BOOKMARK [2][-]{section*.12}{Electronic structure: ARPES}{section*.10}% 12
\BOOKMARK [2][-]{section*.13}{Lattice dynamical properties of the high-symmetry phase}{section*.10}% 13
\BOOKMARK [3][-]{section*.14}{Anharmonic DFT spectral functions}{section*.13}% 14
\BOOKMARK [3][-]{section*.15}{Diffuse scattering}{section*.13}% 15
\BOOKMARK [3][-]{section*.16}{Low-energy lattice dynamics: IXS}{section*.13}% 16
\BOOKMARK [2][-]{section*.17}{Anisotropic EPI}{section*.10}% 17
\BOOKMARK [2][-]{section*.18}{Pressure dependence of the soft mode at RT}{section*.10}% 18
\BOOKMARK [1][-]{section*.19}{Discussion and conclusions}{section*.2}% 19
\BOOKMARK [1][-]{section*.20}{Acknowledgments}{section*.2}% 20
\BOOKMARK [1][-]{section*.21}{References}{section*.2}% 21
