\BOOKMARK [1][-]{section.1}{Introduction}{}% 1
\BOOKMARK [1][-]{section.2}{Introduction to the Spin Point Groups}{}% 2
\BOOKMARK [2][-]{subsection.2.1}{Definitions}{section.2}% 3
\BOOKMARK [2][-]{subsection.2.2}{Enumeration of the Nontrivial Spin Point Groups}{section.2}% 4
\BOOKMARK [2][-]{subsection.2.3}{The Spin-Only Group}{section.2}% 5
\BOOKMARK [2][-]{subsection.2.4}{Pairing with a Spin-Only Group}{section.2}% 6
\BOOKMARK [2][-]{subsection.2.5}{Guide to the Tables of the Nontrivial Spin Point Groups}{section.2}% 7
\BOOKMARK [1][-]{section.3}{Review of Magnetic Representation Theory}{}% 8
\BOOKMARK [1][-]{section.4}{Representations of the Spin Point Groups}{}% 9
\BOOKMARK [2][-]{subsection.4.1}{Nontrivial Spin Point Groups}{section.4}% 10
\BOOKMARK [3][-]{subsubsection.4.1.1}{Unitary Nontrivial Spin Point Groups}{subsection.4.1}% 11
\BOOKMARK [3][-]{subsubsection.4.1.2}{Non-unitary Nontrivial Spin Point Groups}{subsection.4.1}% 12
\BOOKMARK [2][-]{subsection.4.2}{Effect of the Spin-Only Group}{section.4}% 13
\BOOKMARK [3][-]{subsubsection.4.2.1}{Non-magnetic Spin Arrangements}{subsection.4.2}% 14
\BOOKMARK [3][-]{subsubsection.4.2.2}{Spatial Spin Arrangements}{subsection.4.2}% 15
\BOOKMARK [3][-]{subsubsection.4.2.3}{Coplanar Spin Arrangements}{subsection.4.2}% 16
\BOOKMARK [3][-]{subsubsection.4.2.4}{Collinear Spin Arrangements}{subsection.4.2}% 17
\BOOKMARK [1][-]{section.5}{Applications}{}% 18
\BOOKMARK [2][-]{subsection.5.1}{Rutile Altermagnetism}{section.5}% 19
\BOOKMARK [2][-]{subsection.5.2}{Magnons in Heisenberg-Kitaev Model}{section.5}% 20
\BOOKMARK [3][-]{subsubsection.5.2.1}{Discrete Spin-Only Groups}{subsection.5.2}% 21
\BOOKMARK [1][-]{section.6}{Discussion}{}% 22
\BOOKMARK [1][-]{appendix.A}{Spin Point Group Tables}{}% 23
\BOOKMARK [1][-]{appendix.B}{Isomorphism Theorem for Constructing Spin Groups}{}% 24
\BOOKMARK [1][-]{appendix.C}{Direct Products of Antiunitary Groups}{}% 25
\BOOKMARK [1][-]{appendix.D}{Inducing Co-Irreps of Collinear Spin Point Groups}{}% 26
\BOOKMARK [2][-]{subsection.D.1}{General technique}{appendix.D}% 27
\BOOKMARK [2][-]{subsection.D.2}{Example: S = 14/1m1m1m}{appendix.D}% 28
\BOOKMARK [1][-]{appendix.E}{Co-Irreps for Collinear Total Spin Groups}{}% 29
\BOOKMARK [2][-]{subsection.E.1}{Collinear Groups with Unitary Nontrivial Group}{appendix.E}% 30
\BOOKMARK [2][-]{subsection.E.2}{Collinear Groups with Non-Unitary Nontrivial Group}{appendix.E}% 31
\BOOKMARK [1][-]{figure.caption.90}{References}{}% 32
