\BOOKMARK [1][-]{section.1}{\376\377\000I\000n\000t\000r\000o\000d\000u\000c\000t\000i\000o\000n}{}% 1
\BOOKMARK [1][-]{section.2}{\376\377\000R\000e\000l\000a\000t\000e\000d\000\040\000W\000o\000r\000k}{}% 2
\BOOKMARK [1][-]{section.3}{\376\377\000B\000a\000c\000k\000g\000r\000o\000u\000n\000d\000\040\000a\000n\000d\000\040\000N\000o\000t\000a\000t\000i\000o\000n}{}% 3
\BOOKMARK [1][-]{section.4}{\376\377\000A\000l\000g\000o\000r\000i\000t\000h\000m}{}% 4
\BOOKMARK [2][-]{subsection.4.1}{\376\377\000A\000u\000g\000m\000e\000n\000t\000e\000d\000\040\000T\000r\000a\000n\000s\000i\000t\000i\000o\000n\000s}{section.4}% 5
\BOOKMARK [2][-]{subsection.4.2}{\376\377\000A\000u\000g\000m\000e\000n\000t\000e\000d\000\040\000S\000t\000a\000t\000e}{section.4}% 6
\BOOKMARK [2][-]{subsection.4.3}{\376\377\000A\000u\000g\000m\000e\000n\000t\000e\000d\000\040\000R\000e\000w\000a\000r\000d}{section.4}% 7
\BOOKMARK [2][-]{subsection.4.4}{\376\377\000L\000e\000a\000r\000n\000i\000n\000g\000\040\000t\000h\000e\000\040\000W\000o\000r\000l\000d\000\040\000M\000o\000d\000e\000l\000\040\000a\000n\000d\000\040\000t\000h\000e\000\040\000B\000a\000s\000e\000\040\000P\000o\000l\000i\000c\000y}{section.4}% 8
\BOOKMARK [1][-]{section.5}{\376\377\000E\000x\000p\000e\000r\000i\000m\000e\000n\000t\000s}{}% 9
\BOOKMARK [2][-]{subsection.5.1}{\376\377\000S\000o\000k\000o\000b\000a\000n}{section.5}% 10
\BOOKMARK [2][-]{subsection.5.2}{\376\377\000A\000t\000a\000r\000i\000\040\0002\0006\0000\0000}{section.5}% 11
\BOOKMARK [1][-]{section.6}{\376\377\000F\000u\000t\000u\000r\000e\000\040\000W\000o\000r\000k\000\040\000a\000n\000d\000\040\000C\000o\000n\000c\000l\000u\000s\000i\000o\000n}{}% 12
\BOOKMARK [1][-]{appendix.A}{\376\377\000A\000l\000g\000o\000r\000i\000t\000h\000m}{}% 13
\BOOKMARK [2][-]{subsection.A.1}{\376\377\000A\000u\000g\000m\000e\000n\000t\000e\000d\000\040\000S\000t\000a\000t\000e}{appendix.A}% 14
\BOOKMARK [2][-]{subsection.A.2}{\376\377\000C\000o\000d\000e}{appendix.A}% 15
\BOOKMARK [1][-]{appendix.B}{\376\377\000M\000o\000d\000e\000l\000\040\000T\000r\000a\000i\000n\000i\000n\000g\000\040\000P\000r\000o\000c\000e\000d\000u\000r\000e}{}% 16
\BOOKMARK [2][-]{subsection.B.1}{\376\377\000C\000o\000l\000l\000e\000c\000t\000i\000o\000n\000\040\000o\000f\000\040\000T\000r\000a\000i\000n\000i\000n\000g\000\040\000S\000a\000m\000p\000l\000e\000s}{appendix.B}% 17
\BOOKMARK [2][-]{subsection.B.2}{\376\377\000A\000d\000d\000i\000t\000i\000o\000n\000a\000l\000\040\000D\000e\000t\000a\000i\000l\000s\000\040\000f\000o\000r\000\040\000T\000r\000a\000i\000n\000i\000n\000g\000\040\000t\000h\000e\000\040\000M\000o\000d\000e\000l}{appendix.B}% 18
\BOOKMARK [1][-]{appendix.C}{\376\377\000N\000e\000t\000w\000o\000r\000k\000\040\000A\000r\000c\000h\000i\000t\000e\000c\000t\000u\000r\000e}{}% 19
\BOOKMARK [2][-]{subsection.C.1}{\376\377\000M\000o\000d\000e\000l}{appendix.C}% 20
\BOOKMARK [2][-]{subsection.C.2}{\376\377\000A\000c\000t\000o\000r\000-\000c\000r\000i\000t\000i\000c}{appendix.C}% 21
\BOOKMARK [1][-]{appendix.D}{\376\377\000E\000x\000p\000e\000r\000i\000m\000e\000n\000t\000\040\000D\000e\000t\000a\000i\000l\000s}{}% 22
\BOOKMARK [2][-]{subsection.D.1}{\376\377\000H\000y\000p\000e\000r\000p\000a\000r\000a\000m\000e\000t\000e\000r\000s}{appendix.D}% 23
\BOOKMARK [2][-]{subsection.D.2}{\376\377\000D\000e\000t\000a\000i\000l\000e\000d\000\040\000R\000e\000s\000u\000l\000t\000s\000\040\000o\000n\000\040\000S\000o\000k\000o\000b\000a\000n}{appendix.D}% 24
\BOOKMARK [2][-]{subsection.D.3}{\376\377\000D\000e\000t\000a\000i\000l\000e\000d\000\040\000R\000e\000s\000u\000l\000t\000s\000\040\000o\000n\000\040\000A\000t\000a\000r\000i\000\040\0002\0006\0000\0000}{appendix.D}% 25
\BOOKMARK [2][-]{subsection.D.4}{\376\377\000D\000i\000s\000c\000u\000s\000s\000i\000o\000n\000\040\000o\000n\000\040\000A\000t\000a\000r\000i\000\040\0002\0006\0000\0000\000'\000s\000\040\000r\000e\000s\000u\000l\000t\000s}{appendix.D}% 26
\BOOKMARK [1][-]{appendix.E}{\376\377\000A\000b\000l\000a\000t\000i\000o\000n\000\040\000A\000n\000a\000l\000y\000s\000i\000s}{}% 27
\BOOKMARK [1][-]{appendix.F}{\376\377\000A\000g\000e\000n\000t\000\040\000B\000e\000h\000a\000v\000i\000o\000r\000\040\000A\000n\000a\000l\000y\000s\000i\000s}{}% 28
\BOOKMARK [1][-]{appendix.G}{\376\377\000P\000l\000a\000n\000n\000i\000n\000g\000\040\000R\000e\000w\000a\000r\000d\000s}{}% 29
\BOOKMARK [1][-]{appendix.H}{\376\377\000R\000e\000l\000a\000t\000i\000o\000n\000s\000h\000i\000p\000\040\000w\000i\000t\000h\000\040\000G\000e\000n\000e\000r\000a\000l\000i\000z\000e\000d\000\040\000P\000o\000l\000i\000c\000y\000\040\000I\000t\000e\000r\000a\000t\000i\000o\000n\000\040\000a\000n\000d\000\040\000M\000e\000t\000a\000-\000R\000e\000i\000n\000f\000o\000r\000c\000e\000m\000e\000n\000t\000\040\000L\000e\000a\000r\000n\000i\000n\000g}{}% 30
\BOOKMARK [2][-]{subsection.H.1}{\376\377\000G\000e\000n\000e\000r\000a\000l\000i\000z\000e\000d\000\040\000P\000o\000l\000i\000c\000y\000\040\000I\000t\000e\000r\000a\000t\000i\000o\000n\000\040\000A\000l\000g\000o\000r\000i\000t\000h\000m}{appendix.H}% 31
\BOOKMARK [2][-]{subsection.H.2}{\376\377\000M\000e\000t\000a\000-\000R\000e\000i\000n\000f\000o\000r\000c\000e\000m\000e\000n\000t\000\040\000L\000e\000a\000r\000n\000i\000n\000g}{appendix.H}% 32
\BOOKMARK [1][-]{appendix.I}{\376\377\000M\000i\000s\000c\000e\000l\000l\000a\000n\000e\000o\000u\000s}{}% 33
\BOOKMARK [2][-]{subsection.I.1}{\376\377\000R\000e\000l\000a\000t\000e\000d\000\040\000W\000o\000r\000k\000\040\000o\000n\000\040\000t\000h\000e\000\040\000D\000u\000a\000l\000\040\000N\000e\000t\000w\000o\000r\000k}{appendix.I}% 34
\BOOKMARK [2][-]{subsection.I.2}{\376\377\000P\000l\000a\000n\000n\000i\000n\000g\000\040\000C\000a\000p\000a\000c\000i\000t\000y}{appendix.I}% 35
