\BOOKMARK [1][-]{section.1}{Introduction}{}% 1
\BOOKMARK [2][-]{subsection.1.1}{Outline of the Work}{section.1}% 2
\BOOKMARK [1][-]{section.2}{Recall: the PD-NJ-ODE}{}% 3
\BOOKMARK [1][-]{section.3}{PD-NJ-ODE with Noisy Observations}{}% 4
\BOOKMARK [2][-]{subsection.3.1}{Setting with Noisy Observations}{section.3}% 5
\BOOKMARK [2][-]{subsection.3.2}{Convergence Theorem with Noisy Observations}{section.3}% 6
\BOOKMARK [2][-]{subsection.3.3}{More General Noise Structure \046 Conditional Moments}{section.3}% 7
\BOOKMARK [2][-]{subsection.3.4}{Examples}{section.3}% 8
\BOOKMARK [3][-]{subsubsection.3.4.1}{Brownian Motion with Gaussian Observation Noise}{subsection.3.4}% 9
\BOOKMARK [1][-]{section.4}{PD-NJ-ODE with Dependence between X and the Observation Framework}{}% 10
\BOOKMARK [2][-]{subsection.4.1}{Intuition on independence assumptions}{section.4}% 11
\BOOKMARK [2][-]{subsection.4.2}{Setting with Dependence}{section.4}% 12
\BOOKMARK [2][-]{subsection.4.3}{Convergence Theorem with Dependence}{section.4}% 13
\BOOKMARK [2][-]{subsection.4.4}{Examples}{section.4}% 14
\BOOKMARK [3][-]{subsubsection.4.4.1}{Class of Examples Incorporating Dependence}{subsection.4.4}% 15
\BOOKMARK [1][-]{section.5}{Experiments}{}% 16
\BOOKMARK [2][-]{subsection.5.1}{Noisy Observations \205 Brownian Motion with Gaussian Observation Noise}{section.5}% 17
\BOOKMARK [2][-]{subsection.5.2}{Dependent Observation Framework \205 a Black\205Scholes Example}{section.5}% 18
\BOOKMARK [1][-]{section.6}{Conclusion}{}% 19
\BOOKMARK [1][-]{appendix.A}{Conditional independence}{}% 20
\BOOKMARK [1][-]{appendix.B}{Combining the Two Extensions With Full Proof}{}% 21
\BOOKMARK [2][-]{subsection.B.1}{Setting}{appendix.B}% 22
\BOOKMARK [2][-]{subsection.B.2}{Convergence Theorem}{appendix.B}% 23
\BOOKMARK [1][-]{appendix.C}{Experimental Details}{}% 24
\BOOKMARK [2][-]{subsection.C.1}{Differences between the Implementation and the Theoretical Description of the PD-NJ-ODE}{appendix.C}% 25
\BOOKMARK [2][-]{subsection.C.2}{Details for Noisy Observations}{appendix.C}% 26
\BOOKMARK [2][-]{subsection.C.3}{Details for Dependent Observation Framework}{appendix.C}% 27
