\BOOKMARK [1][-]{section.1}{\376\377\000I\000n\000t\000r\000o\000d\000u\000c\000t\000i\000o\000n}{}% 1
\BOOKMARK [1][-]{section.2}{\376\377\000T\000h\000e\000\040\000E\000M\000A\000\040\000S\000c\000a\000l\000i\000n\000g\000\040\000R\000u\000l\000e}{}% 2
\BOOKMARK [2][-]{subsection.2.1}{\376\377\000B\000a\000c\000k\000g\000r\000o\000u\000n\000d\000\040\000a\000n\000d\000\040\000a\000n\000\040\000i\000n\000f\000o\000r\000m\000a\000l\000\040\000d\000i\000s\000c\000u\000s\000s\000i\000o\000n\000\040\000o\000f\000\040\000s\000c\000a\000l\000i\000n\000g\000\040\000r\000u\000l\000e\000s}{section.2}% 3
\BOOKMARK [2][-]{subsection.2.2}{\376\377\000T\000h\000e\000\040\000E\000M\000A\000\040\000S\000c\000a\000l\000i\000n\000g\000\040\000R\000u\000l\000e\000\040\000t\000h\000r\000o\000u\000g\000h\000\040\000t\000h\000e\000\040\000l\000e\000n\000s\000\040\000o\000f\000\040\000s\000t\000o\000c\000h\000a\000s\000t\000i\000c\000\040\000d\000i\000f\000f\000e\000r\000e\000n\000t\000i\000a\000l\000\040\000e\000q\000u\000a\000t\000i\000o\000n\000s}{section.2}% 4
\BOOKMARK [1][-]{section.3}{\376\377\000E\000x\000p\000e\000r\000i\000m\000e\000n\000t\000s}{}% 5
\BOOKMARK [2][-]{subsection.3.1}{\376\377\000P\000o\000l\000y\000a\000k\000-\000R\000u\000p\000p\000e\000r\000t\000\040\000a\000v\000e\000r\000a\000g\000i\000n\000g\000\040\000i\000n\000\040\000a\000\040\000s\000i\000m\000p\000l\000e\000\040\000s\000e\000t\000t\000i\000n\000g}{section.3}% 6
\BOOKMARK [2][-]{subsection.3.2}{\376\377\000S\000u\000p\000e\000r\000v\000i\000s\000e\000d\000\040\000l\000e\000a\000r\000n\000i\000n\000g\000\040\000o\000n\000\040\000r\000e\000a\000l\000\040\000d\000a\000t\000a\000\040\000w\000i\000t\000h\000\040\000P\000o\000l\000y\000a\000k\000-\000R\000u\000p\000p\000e\000r\000t\000\040\000a\000v\000e\000r\000a\000g\000i\000n\000g}{section.3}% 7
\BOOKMARK [2][-]{subsection.3.3}{\376\377\000S\000e\000m\000i\000-\000s\000u\000p\000e\000r\000v\000i\000s\000e\000d\000\040\000s\000p\000e\000e\000c\000h\000\040\000r\000e\000c\000o\000g\000n\000i\000t\000i\000o\000n\000\040\000v\000i\000a\000\040\000p\000s\000e\000u\000d\000o\000-\000l\000a\000b\000e\000l\000i\000n\000g}{section.3}% 8
\BOOKMARK [2][-]{subsection.3.4}{\376\377\000S\000e\000l\000f\000-\000s\000u\000p\000e\000r\000v\000i\000s\000e\000d\000\040\000i\000m\000a\000g\000e\000\040\000r\000e\000p\000r\000e\000s\000e\000n\000t\000a\000t\000i\000o\000n\000\040\000l\000e\000a\000r\000n\000i\000n\000g}{section.3}% 9
\BOOKMARK [1][-]{section.4}{\376\377\000R\000e\000l\000a\000t\000e\000d\000\040\000w\000o\000r\000k}{}% 10
\BOOKMARK [1][-]{section.5}{\376\377\000C\000o\000n\000c\000l\000u\000s\000i\000o\000n}{}% 11
\BOOKMARK [1][-]{section.6}{\376\377\000A\000c\000k\000n\000o\000w\000l\000e\000d\000g\000e\000m\000e\000n\000t\000s}{}% 12
\BOOKMARK [1][-]{appendix.A}{\376\377\000B\000r\000o\000a\000d\000e\000r\000\040\000i\000m\000p\000a\000c\000t}{}% 13
\BOOKMARK [1][-]{appendix.B}{\376\377\000L\000i\000m\000i\000t\000a\000t\000i\000o\000n\000s}{}% 14
\BOOKMARK [1][-]{appendix.C}{\376\377\000T\000h\000e\000\040\000s\000c\000a\000l\000i\000n\000g\000\040\000t\000o\000o\000l\000b\000o\000x\000:\000\040\000p\000r\000a\000c\000t\000i\000c\000a\000l\000\040\000m\000e\000t\000h\000o\000d\000s\000\040\000f\000o\000r\000\040\000e\000n\000a\000b\000l\000i\000n\000g\000\040\000s\000y\000s\000t\000e\000m\000a\000t\000i\000c\000\040\000s\000c\000a\000l\000i\000n\000g}{}% 15
\BOOKMARK [2][-]{subsection.C.1}{\376\377\000T\000h\000e\000\040\000c\000o\000n\000t\000i\000n\000u\000o\000u\000s\000\040\000t\000i\000m\000e\000/\000S\000D\000E\000\040\000p\000e\000r\000s\000p\000e\000c\000t\000i\000v\000e}{appendix.C}% 16
\BOOKMARK [2][-]{subsection.C.2}{\376\377\000S\000c\000a\000l\000i\000n\000g\000\040\000r\000u\000l\000e\000s\000\040\000f\000o\000r\000\040\000o\000p\000t\000i\000m\000i\000z\000a\000t\000i\000o\000n}{appendix.C}% 17
\BOOKMARK [2][-]{subsection.C.3}{\376\377\000C\000o\000m\000m\000o\000n\000l\000y\000\040\000u\000s\000e\000d\000\040\000v\000a\000l\000u\000e\000s\000\040\000o\000f\000\040\000h\000y\000p\000e\000r\000p\000a\000r\000a\000m\000e\000t\000e\000r\000s\000\040\000a\000t\000\040\000d\000i\000f\000f\000e\000r\000e\000n\000t\000\040\000b\000a\000t\000c\000h\000\040\000s\000i\000z\000e\000s}{appendix.C}% 18
\BOOKMARK [2][-]{subsection.C.4}{\376\377\000P\000r\000o\000g\000r\000e\000s\000s\000i\000v\000e\000\040\000s\000c\000a\000l\000i\000n\000g}{appendix.C}% 19
\BOOKMARK [1][-]{appendix.D}{\376\377\000E\000M\000A\000\040\000a\000p\000p\000r\000o\000x\000i\000m\000a\000t\000i\000o\000n\000\040\000t\000h\000e\000o\000r\000e\000m\000s\000\040\000w\000i\000t\000h\000\040\000S\000D\000E\000s}{}% 20
\BOOKMARK [2][-]{subsection.D.1}{\376\377\000S\000G\000D\000\040\000w\000i\000t\000h\000\040\000m\000o\000d\000e\000l\000\040\000E\000M\000A}{appendix.D}% 21
\BOOKMARK [2][-]{subsection.D.2}{\376\377\000A\000d\000a\000p\000t\000i\000v\000e\000\040\000g\000r\000a\000d\000i\000e\000n\000t\000\040\000m\000e\000t\000h\000o\000d\000s\000\040\000w\000i\000t\000h\000\040\000m\000o\000d\000e\000l\000\040\000E\000M\000A}{appendix.D}% 22
\BOOKMARK [1][-]{appendix.E}{\376\377\000A\000d\000d\000i\000t\000i\000o\000n\000a\000l\000\040\000p\000r\000o\000o\000f\000s}{}% 23
\BOOKMARK [2][-]{subsection.E.1}{\376\377\000I\000t\000e\000r\000a\000t\000i\000o\000n\000s\000\040\000o\000f\000\040\000S\000G\000D\000\040\000+\000\040\000E\000M\000A}{appendix.E}% 24
\BOOKMARK [2][-]{subsection.E.2}{\376\377\000L\000i\000m\000i\000t\000i\000n\000g\000\040\000b\000e\000h\000a\000v\000i\000o\000r\000\040\000o\000f\000\040\000P\000o\000l\000y\000a\000k\000-\000R\000u\000p\000p\000e\000r\000t\000\040\000a\000v\000e\000r\000a\000g\000i\000n\000g}{appendix.E}% 25
\BOOKMARK [1][-]{appendix.F}{\376\377\000A\000d\000d\000i\000t\000i\000o\000n\000a\000l\000\040\000d\000e\000t\000a\000i\000l\000s\000\040\000a\000n\000d\000\040\000r\000e\000s\000u\000l\000t\000s\000\040\000f\000o\000r\000\040\000P\000o\000l\000y\000a\000k\000-\000R\000u\000p\000p\000e\000r\000t\000\040\000a\000v\000e\000r\000a\000g\000i\000n\000g}{}% 26
\BOOKMARK [2][-]{subsection.F.1}{\376\377\000N\000o\000i\000s\000y\000\040\000p\000a\000r\000a\000b\000o\000l\000a}{appendix.F}% 27
\BOOKMARK [2][-]{subsection.F.2}{\376\377\000I\000m\000a\000g\000e\000\040\000C\000l\000a\000s\000s\000i\000f\000i\000c\000a\000t\000i\000o\000n}{appendix.F}% 28
\BOOKMARK [2][-]{subsection.F.3}{\376\377\000A\000p\000p\000l\000y\000i\000n\000g\000\040\000t\000h\000e\000\040\000E\000M\000A\000\040\000S\000c\000a\000l\000i\000n\000g\000\040\000R\000u\000l\000e\000\040\000t\000o\000\040\000B\000a\000t\000c\000h\000\040\000N\000o\000r\000m\000a\000l\000i\000z\000a\000t\000i\000o\000n}{appendix.F}% 29
\BOOKMARK [2][-]{subsection.F.4}{\376\377\000C\000o\000m\000p\000u\000t\000e\000\040\000u\000s\000a\000g\000e\000\040\000f\000o\000r\000\040\000i\000m\000a\000g\000e\000\040\000c\000l\000a\000s\000s\000i\000f\000i\000c\000a\000t\000i\000o\000n\000\040\000P\000o\000l\000y\000a\000k\000-\000R\000u\000p\000p\000e\000r\000t\000\040\000a\000v\000e\000r\000a\000g\000i\000n\000g}{appendix.F}% 30
\BOOKMARK [1][-]{appendix.G}{\376\377\000A\000d\000d\000i\000t\000i\000o\000n\000a\000l\000\040\000d\000e\000t\000a\000i\000l\000s\000\040\000a\000n\000d\000\040\000r\000e\000s\000u\000l\000t\000s\000\040\000f\000o\000r\000\040\000A\000u\000t\000o\000m\000a\000t\000i\000c\000\040\000S\000p\000e\000e\000c\000h\000\040\000R\000e\000c\000o\000g\000n\000i\000t\000i\000o\000n\000\040\000\050\000A\000S\000R\000\051}{}% 31
\BOOKMARK [2][-]{subsection.G.1}{\376\377\000D\000e\000t\000a\000i\000l\000e\000d\000\040\000r\000e\000s\000u\000l\000t\000s}{appendix.G}% 32
\BOOKMARK [2][-]{subsection.G.2}{\376\377\000S\000c\000a\000l\000i\000n\000g\000\040\000t\000o\000\040\000=\0001\0006\000\040\000w\000i\000t\000h\000\040\000P\000r\000o\000g\000r\000e\000s\000s\000i\000v\000e\000\040\000S\000c\000a\000l\000i\000n\000g}{appendix.G}% 33
\BOOKMARK [1][-]{appendix.H}{\376\377\000A\000d\000d\000i\000t\000i\000o\000n\000a\000l\000\040\000d\000e\000t\000a\000i\000l\000s\000\040\000a\000n\000d\000\040\000r\000e\000s\000u\000l\000t\000s\000\040\000f\000o\000r\000\040\000s\000e\000l\000f\000-\000s\000u\000p\000e\000r\000v\000i\000s\000e\000d\000\040\000i\000m\000a\000g\000e\000\040\000r\000e\000p\000r\000e\000s\000e\000n\000t\000a\000t\000i\000o\000n\000\040\000l\000e\000a\000r\000n\000i\000n\000g}{}% 34
\BOOKMARK [2][-]{subsection.H.1}{\376\377\000C\000o\000m\000p\000o\000n\000e\000n\000t\000s\000\040\000o\000f\000\040\000s\000e\000l\000f\000-\000s\000u\000p\000e\000r\000v\000i\000s\000e\000d\000\040\000l\000e\000a\000r\000n\000i\000n\000g}{appendix.H}% 35
\BOOKMARK [2][-]{subsection.H.2}{\376\377\000A\000\040\000R\000e\000s\000N\000e\000t\0001\0008\000\040\000r\000e\000c\000i\000p\000e\000\040\000f\000o\000r\000\040\000B\000Y\000O\000L}{appendix.H}% 36
\BOOKMARK [2][-]{subsection.H.3}{\376\377\000A\000\040\000V\000i\000s\000i\000o\000n\000\040\000T\000r\000a\000n\000s\000f\000o\000r\000m\000e\000r\000\040\000r\000e\000c\000i\000p\000e\000\040\000f\000o\000r\000\040\000B\000Y\000O\000L}{appendix.H}% 37
\BOOKMARK [2][-]{subsection.H.4}{\376\377\000T\000h\000e\000\040\000r\000o\000l\000e\000\040\000o\000f\000\040\000B\000a\000t\000c\000h\000\040\000N\000o\000r\000m\000a\000l\000i\000z\000a\000t\000i\000o\000n\000\040\000a\000n\000d\000\040\000L\000a\000y\000e\000r\000\040\000N\000o\000r\000m\000a\000l\000i\000z\000a\000t\000i\000o\000n\000\040\000i\000n\000\040\000B\000Y\000O\000L\000\040\000w\000i\000t\000h\000\040\000V\000i\000T\000s}{appendix.H}% 38
\BOOKMARK [2][-]{subsection.H.5}{\376\377\000L\000o\000n\000g\000e\000r\000\040\000t\000r\000a\000i\000n\000i\000n\000g\000\040\000d\000u\000r\000a\000t\000i\000o\000n\000\040\000w\000i\000t\000h\000\040\000i\000n\000c\000r\000e\000m\000e\000n\000t\000a\000l\000\040\000P\000r\000o\000g\000r\000e\000s\000s\000i\000v\000e\000\040\000S\000c\000a\000l\000i\000n\000g}{appendix.H}% 39
\BOOKMARK [2][-]{subsection.H.6}{\376\377\000B\000u\000i\000l\000d\000i\000n\000g\000\040\000i\000n\000t\000u\000i\000t\000i\000o\000n\000\040\000a\000r\000o\000u\000n\000d\000\040\000P\000r\000o\000g\000r\000e\000s\000s\000i\000v\000e\000\040\000S\000c\000a\000l\000i\000n\000g\000\040\000a\000n\000d\000\040\000m\000o\000m\000e\000n\000t\000u\000m\000\040\000s\000e\000n\000s\000i\000t\000i\000v\000i\000t\000y}{appendix.H}% 40
\BOOKMARK [2][-]{subsection.H.7}{\376\377\000C\000o\000m\000p\000u\000t\000e\000\040\000u\000s\000a\000g\000e\000\040\000f\000o\000r\000\040\000V\000i\000T\000\040\000B\000Y\000O\000L\000\040\000i\000n\000v\000e\000s\000t\000i\000g\000a\000t\000i\000o\000n}{appendix.H}% 41
\BOOKMARK [2][-]{subsection.H.8}{\376\377\000S\000c\000a\000l\000i\000n\000g\000\040\000a\000\040\000R\000e\000s\000N\000e\000t\000-\0005\0000\000\040\000B\000Y\000O\000L\000\040\000u\000s\000i\000n\000g\000\040\000L\000A\000R\000S\000\040\000a\000n\000d\000\040\000P\000r\000o\000g\000r\000e\000s\000s\000i\000v\000e\000\040\000S\000c\000a\000l\000i\000n\000g}{appendix.H}% 42
\BOOKMARK [2][-]{subsection.H.9}{\376\377\000P\000r\000e\000v\000e\000n\000t\000i\000n\000g\000\040\000c\000o\000l\000l\000a\000p\000s\000e\000\040\000p\000h\000e\000n\000o\000m\000e\000n\000a\000\040\000i\000n\000\040\000D\000I\000N\000O\000\040\000a\000t\000\040\000s\000c\000a\000l\000e}{appendix.H}% 43
\BOOKMARK [1][-]{appendix.I}{\376\377\000C\000o\000n\000t\000r\000i\000b\000u\000t\000i\000o\000n\000s}{}% 44
