\BOOKMARK [1][-]{section.1}{\376\377\000I\000n\000t\000r\000o\000d\000u\000c\000t\000i\000o\000n}{}% 1
\BOOKMARK [1][-]{section.2}{\376\377\000M\000o\000n\000o\000l\000i\000t\000h\000i\000c\000\040\000s\000p\000a\000c\000e\000-\000t\000i\000m\000e\000\040\000m\000u\000l\000t\000i\000r\000a\000t\000e\000\040\000m\000e\000t\000h\000o\000d\000o\000l\000o\000g\000y}{}% 2
\BOOKMARK [2][-]{subsection.2.1}{\376\377\000D\000i\000s\000c\000r\000e\000t\000i\000z\000a\000t\000i\000o\000n\000\040\000i\000n\000\040\000t\000i\000m\000e\000\040\000a\000n\000d\000\040\000s\000p\000a\000c\000e}{section.2}% 3
\BOOKMARK [2][-]{subsection.2.2}{\376\377\000T\000e\000m\000p\000o\000r\000a\000l\000\040\000m\000u\000l\000t\000i\000r\000a\000t\000e\000\040\000t\000e\000n\000s\000o\000r\000-\000p\000r\000o\000d\000u\000c\000t\000\040\000s\000p\000a\000c\000e\000-\000t\000i\000m\000e\000\040\000F\000E\000M}{section.2}% 4
\BOOKMARK [1][-]{section.3}{\376\377\000M\000o\000d\000e\000l\000\040\000p\000r\000o\000b\000l\000e\000m\000s\000\040\000i\000n\000\040\000s\000t\000r\000o\000n\000g\000\040\000f\000o\000r\000m\000s\000\040\000a\000n\000d\000\040\000w\000e\000a\000k\000\040\000s\000p\000a\000c\000e\000-\000t\000i\000m\000e\000\040\000f\000o\000r\000m\000s}{}% 5
\BOOKMARK [2][-]{subsection.3.1}{\376\377\000I\000n\000t\000e\000r\000f\000a\000c\000e\000\040\000c\000o\000u\000p\000l\000i\000n\000g\000:\000\040\000h\000e\000a\000t\000\040\000a\000n\000d\000\040\000w\000a\000v\000e\000\040\000e\000q\000u\000a\000t\000i\000o\000n}{section.3}% 6
\BOOKMARK [3][-]{subsubsection.3.1.1}{\376\377\000S\000t\000r\000o\000n\000g\000\040\000f\000o\000r\000m}{subsection.3.1}% 7
\BOOKMARK [3][-]{subsubsection.3.1.2}{\376\377\000W\000e\000a\000k\000\040\000s\000p\000a\000c\000e\000-\000t\000i\000m\000e\000\040\000f\000o\000r\000m}{subsection.3.1}% 8
\BOOKMARK [2][-]{subsection.3.2}{\376\377\000V\000o\000l\000u\000m\000e\000\040\000c\000o\000u\000p\000l\000i\000n\000g\000:\000\040\000p\000o\000r\000o\000e\000l\000a\000s\000t\000i\000c\000i\000t\000y}{section.3}% 9
\BOOKMARK [3][-]{subsubsection.3.2.1}{\376\377\000S\000t\000r\000o\000n\000g\000\040\000f\000o\000r\000m}{subsection.3.2}% 10
\BOOKMARK [3][-]{subsubsection.3.2.2}{\376\377\000W\000e\000a\000k\000\040\000s\000p\000a\000c\000e\000-\000t\000i\000m\000e\000\040\000f\000o\000r\000m}{subsection.3.2}% 11
\BOOKMARK [1][-]{section.4}{\376\377\000N\000u\000m\000e\000r\000i\000c\000a\000l\000\040\000t\000e\000s\000t\000s}{}% 12
\BOOKMARK [2][-]{subsection.4.1}{\376\377\0001\000+\0001\000D\000\040\000h\000e\000a\000t\000\040\000a\000n\000d\000\040\000w\000a\000v\000e\000\040\000e\000q\000u\000a\000t\000i\000o\000n}{section.4}% 13
\BOOKMARK [3][-]{subsubsection.4.1.1}{\376\377\000M\000o\000n\000o\000l\000i\000t\000h\000i\000c\000\040\000m\000u\000l\000t\000i\000r\000a\000t\000e\000\040\000b\000a\000c\000k\000w\000a\000r\000d\000\040\000E\000u\000l\000e\000r\000\040\000r\000e\000s\000u\000l\000t\000s}{subsection.4.1}% 14
\BOOKMARK [3][-]{subsubsection.4.1.2}{\376\377\000T\000e\000n\000s\000o\000r\000-\000p\000r\000o\000d\000u\000c\000t\000\040\000s\000p\000a\000c\000e\000-\000t\000i\000m\000e\000\040\000F\000E\000M\000\040\000r\000e\000s\000u\000l\000t\000s}{subsection.4.1}% 15
\BOOKMARK [2][-]{subsection.4.2}{\376\377\0002\000+\0001\000D\000\040\000h\000e\000a\000t\000\040\000a\000n\000d\000\040\000w\000a\000v\000e\000\040\000e\000q\000u\000a\000t\000i\000o\000n\000\040\000w\000i\000t\000h\000\040\000f\000l\000u\000i\000d\000\040\000s\000o\000u\000r\000c\000e\000\040\000t\000e\000r\000m}{section.4}% 16
\BOOKMARK [2][-]{subsection.4.3}{\376\377\0002\000+\0001\000D\000\040\000h\000e\000a\000t\000\040\000a\000n\000d\000\040\000w\000a\000v\000e\000\040\000e\000q\000u\000a\000t\000i\000o\000n\000\040\000w\000i\000t\000h\000\040\000s\000o\000l\000i\000d\000\040\000s\000o\000u\000r\000c\000e\000\040\000t\000e\000r\000m}{section.4}% 17
\BOOKMARK [2][-]{subsection.4.4}{\376\377\0002\000+\0001\000D\000\040\000M\000a\000n\000d\000e\000l\000'\000s\000\040\000p\000r\000o\000b\000l\000e\000m}{section.4}% 18
\BOOKMARK [2][-]{subsection.4.5}{\376\377\0003\000+\0001\000D\000\040\000f\000o\000o\000t\000i\000n\000g\000\040\000p\000r\000o\000b\000l\000e\000m}{section.4}% 19
\BOOKMARK [1][-]{section.5}{\376\377\000C\000o\000n\000c\000l\000u\000s\000i\000o\000n\000s\000\040\000a\000n\000d\000\040\000o\000u\000t\000l\000o\000o\000k}{}% 20
\BOOKMARK [1][-]{appendix.A}{\376\377\000M\000o\000n\000o\000l\000i\000t\000h\000i\000c\000\040\000m\000u\000l\000t\000i\000r\000a\000t\000e\000\040\000b\000a\000c\000k\000w\000a\000r\000d\000\040\000E\000u\000l\000e\000r\000\040\000s\000c\000h\000e\000m\000e}{}% 21
\BOOKMARK [1][-]{appendix.B}{\376\377\000D\000e\000r\000i\000v\000a\000t\000i\000o\000n\000\040\000o\000f\000\040\000a\000\040\000t\000i\000m\000e\000-\000s\000t\000e\000p\000p\000i\000n\000g\000\040\000s\000c\000h\000e\000m\000e\000\040\000f\000o\000r\000\040\000t\000h\000e\000\040\000M\000a\000n\000d\000e\000l\000\040\000p\000r\000o\000b\000l\000e\000m}{}% 22
