\BOOKMARK [1][-]{section.1}{Introduction}{}% 1
\BOOKMARK [2][-]{subsection.1.1}{Background}{section.1}% 2
\BOOKMARK [2][-]{subsection.1.2}{Motivation}{section.1}% 3
\BOOKMARK [2][-]{subsection.1.3}{Contribution}{section.1}% 4
\BOOKMARK [3][-]{subsubsection.1.3.1}{Convergence analysis of SGD with Armijo-line-search learning rates}{subsection.1.3}% 5
\BOOKMARK [3][-]{subsubsection.1.3.2}{Steps needed for \205approximation of SGD with Armijo line-search-learning rates}{subsection.1.3}% 6
\BOOKMARK [3][-]{subsubsection.1.3.3}{Critical batch size minimizing SFO complexity of SGD with Armijo-line-search learning rates}{subsection.1.3}% 7
\BOOKMARK [3][-]{subsubsection.1.3.4}{Numerical results supporting our theoretical results}{subsection.1.3}% 8
\BOOKMARK [1][-]{section.2}{Mathematical Preliminaries}{}% 9
\BOOKMARK [2][-]{subsection.2.1}{Definitions}{section.2}% 10
\BOOKMARK [2][-]{subsection.2.2}{Assumptions and problem}{section.2}% 11
\BOOKMARK [2][-]{subsection.2.3}{Stochastic gradient descent using Armijo line search}{section.2}% 12
\BOOKMARK [3][-]{subsubsection.2.3.1}{Armijo condition}{subsection.2.3}% 13
\BOOKMARK [3][-]{subsubsection.2.3.2}{Stochastic gradient descent under Armijo condition}{subsection.2.3}% 14
\BOOKMARK [1][-]{section.3}{Analysis of SGD using Armijo Line Search}{}% 15
\BOOKMARK [2][-]{subsection.3.1}{Convergence analysis of Algorithm 1}{section.3}% 16
\BOOKMARK [2][-]{subsection.3.2}{Steps needed for \205approximation}{section.3}% 17
\BOOKMARK [2][-]{subsection.3.3}{Critical batch size minimizing SFO complexity}{section.3}% 18
\BOOKMARK [1][-]{section.4}{Numerical Results}{}% 19
\BOOKMARK [2][-]{subsection.4.1}{Training ResNet and MLP on the CIFAR-10, CIFAR-100, and MNIST datasets}{section.4}% 20
\BOOKMARK [2][-]{subsection.4.2}{Estimation of critical batch size}{section.4}% 21
\BOOKMARK [1][-]{section.5}{Conclusion}{}% 22
\BOOKMARK [1][-]{appendix.A}{Appendix}{}% 23
\BOOKMARK [2][-]{subsection.A.1}{Proof of lemma 2.1}{appendix.A}% 24
\BOOKMARK [2][-]{subsection.A.2}{Proof of Theorem 3.1}{appendix.A}% 25
\BOOKMARK [2][-]{subsection.A.3}{Proof of Theorem 3.2}{appendix.A}% 26
\BOOKMARK [2][-]{subsection.A.4}{Proof of Theorem 3.3}{appendix.A}% 27
\BOOKMARK [2][-]{subsection.A.5}{Proof of \(10\)}{appendix.A}% 28
