\BOOKMARK [1][-]{section.1}{\376\377\000I\000n\000t\000r\000o\000d\000u\000c\000t\000i\000o\000n}{}% 1
\BOOKMARK [1][-]{section.2}{\376\377\000B\000a\000c\000k\000g\000r\000o\000u\000n\000d}{}% 2
\BOOKMARK [1][-]{section.3}{\376\377\000A\000\040\000T\000w\000o\000-\000P\000e\000r\000i\000o\000d\000\040\000R\000e\000g\000r\000e\000s\000s\000i\000o\000n\000\040\000D\000i\000s\000c\000o\000n\000t\000i\000n\000u\000i\000t\000y\000\040\000D\000e\000s\000i\000g\000n}{}% 3
\BOOKMARK [2][-]{subsection.3.1}{\376\377\000M\000o\000d\000e\000l\000\040\000S\000e\000t\000u\000p}{section.3}% 4
\BOOKMARK [2][-]{subsection.3.2}{\376\377\000T\000a\000r\000g\000e\000t\000\040\000P\000a\000r\000a\000m\000e\000t\000e\000r\000s}{section.3}% 5
\BOOKMARK [2][-]{subsection.3.3}{\376\377\000W\000h\000a\000t\000\040\000D\000o\000\040\000S\000t\000a\000n\000d\000a\000r\000d\000\040\000R\000D\000\040\000E\000s\000t\000i\000m\000a\000n\000d\000s\000\040\000I\000d\000e\000n\000t\000i\000f\000y\000?}{section.3}% 6
\BOOKMARK [2][-]{subsection.3.4}{\376\377\000I\000d\000e\000n\000t\000i\000f\000i\000c\000a\000t\000i\000o\000n\000\040\000o\000f\000\040\000t\000h\000e\000\040\000I\000n\000s\000t\000a\000n\000t\000a\000n\000e\000o\000u\000s\000\040\000A\000D\000T\000E}{section.3}% 7
\BOOKMARK [2][-]{subsection.3.5}{\376\377\000I\000d\000e\000n\000t\000i\000f\000i\000c\000a\000t\000i\000o\000n\000\040\000o\000f\000\040\000t\000h\000e\000\040\000C\000u\000m\000u\000l\000a\000t\000i\000v\000e\000\040\000A\000D\000T\000E}{section.3}% 8
\BOOKMARK [2][-]{subsection.3.6}{\376\377\000R\000e\000l\000a\000t\000i\000o\000n\000\040\000t\000o\000\040\000h\000s\000u\000s\000h\000e\000n\0002\0000\0002\0004}{section.3}% 9
\BOOKMARK [1][-]{section.4}{\376\377\000G\000e\000n\000e\000r\000a\000l\000i\000z\000a\000t\000i\000o\000n\000\040\000t\000o\000\040\000M\000u\000l\000t\000i\000p\000l\000e\000\040\000L\000e\000a\000d\000s}{}% 10
\BOOKMARK [1][-]{section.5}{\376\377\000A\000g\000g\000r\000e\000g\000a\000t\000i\000o\000n\000\040\000o\000f\000\040\000T\000i\000m\000e\000-\000S\000p\000e\000c\000i\000f\000i\000c\000\040\000P\000a\000r\000a\000m\000e\000t\000e\000r\000s}{}% 11
\BOOKMARK [2][-]{subsection.5.1}{\376\377\000D\000i\000m\000e\000n\000s\000i\000o\000n\000\040\000R\000e\000d\000u\000c\000t\000i\000o\000n\000\040\000v\000i\000a\000\040\000L\000i\000m\000i\000t\000e\000d\000\040\000P\000a\000t\000h\000\040\000I\000n\000d\000e\000p\000e\000n\000d\000e\000n\000c\000e}{section.5}% 12
\BOOKMARK [1][-]{section.6}{\376\377\000E\000s\000t\000i\000m\000a\000t\000i\000o\000n\000\040\000a\000n\000d\000\040\000S\000t\000a\000t\000i\000s\000t\000i\000c\000a\000l\000\040\000I\000n\000f\000e\000r\000e\000n\000c\000e}{}% 13
\BOOKMARK [2][-]{subsection.6.1}{\376\377\000B\000a\000n\000d\000w\000i\000d\000t\000h\000\040\000S\000e\000l\000e\000c\000t\000i\000o\000n}{section.6}% 14
\BOOKMARK [2][-]{subsection.6.2}{\376\377\000S\000t\000a\000n\000d\000a\000r\000d\000\040\000E\000r\000r\000o\000r\000s}{section.6}% 15
\BOOKMARK [1][-]{section.7}{\376\377\000S\000i\000m\000u\000l\000a\000t\000i\000o\000n}{}% 16
\BOOKMARK [2][-]{subsection.7.1}{\376\377\000D\000a\000t\000a\000\040\000G\000e\000n\000e\000r\000a\000t\000i\000n\000g\000\040\000P\000r\000o\000c\000e\000s\000s}{section.7}% 17
\BOOKMARK [2][-]{subsection.7.2}{\376\377\000P\000a\000r\000a\000m\000e\000t\000e\000r\000i\000z\000a\000t\000i\000o\000n}{section.7}% 18
\BOOKMARK [2][-]{subsection.7.3}{\376\377\000T\000a\000r\000g\000e\000t\000\040\000P\000a\000r\000a\000m\000e\000t\000e\000r\000s}{section.7}% 19
\BOOKMARK [2][-]{subsection.7.4}{\376\377\000R\000e\000s\000u\000l\000t\000s}{section.7}% 20
\BOOKMARK [1][-]{section.8}{\376\377\000E\000m\000p\000i\000r\000i\000c\000a\000l\000\040\000A\000p\000p\000l\000i\000c\000a\000t\000i\000o\000n\000:\000\040\000S\000c\000h\000o\000o\000l\000\040\000D\000i\000s\000t\000r\000i\000c\000t\000\040\000E\000x\000p\000e\000n\000d\000i\000t\000u\000r\000e\000\040\000A\000u\000t\000h\000o\000r\000i\000z\000a\000t\000i\000o\000n\000\040\000a\000n\000d\000\040\000H\000o\000u\000s\000i\000n\000g\000\040\000P\000r\000i\000c\000e\000s\000\040\000i\000n\000\040\000W\000i\000s\000c\000o\000n\000s\000i\000n}{}% 21
\BOOKMARK [2][-]{subsection.8.1}{\376\377\000D\000a\000t\000a}{section.8}% 22
\BOOKMARK [2][-]{subsection.8.2}{\376\377\000R\000e\000s\000u\000l\000t\000s}{section.8}% 23
\BOOKMARK [1][-]{section.9}{\376\377\000C\000o\000n\000c\000l\000u\000s\000i\000o\000n}{}% 24
\BOOKMARK [1][-]{section*.7}{\376\377\000A\000p\000p\000e\000n\000d\000i\000x}{}% 25
\BOOKMARK [1][-]{appendix.A}{\376\377\000I\000d\000e\000n\000t\000i\000f\000i\000c\000a\000t\000i\000o\000n}{}% 26
\BOOKMARK [2][-]{subsection.A.1}{\376\377\000P\000r\000o\000o\000f\000\040\000o\000f\000\040\000P\000r\000o\000p\000o\000s\000i\000t\000i\000o\000n\000\040\0001}{appendix.A}% 27
\BOOKMARK [2][-]{subsection.A.2}{\376\377\000P\000r\000o\000o\000f\000\040\000o\000f\000\040\000P\000r\000o\000p\000o\000s\000i\000t\000i\000o\000n\000\040\0002}{appendix.A}% 28
\BOOKMARK [2][-]{subsection.A.3}{\376\377\000P\000r\000o\000o\000f\000\040\000o\000f\000\040\000P\000r\000o\000p\000o\000s\000i\000t\000i\000o\000n\000\040\0003}{appendix.A}% 29
\BOOKMARK [2][-]{subsection.A.4}{\376\377\000P\000r\000o\000o\000f\000\040\000o\000f\000\040\000P\000r\000o\000p\000o\000s\000i\000t\000i\000o\000n\000\040\0004}{appendix.A}% 30
\BOOKMARK [2][-]{subsection.A.5}{\376\377\000P\000r\000o\000o\000f\000\040\000o\000f\000\040\000P\000r\000o\000p\000o\000s\000i\000t\000i\000o\000n\000\040\0005}{appendix.A}% 31
\BOOKMARK [2][-]{subsection.A.6}{\376\377\000P\000r\000o\000o\000f\000\040\000o\000f\000\040\000P\000r\000o\000p\000o\000s\000i\000t\000i\000o\000n\000\040\0006}{appendix.A}% 32
\BOOKMARK [1][-]{appendix.B}{\376\377\000S\000t\000a\000t\000i\000s\000t\000i\000c\000a\000l\000\040\000I\000n\000f\000e\000r\000e\000n\000c\000e}{}% 33
\BOOKMARK [2][-]{subsection.B.1}{\376\377\000N\000o\000t\000a\000t\000i\000o\000n}{appendix.B}% 34
\BOOKMARK [2][-]{subsection.B.2}{\376\377\000B\000i\000a\000s\000-\000C\000o\000r\000r\000e\000c\000t\000e\000d\000\040\000C\000o\000n\000f\000i\000d\000e\000n\000c\000e\000\040\000I\000n\000t\000e\000r\000v\000a\000l\000s}{appendix.B}% 35
\BOOKMARK [3][-]{subsubsection.B.2.1}{\376\377\000D\000e\000f\000i\000n\000i\000t\000i\000o\000n\000s\000\040\000o\000f\000\040\000B\000i\000a\000s\000\040\000T\000e\000r\000m\000s}{subsection.B.2}% 36
\BOOKMARK [3][-]{subsubsection.B.2.2}{\376\377\000D\000e\000f\000i\000n\000i\000t\000i\000o\000n\000s\000\040\000o\000f\000\040\000V\000a\000r\000i\000a\000n\000c\000e\000\040\000T\000e\000r\000m\000s}{subsection.B.2}% 37
\BOOKMARK [3][-]{subsubsection.B.2.3}{\376\377\000L\000i\000n\000e\000a\000r\000i\000z\000a\000t\000i\000o\000n\000\040\000o\000f\000\040\000t\000h\000e\000\040\000E\000s\000t\000i\000m\000a\000t\000o\000r}{subsection.B.2}% 38
\BOOKMARK [3][-]{subsubsection.B.2.4}{\376\377\000G\000e\000n\000e\000r\000a\000l\000\040\000T\000h\000e\000o\000r\000e\000m\000:\000\040\000S\000t\000a\000t\000e\000m\000e\000n\000t}{subsection.B.2}% 39
\BOOKMARK [3][-]{subsubsection.B.2.5}{\376\377\000G\000e\000n\000e\000r\000a\000l\000\040\000T\000h\000e\000o\000r\000e\000m\000:\000\040\000P\000r\000o\000o\000f}{subsection.B.2}% 40
\BOOKMARK [2][-]{subsection.B.3}{\376\377\000R\000o\000b\000u\000s\000t\000\040\000B\000i\000a\000s\000-\000C\000o\000r\000r\000e\000c\000t\000e\000d\000\040\000C\000o\000n\000f\000i\000d\000e\000n\000c\000e\000\040\000I\000n\000t\000e\000r\000v\000a\000l\000s}{appendix.B}% 41
\BOOKMARK [3][-]{subsubsection.B.3.1}{\376\377\000D\000e\000f\000i\000n\000i\000t\000i\000o\000n\000s\000\040\000o\000f\000\040\000B\000i\000a\000s\000\040\000T\000e\000r\000m\000s}{subsection.B.3}% 42
\BOOKMARK [3][-]{subsubsection.B.3.2}{\376\377\000D\000e\000f\000i\000n\000i\000t\000i\000o\000n\000s\000\040\000o\000f\000\040\000B\000i\000a\000s\000-\000C\000o\000r\000r\000e\000c\000t\000e\000d\000\040\000E\000s\000t\000i\000m\000a\000t\000o\000r\000s}{subsection.B.3}% 43
\BOOKMARK [3][-]{subsubsection.B.3.3}{\376\377\000D\000e\000f\000i\000n\000i\000t\000i\000o\000n\000s\000\040\000o\000f\000\040\000V\000a\000r\000i\000a\000n\000c\000e\000\040\000T\000e\000r\000m\000s}{subsection.B.3}% 44
\BOOKMARK [3][-]{subsubsection.B.3.4}{\376\377\000G\000e\000n\000e\000r\000a\000l\000\040\000T\000h\000e\000o\000r\000e\000m\000:\000\040\000S\000t\000a\000t\000e\000m\000e\000n\000t}{subsection.B.3}% 45
\BOOKMARK [3][-]{subsubsection.B.3.5}{\376\377\000G\000e\000n\000e\000r\000a\000l\000\040\000T\000h\000e\000o\000r\000e\000m\000:\000\040\000P\000r\000o\000o\000f}{subsection.B.3}% 46
\BOOKMARK [3][-]{subsubsection.B.3.6}{\376\377\000P\000r\000o\000o\000f\000\040\000o\000f\000\040\000P\000r\000o\000p\000o\000s\000i\000t\000i\000o\000n\000\040\0007}{subsection.B.3}% 47
\BOOKMARK [2][-]{subsection.B.4}{\376\377\000M\000S\000E\000-\000O\000p\000t\000i\000m\000a\000l\000\040\000B\000a\000n\000d\000w\000i\000d\000t\000h\000s}{appendix.B}% 48
\BOOKMARK [3][-]{subsubsection.B.4.1}{\376\377\000D\000e\000f\000i\000n\000i\000t\000i\000o\000n\000s\000\040\000o\000f\000\040\000B\000i\000a\000s\000\040\000T\000e\000r\000m\000s}{subsection.B.4}% 49
\BOOKMARK [3][-]{subsubsection.B.4.2}{\376\377\000D\000e\000f\000i\000n\000i\000t\000i\000o\000n\000s\000\040\000o\000f\000\040\000V\000a\000r\000i\000a\000n\000c\000e\000\040\000T\000e\000r\000m\000s}{subsection.B.4}% 50
\BOOKMARK [3][-]{subsubsection.B.4.3}{\376\377\000G\000e\000n\000e\000r\000a\000l\000\040\000T\000h\000e\000o\000r\000e\000m\000:\000\040\000S\000t\000a\000t\000e\000m\000e\000n\000t}{subsection.B.4}% 51
\BOOKMARK [3][-]{subsubsection.B.4.4}{\376\377\000G\000e\000n\000e\000r\000a\000l\000\040\000T\000h\000e\000o\000r\000e\000m\000:\000\040\000P\000r\000o\000o\000f}{subsection.B.4}% 52
\BOOKMARK [3][-]{subsubsection.B.4.5}{\376\377\000P\000r\000o\000o\000f\000\040\000o\000f\000\040\000P\000r\000o\000p\000o\000s\000i\000t\000i\000o\000n\000\040\0008}{subsection.B.4}% 53
\BOOKMARK [2][-]{subsection.B.5}{\376\377\000A\000s\000s\000e\000s\000s\000i\000n\000g\000\040\000t\000h\000e\000\040\000P\000l\000a\000u\000s\000i\000b\000i\000l\000i\000t\000y\000\040\000o\000f\000\040\000t\000h\000e\000\040\000C\000o\000m\000m\000o\000n\000\040\000T\000r\000e\000n\000d\000s\000\040\000A\000s\000s\000u\000m\000p\000t\000i\000o\000n}{appendix.B}% 54
\BOOKMARK [3][-]{subsubsection.B.5.1}{\376\377\000D\000e\000f\000i\000n\000i\000t\000i\000o\000n\000s\000\040\000o\000f\000\040\000E\000s\000t\000i\000m\000a\000t\000o\000r\000s}{subsection.B.5}% 55
\BOOKMARK [3][-]{subsubsection.B.5.2}{\376\377\000B\000i\000a\000s\000\040\000o\000f\000\040\000L\000i\000n\000e\000a\000r\000i\000z\000e\000d\000\040\000E\000s\000t\000i\000m\000a\000t\000o\000r\000s}{subsection.B.5}% 56
\BOOKMARK [3][-]{subsubsection.B.5.3}{\376\377\000V\000a\000r\000i\000a\000n\000c\000e\000\040\000o\000f\000\040\000L\000i\000n\000e\000a\000r\000i\000z\000e\000d\000\040\000E\000s\000t\000i\000m\000a\000t\000o\000r\000s}{subsection.B.5}% 57
\BOOKMARK [3][-]{subsubsection.B.5.4}{\376\377\000D\000e\000f\000i\000n\000i\000t\000i\000o\000n\000s\000\040\000o\000f\000\040\000B\000i\000a\000s\000-\000C\000o\000r\000r\000e\000c\000t\000e\000d\000\040\000E\000s\000t\000i\000m\000a\000t\000o\000r\000s}{subsection.B.5}% 58
\BOOKMARK [3][-]{subsubsection.B.5.5}{\376\377\000V\000a\000r\000i\000a\000n\000c\000e\000\040\000o\000f\000\040\000B\000i\000a\000s\000-\000C\000o\000r\000r\000e\000c\000t\000e\000d\000\040\000L\000i\000n\000e\000a\000r\000i\000z\000e\000d\000\040\000E\000s\000t\000i\000m\000a\000t\000o\000r\000s}{subsection.B.5}% 59
\BOOKMARK [3][-]{subsubsection.B.5.6}{\376\377\000A\000s\000y\000m\000p\000t\000o\000t\000i\000c\000\040\000D\000i\000s\000t\000r\000i\000b\000u\000t\000i\000o\000n\000\040\000o\000f\000\040\000B\000i\000a\000s\000-\000C\000o\000r\000r\000e\000c\000t\000e\000d\000\040\000E\000s\000t\000i\000m\000a\000t\000o\000r\000s}{subsection.B.5}% 60
